<?xml version="1.0" encoding="utf-8"?><testsuites name="pytest tests"><testsuite name="pytest" errors="0" failures="0" skipped="0" tests="25" time="5.830" timestamp="2025-08-13T12:17:16.386716-07:00" hostname="BOOK-FVJOEO3Q00"><testcase classname="tests.api.test_http_routes_simple.TestHttpRoutesSimple" name="test_health_endpoint" time="1.302" /><testcase classname="tests.api.test_http_routes_simple.TestHttpRoutesSimple" name="test_healthz_liveness_probe" time="0.029" /><testcase classname="tests.api.test_http_routes_simple.TestHttpRoutesSimple" name="test_readyz_readiness_probe" time="0.019" /><testcase classname="tests.api.test_http_routes_simple.TestHttpRoutesSimple" name="test_metrics_endpoint" time="0.019" /><testcase classname="tests.api.test_http_routes_simple.TestHttpRoutesSimple" name="test_auth_login_endpoint" time="0.021" /><testcase classname="tests.api.test_http_routes_simple.TestHttpRoutesSimple" name="test_auth_register_endpoint" time="0.030" /><testcase classname="tests.api.test_http_routes_simple.TestHttpRoutesSimple" name="test_protected_positions_endpoint" time="0.024" /><testcase classname="tests.api.test_http_routes_simple.TestHttpRoutesSimple" name="test_protected_trades_history_endpoint" time="0.025" /><testcase classname="tests.api.test_http_routes_simple.TestHttpRoutesSimple" name="test_protected_models_status_endpoint" time="0.023" /><testcase classname="tests.api.test_http_routes_simple.TestHttpRoutesSimple" name="test_protected_risk_metrics_endpoint" time="0.021" /><testcase classname="tests.api.test_http_routes_simple.TestHttpRoutesSimple" name="test_cors_preflight" time="0.019" /><testcase classname="tests.api.test_http_routes_simple.TestHttpRoutesSimple" name="test_large_payload_handling" time="0.022" /><testcase classname="tests.api.test_http_routes_simple.TestHttpRoutesSimple" name="test_invalid_endpoints" time="0.022" /><testcase classname="tests.api.test_http_routes_simple.TestHttpRoutesSimple" name="test_content_type_handling" time="0.026" /><testcase classname="tests.api.test_http_routes_simple.TestHttpRoutesSimple" name="test_request_validation" time="0.026" /><testcase classname="tests.api.test_http_routes_simple.TestHttpRoutesSimple" name="test_auth_me_endpoint" time="0.019" /><testcase classname="tests.api.test_http_routes_simple.TestHttpRoutesSimple" name="test_token_validation_endpoint" time="0.019" /><testcase classname="tests.api.test_http_routes_simple.TestHttpRoutesSimple" name="test_websocket_endpoint_exists" time="0.017" /><testcase classname="tests.api.test_http_routes_simple.TestHttpRoutesSimple" name="test_openapi_schema_generation" time="0.062" /><testcase classname="tests.api.test_http_routes_simple.TestHttpRoutesSimple" name="test_docs_endpoint" time="0.020" /><testcase classname="tests.api.test_http_routes_simple.TestRouteMetricsAndMiddleware" name="test_request_counting" time="0.029" /><testcase classname="tests.api.test_http_routes_simple.TestRouteMetricsAndMiddleware" name="test_response_time_tracking" time="0.018" /><testcase classname="tests.api.test_http_routes_simple.TestRouteMetricsAndMiddleware" name="test_error_handling_middleware" time="0.021" /><testcase classname="tests.api.test_http_routes_simple.TestRouteMetricsAndMiddleware" name="test_request_id_generation" time="0.019" /><testcase classname="tests.api.test_http_routes_simple.TestRouteMetricsAndMiddleware" name="test_structured_logging_coverage" time="0.020" /></testsuite></testsuites>