<?xml version="1.0" encoding="utf-8"?><testsuites name="pytest tests"><testsuite name="pytest" errors="0" failures="0" skipped="0" tests="8" time="1.272" timestamp="2025-08-23T00:12:53.752525-07:00" hostname="BOOK-FVJOEO3Q00"><testcase classname="tests.api.test_auth_register.TestAuthRegister" name="test_register_happy_path" time="1.001" /><testcase classname="tests.api.test_auth_register.TestAuthRegister" name="test_register_duplicate_email_returns_409" time="0.026" /><testcase classname="tests.api.test_auth_register.TestAuthRegister" name="test_register_invalid_email_returns_422" time="0.024" /><testcase classname="tests.api.test_auth_register.TestAuthRegister" name="test_register_password_too_short_returns_422" time="0.026" /><testcase classname="tests.api.test_auth_register.TestAuthRegister" name="test_register_password_too_long_returns_422" time="0.023" /><testcase classname="tests.api.test_auth_register.TestAuthRegister" name="test_register_missing_email_returns_422" time="0.023" /><testcase classname="tests.api.test_auth_register.TestAuthRegister" name="test_register_missing_password_returns_422" time="0.025" /><testcase classname="tests.api.test_auth_register.TestAuthRegister" name="test_register_empty_payload_returns_422" time="0.023" /></testsuite></testsuites>