<?xml version="1.0" encoding="utf-8"?><testsuites name="pytest tests"><testsuite name="pytest" errors="0" failures="17" skipped="0" tests="28" time="0.774" timestamp="2025-08-24T17:08:32.163084-07:00" hostname="BOOK-FVJOEO3Q00"><testcase classname="tests.unit.test_order_service_comprehensive_fixed.TestOrderServiceComprehensive" name="test_order_submission_scenarios[AAPL-buy-100-market-ioc-attributes0]" time="0.024"><failure message="AssertionError: assert '100.0' == '100'&#10;  &#10;  - 100&#10;  + 100.0&#10;  ?    ++">self = &lt;test_order_service_comprehensive_fixed.TestOrderServiceComprehensive object at 0x0000019A470D6EA0&gt;
order_service = &lt;backend.services.order_service.OrderService object at 0x0000019A4750A930&gt;
symbol = 'AAPL', side = 'buy', qty = 100, order_type = 'market', tif = 'ioc'
attributes = {'test': True}

    @pytest.mark.parametrize("symbol,side,qty,order_type,tif,attributes", ORDER_SUBMISSION_DATA)
    @pytest.mark.asyncio
    async def test_order_submission_scenarios(
        self, order_service, symbol, side, qty, order_type, tif, attributes
    ):
        """Test order submission with various parameter combinations"""
        idempotency_key = f"test_{symbol}_{uuid.uuid4().hex[:8]}"
    
        result = await order_service.submit_symbol_order(
            symbol=symbol,
            side=side,
            qty=float(qty),
            idempotency_key=idempotency_key,
            order_type=order_type,
            tif=tif,
            attributes=attributes
        )
    
        # Verify result structure
        assert "order_id" in result
        assert result["symbol"] == symbol
        assert result["side"] == side
&gt;       assert result["qty"] == str(qty)
E       AssertionError: assert '100.0' == '100'
E         
E         - 100
E         + 100.0
E         ?    ++

tests\unit\test_order_service_comprehensive_fixed.py:138: AssertionError</failure></testcase><testcase classname="tests.unit.test_order_service_comprehensive_fixed.TestOrderServiceComprehensive" name="test_order_submission_scenarios[GOOGL-sell-50-limit-day-attributes1]" time="0.029"><failure message="AssertionError: assert '50.0' == '50'&#10;  &#10;  - 50&#10;  + 50.0">self = &lt;test_order_service_comprehensive_fixed.TestOrderServiceComprehensive object at 0x0000019A47509C40&gt;
order_service = &lt;backend.services.order_service.OrderService object at 0x0000019A476D9100&gt;
symbol = 'GOOGL', side = 'sell', qty = 50, order_type = 'limit', tif = 'day'
attributes = {'test': True}

    @pytest.mark.parametrize("symbol,side,qty,order_type,tif,attributes", ORDER_SUBMISSION_DATA)
    @pytest.mark.asyncio
    async def test_order_submission_scenarios(
        self, order_service, symbol, side, qty, order_type, tif, attributes
    ):
        """Test order submission with various parameter combinations"""
        idempotency_key = f"test_{symbol}_{uuid.uuid4().hex[:8]}"
    
        result = await order_service.submit_symbol_order(
            symbol=symbol,
            side=side,
            qty=float(qty),
            idempotency_key=idempotency_key,
            order_type=order_type,
            tif=tif,
            attributes=attributes
        )
    
        # Verify result structure
        assert "order_id" in result
        assert result["symbol"] == symbol
        assert result["side"] == side
&gt;       assert result["qty"] == str(qty)
E       AssertionError: assert '50.0' == '50'
E         
E         - 50
E         + 50.0

tests\unit\test_order_service_comprehensive_fixed.py:138: AssertionError</failure></testcase><testcase classname="tests.unit.test_order_service_comprehensive_fixed.TestOrderServiceComprehensive" name="test_order_submission_scenarios[MSFT-buy-200-market-ioc-attributes2]" time="0.003"><failure message="AssertionError: assert '200.0' == '200'&#10;  &#10;  - 200&#10;  + 200.0&#10;  ?    ++">self = &lt;test_order_service_comprehensive_fixed.TestOrderServiceComprehensive object at 0x0000019A4750B080&gt;
order_service = &lt;backend.services.order_service.OrderService object at 0x0000019A4778A3C0&gt;
symbol = 'MSFT', side = 'buy', qty = 200, order_type = 'market', tif = 'ioc'
attributes = {'priority': 'high'}

    @pytest.mark.parametrize("symbol,side,qty,order_type,tif,attributes", ORDER_SUBMISSION_DATA)
    @pytest.mark.asyncio
    async def test_order_submission_scenarios(
        self, order_service, symbol, side, qty, order_type, tif, attributes
    ):
        """Test order submission with various parameter combinations"""
        idempotency_key = f"test_{symbol}_{uuid.uuid4().hex[:8]}"
    
        result = await order_service.submit_symbol_order(
            symbol=symbol,
            side=side,
            qty=float(qty),
            idempotency_key=idempotency_key,
            order_type=order_type,
            tif=tif,
            attributes=attributes
        )
    
        # Verify result structure
        assert "order_id" in result
        assert result["symbol"] == symbol
        assert result["side"] == side
&gt;       assert result["qty"] == str(qty)
E       AssertionError: assert '200.0' == '200'
E         
E         - 200
E         + 200.0
E         ?    ++

tests\unit\test_order_service_comprehensive_fixed.py:138: AssertionError</failure></testcase><testcase classname="tests.unit.test_order_service_comprehensive_fixed.TestOrderServiceComprehensive" name="test_order_submission_scenarios[TSLA-sell-25-limit-gtc-attributes3]" time="0.026"><failure message="AssertionError: assert '25.0' == '25'&#10;  &#10;  - 25&#10;  + 25.0">self = &lt;test_order_service_comprehensive_fixed.TestOrderServiceComprehensive object at 0x0000019A47671790&gt;
order_service = &lt;backend.services.order_service.OrderService object at 0x0000019A476DBDA0&gt;
symbol = 'TSLA', side = 'sell', qty = 25, order_type = 'limit', tif = 'gtc'
attributes = {'strategy': 'momentum'}

    @pytest.mark.parametrize("symbol,side,qty,order_type,tif,attributes", ORDER_SUBMISSION_DATA)
    @pytest.mark.asyncio
    async def test_order_submission_scenarios(
        self, order_service, symbol, side, qty, order_type, tif, attributes
    ):
        """Test order submission with various parameter combinations"""
        idempotency_key = f"test_{symbol}_{uuid.uuid4().hex[:8]}"
    
        result = await order_service.submit_symbol_order(
            symbol=symbol,
            side=side,
            qty=float(qty),
            idempotency_key=idempotency_key,
            order_type=order_type,
            tif=tif,
            attributes=attributes
        )
    
        # Verify result structure
        assert "order_id" in result
        assert result["symbol"] == symbol
        assert result["side"] == side
&gt;       assert result["qty"] == str(qty)
E       AssertionError: assert '25.0' == '25'
E         
E         - 25
E         + 25.0

tests\unit\test_order_service_comprehensive_fixed.py:138: AssertionError</failure></testcase><testcase classname="tests.unit.test_order_service_comprehensive_fixed.TestOrderServiceComprehensive" name="test_order_submission_scenarios[AMZN-buy-10-market-ioc-attributes4]" time="0.021"><failure message="AssertionError: assert '10.0' == '10'&#10;  &#10;  - 10&#10;  + 10.0">self = &lt;test_order_service_comprehensive_fixed.TestOrderServiceComprehensive object at 0x0000019A476719D0&gt;
order_service = &lt;backend.services.order_service.OrderService object at 0x0000019A476BA180&gt;
symbol = 'AMZN', side = 'buy', qty = 10, order_type = 'market', tif = 'ioc'
attributes = {'source': 'signal'}

    @pytest.mark.parametrize("symbol,side,qty,order_type,tif,attributes", ORDER_SUBMISSION_DATA)
    @pytest.mark.asyncio
    async def test_order_submission_scenarios(
        self, order_service, symbol, side, qty, order_type, tif, attributes
    ):
        """Test order submission with various parameter combinations"""
        idempotency_key = f"test_{symbol}_{uuid.uuid4().hex[:8]}"
    
        result = await order_service.submit_symbol_order(
            symbol=symbol,
            side=side,
            qty=float(qty),
            idempotency_key=idempotency_key,
            order_type=order_type,
            tif=tif,
            attributes=attributes
        )
    
        # Verify result structure
        assert "order_id" in result
        assert result["symbol"] == symbol
        assert result["side"] == side
&gt;       assert result["qty"] == str(qty)
E       AssertionError: assert '10.0' == '10'
E         
E         - 10
E         + 10.0

tests\unit\test_order_service_comprehensive_fixed.py:138: AssertionError</failure></testcase><testcase classname="tests.unit.test_order_service_comprehensive_fixed.TestOrderServiceComprehensive" name="test_order_submission_scenarios[META-sell-75-limit-day-attributes5]" time="0.004"><failure message="AssertionError: assert '75.0' == '75'&#10;  &#10;  - 75&#10;  + 75.0">self = &lt;test_order_service_comprehensive_fixed.TestOrderServiceComprehensive object at 0x0000019A47671A60&gt;
order_service = &lt;backend.services.order_service.OrderService object at 0x0000019A47642030&gt;
symbol = 'META', side = 'sell', qty = 75, order_type = 'limit', tif = 'day'
attributes = {'urgency': 'medium'}

    @pytest.mark.parametrize("symbol,side,qty,order_type,tif,attributes", ORDER_SUBMISSION_DATA)
    @pytest.mark.asyncio
    async def test_order_submission_scenarios(
        self, order_service, symbol, side, qty, order_type, tif, attributes
    ):
        """Test order submission with various parameter combinations"""
        idempotency_key = f"test_{symbol}_{uuid.uuid4().hex[:8]}"
    
        result = await order_service.submit_symbol_order(
            symbol=symbol,
            side=side,
            qty=float(qty),
            idempotency_key=idempotency_key,
            order_type=order_type,
            tif=tif,
            attributes=attributes
        )
    
        # Verify result structure
        assert "order_id" in result
        assert result["symbol"] == symbol
        assert result["side"] == side
&gt;       assert result["qty"] == str(qty)
E       AssertionError: assert '75.0' == '75'
E         
E         - 75
E         + 75.0

tests\unit\test_order_service_comprehensive_fixed.py:138: AssertionError</failure></testcase><testcase classname="tests.unit.test_order_service_comprehensive_fixed.TestOrderServiceComprehensive" name="test_order_submission_scenarios[NVDA-buy-30-market-ioc-attributes6]" time="0.004"><failure message="AssertionError: assert '30.0' == '30'&#10;  &#10;  - 30&#10;  + 30.0">self = &lt;test_order_service_comprehensive_fixed.TestOrderServiceComprehensive object at 0x0000019A47671AF0&gt;
order_service = &lt;backend.services.order_service.OrderService object at 0x0000019A477AA240&gt;
symbol = 'NVDA', side = 'buy', qty = 30, order_type = 'market', tif = 'ioc'
attributes = {'model': 'ml'}

    @pytest.mark.parametrize("symbol,side,qty,order_type,tif,attributes", ORDER_SUBMISSION_DATA)
    @pytest.mark.asyncio
    async def test_order_submission_scenarios(
        self, order_service, symbol, side, qty, order_type, tif, attributes
    ):
        """Test order submission with various parameter combinations"""
        idempotency_key = f"test_{symbol}_{uuid.uuid4().hex[:8]}"
    
        result = await order_service.submit_symbol_order(
            symbol=symbol,
            side=side,
            qty=float(qty),
            idempotency_key=idempotency_key,
            order_type=order_type,
            tif=tif,
            attributes=attributes
        )
    
        # Verify result structure
        assert "order_id" in result
        assert result["symbol"] == symbol
        assert result["side"] == side
&gt;       assert result["qty"] == str(qty)
E       AssertionError: assert '30.0' == '30'
E         
E         - 30
E         + 30.0

tests\unit\test_order_service_comprehensive_fixed.py:138: AssertionError</failure></testcase><testcase classname="tests.unit.test_order_service_comprehensive_fixed.TestOrderServiceComprehensive" name="test_order_submission_scenarios[SPY-sell-100-limit-gtc-attributes7]" time="0.004"><failure message="AssertionError: assert '100.0' == '100'&#10;  &#10;  - 100&#10;  + 100.0&#10;  ?    ++">self = &lt;test_order_service_comprehensive_fixed.TestOrderServiceComprehensive object at 0x0000019A47671B80&gt;
order_service = &lt;backend.services.order_service.OrderService object at 0x0000019A477A5400&gt;
symbol = 'SPY', side = 'sell', qty = 100, order_type = 'limit', tif = 'gtc'
attributes = {'hedge': True}

    @pytest.mark.parametrize("symbol,side,qty,order_type,tif,attributes", ORDER_SUBMISSION_DATA)
    @pytest.mark.asyncio
    async def test_order_submission_scenarios(
        self, order_service, symbol, side, qty, order_type, tif, attributes
    ):
        """Test order submission with various parameter combinations"""
        idempotency_key = f"test_{symbol}_{uuid.uuid4().hex[:8]}"
    
        result = await order_service.submit_symbol_order(
            symbol=symbol,
            side=side,
            qty=float(qty),
            idempotency_key=idempotency_key,
            order_type=order_type,
            tif=tif,
            attributes=attributes
        )
    
        # Verify result structure
        assert "order_id" in result
        assert result["symbol"] == symbol
        assert result["side"] == side
&gt;       assert result["qty"] == str(qty)
E       AssertionError: assert '100.0' == '100'
E         
E         - 100
E         + 100.0
E         ?    ++

tests\unit\test_order_service_comprehensive_fixed.py:138: AssertionError</failure></testcase><testcase classname="tests.unit.test_order_service_comprehensive_fixed.TestOrderServiceComprehensive" name="test_broker_error_handling[connection_timeout-Connection timeout-503]" time="0.022" /><testcase classname="tests.unit.test_order_service_comprehensive_fixed.TestOrderServiceComprehensive" name="test_broker_error_handling[insufficient_funds-Insufficient buying power-422]" time="0.014" /><testcase classname="tests.unit.test_order_service_comprehensive_fixed.TestOrderServiceComprehensive" name="test_broker_error_handling[market_closed-Market is closed-400]" time="0.003" /><testcase classname="tests.unit.test_order_service_comprehensive_fixed.TestOrderServiceComprehensive" name="test_broker_error_handling[invalid_symbol-Symbol not found-404]" time="0.003" /><testcase classname="tests.unit.test_order_service_comprehensive_fixed.TestOrderServiceComprehensive" name="test_broker_error_handling[order_rejected-Order rejected by broker-400]" time="0.003" /><testcase classname="tests.unit.test_order_service_comprehensive_fixed.TestOrderServiceComprehensive" name="test_broker_error_handling[rate_limited-Rate limit exceeded-429]" time="0.003" /><testcase classname="tests.unit.test_order_service_comprehensive_fixed.TestOrderServiceComprehensive" name="test_broker_error_handling[system_maintenance-System under maintenance-503]" time="0.017" /><testcase classname="tests.unit.test_order_service_comprehensive_fixed.TestOrderServiceComprehensive" name="test_broker_error_handling[unknown_error-Unknown broker error-500]" time="0.004" /><testcase classname="tests.unit.test_order_service_comprehensive_fixed.TestOrderServiceComprehensive" name="test_order_status_lifecycle[pending-submitted-Order sent to broker]" time="0.004"><failure message="AssertionError: assert 'pending' == 'submitted'&#10;  &#10;  - submitted&#10;  + pending">self = &lt;test_order_service_comprehensive_fixed.TestOrderServiceComprehensive object at 0x0000019A47672DE0&gt;
order_service = &lt;backend.services.order_service.OrderService object at 0x0000019A48800680&gt;
from_status = 'pending', to_status = 'submitted'
reason = 'Order sent to broker'

    @pytest.mark.parametrize("from_status,to_status,reason", ORDER_STATUS_TRANSITIONS)
    @pytest.mark.asyncio
    async def test_order_status_lifecycle(
        self, order_service, from_status, to_status, reason
    ):
        """Test order status transitions throughout lifecycle"""
        # Configure mock to return different statuses
        mock_order = Mock()
        mock_order.id = uuid.uuid4()
        mock_order.symbol = "TEST"
        mock_order.side = "buy"
        mock_order.qty = Decimal("100")
        mock_order.status = to_status  # Final status after transition
        mock_order.submitted_at = datetime.utcnow()
    
        order_service.orders_repo.upsert_by_idempotency.return_value = mock_order
    
        result = await order_service.submit_symbol_order(
            symbol="TEST",
            side="buy",
            qty=100.0,
            idempotency_key=f"lifecycle_{from_status}_{to_status}",
            order_type="market",
            tif="ioc",
            attributes={"transition_reason": reason}
        )
    
        # Verify status progression
&gt;       assert result["status"] == to_status
E       AssertionError: assert 'pending' == 'submitted'
E         
E         - submitted
E         + pending

tests\unit\test_order_service_comprehensive_fixed.py:205: AssertionError</failure></testcase><testcase classname="tests.unit.test_order_service_comprehensive_fixed.TestOrderServiceComprehensive" name="test_order_status_lifecycle[submitted-partially_filled-Partial execution]" time="0.003"><failure message="AssertionError: assert 'pending' == 'partially_filled'&#10;  &#10;  - partially_filled&#10;  + pending">self = &lt;test_order_service_comprehensive_fixed.TestOrderServiceComprehensive object at 0x0000019A476724E0&gt;
order_service = &lt;backend.services.order_service.OrderService object at 0x0000019A487C89E0&gt;
from_status = 'submitted', to_status = 'partially_filled'
reason = 'Partial execution'

    @pytest.mark.parametrize("from_status,to_status,reason", ORDER_STATUS_TRANSITIONS)
    @pytest.mark.asyncio
    async def test_order_status_lifecycle(
        self, order_service, from_status, to_status, reason
    ):
        """Test order status transitions throughout lifecycle"""
        # Configure mock to return different statuses
        mock_order = Mock()
        mock_order.id = uuid.uuid4()
        mock_order.symbol = "TEST"
        mock_order.side = "buy"
        mock_order.qty = Decimal("100")
        mock_order.status = to_status  # Final status after transition
        mock_order.submitted_at = datetime.utcnow()
    
        order_service.orders_repo.upsert_by_idempotency.return_value = mock_order
    
        result = await order_service.submit_symbol_order(
            symbol="TEST",
            side="buy",
            qty=100.0,
            idempotency_key=f"lifecycle_{from_status}_{to_status}",
            order_type="market",
            tif="ioc",
            attributes={"transition_reason": reason}
        )
    
        # Verify status progression
&gt;       assert result["status"] == to_status
E       AssertionError: assert 'pending' == 'partially_filled'
E         
E         - partially_filled
E         + pending

tests\unit\test_order_service_comprehensive_fixed.py:205: AssertionError</failure></testcase><testcase classname="tests.unit.test_order_service_comprehensive_fixed.TestOrderServiceComprehensive" name="test_order_status_lifecycle[partially_filled-filled-Complete execution]" time="0.009"><failure message="AssertionError: assert 'pending' == 'filled'&#10;  &#10;  - filled&#10;  + pending">self = &lt;test_order_service_comprehensive_fixed.TestOrderServiceComprehensive object at 0x0000019A476723C0&gt;
order_service = &lt;backend.services.order_service.OrderService object at 0x0000019A4750AAE0&gt;
from_status = 'partially_filled', to_status = 'filled'
reason = 'Complete execution'

    @pytest.mark.parametrize("from_status,to_status,reason", ORDER_STATUS_TRANSITIONS)
    @pytest.mark.asyncio
    async def test_order_status_lifecycle(
        self, order_service, from_status, to_status, reason
    ):
        """Test order status transitions throughout lifecycle"""
        # Configure mock to return different statuses
        mock_order = Mock()
        mock_order.id = uuid.uuid4()
        mock_order.symbol = "TEST"
        mock_order.side = "buy"
        mock_order.qty = Decimal("100")
        mock_order.status = to_status  # Final status after transition
        mock_order.submitted_at = datetime.utcnow()
    
        order_service.orders_repo.upsert_by_idempotency.return_value = mock_order
    
        result = await order_service.submit_symbol_order(
            symbol="TEST",
            side="buy",
            qty=100.0,
            idempotency_key=f"lifecycle_{from_status}_{to_status}",
            order_type="market",
            tif="ioc",
            attributes={"transition_reason": reason}
        )
    
        # Verify status progression
&gt;       assert result["status"] == to_status
E       AssertionError: assert 'pending' == 'filled'
E         
E         - filled
E         + pending

tests\unit\test_order_service_comprehensive_fixed.py:205: AssertionError</failure></testcase><testcase classname="tests.unit.test_order_service_comprehensive_fixed.TestOrderServiceComprehensive" name="test_order_status_lifecycle[pending-cancelled-User cancellation]" time="0.007"><failure message="AssertionError: assert 'pending' == 'cancelled'&#10;  &#10;  - cancelled&#10;  + pending">self = &lt;test_order_service_comprehensive_fixed.TestOrderServiceComprehensive object at 0x0000019A47671F10&gt;
order_service = &lt;backend.services.order_service.OrderService object at 0x0000019A487CBAA0&gt;
from_status = 'pending', to_status = 'cancelled', reason = 'User cancellation'

    @pytest.mark.parametrize("from_status,to_status,reason", ORDER_STATUS_TRANSITIONS)
    @pytest.mark.asyncio
    async def test_order_status_lifecycle(
        self, order_service, from_status, to_status, reason
    ):
        """Test order status transitions throughout lifecycle"""
        # Configure mock to return different statuses
        mock_order = Mock()
        mock_order.id = uuid.uuid4()
        mock_order.symbol = "TEST"
        mock_order.side = "buy"
        mock_order.qty = Decimal("100")
        mock_order.status = to_status  # Final status after transition
        mock_order.submitted_at = datetime.utcnow()
    
        order_service.orders_repo.upsert_by_idempotency.return_value = mock_order
    
        result = await order_service.submit_symbol_order(
            symbol="TEST",
            side="buy",
            qty=100.0,
            idempotency_key=f"lifecycle_{from_status}_{to_status}",
            order_type="market",
            tif="ioc",
            attributes={"transition_reason": reason}
        )
    
        # Verify status progression
&gt;       assert result["status"] == to_status
E       AssertionError: assert 'pending' == 'cancelled'
E         
E         - cancelled
E         + pending

tests\unit\test_order_service_comprehensive_fixed.py:205: AssertionError</failure></testcase><testcase classname="tests.unit.test_order_service_comprehensive_fixed.TestOrderServiceComprehensive" name="test_order_status_lifecycle[submitted-rejected-Broker rejection]" time="0.008"><failure message="AssertionError: assert 'pending' == 'rejected'&#10;  &#10;  - rejected&#10;  + pending">self = &lt;test_order_service_comprehensive_fixed.TestOrderServiceComprehensive object at 0x0000019A47671B20&gt;
order_service = &lt;backend.services.order_service.OrderService object at 0x0000019A477C35C0&gt;
from_status = 'submitted', to_status = 'rejected', reason = 'Broker rejection'

    @pytest.mark.parametrize("from_status,to_status,reason", ORDER_STATUS_TRANSITIONS)
    @pytest.mark.asyncio
    async def test_order_status_lifecycle(
        self, order_service, from_status, to_status, reason
    ):
        """Test order status transitions throughout lifecycle"""
        # Configure mock to return different statuses
        mock_order = Mock()
        mock_order.id = uuid.uuid4()
        mock_order.symbol = "TEST"
        mock_order.side = "buy"
        mock_order.qty = Decimal("100")
        mock_order.status = to_status  # Final status after transition
        mock_order.submitted_at = datetime.utcnow()
    
        order_service.orders_repo.upsert_by_idempotency.return_value = mock_order
    
        result = await order_service.submit_symbol_order(
            symbol="TEST",
            side="buy",
            qty=100.0,
            idempotency_key=f"lifecycle_{from_status}_{to_status}",
            order_type="market",
            tif="ioc",
            attributes={"transition_reason": reason}
        )
    
        # Verify status progression
&gt;       assert result["status"] == to_status
E       AssertionError: assert 'pending' == 'rejected'
E         
E         - rejected
E         + pending

tests\unit\test_order_service_comprehensive_fixed.py:205: AssertionError</failure></testcase><testcase classname="tests.unit.test_order_service_comprehensive_fixed.TestOrderServiceComprehensive" name="test_order_status_lifecycle[pending-expired-Order timeout]" time="0.008"><failure message="AssertionError: assert 'pending' == 'expired'&#10;  &#10;  - expired&#10;  + pending">self = &lt;test_order_service_comprehensive_fixed.TestOrderServiceComprehensive object at 0x0000019A47671A00&gt;
order_service = &lt;backend.services.order_service.OrderService object at 0x0000019A488030E0&gt;
from_status = 'pending', to_status = 'expired', reason = 'Order timeout'

    @pytest.mark.parametrize("from_status,to_status,reason", ORDER_STATUS_TRANSITIONS)
    @pytest.mark.asyncio
    async def test_order_status_lifecycle(
        self, order_service, from_status, to_status, reason
    ):
        """Test order status transitions throughout lifecycle"""
        # Configure mock to return different statuses
        mock_order = Mock()
        mock_order.id = uuid.uuid4()
        mock_order.symbol = "TEST"
        mock_order.side = "buy"
        mock_order.qty = Decimal("100")
        mock_order.status = to_status  # Final status after transition
        mock_order.submitted_at = datetime.utcnow()
    
        order_service.orders_repo.upsert_by_idempotency.return_value = mock_order
    
        result = await order_service.submit_symbol_order(
            symbol="TEST",
            side="buy",
            qty=100.0,
            idempotency_key=f"lifecycle_{from_status}_{to_status}",
            order_type="market",
            tif="ioc",
            attributes={"transition_reason": reason}
        )
    
        # Verify status progression
&gt;       assert result["status"] == to_status
E       AssertionError: assert 'pending' == 'expired'
E         
E         - expired
E         + pending

tests\unit\test_order_service_comprehensive_fixed.py:205: AssertionError</failure></testcase><testcase classname="tests.unit.test_order_service_comprehensive_fixed.TestOrderServiceComprehensive" name="test_order_status_lifecycle[submitted-failed-System error]" time="0.007"><failure message="AssertionError: assert 'pending' == 'failed'&#10;  &#10;  - failed&#10;  + pending">self = &lt;test_order_service_comprehensive_fixed.TestOrderServiceComprehensive object at 0x0000019A47672E70&gt;
order_service = &lt;backend.services.order_service.OrderService object at 0x0000019A476BA810&gt;
from_status = 'submitted', to_status = 'failed', reason = 'System error'

    @pytest.mark.parametrize("from_status,to_status,reason", ORDER_STATUS_TRANSITIONS)
    @pytest.mark.asyncio
    async def test_order_status_lifecycle(
        self, order_service, from_status, to_status, reason
    ):
        """Test order status transitions throughout lifecycle"""
        # Configure mock to return different statuses
        mock_order = Mock()
        mock_order.id = uuid.uuid4()
        mock_order.symbol = "TEST"
        mock_order.side = "buy"
        mock_order.qty = Decimal("100")
        mock_order.status = to_status  # Final status after transition
        mock_order.submitted_at = datetime.utcnow()
    
        order_service.orders_repo.upsert_by_idempotency.return_value = mock_order
    
        result = await order_service.submit_symbol_order(
            symbol="TEST",
            side="buy",
            qty=100.0,
            idempotency_key=f"lifecycle_{from_status}_{to_status}",
            order_type="market",
            tif="ioc",
            attributes={"transition_reason": reason}
        )
    
        # Verify status progression
&gt;       assert result["status"] == to_status
E       AssertionError: assert 'pending' == 'failed'
E         
E         - failed
E         + pending

tests\unit\test_order_service_comprehensive_fixed.py:205: AssertionError</failure></testcase><testcase classname="tests.unit.test_order_service_comprehensive_fixed.TestOrderServiceComprehensive" name="test_order_status_lifecycle[filled-settled-Settlement complete]" time="0.031"><failure message="AssertionError: assert 'pending' == 'settled'&#10;  &#10;  - settled&#10;  + pending">self = &lt;test_order_service_comprehensive_fixed.TestOrderServiceComprehensive object at 0x0000019A47672F30&gt;
order_service = &lt;backend.services.order_service.OrderService object at 0x0000019A476DA930&gt;
from_status = 'filled', to_status = 'settled', reason = 'Settlement complete'

    @pytest.mark.parametrize("from_status,to_status,reason", ORDER_STATUS_TRANSITIONS)
    @pytest.mark.asyncio
    async def test_order_status_lifecycle(
        self, order_service, from_status, to_status, reason
    ):
        """Test order status transitions throughout lifecycle"""
        # Configure mock to return different statuses
        mock_order = Mock()
        mock_order.id = uuid.uuid4()
        mock_order.symbol = "TEST"
        mock_order.side = "buy"
        mock_order.qty = Decimal("100")
        mock_order.status = to_status  # Final status after transition
        mock_order.submitted_at = datetime.utcnow()
    
        order_service.orders_repo.upsert_by_idempotency.return_value = mock_order
    
        result = await order_service.submit_symbol_order(
            symbol="TEST",
            side="buy",
            qty=100.0,
            idempotency_key=f"lifecycle_{from_status}_{to_status}",
            order_type="market",
            tif="ioc",
            attributes={"transition_reason": reason}
        )
    
        # Verify status progression
&gt;       assert result["status"] == to_status
E       AssertionError: assert 'pending' == 'settled'
E         
E         - settled
E         + pending

tests\unit\test_order_service_comprehensive_fixed.py:205: AssertionError</failure></testcase><testcase classname="tests.unit.test_order_service_comprehensive_fixed.TestOrderServiceComprehensive" name="test_plan_and_submit_integration" time="0.006"><failure message="TypeError: TradingSignal.__init__() got an unexpected keyword argument 'signal_type'">self = &lt;test_order_service_comprehensive_fixed.TestOrderServiceComprehensive object at 0x0000019A476735F0&gt;
order_service = &lt;backend.services.order_service.OrderService object at 0x0000019A477A9C70&gt;

    @pytest.mark.asyncio
    async def test_plan_and_submit_integration(self, order_service):
        """Test strategy engine integration with plan-and-submit workflow"""
        signals = [
&gt;           TradingSignal(
                symbol="AAPL",
                signal_type="momentum",
                strength=0.8,
                confidence=0.9,
                timestamp=datetime.utcnow(),
                attributes={"model": "ml_v1", "timeframe": "1h"}
            )
        ]
E       TypeError: TradingSignal.__init__() got an unexpected keyword argument 'signal_type'

tests\unit\test_order_service_comprehensive_fixed.py:211: TypeError</failure></testcase><testcase classname="tests.unit.test_order_service_comprehensive_fixed.TestOrderServiceComprehensive" name="test_circuit_breaker_integration" time="0.006" /><testcase classname="tests.unit.test_order_service_comprehensive_fixed.TestOrderServiceComprehensive" name="test_idempotency_protection" time="0.006" /><testcase classname="tests.unit.test_order_service_comprehensive_fixed.TestOrderServiceComprehensive" name="test_service_initialization" time="0.003" /></testsuite></testsuites>