<?xml version="1.0" encoding="utf-8"?><testsuites name="pytest tests"><testsuite name="pytest" errors="0" failures="0" skipped="0" tests="6" time="0.259" timestamp="2025-08-24T17:03:58.807286-07:00" hostname="BOOK-FVJOEO3Q00"><testcase classname="tests.integration.test_backtesting.TestBacktestingIntegration" name="test_simple_buy_hold_strategy" time="0.020" /><testcase classname="tests.integration.test_backtesting.TestBacktestingIntegration" name="test_momentum_strategy_backtest" time="0.021" /><testcase classname="tests.integration.test_backtesting.TestBacktestingIntegration" name="test_mean_reversion_strategy_backtest" time="0.018" /><testcase classname="tests.integration.test_backtesting.TestBacktestingIntegration" name="test_multi_asset_portfolio_backtest" time="0.027" /><testcase classname="tests.integration.test_backtesting.TestBacktestingIntegration" name="test_backtest_with_risk_management" time="0.029" /><testcase classname="tests.integration.test_backtesting.TestBacktestingIntegration" name="test_backtest_performance_comparison" time="0.027" /></testsuite></testsuites>