<?xml version="1.0" encoding="utf-8"?><testsuites name="pytest tests"><testsuite name="pytest" errors="0" failures="2" skipped="0" tests="7" time="0.477" timestamp="2025-08-24T17:01:12.996171-07:00" hostname="BOOK-FVJOEO3Q00"><testcase classname="tests.api.test_positions.TestPositions" name="test_get_positions_without_auth_returns_403" time="0.099"><failure message="AssertionError: assert 'error' in {'detail': 'Not authenticated'}">self = &lt;test_positions.TestPositions object at 0x000001E371D66900&gt;
test_client = &lt;tests.helpers.robust_testclient.RobustTestClient object at 0x000001E371D67B30&gt;

    def test_get_positions_without_auth_returns_403(self, test_client):
        """Test that accessing positions without authentication returns 403."""
        response = test_client.get("/api/v1/positions")
    
        # Should return 403 Forbidden
        assert response.status_code == status.HTTP_403_FORBIDDEN
    
        data = response.json()
&gt;       assert "error" in data
E       AssertionError: assert 'error' in {'detail': 'Not authenticated'}

tests\api\test_positions.py:159: AssertionError</failure></testcase><testcase classname="tests.api.test_positions.TestPositions" name="test_get_positions_with_invalid_token_returns_401" time="0.013"><failure message="AssertionError: assert 'error' in {'detail': 'Invalid or expired token'}">self = &lt;test_positions.TestPositions object at 0x000001E371D66C90&gt;
test_client = &lt;tests.helpers.robust_testclient.RobustTestClient object at 0x000001E371F57830&gt;

    def test_get_positions_with_invalid_token_returns_401(self, test_client):
        """Test that accessing positions with invalid token returns 401."""
        headers = {"Authorization": "Bearer invalid_token"}
        response = test_client.get("/api/v1/positions", headers=headers)
    
        # Should return 401 Unauthorized
        assert response.status_code == status.HTTP_401_UNAUTHORIZED
    
        data = response.json()
&gt;       assert "error" in data
E       AssertionError: assert 'error' in {'detail': 'Invalid or expired token'}

tests\api\test_positions.py:171: AssertionError</failure></testcase><testcase classname="tests.api.test_positions.TestPositions" name="test_get_positions_with_valid_auth_returns_positions" time="0.022" /><testcase classname="tests.api.test_positions.TestPositions" name="test_get_positions_empty_portfolio_returns_empty_list" time="0.012" /><testcase classname="tests.api.test_positions.TestPositions" name="test_get_positions_response_schema" time="0.011" /><testcase classname="tests.api.test_positions.TestPositions" name="test_get_positions_malformed_auth_header_returns_403" time="0.011" /><testcase classname="tests.api.test_positions.TestPositions" name="test_get_positions_empty_auth_header_returns_403" time="0.012" /></testsuite></testsuites>