<?xml version="1.0" encoding="utf-8"?><testsuites name="pytest tests"><testsuite name="pytest" errors="0" failures="18" skipped="0" tests="22" time="0.768" timestamp="2025-08-24T17:08:49.997639-07:00" hostname="BOOK-FVJOEO3Q00"><testcase classname="tests.unit.test_risk_management.TestRiskManager" name="test_position_size_check_approved" time="0.002"><failure message="AttributeError: 'dict' object has no attribute 'approved'">self = &lt;test_risk_management.TestRiskManager object at 0x000001F9A2F96F00&gt;
risk_manager = &lt;backend.risk.risk_manager.RiskManager object at 0x000001F9A3CE8200&gt;
portfolio_state = {'cash': Decimal('25000'), 'daily_pnl': Decimal('-1200'), 'max_drawdown': Decimal('0.05'), 'positions': {'AAPL': {'avg...GL': {'avg_price': Decimal('2800.00'), 'market_value': Decimal('28000'), 'qty': 10, 'sector': 'Technology', ...}}, ...}

    @pytest.mark.unit
    @pytest.mark.risk
    def test_position_size_check_approved(self, risk_manager, portfolio_state):
        """Test position size check - should approve normal positions."""
        order_spec = OrderSpec(
            symbol="MSFT",
            side=Side.BUY,
            qty=Decimal("50"),
            price=Decimal("400.00"),  # $20,000 position
        )
    
        result = risk_manager.check_position_size(order_spec, portfolio_state)
    
&gt;       assert result.approved is True
               ^^^^^^^^^^^^^^^
E       AttributeError: 'dict' object has no attribute 'approved'

tests\unit\test_risk_management.py:86: AttributeError</failure></testcase><testcase classname="tests.unit.test_risk_management.TestRiskManager" name="test_position_size_check_rejected" time="0.002"><failure message="AttributeError: 'dict' object has no attribute 'approved'">self = &lt;test_risk_management.TestRiskManager object at 0x000001F9A3C813A0&gt;
risk_manager = &lt;backend.risk.risk_manager.RiskManager object at 0x000001F9A3C82A80&gt;
portfolio_state = {'cash': Decimal('25000'), 'daily_pnl': Decimal('-1200'), 'max_drawdown': Decimal('0.05'), 'positions': {'AAPL': {'avg...GL': {'avg_price': Decimal('2800.00'), 'market_value': Decimal('28000'), 'qty': 10, 'sector': 'Technology', ...}}, ...}

    @pytest.mark.unit
    @pytest.mark.risk
    def test_position_size_check_rejected(self, risk_manager, portfolio_state):
        """Test position size check - should reject oversized positions."""
        order_spec = OrderSpec(
            symbol="TSLA",
            side=Side.BUY,
            qty=Decimal("100"),
            price=Decimal("800.00"),  # $80,000 position (exceeds max)
        )
    
        result = risk_manager.check_position_size(order_spec, portfolio_state)
    
&gt;       assert result.approved is False
               ^^^^^^^^^^^^^^^
E       AttributeError: 'dict' object has no attribute 'approved'

tests\unit\test_risk_management.py:103: AttributeError</failure></testcase><testcase classname="tests.unit.test_risk_management.TestRiskManager" name="test_concentration_check_sector_limit" time="0.001"><failure message="AttributeError: &lt;backend.risk.risk_manager.RiskManager object at 0x000001F9A3CEA390&gt; does not have the attribute '_get_symbol_sector'">self = &lt;test_risk_management.TestRiskManager object at 0x000001F9A3C81490&gt;
risk_manager = &lt;backend.risk.risk_manager.RiskManager object at 0x000001F9A3CEA390&gt;
portfolio_state = {'cash': Decimal('25000'), 'daily_pnl': Decimal('-1200'), 'max_drawdown': Decimal('0.05'), 'positions': {'AAPL': {'avg...GL': {'avg_price': Decimal('2800.00'), 'market_value': Decimal('28000'), 'qty': 10, 'sector': 'Technology', ...}}, ...}

    @pytest.mark.unit
    @pytest.mark.risk
    def test_concentration_check_sector_limit(self, risk_manager, portfolio_state):
        """Test sector concentration limits."""
        # Already have $46.5K in Technology, limit is $25K
        order_spec = OrderSpec(
            symbol="NVDA",  # Another tech stock
            side=Side.BUY,
            qty=Decimal("50"),
            price=Decimal("900.00"),  # $45,000 more tech exposure
        )
    
        # Mock sector lookup
&gt;       with patch.object(
            risk_manager, "_get_symbol_sector", return_value="Technology"
        ):

tests\unit\test_risk_management.py:121: 
_ _ _ _ _ _ _ _ _ _ _ _ _ _ _ _ _ _ _ _ _ _ _ _ _ _ _ _ _ _ _ _ _ _ _ _ _ _ _ _
..\..\AppData\Local\Programs\Python\Python312\Lib\unittest\mock.py:1458: in __enter__
    original, local = self.get_original()
                      ^^^^^^^^^^^^^^^^^^^
_ _ _ _ _ _ _ _ _ _ _ _ _ _ _ _ _ _ _ _ _ _ _ _ _ _ _ _ _ _ _ _ _ _ _ _ _ _ _ _

self = &lt;unittest.mock._patch object at 0x000001F9A3CE9BB0&gt;

    def get_original(self):
        target = self.getter()
        name = self.attribute
    
        original = DEFAULT
        local = False
    
        try:
            original = target.__dict__[name]
        except (AttributeError, KeyError):
            original = getattr(target, name, DEFAULT)
        else:
            local = True
    
        if name in _builtins and isinstance(target, ModuleType):
            self.create = True
    
        if not self.create and original is DEFAULT:
&gt;           raise AttributeError(
                "%s does not have the attribute %r" % (target, name)
            )
E           AttributeError: &lt;backend.risk.risk_manager.RiskManager object at 0x000001F9A3CEA390&gt; does not have the attribute '_get_symbol_sector'

..\..\AppData\Local\Programs\Python\Python312\Lib\unittest\mock.py:1431: AttributeError</failure></testcase><testcase classname="tests.unit.test_risk_management.TestRiskManager" name="test_concentration_check_symbol_limit" time="0.001"><failure message="AttributeError: 'RiskManager' object has no attribute 'check_concentration_limits'. Did you mean: 'check_position_limits'?">self = &lt;test_risk_management.TestRiskManager object at 0x000001F9A3C81670&gt;
risk_manager = &lt;backend.risk.risk_manager.RiskManager object at 0x000001F9A3CEAB70&gt;
portfolio_state = {'cash': Decimal('25000'), 'daily_pnl': Decimal('-1200'), 'max_drawdown': Decimal('0.05'), 'positions': {'AAPL': {'avg...GL': {'avg_price': Decimal('2800.00'), 'market_value': Decimal('28000'), 'qty': 10, 'sector': 'Technology', ...}}, ...}

    @pytest.mark.unit
    @pytest.mark.risk
    def test_concentration_check_symbol_limit(self, risk_manager, portfolio_state):
        """Test per-symbol concentration limits."""
        # Add more AAPL (already have $18.5K, limit $15K)
        order_spec = OrderSpec(
            symbol="AAPL",
            side=Side.BUY,
            qty=Decimal("50"),
            price=Decimal("185.00"),  # $9,250 more
        )
    
&gt;       result = risk_manager.check_concentration_limits(order_spec, portfolio_state)
                 ^^^^^^^^^^^^^^^^^^^^^^^^^^^^^^^^^^^^^^^
E       AttributeError: 'RiskManager' object has no attribute 'check_concentration_limits'. Did you mean: 'check_position_limits'?

tests\unit\test_risk_management.py:144: AttributeError</failure></testcase><testcase classname="tests.unit.test_risk_management.TestRiskManager" name="test_daily_loss_check" time="0.001"><failure message="AttributeError: 'RiskManager' object has no attribute 'check_daily_loss_limit'">self = &lt;test_risk_management.TestRiskManager object at 0x000001F9A3C81850&gt;
risk_manager = &lt;backend.risk.risk_manager.RiskManager object at 0x000001F9A3CEBC50&gt;
portfolio_state = {'cash': Decimal('25000'), 'daily_pnl': Decimal('-4500'), 'max_drawdown': Decimal('0.05'), 'positions': {'AAPL': {'avg...GL': {'avg_price': Decimal('2800.00'), 'market_value': Decimal('28000'), 'qty': 10, 'sector': 'Technology', ...}}, ...}

    @pytest.mark.unit
    @pytest.mark.risk
    def test_daily_loss_check(self, risk_manager, portfolio_state):
        """Test daily loss limits."""
        # Portfolio already down $1,200 today
        portfolio_state["daily_pnl"] = Decimal("-4500")  # Close to $5K limit
    
        order_spec = OrderSpec(
            symbol="RISKY",
            side=Side.BUY,
            qty=Decimal("100"),
            price=Decimal("50.00"),
        )
    
&gt;       result = risk_manager.check_daily_loss_limit(order_spec, portfolio_state)
                 ^^^^^^^^^^^^^^^^^^^^^^^^^^^^^^^^^^^
E       AttributeError: 'RiskManager' object has no attribute 'check_daily_loss_limit'

tests\unit\test_risk_management.py:166: AttributeError</failure></testcase><testcase classname="tests.unit.test_risk_management.TestRiskManager" name="test_drawdown_check" time="0.001"><failure message="AttributeError: 'RiskManager' object has no attribute 'check_drawdown_limit'">self = &lt;test_risk_management.TestRiskManager object at 0x000001F9A3C81A30&gt;
risk_manager = &lt;backend.risk.risk_manager.RiskManager object at 0x000001F9A3CEBC80&gt;
portfolio_state = {'cash': Decimal('25000'), 'daily_pnl': Decimal('-1200'), 'max_drawdown': Decimal('0.12'), 'positions': {'AAPL': {'avg...GL': {'avg_price': Decimal('2800.00'), 'market_value': Decimal('28000'), 'qty': 10, 'sector': 'Technology', ...}}, ...}

    @pytest.mark.unit
    @pytest.mark.risk
    def test_drawdown_check(self, risk_manager, portfolio_state):
        """Test maximum drawdown controls."""
        # Simulate large drawdown
        portfolio_state["max_drawdown"] = Decimal("0.12")  # 12% &gt; 10% limit
    
        order_spec = OrderSpec(
            symbol="SPEC",
            side=Side.BUY,
            qty=Decimal("10"),
            price=Decimal("100.00"),
        )
    
&gt;       result = risk_manager.check_drawdown_limit(order_spec, portfolio_state)
                 ^^^^^^^^^^^^^^^^^^^^^^^^^^^^^^^^^
E       AttributeError: 'RiskManager' object has no attribute 'check_drawdown_limit'

tests\unit\test_risk_management.py:187: AttributeError</failure></testcase><testcase classname="tests.unit.test_risk_management.TestRiskManager" name="test_cash_balance_check" time="0.001"><failure message="AttributeError: 'dict' object has no attribute 'approved'">self = &lt;test_risk_management.TestRiskManager object at 0x000001F9A3C81C10&gt;
risk_manager = &lt;backend.risk.risk_manager.RiskManager object at 0x000001F9A3D897C0&gt;
portfolio_state = {'cash': Decimal('25000'), 'daily_pnl': Decimal('-1200'), 'max_drawdown': Decimal('0.05'), 'positions': {'AAPL': {'avg...GL': {'avg_price': Decimal('2800.00'), 'market_value': Decimal('28000'), 'qty': 10, 'sector': 'Technology', ...}}, ...}

    @pytest.mark.unit
    @pytest.mark.risk
    def test_cash_balance_check(self, risk_manager, portfolio_state):
        """Test minimum cash balance requirements."""
        order_spec = OrderSpec(
            symbol="EXPENSIVE",
            side=Side.BUY,
            qty=Decimal("200"),
            price=Decimal("100.00"),  # $20,000 - would leave only $5K cash
        )
    
        result = risk_manager.check_cash_balance(order_spec, portfolio_state)
    
        # Should be rejected - would violate min cash balance
&gt;       assert result.approved is False
               ^^^^^^^^^^^^^^^
E       AttributeError: 'dict' object has no attribute 'approved'

tests\unit\test_risk_management.py:207: AttributeError</failure></testcase><testcase classname="tests.unit.test_risk_management.TestRiskManager" name="test_comprehensive_risk_check" time="0.019"><failure message="AttributeError: 'RiskManager' object has no attribute 'evaluate_trade_risk'">self = &lt;test_risk_management.TestRiskManager object at 0x000001F9A3C81DF0&gt;
risk_manager = &lt;backend.risk.risk_manager.RiskManager object at 0x000001F9A3D8A210&gt;
portfolio_state = {'cash': Decimal('25000'), 'daily_pnl': Decimal('-1200'), 'max_drawdown': Decimal('0.05'), 'positions': {'AAPL': {'avg...GL': {'avg_price': Decimal('2800.00'), 'market_value': Decimal('28000'), 'qty': 10, 'sector': 'Technology', ...}}, ...}

    @pytest.mark.unit
    @pytest.mark.risk
    async def test_comprehensive_risk_check(self, risk_manager, portfolio_state):
        """Test complete risk evaluation pipeline."""
        order_spec = OrderSpec(
            symbol="TEST",
            side=Side.BUY,
            qty=Decimal("50"),
            price=Decimal("200.00"),  # $10,000 position - reasonable
        )
    
&gt;       result = await risk_manager.evaluate_trade_risk(order_spec, portfolio_state)
                       ^^^^^^^^^^^^^^^^^^^^^^^^^^^^^^^^
E       AttributeError: 'RiskManager' object has no attribute 'evaluate_trade_risk'

tests\unit\test_risk_management.py:221: AttributeError</failure></testcase><testcase classname="tests.unit.test_risk_management.TestRiskManager" name="test_portfolio_metrics_calculation" time="0.001"><failure message="AttributeError: 'RiskManager' object has no attribute 'calculate_portfolio_metrics'. Did you mean: 'calculate_portfolio_risk'?">self = &lt;test_risk_management.TestRiskManager object at 0x000001F9A3C821B0&gt;
risk_manager = &lt;backend.risk.risk_manager.RiskManager object at 0x000001F9A3D8AD80&gt;
portfolio_state = {'cash': Decimal('25000'), 'daily_pnl': Decimal('-1200'), 'max_drawdown': Decimal('0.05'), 'positions': {'AAPL': {'avg...GL': {'avg_price': Decimal('2800.00'), 'market_value': Decimal('28000'), 'qty': 10, 'sector': 'Technology', ...}}, ...}

    @pytest.mark.unit
    @pytest.mark.risk
    def test_portfolio_metrics_calculation(self, risk_manager, portfolio_state):
        """Test portfolio metrics calculation."""
&gt;       metrics = risk_manager.calculate_portfolio_metrics(portfolio_state)
                  ^^^^^^^^^^^^^^^^^^^^^^^^^^^^^^^^^^^^^^^^
E       AttributeError: 'RiskManager' object has no attribute 'calculate_portfolio_metrics'. Did you mean: 'calculate_portfolio_risk'?

tests\unit\test_risk_management.py:238: AttributeError</failure></testcase><testcase classname="tests.unit.test_risk_management.TestRiskManager" name="test_risk_score_calculation" time="0.001"><failure message="AttributeError: 'RiskManager' object has no attribute '_calculate_risk_score'">self = &lt;test_risk_management.TestRiskManager object at 0x000001F9A3C82390&gt;
risk_manager = &lt;backend.risk.risk_manager.RiskManager object at 0x000001F9A3D8B980&gt;
portfolio_state = {'cash': Decimal('25000'), 'daily_pnl': Decimal('-1200'), 'max_drawdown': Decimal('0.05'), 'positions': {'AAPL': {'avg...GL': {'avg_price': Decimal('2800.00'), 'market_value': Decimal('28000'), 'qty': 10, 'sector': 'Technology', ...}}, ...}

    @pytest.mark.unit
    @pytest.mark.risk
    def test_risk_score_calculation(self, risk_manager, portfolio_state):
        """Test risk score calculation logic."""
        order_spec = OrderSpec(
            symbol="TEST",
            side=Side.BUY,
            qty=Decimal("25"),
            price=Decimal("400.00"),  # $10,000 position
        )
    
&gt;       risk_score = risk_manager._calculate_risk_score(order_spec, portfolio_state)
                     ^^^^^^^^^^^^^^^^^^^^^^^^^^^^^^^^^^
E       AttributeError: 'RiskManager' object has no attribute '_calculate_risk_score'

tests\unit\test_risk_management.py:260: AttributeError</failure></testcase><testcase classname="tests.unit.test_risk_management.TestSafetyModes" name="test_trading_mode_shadow" time="0.001" /><testcase classname="tests.unit.test_risk_management.TestSafetyModes" name="test_trading_mode_dry_run" time="0.001" /><testcase classname="tests.unit.test_risk_management.TestSafetyModes" name="test_trading_mode_live" time="0.001"><failure message="AttributeError: &lt;backend.services.safety_modes.SafetyModeManager object at 0x000001F9A3CEBFB0&gt; does not have the attribute '_submit_real_order'">self = &lt;test_risk_management.TestSafetyModes object at 0x000001F9A3C82120&gt;
safety_manager = &lt;backend.services.safety_modes.SafetyModeManager object at 0x000001F9A3CEBFB0&gt;

    @pytest.mark.unit
    @pytest.mark.risk
    def test_trading_mode_live(self, safety_manager):
        """Test LIVE mode behavior."""
        safety_manager.set_mode(TradingMode.LIVE)
    
        order_spec = OrderSpec(
            symbol="TEST",
            side=Side.BUY,
            qty=Decimal("100"),
            price=Decimal("50.00"),
        )
    
&gt;       with patch.object(safety_manager, "_submit_real_order") as mock_submit:

tests\unit\test_risk_management.py:341: 
_ _ _ _ _ _ _ _ _ _ _ _ _ _ _ _ _ _ _ _ _ _ _ _ _ _ _ _ _ _ _ _ _ _ _ _ _ _ _ _
..\..\AppData\Local\Programs\Python\Python312\Lib\unittest\mock.py:1458: in __enter__
    original, local = self.get_original()
                      ^^^^^^^^^^^^^^^^^^^
_ _ _ _ _ _ _ _ _ _ _ _ _ _ _ _ _ _ _ _ _ _ _ _ _ _ _ _ _ _ _ _ _ _ _ _ _ _ _ _

self = &lt;unittest.mock._patch object at 0x000001F9A3CEBF50&gt;

    def get_original(self):
        target = self.getter()
        name = self.attribute
    
        original = DEFAULT
        local = False
    
        try:
            original = target.__dict__[name]
        except (AttributeError, KeyError):
            original = getattr(target, name, DEFAULT)
        else:
            local = True
    
        if name in _builtins and isinstance(target, ModuleType):
            self.create = True
    
        if not self.create and original is DEFAULT:
&gt;           raise AttributeError(
                "%s does not have the attribute %r" % (target, name)
            )
E           AttributeError: &lt;backend.services.safety_modes.SafetyModeManager object at 0x000001F9A3CEBFB0&gt; does not have the attribute '_submit_real_order'

..\..\AppData\Local\Programs\Python\Python312\Lib\unittest\mock.py:1431: AttributeError</failure></testcase><testcase classname="tests.unit.test_risk_management.TestSafetyModes" name="test_feature_flags" time="0.001"><failure message="AttributeError: 'SafetyModeManager' object has no attribute 'set_feature_flag'. Did you mean: '_feature_flags'?">self = &lt;test_risk_management.TestSafetyModes object at 0x000001F9A3C81760&gt;
safety_manager = &lt;backend.services.safety_modes.SafetyModeManager object at 0x000001F9A3CE8E00&gt;

    @pytest.mark.unit
    @pytest.mark.risk
    def test_feature_flags(self, safety_manager):
        """Test feature flag functionality."""
        # Enable feature for specific symbol
&gt;       safety_manager.set_feature_flag(
        ^^^^^^^^^^^^^^^^^^^^^^^^^^^^^^^
            "aggressive_sizing", enabled=True, scope="symbol", target="AAPL"
        )
E       AttributeError: 'SafetyModeManager' object has no attribute 'set_feature_flag'. Did you mean: '_feature_flags'?

tests\unit\test_risk_management.py:356: AttributeError</failure></testcase><testcase classname="tests.unit.test_risk_management.TestSafetyModes" name="test_kill_switch_global" time="0.001"><failure message="AttributeError: 'SafetyModeManager' object has no attribute 'get_kill_switch_status'">self = &lt;test_risk_management.TestSafetyModes object at 0x000001F9A3C828A0&gt;
safety_manager = &lt;backend.services.safety_modes.SafetyModeManager object at 0x000001F9A3CE84D0&gt;

    @pytest.mark.unit
    @pytest.mark.risk
    def test_kill_switch_global(self, safety_manager):
        """Test global kill switch activation."""
        # Activate kill switch
        safety_manager.activate_kill_switch(
            scope="global",
            reason="emergency_stop",
            message="Manual emergency stop activated",
        )
    
        assert safety_manager.is_kill_switch_active() is True
        assert safety_manager.is_trading_allowed("AAPL") is False
        assert safety_manager.is_trading_allowed("GOOGL") is False
    
        # Check kill switch status
&gt;       status = safety_manager.get_kill_switch_status()
                 ^^^^^^^^^^^^^^^^^^^^^^^^^^^^^^^^^^^^^
E       AttributeError: 'SafetyModeManager' object has no attribute 'get_kill_switch_status'

tests\unit\test_risk_management.py:393: AttributeError</failure></testcase><testcase classname="tests.unit.test_risk_management.TestSafetyModes" name="test_kill_switch_symbol_specific" time="0.001" /><testcase classname="tests.unit.test_risk_management.TestSafetyModes" name="test_kill_switch_deactivation" time="0.001" /><testcase classname="tests.unit.test_risk_management.TestSafetyModes" name="test_shadow_mode_divergence_detection" time="0.001"><failure message="assert False&#10; +  where False = any(&lt;generator object TestSafetyModes.test_shadow_mode_divergence_detection.&lt;locals&gt;.&lt;genexpr&gt; at 0x000001F9A4E9FD30&gt;)">self = &lt;test_risk_management.TestSafetyModes object at 0x000001F9A3C82ED0&gt;
safety_manager = &lt;backend.services.safety_modes.SafetyModeManager object at 0x000001F9A3CE8470&gt;

    @pytest.mark.unit
    @pytest.mark.risk
    def test_shadow_mode_divergence_detection(self, safety_manager):
        """Test divergence detection in shadow mode."""
        safety_manager.set_mode(TradingMode.SHADOW)
    
        # Simulate real execution
        real_result = {
            "order_id": "real_123",
            "filled_qty": 100,
            "avg_fill_price": 185.50,
            "execution_time": 0.15,  # 150ms
        }
    
        # Simulate shadow execution
        shadow_result = {
            "order_id": "shadow_123",
            "filled_qty": 100,
            "avg_fill_price": 185.75,  # Different price
            "execution_time": 0.12,  # Different timing
        }
    
        divergences = safety_manager.detect_shadow_divergence(
            real_result, shadow_result
        )
    
        assert len(divergences) &gt; 0
        assert any(d["type"] == "price_divergence" for d in divergences)
&gt;       assert any(d["type"] == "timing_divergence" for d in divergences)
E       assert False
E        +  where False = any(&lt;generator object TestSafetyModes.test_shadow_mode_divergence_detection.&lt;locals&gt;.&lt;genexpr&gt; at 0x000001F9A4E9FD30&gt;)

tests\unit\test_risk_management.py:453: AssertionError</failure></testcase><testcase classname="tests.unit.test_risk_management.TestSafetyModes" name="test_risk_isolation_between_modes" time="0.001"><failure message="assert {} != {}">self = &lt;test_risk_management.TestSafetyModes object at 0x000001F9A3C830E0&gt;
safety_manager = &lt;backend.services.safety_modes.SafetyModeManager object at 0x000001F9A3D8B350&gt;

    @pytest.mark.unit
    @pytest.mark.risk
    def test_risk_isolation_between_modes(self, safety_manager):
        """Test that different modes maintain risk isolation."""
        # Shadow mode should not affect live positions
        safety_manager.set_mode(TradingMode.SHADOW)
    
        shadow_portfolio = safety_manager.get_shadow_portfolio()
        live_portfolio = safety_manager.get_live_portfolio()
    
        # Execute shadow trade
        order_spec = OrderSpec(
            symbol="TEST",
            side=Side.BUY,
            qty=Decimal("100"),
            price=Decimal("50.00"),
        )
    
        safety_manager.process_order(order_spec)
    
        # Shadow portfolio should be updated, live should be unchanged
        updated_shadow = safety_manager.get_shadow_portfolio()
        updated_live = safety_manager.get_live_portfolio()
    
&gt;       assert updated_shadow != shadow_portfolio  # Shadow changed
        ^^^^^^^^^^^^^^^^^^^^^^^^^^^^^^^^^^^^^^^^^
E       assert {} != {}

tests\unit\test_risk_management.py:479: AssertionError</failure></testcase><testcase classname="tests.unit.test_risk_management.TestRiskEdgeCases" name="test_zero_portfolio_value" time="0.001"><failure message="AttributeError: 'dict' object has no attribute 'approved'">self = &lt;test_risk_management.TestRiskEdgeCases object at 0x000001F9A3C832F0&gt;
risk_manager = &lt;backend.risk.risk_manager.RiskManager object at 0x000001F9A3D8BF50&gt;

    @pytest.mark.unit
    @pytest.mark.risk
    def test_zero_portfolio_value(self, risk_manager):
        """Test handling of zero/negative portfolio values."""
        empty_portfolio = {
            "cash": Decimal("0"),
            "total_value": Decimal("0"),
            "positions": {},
            "daily_pnl": Decimal("0"),
        }
    
        order_spec = OrderSpec(
            symbol="TEST",
            side=Side.BUY,
            qty=Decimal("1"),
            price=Decimal("100.00"),
        )
    
        # Should handle gracefully without division by zero
        result = risk_manager.check_cash_balance(order_spec, empty_portfolio)
&gt;       assert result.approved is False
               ^^^^^^^^^^^^^^^
E       AttributeError: 'dict' object has no attribute 'approved'

tests\unit\test_risk_management.py:511: AttributeError</failure></testcase><testcase classname="tests.unit.test_risk_management.TestRiskEdgeCases" name="test_extreme_volatility_adjustment" time="0.001"><failure message="AttributeError: 'RiskManager' object has no attribute '_calculate_risk_score'">self = &lt;test_risk_management.TestRiskEdgeCases object at 0x000001F9A3C83500&gt;
risk_manager = &lt;backend.risk.risk_manager.RiskManager object at 0x000001F9A3D8B6B0&gt;

    @pytest.mark.unit
    @pytest.mark.risk
    def test_extreme_volatility_adjustment(self, risk_manager):
        """Test risk adjustments for high volatility periods."""
        high_vol_portfolio = {
            "cash": Decimal("50000"),
            "total_value": Decimal("100000"),
            "positions": {},
            "daily_pnl": Decimal("-8000"),  # High daily loss
            "volatility_regime": "HIGH",  # Extreme vol
        }
    
        order_spec = OrderSpec(
            symbol="VOLATILE",
            side=Side.BUY,
            qty=Decimal("100"),
            price=Decimal("200.00"),
        )
    
&gt;       result = risk_manager._calculate_risk_score(order_spec, high_vol_portfolio)
                 ^^^^^^^^^^^^^^^^^^^^^^^^^^^^^^^^^^
E       AttributeError: 'RiskManager' object has no attribute '_calculate_risk_score'

tests\unit\test_risk_management.py:532: AttributeError</failure></testcase><testcase classname="tests.unit.test_risk_management.TestRiskEdgeCases" name="test_invalid_order_handling" time="0.001"><failure message="ValueError: qty must be non-negative, use side for direction">self = &lt;test_risk_management.TestRiskEdgeCases object at 0x000001F9A3C83710&gt;
risk_manager = &lt;backend.risk.risk_manager.RiskManager object at 0x000001F9A3D885F0&gt;

    @pytest.mark.unit
    @pytest.mark.risk
    def test_invalid_order_handling(self, risk_manager):
        """Test handling of malformed orders."""
        invalid_orders = [
            # Negative quantity
&gt;           OrderSpec(
                symbol="TEST", side=Side.BUY, qty=Decimal("-100"), price=Decimal("50")
            ),
            # Zero price
            OrderSpec(
                symbol="TEST", side=Side.BUY, qty=Decimal("100"), price=Decimal("0")
            ),
            # Missing symbol
            OrderSpec(
                symbol="", side=Side.BUY, qty=Decimal("100"), price=Decimal("50")
            ),
        ]

tests\unit\test_risk_management.py:543: 
_ _ _ _ _ _ _ _ _ _ _ _ _ _ _ _ _ _ _ _ _ _ _ _ _ _ _ _ _ _ _ _ _ _ _ _ _ _ _ _
backend\risk\types.py:137: in __init__
    self.__post_init__()
_ _ _ _ _ _ _ _ _ _ _ _ _ _ _ _ _ _ _ _ _ _ _ _ _ _ _ _ _ _ _ _ _ _ _ _ _ _ _ _

self = OrderSpec(symbol='TEST', side=&lt;Side.BUY: 'buy'&gt;, qty=Decimal('-100'), notional=None, price=Decimal('50'), tif=None, attributes=None, type=None)

    def __post_init__(self):
        """Validate order specification invariants."""
        if self.qty &lt; 0:
&gt;           raise ValueError("qty must be non-negative, use side for direction")
E           ValueError: qty must be non-negative, use side for direction

backend\risk\types.py:142: ValueError</failure></testcase></testsuite></testsuites>