<?xml version="1.0" encoding="utf-8"?><testsuites name="pytest tests"><testsuite name="pytest" errors="0" failures="15" skipped="0" tests="36" time="1.307" timestamp="2025-08-24T17:07:22.814902-07:00" hostname="BOOK-FVJOEO3Q00"><testcase classname="tests.unit.test_features_validators_errors.TestOHLCVValidationErrors" name="test_validate_ohlcv_missing_columns" time="0.004" /><testcase classname="tests.unit.test_features_validators_errors.TestOHLCVValidationErrors" name="test_validate_ohlcv_wrong_dtypes" time="0.003"><failure message="TypeError: '&lt;' not supported between instances of 'float' and 'str'">self = &lt;test_features_validators_errors.TestOHLCVValidationErrors object at 0x000001F79E452A50&gt;

    @pytest.mark.unit
    def test_validate_ohlcv_wrong_dtypes(self):
        """Test OHLCV validation with incorrect data types."""
        df = pd.DataFrame(
            {
                "open": ["100.0", "101.0"],  # String instead of numeric
                "high": [105.0, 106.0],
                "low": [98.0, 99.0],
                "close": [104.0, 105.0],
                "volume": [1000, 1500],
            }
        )
    
        with pytest.raises(ValueError, match="must be numeric"):
&gt;           validate_ohlcv(df)

tests\unit\test_features_validators_errors.py:54: 
_ _ _ _ _ _ _ _ _ _ _ _ _ _ _ _ _ _ _ _ _ _ _ _ _ _ _ _ _ _ _ _ _ _ _ _ _ _ _ _
backend\features\validators.py:58: in validate_ohlcv
    | (df["high"] &lt; df["open"])
       ^^^^^^^^^^^^^^^^^^^^^^^
..\..\AppData\Local\Programs\Python\Python312\Lib\site-packages\pandas\core\ops\common.py:76: in new_method
    return method(self, other)
           ^^^^^^^^^^^^^^^^^^^
..\..\AppData\Local\Programs\Python\Python312\Lib\site-packages\pandas\core\arraylike.py:48: in __lt__
    return self._cmp_method(other, operator.lt)
           ^^^^^^^^^^^^^^^^^^^^^^^^^^^^^^^^^^^^
..\..\AppData\Local\Programs\Python\Python312\Lib\site-packages\pandas\core\series.py:6119: in _cmp_method
    res_values = ops.comparison_op(lvalues, rvalues, op)
                 ^^^^^^^^^^^^^^^^^^^^^^^^^^^^^^^^^^^^^^^
..\..\AppData\Local\Programs\Python\Python312\Lib\site-packages\pandas\core\ops\array_ops.py:347: in comparison_op
    res_values = _na_arithmetic_op(lvalues, rvalues, op, is_cmp=True)
                 ^^^^^^^^^^^^^^^^^^^^^^^^^^^^^^^^^^^^^^^^^^^^^^^^^^^^
..\..\AppData\Local\Programs\Python\Python312\Lib\site-packages\pandas\core\ops\array_ops.py:218: in _na_arithmetic_op
    result = func(left, right)
             ^^^^^^^^^^^^^^^^^
..\..\AppData\Local\Programs\Python\Python312\Lib\site-packages\pandas\core\computation\expressions.py:242: in evaluate
    return _evaluate(op, op_str, a, b)  # type: ignore[misc]
           ^^^^^^^^^^^^^^^^^^^^^^^^^^^
_ _ _ _ _ _ _ _ _ _ _ _ _ _ _ _ _ _ _ _ _ _ _ _ _ _ _ _ _ _ _ _ _ _ _ _ _ _ _ _

op = &lt;built-in function lt&gt;, op_str = '&lt;', a = array([105., 106.])
b = array(['100.0', '101.0'], dtype=object)

    def _evaluate_standard(op, op_str, a, b):
        """
        Standard evaluation.
        """
        if _TEST_MODE:
            _store_test_result(False)
&gt;       return op(a, b)
               ^^^^^^^^
E       TypeError: '&lt;' not supported between instances of 'float' and 'str'

..\..\AppData\Local\Programs\Python\Python312\Lib\site-packages\pandas\core\computation\expressions.py:73: TypeError</failure></testcase><testcase classname="tests.unit.test_features_validators_errors.TestOHLCVValidationErrors" name="test_validate_ohlcv_negative_volume" time="0.002" /><testcase classname="tests.unit.test_features_validators_errors.TestOHLCVValidationErrors" name="test_validate_ohlcv_invalid_ohlc_relationships" time="0.003" /><testcase classname="tests.unit.test_features_validators_errors.TestOHLCVValidationErrors" name="test_validate_ohlcv_high_less_than_low" time="0.004" /><testcase classname="tests.unit.test_features_validators_errors.TestOHLCVValidationErrors" name="test_validate_ohlcv_non_monotonic_timestamps" time="0.006" /><testcase classname="tests.unit.test_features_validators_errors.TestOHLCVValidationErrors" name="test_validate_ohlcv_timezone_naive_timestamps" time="0.005" /><testcase classname="tests.unit.test_features_validators_errors.TestOHLCVValidationErrors" name="test_validate_ohlcv_nan_values" time="0.007" /><testcase classname="tests.unit.test_features_validators_errors.TestOHLCVValidationErrors" name="test_validate_ohlcv_infinite_values" time="0.004"><failure message="Failed: DID NOT RAISE &lt;class 'ValueError'&gt;">self = &lt;test_features_validators_errors.TestOHLCVValidationErrors object at 0x000001F79E4536B0&gt;

    @pytest.mark.unit
    def test_validate_ohlcv_infinite_values(self):
        """Test OHLCV validation with infinite values."""
        df = pd.DataFrame(
            {
                "open": [100.0, 101.0],
                "high": [105.0, np.inf],  # Infinite high
                "low": [98.0, 99.0],
                "close": [104.0, 105.0],
                "volume": [1000, 1500],
            }
        )
    
&gt;       with pytest.raises(ValueError):
E       Failed: DID NOT RAISE &lt;class 'ValueError'&gt;

tests\unit\test_features_validators_errors.py:179: Failed</failure></testcase><testcase classname="tests.unit.test_features_validators_errors.TestOHLCVValidationErrors" name="test_validate_ohlcv_zero_volume" time="0.004" /><testcase classname="tests.unit.test_features_validators_errors.TestLookaheadDetectionEdgeCases" name="test_guard_no_lookahead_insufficient_data" time="0.004" /><testcase classname="tests.unit.test_features_validators_errors.TestLookaheadDetectionEdgeCases" name="test_guard_no_lookahead_detects_future_leak" time="0.018"><failure message="ValueError: other must be a DataFrame or Series">self = &lt;test_features_validators_errors.TestLookaheadDetectionEdgeCases object at 0x000001F79E453B00&gt;

    @pytest.mark.unit
    def test_guard_no_lookahead_detects_future_leak(self):
        """Test lookahead guard detects features using future information."""
        np.random.seed(42)
        dates = pd.date_range("2023-01-01", periods=200, freq="1min", tz="UTC")
        price = pd.Series(100 + np.cumsum(np.random.randn(200) * 0.1), index=dates)
    
        # Create features with intentional lookahead bias
        features = pd.DataFrame(
            {
                "good_feature": price.rolling(5).mean().shift(1),  # Properly lagged
                "leaked_feature": price.shift(-1),  # Using next period price!
            },
            index=dates,
        )
    
        with pytest.raises(
            LookaheadLeakError, match="Potential lookahead bias detected"
        ):
&gt;           guard_no_lookahead(features, price, threshold=0.6)

tests\unit\test_features_validators_errors.py:231: 
_ _ _ _ _ _ _ _ _ _ _ _ _ _ _ _ _ _ _ _ _ _ _ _ _ _ _ _ _ _ _ _ _ _ _ _ _ _ _ _
backend\features\validators.py:131: in guard_no_lookahead
    future_corr_rolling = feature_series.rolling(window_size).corr(
..\..\AppData\Local\Programs\Python\Python312\Lib\site-packages\pandas\core\window\rolling.py:2861: in corr
    return super().corr(
..\..\AppData\Local\Programs\Python\Python312\Lib\site-packages\pandas\core\window\rolling.py:1850: in corr
    return self._apply_pairwise(
_ _ _ _ _ _ _ _ _ _ _ _ _ _ _ _ _ _ _ _ _ _ _ _ _ _ _ _ _ _ _ _ _ _ _ _ _ _ _ _

self = Rolling [window=100,center=False,axis=0,method=single]
target = 2023-01-01 00:00:00+00:00          NaN
2023-01-01 00:01:00+00:00          NaN
2023-01-01 00:02:00+00:00          NaN
2...00+00:00    99.314914
2023-01-01 03:19:00+00:00    99.312645
Freq: min, Name: good_feature, Length: 200, dtype: float64
other = Rolling [window=100,center=False,axis=0,method=single], pairwise = None
func = &lt;function RollingAndExpandingMixin.corr.&lt;locals&gt;.corr_func at 0x000001F79E5432E0&gt;
numeric_only = False

    def _apply_pairwise(
        self,
        target: DataFrame | Series,
        other: DataFrame | Series | None,
        pairwise: bool | None,
        func: Callable[[DataFrame | Series, DataFrame | Series], DataFrame | Series],
        numeric_only: bool,
    ) -&gt; DataFrame | Series:
        """
        Apply the given pairwise function given 2 pandas objects (DataFrame/Series)
        """
        target = self._create_data(target, numeric_only)
        if other is None:
            other = target
            # only default unset
            pairwise = True if pairwise is None else pairwise
        elif not isinstance(other, (ABCDataFrame, ABCSeries)):
&gt;           raise ValueError("other must be a DataFrame or Series")
E           ValueError: other must be a DataFrame or Series

..\..\AppData\Local\Programs\Python\Python312\Lib\site-packages\pandas\core\window\rolling.py:556: ValueError</failure></testcase><testcase classname="tests.unit.test_features_validators_errors.TestLookaheadDetectionEdgeCases" name="test_guard_no_lookahead_clean_features" time="0.011"><failure message="ValueError: other must be a DataFrame or Series">self = &lt;test_features_validators_errors.TestLookaheadDetectionEdgeCases object at 0x000001F79E453D40&gt;

    @pytest.mark.unit
    def test_guard_no_lookahead_clean_features(self):
        """Test lookahead guard with properly lagged features."""
        np.random.seed(42)
        dates = pd.date_range("2023-01-01", periods=200, freq="1min", tz="UTC")
        price = pd.Series(100 + np.cumsum(np.random.randn(200) * 0.1), index=dates)
    
        # Create properly lagged features
        features = pd.DataFrame(
            {
                "sma_5": price.rolling(5).mean().shift(1),
                "returns_1": price.pct_change().shift(1),
                "rsi": price.rolling(14).apply(
                    lambda x: 50 + np.random.randn()
                ),  # Random oscillator
            },
            index=dates,
        )
    
        # Should not raise
&gt;       guard_no_lookahead(features, price, threshold=0.7)

tests\unit\test_features_validators_errors.py:253: 
_ _ _ _ _ _ _ _ _ _ _ _ _ _ _ _ _ _ _ _ _ _ _ _ _ _ _ _ _ _ _ _ _ _ _ _ _ _ _ _
backend\features\validators.py:131: in guard_no_lookahead
    future_corr_rolling = feature_series.rolling(window_size).corr(
..\..\AppData\Local\Programs\Python\Python312\Lib\site-packages\pandas\core\window\rolling.py:2861: in corr
    return super().corr(
..\..\AppData\Local\Programs\Python\Python312\Lib\site-packages\pandas\core\window\rolling.py:1850: in corr
    return self._apply_pairwise(
_ _ _ _ _ _ _ _ _ _ _ _ _ _ _ _ _ _ _ _ _ _ _ _ _ _ _ _ _ _ _ _ _ _ _ _ _ _ _ _

self = Rolling [window=100,center=False,axis=0,method=single]
target = 2023-01-01 00:00:00+00:00          NaN
2023-01-01 00:01:00+00:00          NaN
2023-01-01 00:02:00+00:00          NaN
2... 03:18:00+00:00    99.314914
2023-01-01 03:19:00+00:00    99.312645
Freq: min, Name: sma_5, Length: 200, dtype: float64
other = Rolling [window=100,center=False,axis=0,method=single], pairwise = None
func = &lt;function RollingAndExpandingMixin.corr.&lt;locals&gt;.corr_func at 0x000001F79E5A0180&gt;
numeric_only = False

    def _apply_pairwise(
        self,
        target: DataFrame | Series,
        other: DataFrame | Series | None,
        pairwise: bool | None,
        func: Callable[[DataFrame | Series, DataFrame | Series], DataFrame | Series],
        numeric_only: bool,
    ) -&gt; DataFrame | Series:
        """
        Apply the given pairwise function given 2 pandas objects (DataFrame/Series)
        """
        target = self._create_data(target, numeric_only)
        if other is None:
            other = target
            # only default unset
            pairwise = True if pairwise is None else pairwise
        elif not isinstance(other, (ABCDataFrame, ABCSeries)):
&gt;           raise ValueError("other must be a DataFrame or Series")
E           ValueError: other must be a DataFrame or Series

..\..\AppData\Local\Programs\Python\Python312\Lib\site-packages\pandas\core\window\rolling.py:556: ValueError</failure></testcase><testcase classname="tests.unit.test_features_validators_errors.TestLookaheadDetectionEdgeCases" name="test_guard_no_lookahead_all_nan_features" time="0.003" /><testcase classname="tests.unit.test_features_validators_errors.TestLookaheadDetectionEdgeCases" name="test_guard_no_lookahead_constant_features" time="0.003"><failure message="ValueError: other must be a DataFrame or Series">self = &lt;test_features_validators_errors.TestLookaheadDetectionEdgeCases object at 0x000001F79E4529F0&gt;

    @pytest.mark.unit
    def test_guard_no_lookahead_constant_features(self):
        """Test lookahead detection with constant features."""
        dates = pd.date_range("2023-01-01", periods=200, freq="1min", tz="UTC")
        features = pd.DataFrame(
            {
                "constant": [42.0] * 200,
                "zero": [0.0] * 200,
                "normal": np.random.randn(200),
            },
            index=dates,
        )
        price = pd.Series(100 + np.arange(200), index=dates)
    
        # Constant features should not trigger lookahead detection
&gt;       guard_no_lookahead(features, price, threshold=0.7)

tests\unit\test_features_validators_errors.py:280: 
_ _ _ _ _ _ _ _ _ _ _ _ _ _ _ _ _ _ _ _ _ _ _ _ _ _ _ _ _ _ _ _ _ _ _ _ _ _ _ _
backend\features\validators.py:131: in guard_no_lookahead
    future_corr_rolling = feature_series.rolling(window_size).corr(
..\..\AppData\Local\Programs\Python\Python312\Lib\site-packages\pandas\core\window\rolling.py:2861: in corr
    return super().corr(
..\..\AppData\Local\Programs\Python\Python312\Lib\site-packages\pandas\core\window\rolling.py:1850: in corr
    return self._apply_pairwise(
_ _ _ _ _ _ _ _ _ _ _ _ _ _ _ _ _ _ _ _ _ _ _ _ _ _ _ _ _ _ _ _ _ _ _ _ _ _ _ _

self = Rolling [window=100,center=False,axis=0,method=single]
target = 2023-01-01 00:00:00+00:00    42.0
2023-01-01 00:01:00+00:00    42.0
2023-01-01 00:02:00+00:00    42.0
2023-01-01 00:03...3-01-01 03:18:00+00:00    42.0
2023-01-01 03:19:00+00:00    42.0
Freq: min, Name: constant, Length: 200, dtype: float64
other = Rolling [window=100,center=False,axis=0,method=single], pairwise = None
func = &lt;function RollingAndExpandingMixin.corr.&lt;locals&gt;.corr_func at 0x000001F79E5A0860&gt;
numeric_only = False

    def _apply_pairwise(
        self,
        target: DataFrame | Series,
        other: DataFrame | Series | None,
        pairwise: bool | None,
        func: Callable[[DataFrame | Series, DataFrame | Series], DataFrame | Series],
        numeric_only: bool,
    ) -&gt; DataFrame | Series:
        """
        Apply the given pairwise function given 2 pandas objects (DataFrame/Series)
        """
        target = self._create_data(target, numeric_only)
        if other is None:
            other = target
            # only default unset
            pairwise = True if pairwise is None else pairwise
        elif not isinstance(other, (ABCDataFrame, ABCSeries)):
&gt;           raise ValueError("other must be a DataFrame or Series")
E           ValueError: other must be a DataFrame or Series

..\..\AppData\Local\Programs\Python\Python312\Lib\site-packages\pandas\core\window\rolling.py:556: ValueError</failure></testcase><testcase classname="tests.unit.test_features_validators_errors.TestLookaheadDetectionEdgeCases" name="test_guard_no_lookahead_mismatched_indices" time="0.002" /><testcase classname="tests.unit.test_features_validators_errors.TestLookaheadDetectionEdgeCases" name="test_guard_no_lookahead_synthetic_perfect_monotone" time="0.005"><failure message="Failed: DID NOT RAISE &lt;class 'backend.features.types.LookaheadLeakError'&gt;">self = &lt;test_features_validators_errors.TestLookaheadDetectionEdgeCases object at 0x000001F79E2E9D00&gt;

    @pytest.mark.unit
    def test_guard_no_lookahead_synthetic_perfect_monotone(self):
        """Test synthetic lookahead detection with perfect monotone series."""
        dates = pd.date_range("2023-01-01", periods=100, freq="1min", tz="UTC")
    
        # Create feature that's perfectly correlated with monotone trend
        features = pd.DataFrame(
            {
                "monotone_feature": np.arange(100),  # Perfect monotone correlation
                "random_feature": np.random.randn(100),
            },
            index=dates,
        )
    
&gt;       with pytest.raises(
            LookaheadLeakError, match="suspicious correlation with synthetic monotone"
        ):
E       Failed: DID NOT RAISE &lt;class 'backend.features.types.LookaheadLeakError'&gt;

tests\unit\test_features_validators_errors.py:317: Failed</failure></testcase><testcase classname="tests.unit.test_features_validators_errors.TestLookaheadDetectionEdgeCases" name="test_guard_no_lookahead_synthetic_insufficient_data" time="0.001" /><testcase classname="tests.unit.test_features_validators_errors.TestLookaheadDetectionEdgeCases" name="test_guard_no_lookahead_synthetic_specific_columns" time="0.003"><failure message="Failed: DID NOT RAISE &lt;class 'backend.features.types.LookaheadLeakError'&gt;">self = &lt;test_features_validators_errors.TestLookaheadDetectionEdgeCases object at 0x000001F79E4803B0&gt;

    @pytest.mark.unit
    def test_guard_no_lookahead_synthetic_specific_columns(self):
        """Test synthetic lookahead detection on specific columns only."""
        dates = pd.date_range("2023-01-01", periods=100, freq="1min", tz="UTC")
        features = pd.DataFrame(
            {
                "good_feature": np.random.randn(100),
                "suspicious_feature": np.arange(100),  # Monotone
                "another_good_feature": np.random.randn(100),
            },
            index=dates,
        )
    
        # Test only the suspicious feature
&gt;       with pytest.raises(LookaheadLeakError):
E       Failed: DID NOT RAISE &lt;class 'backend.features.types.LookaheadLeakError'&gt;

tests\unit\test_features_validators_errors.py:345: Failed</failure></testcase><testcase classname="tests.unit.test_features_validators_errors.TestFeatureAlignmentValidation" name="test_validate_feature_alignment_mismatched_indices" time="0.003" /><testcase classname="tests.unit.test_features_validators_errors.TestFeatureAlignmentValidation" name="test_validate_feature_alignment_different_lengths" time="0.002"><failure message="AssertionError: Regex pattern did not match.&#10; Regex: 'same length'&#10; Input: 'Features and target must have identical indices'">self = &lt;test_features_validators_errors.TestFeatureAlignmentValidation object at 0x000001F79E4807D0&gt;

    @pytest.mark.unit
    def test_validate_feature_alignment_different_lengths(self):
        """Test feature alignment with different lengths."""
        dates = pd.date_range("2023-01-01", periods=100, freq="1min", tz="UTC")
        features = pd.DataFrame({"feature1": np.random.randn(100)}, index=dates)
        target = pd.Series(
            np.random.randn(50), index=dates[:50]
        )  # Same index range but shorter
    
        with pytest.raises(ValueError, match="same length"):
&gt;           validate_feature_alignment(features, target)

tests\unit\test_features_validators_errors.py:383: 
_ _ _ _ _ _ _ _ _ _ _ _ _ _ _ _ _ _ _ _ _ _ _ _ _ _ _ _ _ _ _ _ _ _ _ _ _ _ _ _

features =                            feature1
2023-01-01 00:00:00+00:00  0.496714
2023-01-01 00:01:00+00:00 -0.138264
2023-01-01...1:37:00+00:00  0.261055
2023-01-01 01:38:00+00:00  0.005113
2023-01-01 01:39:00+00:00 -0.234587

[100 rows x 1 columns]
target = 2023-01-01 00:00:00+00:00   -1.415371
2023-01-01 00:01:00+00:00   -0.420645
2023-01-01 00:02:00+00:00   -0.342715
2023...00:00   -1.320457
2023-01-01 00:48:00+00:00    0.521942
2023-01-01 00:49:00+00:00    0.296985
Freq: min, dtype: float64

    def validate_feature_alignment(features: pd.DataFrame, target: pd.Series) -&gt; None:
        """
        Validate that features and target are properly aligned.
    
        Args:
            features: Feature DataFrame
            target: Target series
    
        Raises:
            ValueError: If alignment is incorrect
        """
        if not features.index.equals(target.index):
&gt;           raise ValueError("Features and target must have identical indices")
E           ValueError: Features and target must have identical indices

backend\features\validators.py:228: ValueError

During handling of the above exception, another exception occurred:

self = &lt;test_features_validators_errors.TestFeatureAlignmentValidation object at 0x000001F79E4807D0&gt;

    @pytest.mark.unit
    def test_validate_feature_alignment_different_lengths(self):
        """Test feature alignment with different lengths."""
        dates = pd.date_range("2023-01-01", periods=100, freq="1min", tz="UTC")
        features = pd.DataFrame({"feature1": np.random.randn(100)}, index=dates)
        target = pd.Series(
            np.random.randn(50), index=dates[:50]
        )  # Same index range but shorter
    
&gt;       with pytest.raises(ValueError, match="same length"):
E       AssertionError: Regex pattern did not match.
E        Regex: 'same length'
E        Input: 'Features and target must have identical indices'

tests\unit\test_features_validators_errors.py:382: AssertionError</failure></testcase><testcase classname="tests.unit.test_features_validators_errors.TestFeatureAlignmentValidation" name="test_validate_feature_alignment_improper_target_construction" time="0.002"><failure message="Failed: DID NOT RAISE &lt;class 'ValueError'&gt;">self = &lt;test_features_validators_errors.TestFeatureAlignmentValidation object at 0x000001F79E4809B0&gt;

    @pytest.mark.unit
    def test_validate_feature_alignment_improper_target_construction(self):
        """Test detection of improper target construction (no future shift)."""
        dates = pd.date_range("2023-01-01", periods=100, freq="1min", tz="UTC")
        features = pd.DataFrame({"feature1": np.random.randn(100)}, index=dates)
    
        # Target that doesn't have NaN at the end (suggests no future shift)
        target = pd.Series(np.random.randn(100), index=dates)  # No NaN at end
    
&gt;       with pytest.raises(ValueError, match="appears to use future information"):
E       Failed: DID NOT RAISE &lt;class 'ValueError'&gt;

tests\unit\test_features_validators_errors.py:394: Failed</failure></testcase><testcase classname="tests.unit.test_features_validators_errors.TestFeatureAlignmentValidation" name="test_validate_feature_alignment_proper_construction" time="0.001" /><testcase classname="tests.unit.test_features_validators_errors.TestForwardFillLeakageDetection" name="test_detect_forward_fill_leakage_excessive_fills" time="0.005"><failure message="AssertionError: assert 'price' in ['bad_feature']">self = &lt;test_features_validators_errors.TestForwardFillLeakageDetection object at 0x000001F79E480D40&gt;

    @pytest.mark.unit
    def test_detect_forward_fill_leakage_excessive_fills(self):
        """Test detection of excessive forward fills."""
        df = pd.DataFrame(
            {
                "price": [
                    100,
                    100,
                    100,
                    100,
                    100,
                    101,
                    102,
                ],  # 5 consecutive identical values
                "volume": [1000, 1001, 1002, 1003, 1004, 1005, 1006],  # No forward fill
                "bad_feature": [
                    50,
                    50,
                    50,
                    50,
                    50,
                    50,
                    50,
                ],  # 7 consecutive identical (bad)
            }
        )
    
        leaky_columns = detect_forward_fill_leakage(df, max_consecutive_fill=4)
&gt;       assert "price" in leaky_columns  # 5 &gt; 4
        ^^^^^^^^^^^^^^^^^^^^^^^^^^^^^^^
E       AssertionError: assert 'price' in ['bad_feature']

tests\unit\test_features_validators_errors.py:446: AssertionError</failure></testcase><testcase classname="tests.unit.test_features_validators_errors.TestForwardFillLeakageDetection" name="test_detect_forward_fill_leakage_acceptable_fills" time="0.003" /><testcase classname="tests.unit.test_features_validators_errors.TestForwardFillLeakageDetection" name="test_detect_forward_fill_leakage_with_nans" time="0.003"><failure message="AssertionError: assert 'without_nans' in []">self = &lt;test_features_validators_errors.TestForwardFillLeakageDetection object at 0x000001F79E481100&gt;

    @pytest.mark.unit
    def test_detect_forward_fill_leakage_with_nans(self):
        """Test forward fill detection with NaN values."""
        df = pd.DataFrame(
            {
                "with_nans": [100, 100, np.nan, 100, 100, 101],  # NaN breaks sequence
                "without_nans": [100, 100, 100, 100, 100, 101],  # 5 consecutive
            }
        )
    
        leaky_columns = detect_forward_fill_leakage(df, max_consecutive_fill=4)
        assert "with_nans" not in leaky_columns  # NaN breaks the sequence
&gt;       assert "without_nans" in leaky_columns  # 5 &gt; 4
        ^^^^^^^^^^^^^^^^^^^^^^^^^^^^^^^^^^^^^^
E       AssertionError: assert 'without_nans' in []

tests\unit\test_features_validators_errors.py:483: AssertionError</failure></testcase><testcase classname="tests.unit.test_features_validators_errors.TestForwardFillLeakageDetection" name="test_detect_forward_fill_leakage_floating_point_precision" time="0.004"><failure message="AssertionError: assert 'precise' in []">self = &lt;test_features_validators_errors.TestForwardFillLeakageDetection object at 0x000001F79E4812E0&gt;

    @pytest.mark.unit
    def test_detect_forward_fill_leakage_floating_point_precision(self):
        """Test forward fill detection with floating point precision issues."""
        df = pd.DataFrame(
            {
                "precise": [1.0, 1.0, 1.0, 1.0, 1.0, 2.0],  # Exactly equal
                "imprecise": [
                    1.0,
                    1.0000000001,
                    1.0000000002,
                    1.0,
                    1.0,
                    2.0,
                ],  # Tiny differences
            }
        )
    
        leaky_columns = detect_forward_fill_leakage(df, max_consecutive_fill=4)
&gt;       assert "precise" in leaky_columns
E       AssertionError: assert 'precise' in []

tests\unit\test_features_validators_errors.py:503: AssertionError</failure></testcase><testcase classname="tests.unit.test_features_validators_errors.TestValidatorErrorHandling" name="test_validators_with_empty_dataframes" time="0.001" /><testcase classname="tests.unit.test_features_validators_errors.TestValidatorErrorHandling" name="test_validators_with_single_row" time="0.006" /><testcase classname="tests.unit.test_features_validators_errors.TestValidatorErrorHandling" name="test_validators_with_extreme_values" time="0.002" /><testcase classname="tests.unit.test_features_validators_errors.TestValidatorErrorHandling" name="test_lookahead_detection_performance_with_large_datasets" time="0.004"><failure message="ValueError: other must be a DataFrame or Series">self = &lt;test_features_validators_errors.TestValidatorErrorHandling object at 0x000001F79E481A30&gt;

    @pytest.mark.unit
    def test_lookahead_detection_performance_with_large_datasets(self):
        """Test lookahead detection performance doesn't degrade severely with large datasets."""
        import time
    
        # Create large dataset
        n_periods = 5000
        dates = pd.date_range("2023-01-01", periods=n_periods, freq="1min", tz="UTC")
        features = pd.DataFrame(
            {f"feature_{i}": np.random.randn(n_periods) for i in range(10)}, index=dates
        )
        price = pd.Series(
            100 + np.cumsum(np.random.randn(n_periods) * 0.1), index=dates
        )
    
        # Test should complete in reasonable time (&lt; 10 seconds)
        start_time = time.time()
&gt;       guard_no_lookahead(features, price, threshold=0.8, window_size=100)

tests\unit\test_features_validators_errors.py:578: 
_ _ _ _ _ _ _ _ _ _ _ _ _ _ _ _ _ _ _ _ _ _ _ _ _ _ _ _ _ _ _ _ _ _ _ _ _ _ _ _
backend\features\validators.py:131: in guard_no_lookahead
    future_corr_rolling = feature_series.rolling(window_size).corr(
..\..\AppData\Local\Programs\Python\Python312\Lib\site-packages\pandas\core\window\rolling.py:2861: in corr
    return super().corr(
..\..\AppData\Local\Programs\Python\Python312\Lib\site-packages\pandas\core\window\rolling.py:1850: in corr
    return self._apply_pairwise(
_ _ _ _ _ _ _ _ _ _ _ _ _ _ _ _ _ _ _ _ _ _ _ _ _ _ _ _ _ _ _ _ _ _ _ _ _ _ _ _

self = Rolling [window=100,center=False,axis=0,method=single]
target = 2023-01-01 00:00:00+00:00    0.496714
2023-01-01 00:01:00+00:00   -0.138264
2023-01-01 00:02:00+00:00    0.647689
2023...:18:00+00:00    0.808036
2023-01-04 11:19:00+00:00   -0.848066
Freq: min, Name: feature_0, Length: 5000, dtype: float64
other = Rolling [window=100,center=False,axis=0,method=single], pairwise = None
func = &lt;function RollingAndExpandingMixin.corr.&lt;locals&gt;.corr_func at 0x000001F79E5A3740&gt;
numeric_only = False

    def _apply_pairwise(
        self,
        target: DataFrame | Series,
        other: DataFrame | Series | None,
        pairwise: bool | None,
        func: Callable[[DataFrame | Series, DataFrame | Series], DataFrame | Series],
        numeric_only: bool,
    ) -&gt; DataFrame | Series:
        """
        Apply the given pairwise function given 2 pandas objects (DataFrame/Series)
        """
        target = self._create_data(target, numeric_only)
        if other is None:
            other = target
            # only default unset
            pairwise = True if pairwise is None else pairwise
        elif not isinstance(other, (ABCDataFrame, ABCSeries)):
&gt;           raise ValueError("other must be a DataFrame or Series")
E           ValueError: other must be a DataFrame or Series

..\..\AppData\Local\Programs\Python\Python312\Lib\site-packages\pandas\core\window\rolling.py:556: ValueError</failure></testcase><testcase classname="tests.unit.test_features_validators_errors.TestValidatorErrorHandling" name="test_synthetic_lookahead_with_edge_case_correlations" time="0.003"><failure message="Failed: DID NOT RAISE &lt;class 'backend.features.types.LookaheadLeakError'&gt;">self = &lt;test_features_validators_errors.TestValidatorErrorHandling object at 0x000001F79E481C10&gt;

    @pytest.mark.unit
    def test_synthetic_lookahead_with_edge_case_correlations(self):
        """Test synthetic lookahead detection with edge case correlations."""
        dates = pd.date_range("2023-01-01", periods=100, freq="1min", tz="UTC")
    
        # Test various correlation patterns
        features = pd.DataFrame(
            {
                "perfect_positive": np.arange(100),  # Perfect positive correlation
                "perfect_negative": -np.arange(100),  # Perfect negative correlation
                "step_function": [0] * 50 + [1] * 50,  # Step function
                "sine_wave": np.sin(np.linspace(0, 4 * np.pi, 100)),  # Oscillating
                "random_walk": np.cumsum(np.random.randn(100)),  # Random walk
            },
            index=dates,
        )
    
        # Should detect perfect correlations
&gt;       with pytest.raises(LookaheadLeakError):
E       Failed: DID NOT RAISE &lt;class 'backend.features.types.LookaheadLeakError'&gt;

tests\unit\test_features_validators_errors.py:603: Failed</failure></testcase><testcase classname="tests.unit.test_features_validators_errors.TestRealWorldValidationScenarios" name="test_market_hours_gap_handling" time="0.002" /><testcase classname="tests.unit.test_features_validators_errors.TestRealWorldValidationScenarios" name="test_corporate_action_data_validation" time="0.002" /><testcase classname="tests.unit.test_features_validators_errors.TestRealWorldValidationScenarios" name="test_validation_with_penny_stock_data" time="0.002"><failure message="ValueError: Invalid OHLC relationships detected (high &lt; low, etc.)">self = &lt;test_features_validators_errors.TestRealWorldValidationScenarios object at 0x000001F79E453680&gt;

    @pytest.mark.unit
    def test_validation_with_penny_stock_data(self):
        """Test validation with penny stock data (very low prices)."""
        dates = pd.date_range("2023-01-01", periods=20, freq="1D", tz="UTC")
    
        df = pd.DataFrame(
            {
                "open": np.random.uniform(0.01, 0.05, 20),  # Penny stock prices
                "high": np.random.uniform(0.05, 0.08, 20),
                "low": np.random.uniform(0.005, 0.02, 20),
                "close": np.random.uniform(0.02, 0.06, 20),
                "volume": np.random.exponential(
                    100000, 20
                ),  # High volume typical for penny stocks
            },
            index=dates,
        )
    
&gt;       validate_ohlcv(df)

tests\unit\test_features_validators_errors.py:693: 
_ _ _ _ _ _ _ _ _ _ _ _ _ _ _ _ _ _ _ _ _ _ _ _ _ _ _ _ _ _ _ _ _ _ _ _ _ _ _ _

df =                                open      high  ...     close         volume
2023-01-01 00:00:00+00:00  0.024982  0.068...34339    2574.777399
2023-01-20 00:00:00+00:00  0.021649  0.063205  ...  0.024635   11416.743519

[20 rows x 5 columns]

    def validate_ohlcv(df: pd.DataFrame) -&gt; None:
        """
        Validate OHLCV DataFrame structure and data quality.
    
        Args:
            df: DataFrame to validate
    
        Raises:
            ValueError: If validation fails with specific reason
        """
        required_cols = ["open", "high", "low", "close", "volume"]
    
        # Check required columns
        missing_cols = [col for col in required_cols if col not in df.columns]
        if missing_cols:
            raise ValueError(f"Missing required OHLCV columns: {missing_cols}")
    
        # Check numeric dtypes (stub-compatible)
        for col in required_cols:
            try:
                if hasattr(pd, 'api') and hasattr(pd.api, 'types'):
                    if not pd.api.types.is_numeric_dtype(df[col]):
                        raise ValueError(f"Column '{col}' must be numeric, got {df[col].dtype}")
                else:
                    # Fallback for stub mode - check if numeric-like
                    try:
                        pd.to_numeric(df[col])
                    except (ValueError, TypeError):
                        raise ValueError(f"Column '{col}' must be numeric, got {df[col].dtype}")
            except Exception:
                # Final fallback - skip type check in stub mode
                pass
    
        # Check for negative volumes
        if (df["volume"] &lt; 0).any():
            raise ValueError("Volume cannot be negative")
    
        # Check OHLC relationships
        invalid_ohlc = (
            (df["high"] &lt; df["low"])
            | (df["high"] &lt; df["open"])
            | (df["high"] &lt; df["close"])
            | (df["low"] &gt; df["open"])
            | (df["low"] &gt; df["close"])
        )
        if invalid_ohlc.any():
&gt;           raise ValueError("Invalid OHLC relationships detected (high &lt; low, etc.)")
E           ValueError: Invalid OHLC relationships detected (high &lt; low, etc.)

backend\features\validators.py:64: ValueError</failure></testcase><testcase classname="tests.unit.test_features_validators_errors.TestRealWorldValidationScenarios" name="test_validation_with_crypto_data_characteristics" time="0.002" /></testsuite></testsuites>