<?xml version="1.0" encoding="utf-8"?><testsuites name="pytest tests"><testsuite name="pytest" errors="0" failures="0" skipped="0" tests="13" time="0.403" timestamp="2025-08-24T16:59:23.402821-07:00" hostname="BOOK-FVJOEO3Q00"><testcase classname="tests.api.test_http_endpoints_behavioral.TestFactoryBehavior" name="test_factory_creates_app_successfully" time="0.089" /><testcase classname="tests.api.test_http_endpoints_behavioral.TestFactoryBehavior" name="test_factory_with_custom_registry" time="0.009" /><testcase classname="tests.api.test_http_endpoints_behavioral.TestFactoryBehavior" name="test_factory_with_websocket_params" time="0.009" /><testcase classname="tests.api.test_http_endpoints_behavioral.TestHealthEndpoints" name="test_health_endpoint_success" time="0.027" /><testcase classname="tests.api.test_http_endpoints_behavioral.TestHealthEndpoints" name="test_metrics_endpoint_success" time="0.015" /><testcase classname="tests.api.test_http_endpoints_behavioral.TestAuthenticationBehavior" name="test_protected_route_without_token_returns_401" time="0.014" /><testcase classname="tests.api.test_http_endpoints_behavioral.TestErrorHandling" name="test_nonexistent_endpoint_returns_404" time="0.013" /><testcase classname="tests.api.test_http_endpoints_behavioral.TestErrorHandling" name="test_method_not_allowed_returns_405" time="0.013" /><testcase classname="tests.api.test_http_endpoints_behavioral.TestCORSBehavior" name="test_cors_headers_present" time="0.013" /><testcase classname="tests.api.test_http_endpoints_behavioral.TestMetricsBehavior" name="test_metrics_registry_initialized" time="0.009" /><testcase classname="tests.api.test_http_endpoints_behavioral.TestWebSocketManagerIntegration" name="test_websocket_manager_initialized" time="0.009" /><testcase classname="tests.api.test_http_endpoints_behavioral.TestWebSocketManagerIntegration" name="test_websocket_manager_has_metrics_registry" time="0.016" /><testcase classname="tests.api.test_http_endpoints_behavioral.TestAppLifecycleBehavior" name="test_app_lifespan_context" time="0.011" /></testsuite></testsuites>