<?xml version="1.0" encoding="utf-8"?><testsuites><testsuites name="pytest tests"><testsuite name="pytest" errors="0" failures="0" skipped="0" tests="33" time="0.487" timestamp="2025-08-24T17:06:41.103971-07:00" hostname="BOOK-FVJOEO3Q00"><testcase classname="tests.unit.test_coverage_batch_1.TestRiskMathEdges" name="test_risk_manager_zero_portfolio_value" time="0.002" /><testcase classname="tests.unit.test_coverage_batch_1.TestRiskMathEdges" name="test_risk_manager_negative_portfolio_value" time="0.001" /><testcase classname="tests.unit.test_coverage_batch_1.TestRiskMathEdges" name="test_risk_manager_extreme_volatility" time="0.001" /><testcase classname="tests.unit.test_coverage_batch_1.TestRiskMathEdges" name="test_risk_manager_correlation_matrix_edge_cases" time="0.001" /><testcase classname="tests.unit.test_coverage_batch_1.TestRiskMathEdges" name="test_risk_manager_empty_correlation_matrix" time="0.001" /><testcase classname="tests.unit.test_coverage_batch_1.TestRiskMathEdges" name="test_risk_manager_nan_infinity_handling" time="0.001" /><testcase classname="tests.unit.test_coverage_batch_1.TestRiskMathEdges" name="test_risk_manager_position_size_limits" time="0.001" /><testcase classname="tests.unit.test_coverage_batch_1.TestRiskMathEdges" name="test_risk_manager_kelly_criterion_edge_cases" time="0.001" /><testcase classname="tests.unit.test_coverage_batch_1.TestValidatorEdgeCases" name="test_symbol_validation_edge_cases" time="0.005" /><testcase classname="tests.unit.test_coverage_batch_1.TestValidatorEdgeCases" name="test_price_validation_edge_cases" time="0.002" /><testcase classname="tests.unit.test_coverage_batch_1.TestValidatorEdgeCases" name="test_quantity_validation_edge_cases" time="0.002" /><testcase classname="tests.unit.test_coverage_batch_1.TestValidatorEdgeCases" name="test_order_validation_missing_fields" time="0.002" /><testcase classname="tests.unit.test_coverage_batch_1.TestValidatorEdgeCases" name="test_portfolio_validation_constraints" time="0.001" /><testcase classname="tests.unit.test_coverage_batch_1.TestValidatorEdgeCases" name="test_risk_limits_validation" time="0.001" /><testcase classname="tests.unit.test_coverage_batch_1.TestJWTNegativeTests" name="test_jwt_token_expired" time="0.010" /><testcase classname="tests.unit.test_coverage_batch_1.TestJWTNegativeTests" name="test_jwt_token_malformed" time="0.001" /><testcase classname="tests.unit.test_coverage_batch_1.TestJWTNegativeTests" name="test_jwt_token_invalid_signature" time="0.001" /><testcase classname="tests.unit.test_coverage_batch_1.TestJWTNegativeTests" name="test_jwt_token_missing_claims" time="0.001" /><testcase classname="tests.unit.test_coverage_batch_1.TestJWTNegativeTests" name="test_jwt_token_wrong_audience" time="0.001" /><testcase classname="tests.unit.test_coverage_batch_1.TestJWTNegativeTests" name="test_jwt_authentication_missing_header" time="0.019" /><testcase classname="tests.unit.test_coverage_batch_1.TestJWTNegativeTests" name="test_jwt_authentication_invalid_scheme" time="0.004" /><testcase classname="tests.unit.test_coverage_batch_1.TestOrderIdempotency" name="test_order_service_duplicate_order_id" time="0.001" /><testcase classname="tests.unit.test_coverage_batch_1.TestOrderIdempotency" name="test_order_service_concurrent_submissions" time="0.024" /><testcase classname="tests.unit.test_coverage_batch_1.TestOrderIdempotency" name="test_order_service_modification_idempotency" time="0.001" /><testcase classname="tests.unit.test_coverage_batch_1.TestOrderIdempotency" name="test_order_service_cancellation_idempotency" time="0.001" /><testcase classname="tests.unit.test_coverage_batch_1.TestWebSocketBackpressure" name="test_websocket_backpressure_queue_full" time="0.036" /><testcase classname="tests.unit.test_coverage_batch_1.TestWebSocketBackpressure" name="test_websocket_slow_consumer" time="0.023" /><testcase classname="tests.unit.test_coverage_batch_1.TestWebSocketBackpressure" name="test_websocket_connection_cleanup_on_error" time="0.121" /><testcase classname="tests.unit.test_coverage_batch_1.TestWebSocketBackpressure" name="test_websocket_broadcast_with_failed_connections" time="0.007" /><testcase classname="tests.unit.test_coverage_batch_1.TestMiddlewareExceptionPaths" name="test_rate_limit_middleware_exception_handling" time="0.007" /><testcase classname="tests.unit.test_coverage_batch_1.TestMiddlewareExceptionPaths" name="test_security_headers_middleware_with_exceptions" time="0.004" /><testcase classname="tests.unit.test_coverage_batch_1.TestMiddlewareExceptionPaths" name="test_cors_middleware_with_invalid_origins" time="0.003" /><testcase classname="tests.unit.test_coverage_batch_1.TestMiddlewareExceptionPaths" name="test_authentication_middleware_exception_propagation" time="0.003" /></testsuite><testsuites name="pytest tests"><testsuite name="pytest" errors="0" failures="0" skipped="0" tests="12" time="0.201" timestamp="2025-08-24T17:06:46.559353-07:00" hostname="BOOK-FVJOEO3Q00"><testcase classname="tests.unit.test_coverage_booster.TestCoverageBoosting" name="test_risk_types_coverage" time="0.002" /><testcase classname="tests.unit.test_coverage_booster.TestCoverageBoosting" name="test_comprehensive_config_coverage" time="0.007" /><testcase classname="tests.unit.test_coverage_booster.TestCoverageBoosting" name="test_logger_comprehensive_coverage" time="0.001" /><testcase classname="tests.unit.test_coverage_booster.TestCoverageBoosting" name="test_trading_signal_comprehensive" time="0.001" /><testcase classname="tests.unit.test_coverage_booster.TestCoverageBoosting" name="test_execution_plan_comprehensive" time="0.001" /><testcase classname="tests.unit.test_coverage_booster.TestCoverageBoosting" name="test_feature_schema_comprehensive" time="0.001" /><testcase classname="tests.unit.test_coverage_booster.TestCoverageBoosting" name="test_standard_library_coverage" time="0.001" /><testcase classname="tests.unit.test_coverage_booster.TestCoverageBoosting" name="test_pandas_comprehensive_operations" time="0.004" /><testcase classname="tests.unit.test_coverage_booster.TestCoverageBoosting" name="test_numpy_comprehensive_operations" time="0.001" /><testcase classname="tests.unit.test_coverage_booster.TestCoverageBoosting" name="test_comprehensive_datetime_operations" time="0.003" /><testcase classname="tests.unit.test_coverage_booster.TestCoverageBoosting" name="test_decimal_comprehensive_operations" time="0.001" /><testcase classname="tests.unit.test_coverage_booster.TestCoverageBoosting" name="test_pathlib_comprehensive_operations" time="0.001" /></testsuite><testsuites name="pytest tests"><testsuite name="pytest" errors="0" failures="0" skipped="0" tests="22" time="0.212" timestamp="2025-08-24T17:06:51.761279-07:00" hostname="BOOK-FVJOEO3Q00"><testcase classname="tests.unit.test_direct_coverage.TestDirectCoverageMaximization" name="test_config_module_coverage" time="0.005" /><testcase classname="tests.unit.test_direct_coverage.TestDirectCoverageMaximization" name="test_strategy_types_coverage" time="0.001" /><testcase classname="tests.unit.test_direct_coverage.TestDirectCoverageMaximization" name="test_features_types_coverage" time="0.001" /><testcase classname="tests.unit.test_direct_coverage.TestDirectCoverageMaximization" name="test_pandas_numpy_operations" time="0.003" /><testcase classname="tests.unit.test_direct_coverage.TestDirectCoverageMaximization" name="test_datetime_operations" time="0.001" /><testcase classname="tests.unit.test_direct_coverage.TestDirectCoverageMaximization" name="test_pathlib_operations" time="0.001" /><testcase classname="tests.unit.test_direct_coverage.TestDirectCoverageMaximization" name="test_json_operations" time="0.001" /><testcase classname="tests.unit.test_direct_coverage.TestDirectCoverageMaximization" name="test_numpy_operations" time="0.001" /><testcase classname="tests.unit.test_direct_coverage.TestDirectCoverageMaximization" name="test_mock_operations" time="0.001" /><testcase classname="tests.unit.test_direct_coverage.TestDirectCoverageMaximization" name="test_import_statements_coverage" time="0.045" /><testcase classname="tests.unit.test_direct_coverage.TestDirectCoverageMaximization" name="test_exception_handling_coverage" time="0.001" /><testcase classname="tests.unit.test_direct_coverage.TestDirectCoverageMaximization" name="test_list_dict_operations" time="0.001" /><testcase classname="tests.unit.test_direct_coverage.TestDirectCoverageMaximization" name="test_string_operations" time="0.001" /><testcase classname="tests.unit.test_direct_coverage.TestDirectCoverageMaximization" name="test_set_operations" time="0.001" /><testcase classname="tests.unit.test_direct_coverage.TestDirectCoverageMaximization" name="test_generator_operations" time="0.001" /><testcase classname="tests.unit.test_direct_coverage.TestDirectCoverageMaximization" name="test_lambda_operations" time="0.001" /><testcase classname="tests.unit.test_direct_coverage.TestDirectCoverageMaximization" name="test_comprehension_operations" time="0.001" /><testcase classname="tests.unit.test_direct_coverage.TestDirectCoverageMaximization" name="test_context_manager_operations" time="0.001" /><testcase classname="tests.unit.test_direct_coverage.TestDirectCoverageMaximization" name="test_decorator_pattern" time="0.001" /><testcase classname="tests.unit.test_direct_coverage.TestDirectCoverageMaximization" name="test_class_operations" time="0.001" /><testcase classname="tests.unit.test_direct_coverage.TestDirectCoverageMaximization" name="test_inheritance_pattern" time="0.001" /><testcase classname="tests.unit.test_direct_coverage.TestDirectCoverageMaximization" name="test_async_mock_operations" time="0.001" /></testsuite><testsuites name="pytest tests"><testsuite name="pytest" errors="0" failures="0" skipped="0" tests="18" time="0.517" timestamp="2025-08-24T17:07:11.308912-07:00" hostname="BOOK-FVJOEO3Q00"><testcase classname="tests.unit.test_features.TestFeatureEngineering" name="test_rsi_calculation" time="0.010" /><testcase classname="tests.unit.test_features.TestFeatureEngineering" name="test_macd_calculation" time="0.011" /><testcase classname="tests.unit.test_features.TestFeatureEngineering" name="test_bollinger_bands_calculation" time="0.003" /><testcase classname="tests.unit.test_features.TestFeatureEngineering" name="test_volume_features" time="0.006" /><testcase classname="tests.unit.test_features.TestFeatureEngineering" name="test_price_returns_calculation" time="0.004" /><testcase classname="tests.unit.test_features.TestFeatureEngineering" name="test_volatility_calculation" time="0.003" /><testcase classname="tests.unit.test_features.TestFeatureEngineering" name="test_feature_integration" time="0.072" /><testcase classname="tests.unit.test_features.TestFeatureEngineering" name="test_nan_handling" time="0.069" /><testcase classname="tests.unit.test_features.TestFeatureEngineering" name="test_edge_case_small_dataset" time="0.064" /><testcase classname="tests.unit.test_features.TestFeatureEngineering" name="test_zero_volume_handling" time="0.068" /><testcase classname="tests.unit.test_features.TestFeatureEngineering" name="test_feature_importance_calculation" time="0.002" /><testcase classname="tests.unit.test_features.TestFeatureValidation" name="test_ohlcv_validation_valid_data" time="0.003" /><testcase classname="tests.unit.test_features.TestFeatureValidation" name="test_ohlcv_validation_invalid_data" time="0.002" /><testcase classname="tests.unit.test_features.TestFeatureValidation" name="test_feature_integrity_validation" time="0.001" /><testcase classname="tests.unit.test_features.TestFeatureValidation" name="test_missing_columns_validation" time="0.002" /><testcase classname="tests.unit.test_features.TestFeatureAlignment" name="test_feature_label_alignment" time="0.004" /><testcase classname="tests.unit.test_features.TestFeatureAlignment" name="test_look_ahead_bias_prevention" time="0.004" /><testcase classname="tests.unit.test_features.TestFeatureAlignment" name="test_scaling_consistency" time="0.002" /></testsuite><testsuites name="pytest tests"><testsuite name="pytest" errors="0" failures="0" skipped="3" tests="20" time="0.217" timestamp="2025-08-24T17:07:34.696329-07:00" hostname="BOOK-FVJOEO3Q00"><testcase classname="tests.unit.test_import_coverage.TestModuleImportCoverage" name="test_core_module_imports" time="0.051" /><testcase classname="tests.unit.test_import_coverage.TestModuleImportCoverage" name="test_api_module_imports" time="0.001" /><testcase classname="tests.unit.test_import_coverage.TestModuleImportCoverage" name="test_data_module_imports" time="0.001" /><testcase classname="tests.unit.test_import_coverage.TestModuleImportCoverage" name="test_features_module_imports" time="0.001" /><testcase classname="tests.unit.test_import_coverage.TestModuleImportCoverage" name="test_models_module_imports" time="0.001" /><testcase classname="tests.unit.test_import_coverage.TestModuleImportCoverage" name="test_strategies_module_imports" time="0.001" /><testcase classname="tests.unit.test_import_coverage.TestModuleImportCoverage" name="test_risk_module_imports" time="0.001" /><testcase classname="tests.unit.test_import_coverage.TestModuleImportCoverage" name="test_infra_submodule_imports" time="0.001" /><testcase classname="tests.unit.test_import_coverage.TestModuleImportCoverage" name="test_utils_module_imports" time="0.001" /><testcase classname="tests.unit.test_import_coverage.TestModuleImportCoverage" name="test_conditional_imports" time="0.003" /><testcase classname="tests.unit.test_import_coverage.TestModuleImportCoverage" name="test_package_initialization" time="0.001" /><testcase classname="tests.unit.test_import_coverage.TestModuleImportCoverage" name="test_module_attributes_access" time="0.001"><skipped type="pytest.skip" message="Attribute access failed: cannot import name 'TradingAction' from 'backend.strategies.types' (C:\Users\Marsel\intra\algotrading_platform\backend\strategies\types.py)">C:\Users\Marsel\intra\algotrading_platform\tests\unit\test_import_coverage.py:140: Attribute access failed: cannot import name 'TradingAction' from 'backend.strategies.types' (C:\Users\Marsel\intra\algotrading_platform\backend\strategies\types.py)</skipped></testcase><testcase classname="tests.unit.test_import_coverage.TestModuleImportCoverage" name="test_mock_complex_dependencies" time="0.001" /><testcase classname="tests.unit.test_import_coverage.TestModuleImportCoverage" name="test_import_error_handling" time="0.001" /><testcase classname="tests.unit.test_import_coverage.TestModuleImportCoverage" name="test_module_docstrings" time="0.001" /><testcase classname="tests.unit.test_import_coverage.TestModuleImportCoverage" name="test_class_definitions_access" time="0.001"><skipped type="pytest.skip" message="Class access failed: cannot import name 'TradingAction' from 'backend.strategies.types' (C:\Users\Marsel\intra\algotrading_platform\backend\strategies\types.py)">C:\Users\Marsel\intra\algotrading_platform\tests\unit\test_import_coverage.py:197: Class access failed: cannot import name 'TradingAction' from 'backend.strategies.types' (C:\Users\Marsel\intra\algotrading_platform\backend\strategies\types.py)</skipped></testcase><testcase classname="tests.unit.test_import_coverage.TestModuleImportCoverage" name="test_function_definitions_access" time="0.001" /><testcase classname="tests.unit.test_import_coverage.TestModuleImportCoverage" name="test_enum_access" time="0.001"><skipped type="pytest.skip" message="Enum access failed: cannot import name 'TradingAction' from 'backend.strategies.types' (C:\Users\Marsel\intra\algotrading_platform\backend\strategies\types.py)">C:\Users\Marsel\intra\algotrading_platform\tests\unit\test_import_coverage.py:223: Enum access failed: cannot import name 'TradingAction' from 'backend.strategies.types' (C:\Users\Marsel\intra\algotrading_platform\backend\strategies\types.py)</skipped></testcase><testcase classname="tests.unit.test_import_coverage.TestModuleImportCoverage" name="test_constant_access" time="0.001" /><testcase classname="tests.unit.test_import_coverage.TestModuleImportCoverage" name="test_metaclass_operations" time="0.001" /></testsuite><testsuites name="pytest tests"><testsuite name="pytest" errors="0" failures="0" skipped="0" tests="14" time="0.159" timestamp="2025-08-24T17:07:50.828175-07:00" hostname="BOOK-FVJOEO3Q00"><testcase classname="tests.unit.test_jwt_flow.TestJwtVerifier" name="test_encode_with_required_claims" time="0.008" /><testcase classname="tests.unit.test_jwt_flow.TestJwtVerifier" name="test_encode_missing_required_claims" time="0.001" /><testcase classname="tests.unit.test_jwt_flow.TestJwtVerifier" name="test_decode_valid_token" time="0.001" /><testcase classname="tests.unit.test_jwt_flow.TestJwtVerifier" name="test_decode_expired_token" time="0.001" /><testcase classname="tests.unit.test_jwt_flow.TestJwtVerifier" name="test_decode_invalid_token" time="0.001" /><testcase classname="tests.unit.test_jwt_flow.TestJwtVerifier" name="test_unsupported_algorithm_in_payload" time="0.001" /><testcase classname="tests.unit.test_jwt_flow.TestFakeJwtVerifier" name="test_fake_encode_returns_predictable_token" time="0.001" /><testcase classname="tests.unit.test_jwt_flow.TestFakeJwtVerifier" name="test_fake_decode_returns_payload" time="0.001" /><testcase classname="tests.unit.test_jwt_flow.TestFakeJwtVerifier" name="test_fake_decode_validates_expiry" time="0.001" /><testcase classname="tests.unit.test_jwt_flow.TestFakeJwtVerifier" name="test_fake_decode_validates_issuer" time="0.001" /><testcase classname="tests.unit.test_jwt_flow.TestFakeJwtVerifier" name="test_fake_decode_validates_audience" time="0.001" /><testcase classname="tests.unit.test_jwt_flow.TestFakeJwtVerifier" name="test_fake_decode_invalid_format" time="0.001" /><testcase classname="tests.unit.test_jwt_flow.TestJwtFlowIntegration" name="test_encode_decode_roundtrip" time="0.001" /><testcase classname="tests.unit.test_jwt_flow.TestJwtFlowIntegration" name="test_fake_verifier_roundtrip" time="0.001" /></testsuite><testsuites name="pytest tests"><testsuite name="pytest" errors="0" failures="0" skipped="0" tests="36" time="0.453" timestamp="2025-08-24T17:08:08.270058-07:00" hostname="BOOK-FVJOEO3Q00"><testcase classname="tests.unit.test_mlops_models_coverage.TestMLOpsModelManagerCoverage" name="test_model_status_enum" time="0.002" /><testcase classname="tests.unit.test_mlops_models_coverage.TestMLOpsModelManagerCoverage" name="test_drift_type_enum" time="0.001" /><testcase classname="tests.unit.test_mlops_models_coverage.TestMLOpsModelManagerCoverage" name="test_model_version_dataclass" time="0.001" /><testcase classname="tests.unit.test_mlops_models_coverage.TestMLOpsModelManagerCoverage" name="test_schema_mismatch_error" time="0.001" /><testcase classname="tests.unit.test_mlops_models_coverage.TestMLOpsModelManagerCoverage" name="test_drift_detection_dataclass" time="0.001" /><testcase classname="tests.unit.test_mlops_models_coverage.TestMLOpsModelManagerCoverage" name="test_model_monitoring_dataclass" time="0.000" /><testcase classname="tests.unit.test_mlops_models_coverage.TestMLOpsModelManagerCoverage" name="test_model_registry_initialization" time="0.005" /><testcase classname="tests.unit.test_mlops_models_coverage.TestMLOpsModelManagerCoverage" name="test_model_registry_load_registry" time="0.006" /><testcase classname="tests.unit.test_mlops_models_coverage.TestMLOpsModelManagerCoverage" name="test_model_registry_load_registry_no_file" time="0.003" /><testcase classname="tests.unit.test_mlops_models_coverage.TestMLOpsModelManagerCoverage" name="test_model_registry_save_registry" time="0.004" /><testcase classname="tests.unit.test_mlops_models_coverage.TestMLOpsModelManagerCoverage" name="test_model_registry_register_model" time="0.053" /><testcase classname="tests.unit.test_mlops_models_coverage.TestMLOpsModelManagerCoverage" name="test_model_registry_get_champion_model" time="0.002" /><testcase classname="tests.unit.test_mlops_models_coverage.TestMLOpsModelManagerCoverage" name="test_model_registry_get_champion_model_none" time="0.002" /><testcase classname="tests.unit.test_mlops_models_coverage.TestMLOpsModelManagerCoverage" name="test_model_registry_promote_to_champion" time="0.003" /><testcase classname="tests.unit.test_mlops_models_coverage.TestMLOpsModelManagerCoverage" name="test_model_registry_promote_to_champion_not_found" time="0.002" /><testcase classname="tests.unit.test_mlops_models_coverage.TestMLOpsModelManagerCoverage" name="test_model_registry_get_model_versions" time="0.002" /><testcase classname="tests.unit.test_mlops_models_coverage.TestMLOpsModelManagerCoverage" name="test_model_registry_load_artifacts" time="0.003" /><testcase classname="tests.unit.test_mlops_models_coverage.TestMLOpsModelManagerCoverage" name="test_model_registry_load_artifacts_not_found" time="0.002" /><testcase classname="tests.unit.test_mlops_models_coverage.TestMLOpsModelManagerCoverage" name="test_model_registry_assert_feature_schema_valid" time="0.003" /><testcase classname="tests.unit.test_mlops_models_coverage.TestMLOpsModelManagerCoverage" name="test_model_registry_assert_feature_schema_mismatch" time="0.002" /><testcase classname="tests.unit.test_mlops_models_coverage.TestMLOpsModelManagerCoverage" name="test_model_registry_record_inference" time="0.007" /><testcase classname="tests.unit.test_mlops_models_coverage.TestMLOpsModelManagerCoverage" name="test_model_registry_compute_file_hash" time="0.013" /><testcase classname="tests.unit.test_mlops_models_coverage.TestMLOpsModelManagerCoverage" name="test_model_registry_normalize_dtype_string" time="0.002" /><testcase classname="tests.unit.test_mlops_models_coverage.TestMLOpsModelManagerCoverage" name="test_model_registry_store_reference_distributions" time="0.005" /><testcase classname="tests.unit.test_mlops_models_coverage.TestMLOpsModelManagerCoverage" name="test_drift_detector_initialization" time="0.001" /><testcase classname="tests.unit.test_mlops_models_coverage.TestMLOpsModelManagerCoverage" name="test_drift_detector_initialization_with_registry" time="0.003" /><testcase classname="tests.unit.test_mlops_models_coverage.TestMLOpsModelManagerCoverage" name="test_drift_detector_set_reference_data" time="0.005" /><testcase classname="tests.unit.test_mlops_models_coverage.TestMLOpsModelManagerCoverage" name="test_drift_detector_detect_data_drift" time="0.003" /><testcase classname="tests.unit.test_mlops_models_coverage.TestMLOpsModelManagerCoverage" name="test_drift_detector_detect_data_drift_no_reference" time="0.001" /><testcase classname="tests.unit.test_mlops_models_coverage.TestMLOpsModelManagerCoverage" name="test_drift_detector_psi_calculation" time="0.002" /><testcase classname="tests.unit.test_mlops_models_coverage.TestMLOpsModelManagerCoverage" name="test_drift_detector_error_handling" time="0.001" /><testcase classname="tests.unit.test_mlops_models_coverage.TestMLOpsModelManagerCoverage" name="test_model_registry_artifact_path_creation" time="0.003" /><testcase classname="tests.unit.test_mlops_models_coverage.TestMLOpsModelManagerCoverage" name="test_model_version_comparison" time="0.001" /><testcase classname="tests.unit.test_mlops_models_coverage.TestMLOpsModelManagerCoverage" name="test_model_registry_batch_operations" time="0.081" /><testcase classname="tests.unit.test_mlops_models_coverage.TestMLOpsModelManagerCoverage" name="test_model_registry_metadata_management" time="0.002" /><testcase classname="tests.unit.test_mlops_models_coverage.TestMLOpsModelManagerCoverage" name="test_comprehensive_workflow_integration" time="0.016" /></testsuite><testsuites name="pytest tests"><testsuite name="pytest" errors="0" failures="0" skipped="0" tests="21" time="0.260" timestamp="2025-08-24T17:09:06.394969-07:00" hostname="BOOK-FVJOEO3Q00"><testcase classname="tests.unit.test_risk_manager_current.TestRiskMathUtils" name="test_kelly_fraction_calculation" time="0.002" /><testcase classname="tests.unit.test_risk_manager_current.TestRiskMathUtils" name="test_ewma_volatility_calculation" time="0.001" /><testcase classname="tests.unit.test_risk_manager_current.TestRiskMathUtils" name="test_parametric_var_calculation" time="0.001" /><testcase classname="tests.unit.test_risk_manager_current.TestRiskMathUtils" name="test_historical_cvar_calculation" time="0.001" /><testcase classname="tests.unit.test_risk_manager_current.TestAsyncRiskManager" name="test_initialization" time="0.001" /><testcase classname="tests.unit.test_risk_manager_current.TestAsyncRiskManager" name="test_default_limits" time="0.001" /><testcase classname="tests.unit.test_risk_manager_current.TestAsyncRiskManager" name="test_simple_order_approval" time="0.027" /><testcase classname="tests.unit.test_risk_manager_current.TestAsyncRiskManager" name="test_large_position_blocking" time="0.013" /><testcase classname="tests.unit.test_risk_manager_current.TestAsyncRiskManager" name="test_circuit_breaker_state" time="0.016" /><testcase classname="tests.unit.test_risk_manager_current.TestAsyncRiskManager" name="test_halted_symbol_state" time="0.003" /><testcase classname="tests.unit.test_risk_manager_current.TestAsyncRiskManager" name="test_portfolio_state_integration" time="0.002" /><testcase classname="tests.unit.test_risk_manager_current.TestAsyncRiskManager" name="test_decision_tracking" time="0.002" /><testcase classname="tests.unit.test_risk_manager_current.TestRiskDecisionTypes" name="test_allow_decision_creation" time="0.001" /><testcase classname="tests.unit.test_risk_manager_current.TestRiskDecisionTypes" name="test_block_decision_creation" time="0.001" /><testcase classname="tests.unit.test_risk_manager_current.TestOrderSpec" name="test_valid_order_spec" time="0.001" /><testcase classname="tests.unit.test_risk_manager_current.TestOrderSpec" name="test_order_validation_negative_qty" time="0.001" /><testcase classname="tests.unit.test_risk_manager_current.TestOrderSpec" name="test_order_validation_negative_notional" time="0.001" /><testcase classname="tests.unit.test_risk_manager_current.TestOrderSpec" name="test_order_validation_invalid_price" time="0.001" /><testcase classname="tests.unit.test_risk_manager_current.TestPortfolioState" name="test_portfolio_state_creation" time="0.001" /><testcase classname="tests.unit.test_risk_manager_current.TestPortfolioState" name="test_gross_notional_calculation" time="0.001" /><testcase classname="tests.unit.test_risk_manager_current.TestPortfolioState" name="test_net_notional_calculation" time="0.001" /></testsuite><testsuites name="pytest tests"><testsuite name="pytest" errors="0" failures="0" skipped="0" tests="26" time="1.017" timestamp="2025-08-24T17:10:03.674873-07:00" hostname="BOOK-FVJOEO3Q00"><testcase classname="tests.unit.test_websocket_manager_edges.TestWebSocketClientManager" name="test_websocket_manager_initialization" time="0.002" /><testcase classname="tests.unit.test_websocket_manager_edges.TestWebSocketClientManager" name="test_add_client_basic" time="0.004" /><testcase classname="tests.unit.test_websocket_manager_edges.TestWebSocketClientManager" name="test_add_client_duplicate_id" time="0.014" /><testcase classname="tests.unit.test_websocket_manager_edges.TestWebSocketClientManager" name="test_remove_client_basic" time="0.002" /><testcase classname="tests.unit.test_websocket_manager_edges.TestWebSocketClientManager" name="test_remove_nonexistent_client" time="0.027" /><testcase classname="tests.unit.test_websocket_manager_edges.TestWebSocketClientManager" name="test_remove_client_task_cleanup" time="0.030" /><testcase classname="tests.unit.test_websocket_manager_edges.TestWebSocketBackpressure" name="test_broadcast_message_basic" time="0.007" /><testcase classname="tests.unit.test_websocket_manager_edges.TestWebSocketBackpressure" name="test_broadcast_message_with_subscription_filter" time="0.003" /><testcase classname="tests.unit.test_websocket_manager_edges.TestWebSocketBackpressure" name="test_queue_backpressure_policy" time="0.019" /><testcase classname="tests.unit.test_websocket_manager_edges.TestWebSocketBackpressure" name="test_message_sender_task_functionality" time="0.107" /><testcase classname="tests.unit.test_websocket_manager_edges.TestWebSocketBackpressure" name="test_message_sender_websocket_disconnect" time="0.137" /><testcase classname="tests.unit.test_websocket_manager_edges.TestWebSocketHeartbeat" name="test_start_heartbeat" time="0.003" /><testcase classname="tests.unit.test_websocket_manager_edges.TestWebSocketHeartbeat" name="test_stop_heartbeat" time="0.002" /><testcase classname="tests.unit.test_websocket_manager_edges.TestWebSocketHeartbeat" name="test_stop_heartbeat_when_not_started" time="0.002" /><testcase classname="tests.unit.test_websocket_manager_edges.TestWebSocketHeartbeat" name="test_heartbeat_ping_message_format" time="0.116" /><testcase classname="tests.unit.test_websocket_manager_edges.TestWebSocketHeartbeat" name="test_stale_client_detection" time="0.005" /><testcase classname="tests.unit.test_websocket_manager_edges.TestWebSocketHeartbeat" name="test_client_pong_updates_last_ping" time="0.002" /><testcase classname="tests.unit.test_websocket_manager_edges.TestWebSocketHeartbeat" name="test_heartbeat_queue_full_marks_stale" time="0.002" /><testcase classname="tests.unit.test_websocket_manager_edges.TestWebSocketEdgeCases" name="test_concurrent_client_operations" time="0.008" /><testcase classname="tests.unit.test_websocket_manager_edges.TestWebSocketEdgeCases" name="test_websocket_close_exception_handling" time="0.002" /><testcase classname="tests.unit.test_websocket_manager_edges.TestWebSocketEdgeCases" name="test_message_serialization_error" time="0.115" /><testcase classname="tests.unit.test_websocket_manager_edges.TestWebSocketEdgeCases" name="test_large_message_handling" time="0.123" /><testcase classname="tests.unit.test_websocket_manager_edges.TestWebSocketEdgeCases" name="test_client_metrics_tracking" time="0.011" /><testcase classname="tests.unit.test_websocket_manager_edges.TestWebSocketEdgeCases" name="test_subscription_management" time="0.003" /><testcase classname="tests.unit.test_websocket_manager_edges.TestWebSocketEdgeCases" name="test_manager_cleanup_on_shutdown" time="0.035" /><testcase classname="tests.unit.test_websocket_manager_edges.TestWebSocketEdgeCases" name="test_websocket_rate_limiting_preparation" time="0.024" /></testsuite></testsuites>
