<?xml version="1.0" encoding="utf-8"?><testsuites name="pytest tests"><testsuite name="pytest" errors="0" failures="4" skipped="0" tests="63" time="26.805" timestamp="2025-08-28T23:58:46.498997-07:00" hostname="BOOK-FVJOEO3Q00"><testcase classname="tests.test_social_sentiment_phase7b2.TestSocialSentimentAnalyzerPhase7B2" name="test_analyzer_initialization_default" time="0.005" /><testcase classname="tests.test_social_sentiment_phase7b2.TestSocialSentimentAnalyzerPhase7B2" name="test_analyzer_initialization_with_custom_subreddits" time="0.002" /><testcase classname="tests.test_social_sentiment_phase7b2.TestSocialSentimentAnalyzerPhase7B2" name="test_analyzer_data_structures_initialization" time="0.002" /><testcase classname="tests.test_social_sentiment_phase7b2.TestSocialSentimentAnalyzerPhase7B2" name="test_text_patterns_initialization" time="0.003" /><testcase classname="tests.test_social_sentiment_phase7b2.TestTwitterIntegrationPhase7B2" name="test_twitter_initialization_success_v2" time="0.006" /><testcase classname="tests.test_social_sentiment_phase7b2.TestTwitterIntegrationPhase7B2" name="test_twitter_initialization_success_v1" time="0.005" /><testcase classname="tests.test_social_sentiment_phase7b2.TestTwitterIntegrationPhase7B2" name="test_twitter_initialization_unavailable" time="0.003" /><testcase classname="tests.test_social_sentiment_phase7b2.TestTwitterIntegrationPhase7B2" name="test_twitter_initialization_no_credentials" time="0.002" /><testcase classname="tests.test_social_sentiment_phase7b2.TestTwitterIntegrationPhase7B2" name="test_twitter_initialization_exception" time="0.004" /><testcase classname="tests.test_social_sentiment_phase7b2.TestRedditIntegrationPhase7B2" name="test_reddit_initialization_success" time="0.005" /><testcase classname="tests.test_social_sentiment_phase7b2.TestRedditIntegrationPhase7B2" name="test_reddit_initialization_unavailable" time="0.004" /><testcase classname="tests.test_social_sentiment_phase7b2.TestRedditIntegrationPhase7B2" name="test_reddit_initialization_no_credentials" time="0.002" /><testcase classname="tests.test_social_sentiment_phase7b2.TestRedditIntegrationPhase7B2" name="test_reddit_initialization_exception" time="0.003" /><testcase classname="tests.test_social_sentiment_phase7b2.TestFinBERTIntegrationPhase7B2" name="test_finbert_initialization_unavailable" time="0.003" /><testcase classname="tests.test_social_sentiment_phase7b2.TestFinBERTIntegrationPhase7B2" name="test_finbert_initialization_success_gpu" time="0.004" /><testcase classname="tests.test_social_sentiment_phase7b2.TestFinBERTIntegrationPhase7B2" name="test_finbert_initialization_success_cpu" time="0.003" /><testcase classname="tests.test_social_sentiment_phase7b2.TestFinBERTIntegrationPhase7B2" name="test_finbert_initialization_fallback_model" time="0.004" /><testcase classname="tests.test_social_sentiment_phase7b2.TestTextProcessingPhase7B2" name="test_clean_text_basic" time="0.003" /><testcase classname="tests.test_social_sentiment_phase7b2.TestTextProcessingPhase7B2" name="test_clean_text_edge_cases" time="0.002" /><testcase classname="tests.test_social_sentiment_phase7b2.TestTextProcessingPhase7B2" name="test_extract_symbols_cashtags" time="0.002" /><testcase classname="tests.test_social_sentiment_phase7b2.TestTextProcessingPhase7B2" name="test_extract_symbols_crypto" time="0.002" /><testcase classname="tests.test_social_sentiment_phase7b2.TestTextProcessingPhase7B2" name="test_extract_symbols_mixed" time="0.003" /><testcase classname="tests.test_social_sentiment_phase7b2.TestTextProcessingPhase7B2" name="test_extract_symbols_empty" time="0.002" /><testcase classname="tests.test_social_sentiment_phase7b2.TestTextProcessingPhase7B2" name="test_analyze_text_finbert_mock_fallback" time="0.002" /><testcase classname="tests.test_social_sentiment_phase7b2.TestTextProcessingPhase7B2" name="test_analyze_text_finbert_with_model" time="0.002" /><testcase classname="tests.test_social_sentiment_phase7b2_extended.TestAsyncTwitterMethodsPhase7B2" name="test_process_tweet_basic" time="0.007" /><testcase classname="tests.test_social_sentiment_phase7b2_extended.TestAsyncTwitterMethodsPhase7B2" name="test_process_tweet_multiple_symbols" time="0.005" /><testcase classname="tests.test_social_sentiment_phase7b2_extended.TestAsyncTwitterMethodsPhase7B2" name="test_process_tweet_negative_sentiment" time="0.005" /><testcase classname="tests.test_social_sentiment_phase7b2_extended.TestAsyncTwitterMethodsPhase7B2" name="test_stream_twitter_sentiment_mock" time="0.005" /><testcase classname="tests.test_social_sentiment_phase7b2_extended.TestAsyncRedditMethodsPhase7B2" name="test_fetch_reddit_headlines_basic" time="6.059"><failure message="assert 0 &gt; 0&#10; +  where 0 = len(deque([]))">tests\test_social_sentiment_phase7b2_extended.py:135: in test_fetch_reddit_headlines_basic
    assert len(analyzer_with_reddit.sentiment_history["AAPL"]) &gt; 0
E   assert 0 &gt; 0
E    +  where 0 = len(deque([]))</failure></testcase><testcase classname="tests.test_social_sentiment_phase7b2_extended.TestAsyncRedditMethodsPhase7B2" name="test_fetch_reddit_headlines_multiple_subreddits" time="6.058"><failure message="assert 0 &gt; 0&#10; +  where 0 = len(deque([]))">tests\test_social_sentiment_phase7b2_extended.py:175: in test_fetch_reddit_headlines_multiple_subreddits
    assert len(analyzer_with_reddit.sentiment_history["TSLA"]) &gt; 0
E   assert 0 &gt; 0
E    +  where 0 = len(deque([]))</failure></testcase><testcase classname="tests.test_social_sentiment_phase7b2_extended.TestAsyncRedditMethodsPhase7B2" name="test_fetch_reddit_headlines_exception_handling" time="0.007"><failure message="assert 0 &gt; 0">tests\test_social_sentiment_phase7b2_extended.py:191: in test_fetch_reddit_headlines_exception_handling
    assert analyzer_with_reddit.failed_requests["reddit"] &gt; 0
E   assert 0 &gt; 0</failure></testcase><testcase classname="tests.test_social_sentiment_phase7b2_extended.TestSentimentAggregationPhase7B2" name="test_get_aggregated_sentiment_basic" time="0.003" /><testcase classname="tests.test_social_sentiment_phase7b2_extended.TestSentimentAggregationPhase7B2" name="test_get_aggregated_sentiment_custom_window" time="0.003" /><testcase classname="tests.test_social_sentiment_phase7b2_extended.TestSentimentAggregationPhase7B2" name="test_get_aggregated_sentiment_no_data" time="0.002" /><testcase classname="tests.test_social_sentiment_phase7b2_extended.TestSentimentAggregationPhase7B2" name="test_get_aggregated_sentiment_source_breakdown" time="0.002" /><testcase classname="tests.test_social_sentiment_phase7b2_extended.TestSentimentAggregationPhase7B2" name="test_calculate_sentiment_momentum" time="0.004" /><testcase classname="tests.test_social_sentiment_phase7b2_extended.TestSentimentAggregationPhase7B2" name="test_calculate_sentiment_momentum_insufficient_data" time="0.002" /><testcase classname="tests.test_social_sentiment_phase7b2_extended.TestSentimentAggregationPhase7B2" name="test_get_sentiment_summary" time="0.003" /><testcase classname="tests.test_social_sentiment_phase7b2_extended.TestSentimentProcessingPhase7B2" name="test_analyze_text_finbert_positive" time="0.003" /><testcase classname="tests.test_social_sentiment_phase7b2_extended.TestSentimentProcessingPhase7B2" name="test_analyze_text_finbert_negative" time="0.002" /><testcase classname="tests.test_social_sentiment_phase7b2_extended.TestSentimentProcessingPhase7B2" name="test_analyze_text_finbert_neutral" time="0.003" /><testcase classname="tests.test_social_sentiment_phase7b2_extended.TestSentimentProcessingPhase7B2" name="test_analyze_text_finbert_exception_handling" time="0.002" /><testcase classname="tests.test_social_sentiment_phase7b2_final.TestCircuitBreakerPhase7B2" name="test_circuit_breaker_tracking" time="0.002" /><testcase classname="tests.test_social_sentiment_phase7b2_final.TestCircuitBreakerPhase7B2" name="test_rate_limiting_counters" time="0.004" /><testcase classname="tests.test_social_sentiment_phase7b2_final.TestDataStoragePhase7B2" name="test_sentiment_history_structure" time="0.003" /><testcase classname="tests.test_social_sentiment_phase7b2_final.TestDataStoragePhase7B2" name="test_symbol_mentions_tracking" time="0.002" /><testcase classname="tests.test_social_sentiment_phase7b2_final.TestDataStoragePhase7B2" name="test_last_update_tracking" time="0.002" /><testcase classname="tests.test_social_sentiment_phase7b2_final.TestAdvancedSentimentAnalysisPhase7B2" name="test_sentiment_label_mapping_positive" time="0.002" /><testcase classname="tests.test_social_sentiment_phase7b2_final.TestAdvancedSentimentAnalysisPhase7B2" name="test_sentiment_label_mapping_negative" time="0.002"><failure message="assert 0.0 &lt; 0">tests\test_social_sentiment_phase7b2_final.py:119: in test_sentiment_label_mapping_negative
    assert sentiment &lt; 0
E   assert 0.0 &lt; 0</failure></testcase><testcase classname="tests.test_social_sentiment_phase7b2_final.TestAdvancedSentimentAnalysisPhase7B2" name="test_sentiment_label_mapping_neutral" time="0.003" /><testcase classname="tests.test_social_sentiment_phase7b2_final.TestAdvancedSentimentAnalysisPhase7B2" name="test_sentiment_unknown_label" time="0.002" /><testcase classname="tests.test_social_sentiment_phase7b2_final.TestAsyncMethodsPhase7B2" name="test_stream_twitter_sentiment_no_client" time="0.005" /><testcase classname="tests.test_social_sentiment_phase7b2_final.TestAsyncMethodsPhase7B2" name="test_fetch_reddit_headlines_no_client" time="0.005" /><testcase classname="tests.test_social_sentiment_phase7b2_final.TestAsyncMethodsPhase7B2" name="test_reddit_processing_with_symbol_extraction" time="6.050" /><testcase classname="tests.test_social_sentiment_phase7b2_final.TestEdgeCasesPhase7B2" name="test_empty_symbol_lists" time="0.003" /><testcase classname="tests.test_social_sentiment_phase7b2_final.TestEdgeCasesPhase7B2" name="test_malformed_text_cleaning" time="0.007" /><testcase classname="tests.test_social_sentiment_phase7b2_final.TestEdgeCasesPhase7B2" name="test_sentiment_analysis_edge_cases" time="0.003" /><testcase classname="tests.test_social_sentiment_phase7b2_final.TestEdgeCasesPhase7B2" name="test_aggregated_sentiment_edge_cases" time="0.003" /><testcase classname="tests.test_social_sentiment_phase7b2_final.TestEdgeCasesPhase7B2" name="test_sentiment_momentum_edge_cases" time="0.002" /><testcase classname="tests.test_social_sentiment_phase7b2_final.TestEdgeCasesPhase7B2" name="test_exception_handling_in_momentum" time="0.004" /><testcase classname="tests.test_social_sentiment_phase7b2_final.TestComprehensiveIntegrationPhase7B2" name="test_full_workflow_integration" time="3.822" /><testcase classname="tests.test_social_sentiment_phase7b2_final.TestComprehensiveIntegrationPhase7B2" name="test_real_time_processing_simulation" time="2.256" /></testsuite></testsuites>