<?xml version="1.0" encoding="utf-8"?><testsuites name="pytest tests"><testsuite name="pytest" errors="1" failures="4" skipped="2" tests="44" time="0.466" timestamp="2025-09-14T20:37:02.940006-07:00" hostname="BOOK-FVJOEO3Q00"><testcase classname="tests.test_model_manager_coverage.TestModelManager" name="test_model_manager_initialization" time="0.001" /><testcase classname="tests.test_model_manager_coverage.TestModelManager" name="test_save_model_basic" time="0.003" /><testcase classname="tests.test_model_manager_coverage.TestModelManager" name="test_load_model_basic" time="0.002" /><testcase classname="tests.test_model_manager_coverage.TestModelManager" name="test_model_registry_operations" time="0.001" /><testcase classname="tests.test_model_manager_coverage.TestModelManager" name="test_model_versioning" time="0.001" /><testcase classname="tests.test_model_manager_coverage.TestModelManager" name="test_model_metadata_handling" time="0.001"><skipped type="pytest.skip" message="Metadata methods not available">C:\Users\Marsel\intra\algotrading_platform\tests\test_model_manager_coverage.py:187: Metadata methods not available</skipped></testcase><testcase classname="tests.test_model_manager_coverage.TestModelManagerFallback" name="test_fallback_model_loading" time="0.001" /><testcase classname="tests.test_model_manager_coverage.TestModelManagerFallback" name="test_mock_fallback_behavior" time="0.001" /><testcase classname="tests.test_model_manager_coverage.TestModelArtifactHandling" name="test_model_serialization" time="0.002" /><testcase classname="tests.test_model_manager_coverage.TestModelArtifactHandling" name="test_model_compression" time="0.001"><skipped type="pytest.skip" message="Compression methods not available">C:\Users\Marsel\intra\algotrading_platform\tests\test_model_manager_coverage.py:286: Compression methods not available</skipped></testcase><testcase classname="tests.test_model_manager_coverage.TestModelArtifactHandling" name="test_model_validation" time="0.001" /><testcase classname="tests.test_model_manager_coverage.TestModelManagerErrorHandling" name="test_invalid_model_path" time="0.001" /><testcase classname="tests.test_model_manager_coverage.TestModelManagerErrorHandling" name="test_corrupted_model_handling" time="0.002" /><testcase classname="tests.test_model_manager_coverage.TestModelManagerErrorHandling" name="test_insufficient_permissions" time="0.002" /><testcase classname="tests.test_model_manager_coverage.TestModelManagerIntegration" name="test_ensemble_model_integration" time="0.006" /><testcase classname="tests.test_model_manager_coverage.TestModelManagerIntegration" name="test_model_performance_tracking" time="0.001" /><testcase classname="tests.test_model_manager_part1.TestInMemoryModelRegistry" name="test_inmemory_registry_initialization" time="0.000" /><testcase classname="tests.test_model_manager_part1.TestInMemoryModelRegistry" name="test_register_model_basic" time="0.000" /><testcase classname="tests.test_model_manager_part1.TestInMemoryModelRegistry" name="test_register_model_with_full_metadata" time="0.000" /><testcase classname="tests.test_model_manager_part1.TestInMemoryModelRegistry" name="test_load_model_by_name_version" time="0.000" /><testcase classname="tests.test_model_manager_part1.TestInMemoryModelRegistry" name="test_load_model_latest_version" time="0.000" /><testcase classname="tests.test_model_manager_part1.TestInMemoryModelRegistry" name="test_load_model_not_found" time="0.000" /><testcase classname="tests.test_model_manager_part1.TestInMemoryModelRegistry" name="test_version_info_retrieval" time="0.000" /><testcase classname="tests.test_model_manager_part1.TestInMemoryModelRegistry" name="test_registry_duplicate_model_version" time="0.000" /><testcase classname="tests.test_model_manager_part1.TestInMemoryModelRegistry" name="test_registry_store_state_management" time="0.000" /><testcase classname="tests.test_model_manager_part1.TestInMemoryModelRegistry" name="test_registry_clear_functionality" time="0.000" /><testcase classname="tests.test_model_manager_part1.TestNoOpImplementations" name="test_noop_model_manager_initialization" time="0.000" /><testcase classname="tests.test_model_manager_part1.TestNoOpImplementations" name="test_noop_model_predict_fallback" time="0.000" /><testcase classname="tests.test_model_manager_part1.TestNoOpImplementations" name="test_noop_model_manager_operations" time="0.001" /><testcase classname="tests.test_model_manager_part1.TestNoOpImplementations" name="test_noop_model_implementations" time="0.000" /><testcase classname="tests.test_model_manager_part1.TestNoOpImplementations" name="test_disable_ml_environment_handling" time="0.001" /><testcase classname="tests.test_model_manager_part2.TestModelManagerPredictions" name="test_predict_model_not_found" time="0.000"><error message="failed on setup with &quot;file C:\Users\Marsel\intra\algotrading_platform\tests\test_model_manager_part2.py, line 17&#10;      def test_predict_model_not_found(self, model_manager, sample_features_dict):&#10;E       fixture 'model_manager' not found&#10;&gt;       available fixtures: _class_scoped_runner, _function_scoped_runner, _module_scoped_runner, _package_scoped_runner, _session_scoped_runner, admin_token, anyio_backend, anyio_backend_name, anyio_backend_options, app_with_metrics, async_client, async_setup, benchmark_thresholds, cache, capfd, capfdbinary, caplog, capsys, capsysbinary, capteesys, client, client_with_metrics, corrupted_market_data, cov, custom_time, deterministic_setup, doctest_namespace, event_loop, event_loop_policy, fixture_data_loader, free_tcp_port, free_tcp_port_factory, free_udp_port, free_udp_port_factory, isolated_metrics_registry, isolated_registry, main_app, metrics_helper, metrics_test_client, mock_alpaca_client, mock_app_state, mock_database, mock_dependencies, mock_feature_engineer, mock_ml_model, mock_news_data, mock_redis_client, mock_risk_manager, mock_strategy_engine, mock_structured_logger, mock_websocket, mock_websocket_manager, monkeypatch, network_failure_scenarios, no_cover, performance_test_data, pytestconfig, readonly_token, record_property, record_testsuite_property, record_xml_attribute, recwarn, respx_mock, sample_backtest_config, sample_execution_plans, sample_features, sample_http_request, sample_http_response, sample_market_data, sample_portfolio_state, sample_price_data, sample_signals, test_app, test_config, test_logger_handler, test_metrics_registry, test_seed, testrun_uid, tmp_path, tmp_path_factory, tmpdir, tmpdir_factory, trader_token, unused_tcp_port, unused_tcp_port_factory, unused_udp_port, unused_udp_port_factory, worker_id&#10;&gt;       use 'pytest --fixtures [testpath]' for help on them.&#10;&#10;C:\Users\Marsel\intra\algotrading_platform\tests\test_model_manager_part2.py:17&quot;">file C:\Users\Marsel\intra\algotrading_platform\tests\test_model_manager_part2.py, line 17
      def test_predict_model_not_found(self, model_manager, sample_features_dict):
E       fixture 'model_manager' not found
&gt;       available fixtures: _class_scoped_runner, _function_scoped_runner, _module_scoped_runner, _package_scoped_runner, _session_scoped_runner, admin_token, anyio_backend, anyio_backend_name, anyio_backend_options, app_with_metrics, async_client, async_setup, benchmark_thresholds, cache, capfd, capfdbinary, caplog, capsys, capsysbinary, capteesys, client, client_with_metrics, corrupted_market_data, cov, custom_time, deterministic_setup, doctest_namespace, event_loop, event_loop_policy, fixture_data_loader, free_tcp_port, free_tcp_port_factory, free_udp_port, free_udp_port_factory, isolated_metrics_registry, isolated_registry, main_app, metrics_helper, metrics_test_client, mock_alpaca_client, mock_app_state, mock_database, mock_dependencies, mock_feature_engineer, mock_ml_model, mock_news_data, mock_redis_client, mock_risk_manager, mock_strategy_engine, mock_structured_logger, mock_websocket, mock_websocket_manager, monkeypatch, network_failure_scenarios, no_cover, performance_test_data, pytestconfig, readonly_token, record_property, record_testsuite_property, record_xml_attribute, recwarn, respx_mock, sample_backtest_config, sample_execution_plans, sample_features, sample_http_request, sample_http_response, sample_market_data, sample_portfolio_state, sample_price_data, sample_signals, test_app, test_config, test_logger_handler, test_metrics_registry, test_seed, testrun_uid, tmp_path, tmp_path_factory, tmpdir, tmpdir_factory, trader_token, unused_tcp_port, unused_tcp_port_factory, unused_udp_port, unused_udp_port_factory, worker_id
&gt;       use 'pytest --fixtures [testpath]' for help on them.

C:\Users\Marsel\intra\algotrading_platform\tests\test_model_manager_part2.py:17</error></testcase><testcase classname="tests.test_model_manager_part2.TestModelManager" name="test_model_manager_initialization" time="0.001" /><testcase classname="tests.test_model_manager_part2.TestModelManager" name="test_register_model_basic" time="0.015" /><testcase classname="tests.test_model_manager_part2.TestModelManager" name="test_register_model_with_artifacts_path" time="0.005" /><testcase classname="tests.test_model_manager_part2.TestModelManager" name="test_register_model_with_feature_schema" time="0.004" /><testcase classname="tests.test_model_manager_part2.TestModelManager" name="test_get_model_by_name_version" time="0.005" /><testcase classname="tests.test_model_manager_part2.TestModelManager" name="test_get_model_latest_version" time="0.005" /><testcase classname="tests.test_model_manager_part2.TestModelManager" name="test_get_model_not_found" time="0.001" /><testcase classname="tests.test_model_manager_part2.TestModelManager" name="test_predict_with_registered_model" time="0.005" /><testcase classname="tests.test_model_manager_part2.TestModelManager" name="test_predict_model_not_found" time="0.001"><failure message="AttributeError: 'ModelRegistry' object has no attribute 'registry'. Did you mean: 'register'?">tests\test_model_manager_part2.py:332: in test_predict_model_not_found
    model_manager.registry.load.return_value = None
    ^^^^^^^^^^^^^^^^^^^^^^
E   AttributeError: 'ModelRegistry' object has no attribute 'registry'. Did you mean: 'register'?</failure></testcase><testcase classname="tests.test_model_manager_part2.TestModelManager" name="test_predict_with_version_specification" time="0.002"><failure message="AttributeError: 'ModelRegistry' object has no attribute 'registry'. Did you mean: 'register'?">tests\test_model_manager_part2.py:343: in test_predict_with_version_specification
    model_manager.registry.load.return_value = mock_model
    ^^^^^^^^^^^^^^^^^^^^^^
E   AttributeError: 'ModelRegistry' object has no attribute 'registry'. Did you mean: 'register'?</failure></testcase><testcase classname="tests.test_model_manager_part2.TestModelManager" name="test_predict_with_feature_preprocessing" time="0.002"><failure message="AttributeError: 'ModelRegistry' object has no attribute 'registry'. Did you mean: 'register'?">tests\test_model_manager_part2.py:354: in test_predict_with_feature_preprocessing
    model_manager.registry.load.return_value = mock_model
    ^^^^^^^^^^^^^^^^^^^^^^
E   AttributeError: 'ModelRegistry' object has no attribute 'registry'. Did you mean: 'register'?</failure></testcase><testcase classname="tests.test_model_manager_part2.TestModelManager" name="test_batch_prediction" time="0.002"><failure message="AttributeError: 'ModelRegistry' object has no attribute 'registry'. Did you mean: 'register'?">tests\test_model_manager_part2.py:373: in test_batch_prediction
    model_manager.registry.load.return_value = mock_model
    ^^^^^^^^^^^^^^^^^^^^^^
E   AttributeError: 'ModelRegistry' object has no attribute 'registry'. Did you mean: 'register'?</failure></testcase></testsuite></testsuites>