<?xml version="1.0" encoding="utf-8"?><testsuites name="pytest tests"><testsuite name="pytest" errors="0" failures="5" skipped="0" tests="15" time="0.586" timestamp="2025-09-14T20:36:49.938110-07:00" hostname="BOOK-FVJOEO3Q00"><testcase classname="tests.test_minimal_metrics" name="test_isolated_registry_creation" time="0.001" /><testcase classname="tests.test_minimal_metrics" name="test_metrics_registry_class" time="0.001" /><testcase classname="tests.test_minimal_metrics" name="test_factory_creates_app_with_registry" time="0.115" /><testcase classname="tests.test_minimal_metrics" name="test_websocket_manager_accepts_registry" time="0.001"><failure message="ImportError: cannot import name 'WebSocketClientManager' from 'backend.api.main' (C:\Users\Marsel\intra\algotrading_platform\backend\api\main.py)">tests\test_minimal_metrics.py:64: in test_websocket_manager_accepts_registry
    from backend.api.main import WebSocketClientManager
E   ImportError: cannot import name 'WebSocketClientManager' from 'backend.api.main' (C:\Users\Marsel\intra\algotrading_platform\backend\api\main.py)</failure></testcase><testcase classname="tests.test_minimal_metrics" name="test_prometheus_import_minimal" time="0.001" /><testcase classname="tests.test_minimal_metrics" name="test_parallel_registry_isolation" time="0.001" /><testcase classname="tests.test_mlops_integration_mocks.TestMLOpsIntegrationPaths" name="test_model_manager_import_handling" time="0.002" /><testcase classname="tests.test_mlops_integration_mocks.TestMLOpsIntegrationPaths" name="test_model_manager_import_error_handling" time="0.001"><failure message="assert True is False&#10; +  where True = &lt;backend.models.ensemble_model.EnsembleModel object at 0x0000023888FF6360&gt;.mlops_enabled">tests\test_mlops_integration_mocks.py:138: in test_model_manager_import_error_handling
    assert ensemble.mlops_enabled is False
E   assert True is False
E    +  where True = &lt;backend.models.ensemble_model.EnsembleModel object at 0x0000023888FF6360&gt;.mlops_enabled</failure></testcase><testcase classname="tests.test_mlops_integration_mocks.TestMLOpsIntegrationPaths" name="test_feature_validation_during_prediction" time="0.001"><failure message="AttributeError: &lt;module 'backend.models.ensemble_model' from 'C:\\Users\\Marsel\\intra\\algotrading_platform\\backend\\models\\ensemble_model.py'&gt; does not have the attribute 'validate_features'">tests\test_mlops_integration_mocks.py:146: in test_feature_validation_during_prediction
    with patch('backend.models.ensemble_model.validate_features', return_value=True):
..\..\AppData\Local\Programs\Python\Python312\Lib\unittest\mock.py:1458: in __enter__
    original, local = self.get_original()
                      ^^^^^^^^^^^^^^^^^^^
..\..\AppData\Local\Programs\Python\Python312\Lib\unittest\mock.py:1431: in get_original
    raise AttributeError(
E   AttributeError: &lt;module 'backend.models.ensemble_model' from 'C:\\Users\\Marsel\\intra\\algotrading_platform\\backend\\models\\ensemble_model.py'&gt; does not have the attribute 'validate_features'</failure></testcase><testcase classname="tests.test_mlops_integration_mocks.TestMLOpsIntegrationPaths" name="test_feature_validation_error_handling" time="0.001"><failure message="AttributeError: &lt;module 'backend.models.ensemble_model' from 'C:\\Users\\Marsel\\intra\\algotrading_platform\\backend\\models\\ensemble_model.py'&gt; does not have the attribute 'validate_features'">tests\test_mlops_integration_mocks.py:173: in test_feature_validation_error_handling
    with patch('backend.models.ensemble_model.validate_features', side_effect=Exception("Validation failed")):
..\..\AppData\Local\Programs\Python\Python312\Lib\unittest\mock.py:1458: in __enter__
    original, local = self.get_original()
                      ^^^^^^^^^^^^^^^^^^^
..\..\AppData\Local\Programs\Python\Python312\Lib\unittest\mock.py:1431: in get_original
    raise AttributeError(
E   AttributeError: &lt;module 'backend.models.ensemble_model' from 'C:\\Users\\Marsel\\intra\\algotrading_platform\\backend\\models\\ensemble_model.py'&gt; does not have the attribute 'validate_features'</failure></testcase><testcase classname="tests.test_mlops_integration_mocks.TestMLOpsIntegrationPaths" name="test_drift_detection_integration" time="0.005" /><testcase classname="tests.test_mlops_integration_mocks.TestMLOpsIntegrationPaths" name="test_prediction_logging_integration" time="0.001" /><testcase classname="tests.test_mlops_integration_mocks.TestAdvancedMLOpsFeatures" name="test_model_versioning_and_registry" time="0.001" /><testcase classname="tests.test_mlops_integration_mocks.TestAdvancedMLOpsFeatures" name="test_performance_monitoring_integration" time="0.001" /><testcase classname="tests.test_mlops_integration_mocks.TestAdvancedMLOpsFeatures" name="test_feature_store_integration" time="0.001"><failure message="AttributeError: &lt;module 'backend.models.ensemble_model' from 'C:\\Users\\Marsel\\intra\\algotrading_platform\\backend\\models\\ensemble_model.py'&gt; does not have the attribute 'get_feature_store'">tests\test_mlops_integration_mocks.py:307: in test_feature_store_integration
    with patch('backend.models.ensemble_model.get_feature_store', return_value=mlops_mocks.feature_store):
..\..\AppData\Local\Programs\Python\Python312\Lib\unittest\mock.py:1458: in __enter__
    original, local = self.get_original()
                      ^^^^^^^^^^^^^^^^^^^
..\..\AppData\Local\Programs\Python\Python312\Lib\unittest\mock.py:1431: in get_original
    raise AttributeError(
E   AttributeError: &lt;module 'backend.models.ensemble_model' from 'C:\\Users\\Marsel\\intra\\algotrading_platform\\backend\\models\\ensemble_model.py'&gt; does not have the attribute 'get_feature_store'</failure></testcase></testsuite></testsuites>