<?xml version="1.0" encoding="utf-8"?><testsuites name="pytest tests"><testsuite name="pytest" errors="0" failures="5" skipped="3" tests="17" time="4.748" timestamp="2025-08-28T23:55:08.051331-07:00" hostname="BOOK-FVJOEO3Q00"><testcase classname="tests.test_ensemble_model_phase7b4_actual_training.TestActualMLModelTraining" name="test_lstm_lightweight_training_actual" time="0.009"><skipped type="pytest.skip" message="TensorFlow training test skipped due to: module 'tensorflow' has no attribute 'get_logger'">C:\Users\Marsel\intra\algotrading_platform\tests\test_ensemble_model_phase7b4_actual_training.py:107: TensorFlow training test skipped due to: module 'tensorflow' has no attribute 'get_logger'</skipped></testcase><testcase classname="tests.test_ensemble_model_phase7b4_actual_training.TestActualMLModelTraining" name="test_xgboost_actual_cross_validation" time="2.224"><skipped type="pytest.skip" message="XGBoost training test skipped due to: module 'xgboost' has no attribute 'XGBRegressor'">C:\Users\Marsel\intra\algotrading_platform\tests\test_ensemble_model_phase7b4_actual_training.py:234: XGBoost training test skipped due to: module 'xgboost' has no attribute 'XGBRegressor'</skipped></testcase><testcase classname="tests.test_ensemble_model_phase7b4_actual_training.TestActualMLModelTraining" name="test_random_forest_actual_training" time="0.006"><skipped type="pytest.skip" message="RandomForest training test skipped due to: &lt;module 'sklearn.ensemble' from '&lt;mocked:sklearn.ensemble&gt;'&gt; does not have the attribute 'RandomForestRegressor'">C:\Users\Marsel\intra\algotrading_platform\tests\test_ensemble_model_phase7b4_actual_training.py:338: RandomForest training test skipped due to: &lt;module 'sklearn.ensemble' from '&lt;mocked:sklearn.ensemble&gt;'&gt; does not have the attribute 'RandomForestRegressor'</skipped></testcase><testcase classname="tests.test_ensemble_model_phase7b4_actual_training.TestEnsembleActualTrainingIntegration" name="test_ensemble_mixed_actual_mock_training" time="0.008"><failure message="AttributeError: &lt;module 'backend.models.ensemble_model' from 'C:\\Users\\Marsel\\intra\\algotrading_platform\\backend\\models\\ensemble_model.py'&gt; does not have the attribute 'create_features'">tests\test_ensemble_model_phase7b4_actual_training.py:377: in test_ensemble_mixed_actual_mock_training
    with patch('backend.models.ensemble_model.create_features', return_value=features):
..\..\AppData\Local\Programs\Python\Python312\Lib\unittest\mock.py:1458: in __enter__
    original, local = self.get_original()
                      ^^^^^^^^^^^^^^^^^^^
..\..\AppData\Local\Programs\Python\Python312\Lib\unittest\mock.py:1431: in get_original
    raise AttributeError(
E   AttributeError: &lt;module 'backend.models.ensemble_model' from 'C:\\Users\\Marsel\\intra\\algotrading_platform\\backend\\models\\ensemble_model.py'&gt; does not have the attribute 'create_features'</failure></testcase><testcase classname="tests.test_ensemble_model_phase7b4_actual_training.TestEnsembleActualTrainingIntegration" name="test_ensemble_performance_monitoring_actual" time="0.011" /><testcase classname="tests.test_ensemble_model_phase7b4_deep_coverage.TestImportPathCoverage" name="test_tensorflow_import_success_path" time="0.019" /><testcase classname="tests.test_ensemble_model_phase7b4_deep_coverage.TestImportPathCoverage" name="test_tensorflow_import_failure_path" time="0.004"><failure message="ImportError: No module named tensorflow">tests\test_ensemble_model_phase7b4_deep_coverage.py:53: in test_tensorflow_import_failure_path
    import importlib
..\..\AppData\Local\Programs\Python\Python312\Lib\unittest\mock.py:1134: in __call__
    return self._mock_call(*args, **kwargs)
           ^^^^^^^^^^^^^^^^^^^^^^^^^^^^^^^^
..\..\AppData\Local\Programs\Python\Python312\Lib\unittest\mock.py:1138: in _mock_call
    return self._execute_mock_call(*args, **kwargs)
           ^^^^^^^^^^^^^^^^^^^^^^^^^^^^^^^^^^^^^^^^
..\..\AppData\Local\Programs\Python\Python312\Lib\unittest\mock.py:1193: in _execute_mock_call
    raise effect
E   ImportError: No module named tensorflow</failure></testcase><testcase classname="tests.test_ensemble_model_phase7b4_deep_coverage.TestImportPathCoverage" name="test_sklearn_import_success_path" time="0.024" /><testcase classname="tests.test_ensemble_model_phase7b4_deep_coverage.TestImportPathCoverage" name="test_xgboost_import_success_path" time="0.022" /><testcase classname="tests.test_ensemble_model_phase7b4_deep_coverage.TestImportPathCoverage" name="test_mlops_import_success_path" time="0.008" /><testcase classname="tests.test_ensemble_model_phase7b4_deep_coverage.TestLSTMDeepImplementation" name="test_lstm_tensorflow_seed_setting_success" time="0.005" /><testcase classname="tests.test_ensemble_model_phase7b4_deep_coverage.TestLSTMDeepImplementation" name="test_lstm_tensorflow_seed_setting_failure" time="0.002" /><testcase classname="tests.test_ensemble_model_phase7b4_deep_coverage.TestLSTMDeepImplementation" name="test_lstm_build_model_success_mocked" time="0.003"><failure message="AttributeError: &lt;module 'backend.models.ensemble_model' from 'C:\\Users\\Marsel\\intra\\algotrading_platform\\backend\\models\\ensemble_model.py'&gt; does not have the attribute 'keras'">tests\test_ensemble_model_phase7b4_deep_coverage.py:159: in test_lstm_build_model_success_mocked
    with patch('backend.models.ensemble_model.keras') as mock_keras:
..\..\AppData\Local\Programs\Python\Python312\Lib\unittest\mock.py:1458: in __enter__
    original, local = self.get_original()
                      ^^^^^^^^^^^^^^^^^^^
..\..\AppData\Local\Programs\Python\Python312\Lib\unittest\mock.py:1431: in get_original
    raise AttributeError(
E   AttributeError: &lt;module 'backend.models.ensemble_model' from 'C:\\Users\\Marsel\\intra\\algotrading_platform\\backend\\models\\ensemble_model.py'&gt; does not have the attribute 'keras'</failure></testcase><testcase classname="tests.test_ensemble_model_phase7b4_deep_coverage.TestLSTMDeepImplementation" name="test_lstm_prepare_sequences_implementation" time="0.002" /><testcase classname="tests.test_ensemble_model_phase7b4_deep_coverage.TestLSTMDeepImplementation" name="test_lstm_train_full_pipeline_mocked" time="0.007"><failure message="AttributeError: &lt;module 'backend.models.ensemble_model' from 'C:\\Users\\Marsel\\intra\\algotrading_platform\\backend\\models\\ensemble_model.py'&gt; does not have the attribute 'EarlyStopping'">tests\test_ensemble_model_phase7b4_deep_coverage.py:216: in test_lstm_train_full_pipeline_mocked
    with patch('backend.models.ensemble_model.EarlyStopping') as mock_early_stopping_class:
..\..\AppData\Local\Programs\Python\Python312\Lib\unittest\mock.py:1458: in __enter__
    original, local = self.get_original()
                      ^^^^^^^^^^^^^^^^^^^
..\..\AppData\Local\Programs\Python\Python312\Lib\unittest\mock.py:1431: in get_original
    raise AttributeError(
E   AttributeError: &lt;module 'backend.models.ensemble_model' from 'C:\\Users\\Marsel\\intra\\algotrading_platform\\backend\\models\\ensemble_model.py'&gt; does not have the attribute 'EarlyStopping'</failure></testcase><testcase classname="tests.test_ensemble_model_phase7b4_deep_coverage.TestLSTMDeepImplementation" name="test_lstm_predict_full_pipeline_mocked" time="0.005" /><testcase classname="tests.test_ensemble_model_phase7b4_deep_coverage.TestXGBoostDeepImplementation" name="test_xgboost_train_cross_validation_logic" time="0.007"><failure message="AttributeError: module 'backend.models.ensemble_model' has no attribute 'xgb'">tests\test_ensemble_model_phase7b4_deep_coverage.py:286: in test_xgboost_train_cross_validation_logic
    with patch('backend.models.ensemble_model.xgb.XGBRegressor') as mock_xgb_class:
..\..\AppData\Local\Programs\Python\Python312\Lib\unittest\mock.py:1442: in __enter__
    self.target = self.getter()
                  ^^^^^^^^^^^^^
..\..\AppData\Local\Programs\Python\Python312\Lib\pkgutil.py:528: in resolve_name
    result = getattr(result, p)
             ^^^^^^^^^^^^^^^^^^
E   AttributeError: module 'backend.models.ensemble_model' has no attribute 'xgb'</failure></testcase></testsuite></testsuites>