<?xml version="1.0" encoding="utf-8"?><testsuites name="pytest tests"><testsuite name="pytest" errors="0" failures="5" skipped="0" tests="5" time="1.519" timestamp="2025-08-29T00:06:35.243201-07:00" hostname="BOOK-FVJOEO3Q00"><testcase classname="tests.e2e.test_system_integration.TestSystemIntegration" name="test_full_system_startup_shutdown" time="0.166"><failure message="TypeError: 'NoneType' object does not support the context manager protocol">tests\e2e\test_system_integration.py:71: in test_full_system_startup_shutdown
    with patch_external_apis():
E   TypeError: 'NoneType' object does not support the context manager protocol</failure></testcase><testcase classname="tests.e2e.test_system_integration.TestSystemIntegration" name="test_paper_trading_execution_flow" time="0.009"><failure message="TypeError: 'NoneType' object does not support the context manager protocol">tests\e2e\test_system_integration.py:118: in test_paper_trading_execution_flow
    with patch_external_apis() as mocks:
E   TypeError: 'NoneType' object does not support the context manager protocol</failure></testcase><testcase classname="tests.e2e.test_system_integration.TestSystemIntegration" name="test_market_hours_behavior" time="0.009"><failure message="TypeError: 'NoneType' object does not support the context manager protocol">tests\e2e\test_system_integration.py:176: in test_market_hours_behavior
    with patch_external_apis() as mocks:
E   TypeError: 'NoneType' object does not support the context manager protocol</failure></testcase><testcase classname="tests.e2e.test_system_integration.TestSystemIntegration" name="test_error_recovery_resilience" time="0.010"><failure message="TypeError: 'NoneType' object does not support the context manager protocol">tests\e2e\test_system_integration.py:237: in test_error_recovery_resilience
    with patch_external_apis() as mocks:
E   TypeError: 'NoneType' object does not support the context manager protocol</failure></testcase><testcase classname="tests.e2e.test_system_integration.TestSystemIntegration" name="test_performance_under_load" time="0.010"><failure message="TypeError: 'NoneType' object does not support the context manager protocol">tests\e2e\test_system_integration.py:306: in test_performance_under_load
    with patch_external_apis() as mocks:
E   TypeError: 'NoneType' object does not support the context manager protocol</failure></testcase></testsuite></testsuites>