<?xml version="1.0" encoding="utf-8"?><testsuites name="pytest tests"><testsuite name="pytest" errors="0" failures="2" skipped="0" tests="3" time="0.311" timestamp="2025-09-14T20:42:36.422769-07:00" hostname="BOOK-FVJOEO3Q00"><testcase classname="tests.integration.test_integration" name="test_strategy_engine_full" time="0.007" /><testcase classname="tests.integration.test_light_mode" name="test_light_mode_torch_mock" time="0.001"><failure message="AttributeError: module 'torch' has no attribute '__file__'. Did you mean: '__name__'?">tests\integration\test_light_mode.py:4: in test_light_mode_torch_mock
    assert torch.__file__ == "&lt;mocked:torch&gt;"
           ^^^^^^^^^^^^^^
E   AttributeError: module 'torch' has no attribute '__file__'. Did you mean: '__name__'?</failure></testcase><testcase classname="tests.integration.test_light_mode" name="test_light_mode_transformers_mock" time="0.000"><failure message="AttributeError: module 'transformers' has no attribute '__file__'. Did you mean: '__name__'?">tests\integration\test_light_mode.py:11: in test_light_mode_transformers_mock
    assert transformers.__file__ == "&lt;mocked:transformers&gt;"
           ^^^^^^^^^^^^^^^^^^^^^
E   AttributeError: module 'transformers' has no attribute '__file__'. Did you mean: '__name__'?</failure></testcase></testsuite></testsuites>