<?xml version="1.0" encoding="utf-8"?><testsuites name="pytest tests"><testsuite name="pytest" errors="0" failures="5" skipped="0" tests="24" time="6.288" timestamp="2025-09-14T20:39:02.449948-07:00" hostname="BOOK-FVJOEO3Q00"><testcase classname="tests.api.test_http_routes_matrix_comprehensive.TestHTTPRoutesMatrix" name="test_routes_success_scenarios[GET-/-False-None-200-Root endpoint-/]" time="0.127" /><testcase classname="tests.api.test_http_routes_matrix_comprehensive.TestHTTPRoutesMatrix" name="test_routes_success_scenarios[GET-/health-False-None-200-Health check endpoint-/health]" time="0.035" /><testcase classname="tests.api.test_http_routes_matrix_comprehensive.TestHTTPRoutesMatrix" name="test_routes_success_scenarios[GET-/readyz-False-None-503-Readiness probe-/readyz]" time="4.204" /><testcase classname="tests.api.test_http_routes_matrix_comprehensive.TestHTTPRoutesMatrix" name="test_routes_success_scenarios[GET-/docs-False-None-200-API documentation-/docs]" time="0.058" /><testcase classname="tests.api.test_http_routes_matrix_comprehensive.TestHTTPRoutesMatrix" name="test_routes_success_scenarios[GET-/redoc-False-None-200-ReDoc documentation-/redoc]" time="0.054" /><testcase classname="tests.api.test_http_routes_matrix_comprehensive.TestHTTPRoutesMatrix" name="test_routes_success_scenarios[GET-/openapi.json-False-None-200-OpenAPI schema-/openapi.json]" time="0.083" /><testcase classname="tests.api.test_http_routes_matrix_comprehensive.TestHTTPRoutesMatrix" name="test_routes_success_scenarios[GET-/metrics-False-None-200-Prometheus metrics-/metrics]" time="0.138" /><testcase classname="tests.api.test_http_routes_matrix_comprehensive.TestHTTPRoutesMatrix" name="test_routes_success_scenarios[POST-/auth/login-False-body7-200-Login endpoint-/auth/login]" time="0.062"><failure message="AssertionError: Login endpoint: Expected 200, got 500. Response: {&quot;detail&quot;:&quot;Login failed&quot;,&quot;error&quot;:{&quot;type&quot;:&quot;http_error&quot;,&quot;detail&quot;:&quot;Login failed&quot;}}&#10;assert 500 == 200&#10; +  where 500 = &lt;Response [500 Internal Server Error]&gt;.status_code">tests\api\test_http_routes_matrix_comprehensive.py:231: in test_routes_success_scenarios
    assert response.status_code == expected_status, f"{description}: Expected {expected_status}, got {response.status_code}. Response: {response.text[:200]}"
E   AssertionError: Login endpoint: Expected 200, got 500. Response: {"detail":"Login failed","error":{"type":"http_error","detail":"Login failed"}}
E   assert 500 == 200
E    +  where 500 = &lt;Response [500 Internal Server Error]&gt;.status_code</failure></testcase><testcase classname="tests.api.test_http_routes_matrix_comprehensive.TestHTTPRoutesMatrix" name="test_routes_success_scenarios[POST-/auth/register-False-body8-201-Registration endpoint-/auth/register]" time="0.051"><failure message="AssertionError: Registration endpoint: Expected 201, got 422. Response: {&quot;detail&quot;:&quot;Password validation failed: Password must contain at least one uppercase letter; Password must contain at least one special character&quot;,&quot;error&quot;:{&quot;type&quot;:&quot;http_error&quot;,&quot;detail&quot;:&quot;Password valida&#10;assert 422 == 201&#10; +  where 422 = &lt;Response [422 Unprocessable Entity]&gt;.status_code">tests\api\test_http_routes_matrix_comprehensive.py:231: in test_routes_success_scenarios
    assert response.status_code == expected_status, f"{description}: Expected {expected_status}, got {response.status_code}. Response: {response.text[:200]}"
E   AssertionError: Registration endpoint: Expected 201, got 422. Response: {"detail":"Password validation failed: Password must contain at least one uppercase letter; Password must contain at least one special character","error":{"type":"http_error","detail":"Password valida
E   assert 422 == 201
E    +  where 422 = &lt;Response [422 Unprocessable Entity]&gt;.status_code</failure></testcase><testcase classname="tests.api.test_http_routes_matrix_comprehensive.TestHTTPRoutesMatrix" name="test_routes_success_scenarios[GET-/api/v1/portfolio/positions-True-None-200-Portfolio positions-/api/v1/portfolio/positions]" time="0.044" /><testcase classname="tests.api.test_http_routes_matrix_comprehensive.TestHTTPRoutesMatrix" name="test_routes_success_scenarios[POST-/api/v1/orders/-True-body10-200-Create order-/api/v1/orders/]" time="0.049" /><testcase classname="tests.api.test_http_routes_matrix_comprehensive.TestHTTPRoutesMatrix" name="test_routes_success_scenarios[GET-/api/v1/orders/test-123-True-None-200-Get specific order-/api/v1/orders/{order_id}]" time="0.041" /><testcase classname="tests.api.test_http_routes_matrix_comprehensive.TestHTTPRoutesMatrix" name="test_routes_success_scenarios[POST-/api/v1/orders/test-123/cancel-True-None-200-Cancel order-/api/v1/orders/{order_id}/cancel]" time="0.043" /><testcase classname="tests.api.test_http_routes_matrix_comprehensive.TestHTTPRoutesMatrix" name="test_routes_success_scenarios[GET-/api/v1/signals/-True-None-200-Get trading signals-/api/v1/signals/]" time="0.155" /><testcase classname="tests.api.test_http_routes_matrix_comprehensive.TestHTTPRoutesMatrix" name="test_routes_success_scenarios[GET-/api/v1/signals/AAPL-True-None-200-Get symbol signals-/api/v1/signals/{symbol}]" time="0.053" /><testcase classname="tests.api.test_http_routes_matrix_comprehensive.TestHTTPRoutesMatrix" name="test_routes_success_scenarios[POST-/api/v1/models/train-True-body15-200-Train ML model-/api/v1/models/train]" time="0.063" /><testcase classname="tests.api.test_http_routes_matrix_comprehensive.TestHTTPRoutesMatrix" name="test_routes_success_scenarios[GET-/api/v1/models/status-True-None-200-Get model status-/api/v1/models/status]" time="0.071" /><testcase classname="tests.api.test_http_routes_matrix_comprehensive.TestHTTPRoutesMatrix" name="test_routes_success_scenarios[PUT-/api/v1/risk/limits-True-body17-200-Update risk limits-/api/v1/risk/limits]" time="0.057" /><testcase classname="tests.api.test_http_routes_matrix_comprehensive.TestHTTPRoutesMatrix" name="test_routes_success_scenarios[GET-/api/v1/risk/metrics-True-None-200-Get risk metrics-/api/v1/risk/metrics]" time="0.054" /><testcase classname="tests.api.test_http_routes_matrix_comprehensive.TestHTTPRoutesMatrix" name="test_routes_success_scenarios[GET-/api/v1/portfolio/performance-True-None-200-Portfolio performance-/api/v1/portfolio/performance]" time="0.062" /><testcase classname="tests.api.test_http_routes_matrix_comprehensive.TestHTTPRoutesMatrix" name="test_routes_success_scenarios[GET-/api/v1/orders/test-123/audit-True-None-200-Order audit trail-/api/v1/orders/{order_id}/audit]" time="0.052" /><testcase classname="tests.api.test_http_routes_matrix_comprehensive.TestHTTPRoutesMatrix" name="test_routes_authentication_required[GET-/api/v1/portfolio/positions-True-None-200-Portfolio positions-/api/v1/portfolio/positions]" time="0.125"><failure message="AssertionError: Portfolio positions: Expected 401 (Unauthorized), got 200&#10;assert 200 == 401&#10; +  where 200 = &lt;Response [200 OK]&gt;.status_code">tests\api\test_http_routes_matrix_comprehensive.py:249: in test_routes_authentication_required
    assert response.status_code == 401, f"{description}: Expected 401 (Unauthorized), got {response.status_code}"
E   AssertionError: Portfolio positions: Expected 401 (Unauthorized), got 200
E   assert 200 == 401
E    +  where 200 = &lt;Response [200 OK]&gt;.status_code</failure></testcase><testcase classname="tests.api.test_http_routes_matrix_comprehensive.TestHTTPRoutesMatrix" name="test_routes_authentication_required[POST-/api/v1/orders/-True-body1-200-Create order-/api/v1/orders/]" time="0.053"><failure message="AssertionError: Create order: Expected 401 (Unauthorized), got 200&#10;assert 200 == 401&#10; +  where 200 = &lt;Response [200 OK]&gt;.status_code">tests\api\test_http_routes_matrix_comprehensive.py:249: in test_routes_authentication_required
    assert response.status_code == 401, f"{description}: Expected 401 (Unauthorized), got {response.status_code}"
E   AssertionError: Create order: Expected 401 (Unauthorized), got 200
E   assert 200 == 401
E    +  where 200 = &lt;Response [200 OK]&gt;.status_code</failure></testcase><testcase classname="tests.api.test_http_routes_matrix_comprehensive.TestHTTPRoutesMatrix" name="test_routes_authentication_required[GET-/api/v1/orders/test-123-True-None-200-Get specific order-/api/v1/orders/{order_id}]" time="0.063"><failure message="AssertionError: Get specific order: Expected 401 (Unauthorized), got 200&#10;assert 200 == 401&#10; +  where 200 = &lt;Response [200 OK]&gt;.status_code">tests\api\test_http_routes_matrix_comprehensive.py:249: in test_routes_authentication_required
    assert response.status_code == 401, f"{description}: Expected 401 (Unauthorized), got {response.status_code}"
E   AssertionError: Get specific order: Expected 401 (Unauthorized), got 200
E   assert 200 == 401
E    +  where 200 = &lt;Response [200 OK]&gt;.status_code</failure></testcase></testsuite></testsuites>