<?xml version="1.0" encoding="utf-8"?><testsuites name="pytest tests"><testsuite name="pytest" errors="0" failures="5" skipped="0" tests="40" time="2.920" timestamp="2025-08-28T23:59:54.474733-07:00" hostname="BOOK-FVJOEO3Q00"><testcase classname="tests.test_websocket_comprehensive.TestWebSocketClientInfo" name="test_websocket_client_info_creation" time="0.007" /><testcase classname="tests.test_websocket_comprehensive.TestWebSocketClientInfo" name="test_client_info_post_init_subscriptions" time="0.004" /><testcase classname="tests.test_websocket_comprehensive.TestWebSocketClientInfo" name="test_client_info_dict_compatibility" time="0.003" /><testcase classname="tests.test_websocket_comprehensive.TestWebSocketManagerInitialization" name="test_default_initialization" time="0.001" /><testcase classname="tests.test_websocket_comprehensive.TestWebSocketManagerInitialization" name="test_custom_initialization" time="0.002" /><testcase classname="tests.test_websocket_comprehensive.TestWebSocketManagerInitialization" name="test_legacy_parameter_compatibility" time="0.001" /><testcase classname="tests.test_websocket_comprehensive.TestWebSocketManagerInitialization" name="test_compatibility_attributes" time="0.002" /><testcase classname="tests.test_websocket_comprehensive.TestClientRegistrationAndConnection" name="test_register_client_success" time="0.008" /><testcase classname="tests.test_websocket_comprehensive.TestClientRegistrationAndConnection" name="test_add_client_alias" time="0.006" /><testcase classname="tests.test_websocket_comprehensive.TestClientRegistrationAndConnection" name="test_open_client_connection" time="0.006" /><testcase classname="tests.test_websocket_comprehensive.TestClientRegistrationAndConnection" name="test_register_duplicate_client" time="0.006" /><testcase classname="tests.test_websocket_comprehensive.TestClientRegistrationAndConnection" name="test_remove_client_success" time="0.007" /><testcase classname="tests.test_websocket_comprehensive.TestClientRegistrationAndConnection" name="test_unregister_client" time="0.007" /><testcase classname="tests.test_websocket_comprehensive.TestClientRegistrationAndConnection" name="test_disconnect_client" time="0.007" /><testcase classname="tests.test_websocket_comprehensive.TestClientRegistrationAndConnection" name="test_remove_nonexistent_client" time="0.004" /><testcase classname="tests.test_websocket_comprehensive.TestMessageBroadcasting" name="test_broadcast_message_all_clients" time="0.118" /><testcase classname="tests.test_websocket_comprehensive.TestMessageBroadcasting" name="test_broadcast_message_to_specific_clients" time="0.015" /><testcase classname="tests.test_websocket_comprehensive.TestMessageBroadcasting" name="test_broadcast_message_no_clients" time="0.004" /><testcase classname="tests.test_websocket_comprehensive.TestMessageBroadcasting" name="test_broadcast_message_with_subscriptions" time="0.011" /><testcase classname="tests.test_websocket_comprehensive.TestBackpressureAndQueueManagement" name="test_queue_creation_with_max_size" time="0.009" /><testcase classname="tests.test_websocket_comprehensive.TestBackpressureAndQueueManagement" name="test_queue_overflow_handling" time="0.011" /><testcase classname="tests.test_websocket_comprehensive.TestHeartbeatFunctionality" name="test_start_heartbeat" time="0.004" /><testcase classname="tests.test_websocket_comprehensive.TestHeartbeatFunctionality" name="test_stop_heartbeat" time="0.005" /><testcase classname="tests.test_websocket_comprehensive.TestHeartbeatFunctionality" name="test_heartbeat_updates_client_timestamps" time="0.204" /><testcase classname="tests.test_websocket_comprehensive.TestMetricsAndMonitoring" name="test_prometheus_metrics_initialization" time="0.002" /><testcase classname="tests.test_websocket_comprehensive.TestMetricsAndMonitoring" name="test_prometheus_counter_creation" time="0.001" /><testcase classname="tests.test_websocket_comprehensive.TestMetricsAndMonitoring" name="test_metrics_without_prometheus" time="0.012" /><testcase classname="tests.test_websocket_comprehensive.TestTaskManagement" name="test_track_task_function" time="0.006" /><testcase classname="tests.test_websocket_comprehensive.TestTaskManagement" name="test_cancel_all_ws_tasks" time="0.114" /><testcase classname="tests.test_websocket_comprehensive.TestErrorHandling" name="test_websocket_disconnect_handling" time="0.123" /><testcase classname="tests.test_websocket_comprehensive.TestErrorHandling" name="test_invalid_client_id_operations" time="0.004" /><testcase classname="tests.test_websocket_comprehensive.TestErrorHandling" name="test_message_serialization_handling" time="0.119" /><testcase classname="tests.test_websocket_comprehensive.TestCompatibilityAndLegacySupport" name="test_legacy_client_access_patterns" time="0.007" /><testcase classname="tests.test_websocket_comprehensive.TestCompatibilityAndLegacySupport" name="test_parameter_alias_support" time="0.005" /><testcase classname="tests.test_websocket_comprehensive.TestCompatibilityAndLegacySupport" name="test_client_info_dictionary_interface" time="0.003" /><testcase classname="tests.test_websocket_manager_edge_cases.TestWebSocketManagerInitialization" name="test_websocket_manager_creation" time="0.002"><failure message="NameError: name 'MockWebSocketManager' is not defined">tests\test_websocket_manager_edge_cases.py:57: in test_websocket_manager_creation
    manager = MockWebSocketManager()
              ^^^^^^^^^^^^^^^^^^^^
E   NameError: name 'MockWebSocketManager' is not defined</failure></testcase><testcase classname="tests.test_websocket_manager_edge_cases.TestWebSocketManagerInitialization" name="test_websocket_manager_empty_state" time="0.002"><failure message="NameError: name 'MockWebSocketManager' is not defined">tests\test_websocket_manager_edge_cases.py:66: in test_websocket_manager_empty_state
    manager = MockWebSocketManager()
              ^^^^^^^^^^^^^^^^^^^^
E   NameError: name 'MockWebSocketManager' is not defined</failure></testcase><testcase classname="tests.test_websocket_manager_edge_cases.TestWebSocketManagerInitialization" name="test_websocket_manager_attributes" time="0.002"><failure message="NameError: name 'MockWebSocketManager' is not defined">tests\test_websocket_manager_edge_cases.py:74: in test_websocket_manager_attributes
    manager = MockWebSocketManager()
              ^^^^^^^^^^^^^^^^^^^^
E   NameError: name 'MockWebSocketManager' is not defined</failure></testcase><testcase classname="tests.test_websocket_manager_edge_cases.TestWebSocketConnectionManagement" name="test_client_connection" time="0.005"><failure message="NameError: name 'MockWebSocketManager' is not defined">tests\test_websocket_manager_edge_cases.py:87: in test_client_connection
    manager = MockWebSocketManager()
              ^^^^^^^^^^^^^^^^^^^^
E   NameError: name 'MockWebSocketManager' is not defined</failure></testcase><testcase classname="tests.test_websocket_manager_edge_cases.TestWebSocketConnectionManagement" name="test_client_disconnection" time="0.005"><failure message="NameError: name 'MockWebSocketManager' is not defined">tests\test_websocket_manager_edge_cases.py:99: in test_client_disconnection
    manager = MockWebSocketManager()
              ^^^^^^^^^^^^^^^^^^^^
E   NameError: name 'MockWebSocketManager' is not defined</failure></testcase></testsuite></testsuites>