<?xml version="1.0" encoding="utf-8"?><testsuites name="pytest tests"><testsuite name="pytest" errors="0" failures="5" skipped="0" tests="13" time="16.353" timestamp="2025-08-29T00:09:21.359644-07:00" hostname="BOOK-FVJOEO3Q00"><testcase classname="tests.perf.test_micro_predict.TestMicroPredictPerformance" name="test_predict_p95_under_40ms_single" time="0.202" /><testcase classname="tests.perf.test_micro_predict.TestMicroPredictPerformance" name="test_predict_p95_under_40ms_batch" time="3.714" /><testcase classname="tests.perf.test_micro_predict.TestMicroPredictPerformance" name="test_predict_performance_consistency" time="1.022" /><testcase classname="tests.perf.test_micro_predict.TestMicroPredictPerformance" name="test_predict_memory_efficiency" time="2.253" /><testcase classname="tests.perf.test_micro_predict.TestMicroPredictPerformance" name="test_predict_concurrent_performance" time="0.393" /><testcase classname="tests.perf.test_micro_predict.TestMicroPredictPerformance" name="test_predict_cold_start_performance" time="0.080"><failure message="AssertionError: Performance didn't improve during warmup (first half: 3.23ms, second half: 4.37ms)&#10;assert 4.36595999635756 &lt;= 3.22779999114573">tests\perf\test_micro_predict.py:443: in test_predict_cold_start_performance
    assert second_half_mean &lt;= first_half_mean, (
E   AssertionError: Performance didn't improve during warmup (first half: 3.23ms, second half: 4.37ms)
E   assert 4.36595999635756 &lt;= 3.22779999114573</failure></testcase><testcase classname="tests.perf.test_micro_predict.TestMicroPredictPerformance" name="test_predict_degradation_detection" time="0.837" /><testcase classname="tests.perf.test_micro_predict.TestMicroPredictPerformance" name="test_predict_tiny_sample_requirements" time="0.039" /><testcase classname="tests.perf.test_micro_predict.TestMicroPredictPerformance" name="test_performance_regression_alerting" time="0.907" /><testcase classname="tests.perf.test_perf_sanity.TestPerformanceSanity" name="test_api_latency_p50_budget" time="0.013"><failure message="TypeError: object Mock can't be used in 'await' expression">tests\perf\test_perf_sanity.py:64: in test_api_latency_p50_budget
    await client.get("/health")
..\..\AppData\Local\Programs\Python\Python312\Lib\site-packages\httpx\_client.py:1768: in get
    return await self.request(
..\..\AppData\Local\Programs\Python\Python312\Lib\site-packages\httpx\_client.py:1540: in request
    return await self.send(request, auth=auth, follow_redirects=follow_redirects)
           ^^^^^^^^^^^^^^^^^^^^^^^^^^^^^^^^^^^^^^^^^^^^^^^^^^^^^^^^^^^^^^^^^^^^^^
..\..\AppData\Local\Programs\Python\Python312\Lib\site-packages\httpx\_client.py:1629: in send
    response = await self._send_handling_auth(
..\..\AppData\Local\Programs\Python\Python312\Lib\site-packages\httpx\_client.py:1657: in _send_handling_auth
    response = await self._send_handling_redirects(
..\..\AppData\Local\Programs\Python\Python312\Lib\site-packages\httpx\_client.py:1694: in _send_handling_redirects
    response = await self._send_single_request(request)
               ^^^^^^^^^^^^^^^^^^^^^^^^^^^^^^^^^^^^^^^^
..\..\AppData\Local\Programs\Python\Python312\Lib\site-packages\httpx\_client.py:1730: in _send_single_request
    response = await transport.handle_async_request(request)
               ^^^^^^^^^^^^^^^^^^^^^^^^^^^^^^^^^^^^^^^^^^^^^
..\..\AppData\Local\Programs\Python\Python312\Lib\site-packages\httpx\_transports\asgi.py:170: in handle_async_request
    await self.app(scope, receive, send)
E   TypeError: object Mock can't be used in 'await' expression</failure></testcase><testcase classname="tests.perf.test_perf_sanity.TestPerformanceSanity" name="test_order_processing_throughput" time="5.112"><failure message="AssertionError: Throughput 0.0 ops/sec below requirement 100 ops/sec&#10;assert 0.0 &gt;= 100">tests\perf\test_perf_sanity.py:175: in test_order_processing_throughput
    assert (
E   AssertionError: Throughput 0.0 ops/sec below requirement 100 ops/sec
E   assert 0.0 &gt;= 100</failure></testcase><testcase classname="tests.perf.test_perf_sanity.TestPerformanceSanity" name="test_risk_engine_latency_budget" time="0.022"><failure message="AttributeError: 'str' object has no attribute 'value'">tests\perf\test_perf_sanity.py:216: in test_risk_engine_latency_budget
    order_spec = order_factory(
tests\helpers\factories.py:74: in create_order_spec
    order_type.value
E   AttributeError: 'str' object has no attribute 'value'</failure></testcase><testcase classname="tests.perf.test_perf_sanity.TestPerformanceSanity" name="test_database_query_performance" time="0.008"><failure message="AttributeError: &lt;module 'backend.database.connection'&gt; does not have the attribute 'get_db_session'">tests\perf\test_perf_sanity.py:258: in test_database_query_performance
    with patch("backend.database.connection.get_db_session") as mock_get_session:
..\..\AppData\Local\Programs\Python\Python312\Lib\unittest\mock.py:1458: in __enter__
    original, local = self.get_original()
                      ^^^^^^^^^^^^^^^^^^^
..\..\AppData\Local\Programs\Python\Python312\Lib\unittest\mock.py:1431: in get_original
    raise AttributeError(
E   AttributeError: &lt;module 'backend.database.connection'&gt; does not have the attribute 'get_db_session'</failure></testcase></testsuite></testsuites>