<?xml version="1.0" encoding="utf-8"?><testsuites name="pytest tests"><testsuite name="pytest" errors="0" failures="5" skipped="0" tests="17" time="0.768" timestamp="2025-08-29T00:16:03.341462-07:00" hostname="BOOK-FVJOEO3Q00"><testcase classname="tests.unit.test_infrastructure_coverage.TestInfrastructureCoverage" name="test_validate_symbol_valid_cases" time="0.002" /><testcase classname="tests.unit.test_infrastructure_coverage.TestInfrastructureCoverage" name="test_validate_symbol_invalid_cases" time="0.001" /><testcase classname="tests.unit.test_infrastructure_coverage.TestInfrastructureCoverage" name="test_validate_price_valid_cases" time="0.001" /><testcase classname="tests.unit.test_infrastructure_coverage.TestInfrastructureCoverage" name="test_validate_price_invalid_cases" time="0.001" /><testcase classname="tests.unit.test_infrastructure_coverage.TestInfrastructureCoverage" name="test_validate_quantity_valid_cases" time="0.001" /><testcase classname="tests.unit.test_infrastructure_coverage.TestInfrastructureCoverage" name="test_validate_quantity_invalid_cases" time="0.001" /><testcase classname="tests.unit.test_infrastructure_coverage.TestInfrastructureCoverage" name="test_validate_order_valid_cases" time="0.001" /><testcase classname="tests.unit.test_infrastructure_coverage.TestInfrastructureCoverage" name="test_validate_order_invalid_cases" time="0.001" /><testcase classname="tests.unit.test_infrastructure_coverage.TestInfrastructureCoverage" name="test_validate_market_data_valid_cases" time="0.001" /><testcase classname="tests.unit.test_infrastructure_coverage.TestInfrastructureCoverage" name="test_validate_market_data_invalid_cases" time="0.001" /><testcase classname="tests.unit.test_infrastructure_coverage.TestInfrastructureCoverage" name="test_generate_trade_id" time="0.001" /><testcase classname="tests.unit.test_infrastructure_coverage.TestInfrastructureCoverage" name="test_safe_divide" time="0.001" /><testcase classname="tests.unit.test_infrastructure_coverage.TestInfrastructureCoverage" name="test_round_to_tick_size" time="0.001"><failure message="assert 100.10000000000001 == 100.1&#10; +  where 100.10000000000001 = round_to_tick_size(100.123, tick_size=0.05)">tests\unit\test_infrastructure_coverage.py:189: in test_round_to_tick_size
    assert round_to_tick_size(100.123, tick_size=0.05) == 100.10
E   assert 100.10000000000001 == 100.1
E    +  where 100.10000000000001 = round_to_tick_size(100.123, tick_size=0.05)</failure></testcase><testcase classname="tests.unit.test_infrastructure_coverage.TestInfrastructureCoverage" name="test_calculate_position_value" time="0.001"><failure message="assert 3000.0 == -3000.0&#10; +  where 3000.0 = calculate_position_value(-100, 30.0)">tests\unit\test_infrastructure_coverage.py:197: in test_calculate_position_value
    assert calculate_position_value(-100, 30.0) == -3000.0  # Short position
    ^^^^^^^^^^^^^^^^^^^^^^^^^^^^^^^^^^^^^^^^^^^^^^^^^^^^^^
E   assert 3000.0 == -3000.0
E    +  where 3000.0 = calculate_position_value(-100, 30.0)</failure></testcase><testcase classname="tests.unit.test_infrastructure_coverage.TestInfrastructureCoverage" name="test_calculate_returns" time="0.003"><failure message="assert 5 == (5 - 1)&#10; +  where 5 = len(0         NaN\n1    0.100000\n2   -0.045455\n3    0.095238\n4    0.043478\ndtype: float64)&#10; +  and   5 = len(0    100\n1    110\n2    105\n3    115\n4    120\ndtype: int64)">tests\unit\test_infrastructure_coverage.py:206: in test_calculate_returns
    assert len(returns) == len(prices) - 1
E   assert 5 == (5 - 1)
E    +  where 5 = len(0         NaN\n1    0.100000\n2   -0.045455\n3    0.095238\n4    0.043478\ndtype: float64)
E    +  and   5 = len(0    100\n1    110\n2    105\n3    115\n4    120\ndtype: int64)</failure></testcase><testcase classname="tests.unit.test_infrastructure_coverage.TestInfrastructureCoverage" name="test_is_market_hours_trading_hours" time="0.055"><failure message="TypeError: '&gt;=' not supported between instances of 'Mock' and 'int'">tests\unit\test_infrastructure_coverage.py:221: in test_is_market_hours_trading_hours
    result = is_market_hours()
             ^^^^^^^^^^^^^^^^^
backend\utils\helpers.py:272: in is_market_hours
    if dt.weekday() &gt;= 5:  # Saturday = 5, Sunday = 6
       ^^^^^^^^^^^^^^^^^
E   TypeError: '&gt;=' not supported between instances of 'Mock' and 'int'</failure></testcase><testcase classname="tests.unit.test_infrastructure_coverage.TestInfrastructureCoverage" name="test_is_market_hours_weekend" time="0.001"><failure message="TypeError: '&gt;=' not supported between instances of 'Mock' and 'int'">tests\unit\test_infrastructure_coverage.py:235: in test_is_market_hours_weekend
    result = is_market_hours()
             ^^^^^^^^^^^^^^^^^
backend\utils\helpers.py:272: in is_market_hours
    if dt.weekday() &gt;= 5:  # Saturday = 5, Sunday = 6
       ^^^^^^^^^^^^^^^^^
E   TypeError: '&gt;=' not supported between instances of 'Mock' and 'int'</failure></testcase></testsuite></testsuites>