<?xml version="1.0" encoding="utf-8"?><testsuites name="pytest tests"><testsuite name="pytest" errors="0" failures="5" skipped="0" tests="5" time="1.776" timestamp="2025-08-29T00:16:40.316356-07:00" hostname="BOOK-FVJOEO3Q00"><testcase classname="tests.unit.test_orders.TestOrderStateMachine" name="test_new_order_creation" time="0.004"><failure message="AttributeError: 'OrderStateMachine' object has no attribute 'create_order'">tests\unit\test_orders.py:46: in test_new_order_creation
    order = order_state_machine.create_order(sample_order)
            ^^^^^^^^^^^^^^^^^^^^^^^^^^^^^^^^
E   AttributeError: 'OrderStateMachine' object has no attribute 'create_order'</failure></testcase><testcase classname="tests.unit.test_orders.TestOrderStateMachine" name="test_valid_state_transitions" time="0.003"><failure message="AttributeError: 'OrderStateMachine' object has no attribute 'create_order'">tests\unit\test_orders.py:57: in test_valid_state_transitions
    order = order_state_machine.create_order(sample_order)
            ^^^^^^^^^^^^^^^^^^^^^^^^^^^^^^^^
E   AttributeError: 'OrderStateMachine' object has no attribute 'create_order'</failure></testcase><testcase classname="tests.unit.test_orders.TestOrderStateMachine" name="test_invalid_state_transitions" time="0.002"><failure message="AttributeError: 'OrderStateMachine' object has no attribute 'create_order'">tests\unit\test_orders.py:93: in test_invalid_state_transitions
    order = order_state_machine.create_order(sample_order)
            ^^^^^^^^^^^^^^^^^^^^^^^^^^^^^^^^
E   AttributeError: 'OrderStateMachine' object has no attribute 'create_order'</failure></testcase><testcase classname="tests.unit.test_orders.TestOrderStateMachine" name="test_order_cancellation" time="0.002"><failure message="AttributeError: 'OrderStateMachine' object has no attribute 'create_order'">tests\unit\test_orders.py:115: in test_order_cancellation
    order = order_state_machine.create_order(sample_order)
            ^^^^^^^^^^^^^^^^^^^^^^^^^^^^^^^^
E   AttributeError: 'OrderStateMachine' object has no attribute 'create_order'</failure></testcase><testcase classname="tests.unit.test_orders.TestOrderStateMachine" name="test_order_rejection" time="0.003"><failure message="AttributeError: 'OrderStateMachine' object has no attribute 'create_order'">tests\unit\test_orders.py:137: in test_order_rejection
    order = order_state_machine.create_order(sample_order)
            ^^^^^^^^^^^^^^^^^^^^^^^^^^^^^^^^
E   AttributeError: 'OrderStateMachine' object has no attribute 'create_order'</failure></testcase></testsuite></testsuites>