<?xml version="1.0" encoding="utf-8"?><testsuites name="pytest tests"><testsuite name="pytest" errors="0" failures="2" skipped="0" tests="24" time="24.887" timestamp="2025-08-29T00:03:45.973448-07:00" hostname="BOOK-FVJOEO3Q00"><testcase classname="tests.behavioral.test_real_world_validation.TestBehavioralScenarios" name="test_strategy_performance_validation" time="0.005"><failure message="Failed: Strategy performance validation failed: module 'backend.strategies' has no attribute 'backtester'">tests\behavioral\test_real_world_validation.py:32: in test_strategy_performance_validation
    with patch('backend.strategies.backtester.Backtester') as mock_backtester:
..\..\AppData\Local\Programs\Python\Python312\Lib\unittest\mock.py:1442: in __enter__
    self.target = self.getter()
                  ^^^^^^^^^^^^^
..\..\AppData\Local\Programs\Python\Python312\Lib\pkgutil.py:528: in resolve_name
    result = getattr(result, p)
             ^^^^^^^^^^^^^^^^^^
E   AttributeError: module 'backend.strategies' has no attribute 'backtester'

During handling of the above exception, another exception occurred:
tests\behavioral\test_real_world_validation.py:60: in test_strategy_performance_validation
    pytest.fail(f"Strategy performance validation failed: {e}")
E   Failed: Strategy performance validation failed: module 'backend.strategies' has no attribute 'backtester'</failure></testcase><testcase classname="tests.behavioral.test_real_world_validation.TestBehavioralScenarios" name="test_risk_limits_enforcement" time="0.003" /><testcase classname="tests.behavioral.test_real_world_validation.TestBehavioralScenarios" name="test_portfolio_rebalancing_logic" time="0.008"><failure message="Failed: Portfolio rebalancing logic failed: module 'backend.services' has no attribute 'portfolio_service'">tests\behavioral\test_real_world_validation.py:96: in test_portfolio_rebalancing_logic
    with patch('backend.services.portfolio_service.PortfolioService') as mock_portfolio:
..\..\AppData\Local\Programs\Python\Python312\Lib\unittest\mock.py:1442: in __enter__
    self.target = self.getter()
                  ^^^^^^^^^^^^^
..\..\AppData\Local\Programs\Python\Python312\Lib\pkgutil.py:528: in resolve_name
    result = getattr(result, p)
             ^^^^^^^^^^^^^^^^^^
E   AttributeError: module 'backend.services' has no attribute 'portfolio_service'

During handling of the above exception, another exception occurred:
tests\behavioral\test_real_world_validation.py:141: in test_portfolio_rebalancing_logic
    pytest.fail(f"Portfolio rebalancing logic failed: {e}")
E   Failed: Portfolio rebalancing logic failed: module 'backend.services' has no attribute 'portfolio_service'</failure></testcase><testcase classname="tests.chaos.test_broker_faults.TestBrokerChaosFaults" name="test_broker_502_503_retry_pattern" time="1.227" /><testcase classname="tests.chaos.test_broker_faults.TestBrokerChaosFaults" name="test_broker_timeout_handling" time="6.030" /><testcase classname="tests.chaos.test_broker_faults.TestBrokerChaosFaults" name="test_broker_connection_chaos" time="3.896" /><testcase classname="tests.chaos.test_broker_faults.TestBrokerChaosFaults" name="test_broker_partial_failure_cascade" time="0.011" /><testcase classname="tests.chaos.test_broker_faults.TestBrokerChaosFaults" name="test_broker_rate_limiting_backoff" time="3.040" /><testcase classname="tests.chaos.test_broker_faults.TestBrokerChaosFaults" name="test_broker_data_corruption_detection" time="0.012" /><testcase classname="tests.chaos.test_chaos_suite.TestCircuitBreakerChaos" name="test_circuit_breaker_opens_on_consecutive_failures" time="0.009" /><testcase classname="tests.chaos.test_chaos_suite.TestCircuitBreakerChaos" name="test_circuit_breaker_recovery_after_timeout" time="0.221" /><testcase classname="tests.chaos.test_chaos_suite.TestCircuitBreakerChaos" name="test_circuit_breaker_with_timeout_injection" time="1.029" /><testcase classname="tests.chaos.test_chaos_suite.TestRetryMechanismChaos" name="test_retry_with_intermittent_failures" time="0.319" /><testcase classname="tests.chaos.test_chaos_suite.TestRetryMechanismChaos" name="test_retry_exhaustion_sends_to_dlq" time="0.330" /><testcase classname="tests.chaos.test_chaos_suite.TestRetryMechanismChaos" name="test_exponential_backoff_timing" time="0.322" /><testcase classname="tests.chaos.test_chaos_suite.TestDatabaseChaos" name="test_database_connection_failures" time="0.212" /><testcase classname="tests.chaos.test_chaos_suite.TestDatabaseChaos" name="test_database_transaction_rollback_on_failure" time="0.010" /><testcase classname="tests.chaos.test_chaos_suite.TestExternalAPIResilienceChaos" name="test_broker_api_timeout_handling" time="2.042" /><testcase classname="tests.chaos.test_chaos_suite.TestExternalAPIResilienceChaos" name="test_broker_api_rate_limit_handling" time="1.875" /><testcase classname="tests.chaos.test_chaos_suite.TestExternalAPIResilienceChaos" name="test_market_data_feed_interruption" time="1.869" /><testcase classname="tests.chaos.test_chaos_suite.TestIdempotencyChaos" name="test_idempotent_order_submission_under_retries" time="0.009" /><testcase classname="tests.chaos.test_chaos_suite.TestIdempotencyChaos" name="test_idempotency_with_partial_failures" time="0.843" /><testcase classname="tests.chaos.test_chaos_suite.TestChaosSchedulingIntegration" name="test_chaos_test_discovery" time="0.014" /><testcase classname="tests.chaos.test_chaos_suite.TestChaosSchedulingIntegration" name="test_chaos_test_reporting" time="0.006" /></testsuite></testsuites>