<?xml version="1.0" encoding="utf-8"?><testsuites name="pytest tests"><testsuite name="pytest" errors="4" failures="1" skipped="0" tests="27" time="1.925" timestamp="2025-08-28T23:54:40.902081-07:00" hostname="BOOK-FVJOEO3Q00"><testcase classname="tests.test_ensemble_model_coverage_gaps.TestImportPathCoverage" name="test_tensorflow_import_success_path" time="0.006" /><testcase classname="tests.test_ensemble_model_coverage_gaps.TestImportPathCoverage" name="test_tensorflow_disabled_by_env_var" time="0.002" /><testcase classname="tests.test_ensemble_model_coverage_gaps.TestImportPathCoverage" name="test_sklearn_import_success_path" time="0.004" /><testcase classname="tests.test_ensemble_model_coverage_gaps.TestImportPathCoverage" name="test_xgboost_import_success_path" time="0.003" /><testcase classname="tests.test_ensemble_model_coverage_gaps.TestImportPathCoverage" name="test_disable_ml_environment_variable" time="0.004" /><testcase classname="tests.test_ensemble_model_coverage_gaps.TestImportPathCoverage" name="test_pytest_running_environment_variable" time="0.002" /><testcase classname="tests.test_ensemble_model_coverage_gaps.TestImportPathCoverage" name="test_import_error_coverage_direct" time="0.001" /><testcase classname="tests.test_ensemble_model_coverage_gaps.TestNoOpModelCoverage" name="test_noop_model_initialization" time="0.012" /><testcase classname="tests.test_ensemble_model_coverage_gaps.TestNoOpModelCoverage" name="test_noop_model_train_method" time="0.015" /><testcase classname="tests.test_ensemble_model_coverage_gaps.TestNoOpModelCoverage" name="test_noop_model_predict_method" time="0.011" /><testcase classname="tests.test_ensemble_model_coverage_gaps.TestNoOpModelCoverage" name="test_noop_model_save_method" time="0.012" /><testcase classname="tests.test_ensemble_model_coverage_gaps.TestNoOpModelCoverage" name="test_noop_model_load_method" time="0.010" /><testcase classname="tests.test_ensemble_model_coverage_gaps.TestFactoryFunctions" name="test_create_noop_ensemble_with_ml_disabled" time="0.011" /><testcase classname="tests.test_ensemble_model_coverage_gaps.TestFactoryFunctions" name="test_create_noop_ensemble_with_ml_enabled" time="0.131" /><testcase classname="tests.test_ensemble_model_coverage_gaps.TestErrorHandlingPaths" name="test_feature_pipeline_import_error" time="0.002" /><testcase classname="tests.test_ensemble_model_focused_coverage.TestMLOpsImportHandling" name="test_mlops_disabled_by_default" time="0.001" /><testcase classname="tests.test_ensemble_model_focused_coverage.TestLoggingPaths" name="test_audit_logging_in_train_models" time="0.013"><failure message="AssertionError: Expected 'info' to have been called once. Called 0 times.">tests\test_ensemble_model_focused_coverage.py:55: in test_audit_logging_in_train_models
    mock_audit.info.assert_called_once()
..\..\AppData\Local\Programs\Python\Python312\Lib\unittest\mock.py:923: in assert_called_once
    raise AssertionError(msg)
E   AssertionError: Expected 'info' to have been called once. Called 0 times.</failure></testcase><testcase classname="tests.test_ensemble_model_focused_coverage.TestLoggingPaths" name="test_feature_validation_error_logging" time="0.002" /><testcase classname="tests.test_ensemble_model_focused_coverage.TestExceptionHandlingPaths" name="test_lstm_training_exception_handling" time="0.009" /><testcase classname="tests.test_ensemble_model_focused_coverage.TestExceptionHandlingPaths" name="test_random_forest_training_exception_handling" time="0.009" /><testcase classname="tests.test_ensemble_model_focused_coverage.TestDataValidationPaths" name="test_predict_basic_functionality" time="0.006" /><testcase classname="tests.test_ensemble_model_focused_coverage.TestDataValidationPaths" name="test_empty_dataframe_handling_in_predict" time="0.003" /><testcase classname="tests.test_ensemble_model_focused_coverage.TestModelStateManagement" name="test_mlops_enabled_state_check" time="0.005" /><testcase classname="tests.test_ensemble_model_ml_enabled.TestLSTMWithActualTensorFlow" name="test_lstm_build_model_functionality" time="0.001"><error message="failed on setup with &quot;NameError: name 'os' is not defined. Did you forget to import 'os'&quot;">tests\test_ensemble_model_ml_enabled.py:19: in ensure_ml_enabled
    os.environ.pop("DISABLE_ML", None)
    ^^
E   NameError: name 'os' is not defined. Did you forget to import 'os'</error></testcase><testcase classname="tests.test_ensemble_model_ml_enabled.TestLSTMWithActualTensorFlow" name="test_lstm_sequence_preparation" time="0.001"><error message="failed on setup with &quot;NameError: name 'os' is not defined. Did you forget to import 'os'&quot;">tests\test_ensemble_model_ml_enabled.py:19: in ensure_ml_enabled
    os.environ.pop("DISABLE_ML", None)
    ^^
E   NameError: name 'os' is not defined. Did you forget to import 'os'</error></testcase><testcase classname="tests.test_ensemble_model_ml_enabled.TestXGBoostWithActualLibrary" name="test_xgboost_training_with_real_data" time="0.001"><error message="failed on setup with &quot;NameError: name 'os' is not defined. Did you forget to import 'os'&quot;">tests\test_ensemble_model_ml_enabled.py:19: in ensure_ml_enabled
    os.environ.pop("DISABLE_ML", None)
    ^^
E   NameError: name 'os' is not defined. Did you forget to import 'os'</error></testcase><testcase classname="tests.test_ensemble_model_ml_enabled.TestXGBoostWithActualLibrary" name="test_xgboost_cross_validation" time="0.001"><error message="failed on setup with &quot;NameError: name 'os' is not defined. Did you forget to import 'os'&quot;">tests\test_ensemble_model_ml_enabled.py:19: in ensure_ml_enabled
    os.environ.pop("DISABLE_ML", None)
    ^^
E   NameError: name 'os' is not defined. Did you forget to import 'os'</error></testcase></testsuite></testsuites>