<?xml version="1.0" encoding="utf-8"?><testsuites name="pytest tests"><testsuite name="pytest" errors="0" failures="5" skipped="0" tests="32" time="4.499" timestamp="2025-08-28T23:55:24.598862-07:00" hostname="BOOK-FVJOEO3Q00"><testcase classname="tests.test_ensemble_model_phase7b4_final.TestEnsembleModelAdvancedTrainingPhase7B4" name="test_train_with_mlops_enabled" time="0.019" /><testcase classname="tests.test_ensemble_model_phase7b4_final.TestEnsembleModelAdvancedTrainingPhase7B4" name="test_train_models_target_alignment" time="0.011" /><testcase classname="tests.test_ensemble_model_phase7b4_final.TestEnsembleModelAdvancedTrainingPhase7B4" name="test_train_with_large_dataset_simulation" time="0.011" /><testcase classname="tests.test_ensemble_model_phase7b4_final.TestEnsembleModelAdvancedTrainingPhase7B4" name="test_train_with_invalid_target_values" time="0.008" /><testcase classname="tests.test_ensemble_model_phase7b4_final.TestEnsembleModelPredictionAdvancedPhase7B4" name="test_predict_with_mlops_telemetry" time="0.007" /><testcase classname="tests.test_ensemble_model_phase7b4_final.TestEnsembleModelPredictionAdvancedPhase7B4" name="test_predict_confidence_calculation" time="0.008" /><testcase classname="tests.test_ensemble_model_phase7b4_final.TestEnsembleModelPredictionAdvancedPhase7B4" name="test_predict_with_zero_weights" time="0.007" /><testcase classname="tests.test_ensemble_model_phase7b4_final.TestEnsembleModelPredictionAdvancedPhase7B4" name="test_predict_metadata_completeness" time="0.006" /><testcase classname="tests.test_ensemble_model_phase7b4_final.TestEnsembleModelPredictionAdvancedPhase7B4" name="test_predict_with_different_data_types" time="0.007" /><testcase classname="tests.test_ensemble_model_phase7b4_final.TestLSTMModelAdvancedPhase7B4" name="test_lstm_with_different_parameters" time="0.001" /><testcase classname="tests.test_ensemble_model_phase7b4_final.TestLSTMModelAdvancedPhase7B4" name="test_lstm_sequence_length_edge_cases" time="0.002" /><testcase classname="tests.test_ensemble_model_phase7b4_final.TestLSTMModelAdvancedPhase7B4" name="test_lstm_train_with_callback_simulation" time="0.005" /><testcase classname="tests.test_ensemble_model_phase7b4_final.TestLSTMModelAdvancedPhase7B4" name="test_lstm_random_seed_handling" time="0.001" /><testcase classname="tests.test_ensemble_model_phase7b4_final.TestXGBoostModelAdvancedPhase7B4" name="test_xgboost_feature_importance_tracking" time="0.005" /><testcase classname="tests.test_ensemble_model_phase7b4_final.TestXGBoostModelAdvancedPhase7B4" name="test_xgboost_predict_with_feature_importance" time="0.002" /><testcase classname="tests.test_ensemble_model_phase7b4_final.TestXGBoostModelAdvancedPhase7B4" name="test_xgboost_training_score_tracking" time="0.005" /><testcase classname="tests.test_ensemble_model_phase7b4_final.TestRandomForestModelAdvancedPhase7B4" name="test_rf_out_of_bag_score_tracking" time="0.005" /><testcase classname="tests.test_ensemble_model_phase7b4_final.TestRandomForestModelAdvancedPhase7B4" name="test_rf_feature_importance_structure" time="0.001" /><testcase classname="tests.test_ensemble_model_phase7b4_final.TestRandomForestModelAdvancedPhase7B4" name="test_rf_predict_with_confidence_calculation" time="0.003" /><testcase classname="tests.test_ensemble_model_phase7b4_final.TestEnsembleModelErrorRecoveryPhase7B4" name="test_prediction_with_model_exceptions" time="0.008" /><testcase classname="tests.test_ensemble_model_phase7b4_final.TestEnsembleModelErrorRecoveryPhase7B4" name="test_prediction_with_all_models_failing" time="0.009" /><testcase classname="tests.test_ensemble_model_phase7b4_final.TestEnsembleModelErrorRecoveryPhase7B4" name="test_training_partial_failure_handling" time="0.012" /><testcase classname="tests.test_ensemble_model_phase7b4_final.TestModuleConstantsPhase7B4" name="test_disable_ml_flag" time="0.002" /><testcase classname="tests.test_ensemble_model_phase7b4_final.TestModuleConstantsPhase7B4" name="test_library_availability_flags" time="0.003" /><testcase classname="tests.test_ensemble_model_phase7b4_final.TestModuleConstantsPhase7B4" name="test_environment_variable_handling" time="0.002"><failure message="AssertionError: assert None == '1'&#10; +  where None = get('DISABLE_ML')&#10; +    where get = environ({'ALLUSERSPROFILE': 'C:\\ProgramData', 'APPDATA': 'C:\\Users\\Marsel\\AppData\\Roaming', 'BUNDLED_DEBUGPY_PATH...'tests/test_ensemble_model_phase7b4_final.py::TestModuleConstantsPhase7B4::test_environment_variable_handling (call)'}).get&#10; +      where environ({'ALLUSERSPROFILE': 'C:\\ProgramData', 'APPDATA': 'C:\\Users\\Marsel\\AppData\\Roaming', 'BUNDLED_DEBUGPY_PATH...'tests/test_ensemble_model_phase7b4_final.py::TestModuleConstantsPhase7B4::test_environment_variable_handling (call)'}) = os.environ">tests\test_ensemble_model_phase7b4_final.py:472: in test_environment_variable_handling
    assert os.environ.get('DISABLE_ML') == '1'
E   AssertionError: assert None == '1'
E    +  where None = get('DISABLE_ML')
E    +    where get = environ({'ALLUSERSPROFILE': 'C:\\ProgramData', 'APPDATA': 'C:\\Users\\Marsel\\AppData\\Roaming', 'BUNDLED_DEBUGPY_PATH...'tests/test_ensemble_model_phase7b4_final.py::TestModuleConstantsPhase7B4::test_environment_variable_handling (call)'}).get
E    +      where environ({'ALLUSERSPROFILE': 'C:\\ProgramData', 'APPDATA': 'C:\\Users\\Marsel\\AppData\\Roaming', 'BUNDLED_DEBUGPY_PATH...'tests/test_ensemble_model_phase7b4_final.py::TestModuleConstantsPhase7B4::test_environment_variable_handling (call)'}) = os.environ</failure></testcase><testcase classname="tests.test_ensemble_model_phase7b4_line_coverage.TestMaximumLineCoverage" name="test_import_paths_with_env_manipulation" time="0.122" /><testcase classname="tests.test_ensemble_model_phase7b4_line_coverage.TestMaximumLineCoverage" name="test_sklearn_import_paths" time="0.020" /><testcase classname="tests.test_ensemble_model_phase7b4_line_coverage.TestMaximumLineCoverage" name="test_xgboost_import_paths" time="0.112" /><testcase classname="tests.test_ensemble_model_phase7b4_line_coverage.TestMaximumLineCoverage" name="test_model_stub_classes_coverage" time="0.002"><failure message="AttributeError: 'ModelStub' object has no attribute 'train'">tests\test_ensemble_model_phase7b4_line_coverage.py:121: in test_model_stub_classes_coverage
    result = asyncio.run(stub.train())
                         ^^^^^^^^^^
E   AttributeError: 'ModelStub' object has no attribute 'train'</failure></testcase><testcase classname="tests.test_ensemble_model_phase7b4_line_coverage.TestMaximumLineCoverage" name="test_lstm_tensorflow_available_training" time="0.005"><failure message="AttributeError: module 'tensorflow' has no attribute 'random'">tests\test_ensemble_model_phase7b4_line_coverage.py:131: in test_lstm_tensorflow_available_training
    model = LSTMModel(sequence_length=5, features=3)
            ^^^^^^^^^^^^^^^^^^^^^^^^^^^^^^^^^^^^^^^^
backend\models\ensemble_model.py:249: in __init__
    tf.random.set_seed(self.random_seed)
    ^^^^^^^^^
E   AttributeError: module 'tensorflow' has no attribute 'random'</failure></testcase><testcase classname="tests.test_ensemble_model_phase7b4_line_coverage.TestMaximumLineCoverage" name="test_lstm_build_model_tensorflow_available" time="0.002"><failure message="TypeError: LSTMModel.__init__() got an unexpected keyword argument 'dropout_rate'">tests\test_ensemble_model_phase7b4_line_coverage.py:170: in test_lstm_build_model_tensorflow_available
    model = LSTMModel(sequence_length=10, features=5, dropout_rate=0.3)
            ^^^^^^^^^^^^^^^^^^^^^^^^^^^^^^^^^^^^^^^^^^^^^^^^^^^^^^^^^^^
E   TypeError: LSTMModel.__init__() got an unexpected keyword argument 'dropout_rate'</failure></testcase><testcase classname="tests.test_ensemble_model_phase7b4_line_coverage.TestMaximumLineCoverage" name="test_xgboost_cross_validation_training" time="2.266"><failure message="AttributeError: &lt;module 'xgboost'&gt; does not have the attribute 'XGBRegressor'">tests\test_ensemble_model_phase7b4_line_coverage.py:226: in test_xgboost_cross_validation_training
    with patch('xgboost.XGBRegressor', return_value=mock_xgb_model):
..\..\AppData\Local\Programs\Python\Python312\Lib\unittest\mock.py:1458: in __enter__
    original, local = self.get_original()
                      ^^^^^^^^^^^^^^^^^^^
..\..\AppData\Local\Programs\Python\Python312\Lib\unittest\mock.py:1431: in get_original
    raise AttributeError(
E   AttributeError: &lt;module 'xgboost'&gt; does not have the attribute 'XGBRegressor'</failure></testcase></testsuite></testsuites>