<?xml version="1.0" encoding="utf-8"?><testsuites name="pytest tests"><testsuite name="pytest" errors="0" failures="2" skipped="1" tests="15" time="18.241" timestamp="2025-08-29T00:05:21.208867-07:00" hostname="BOOK-FVJOEO3Q00"><testcase classname="tests.database.test_database_comprehensive.TestDatabaseComprehensive" name="test_database_main_import" time="0.003" /><testcase classname="tests.database.test_database_comprehensive.TestDatabaseComprehensive" name="test_database_connection_handling" time="0.016" /><testcase classname="tests.database.test_database_comprehensive.TestDatabaseComprehensive" name="test_repository_patterns" time="0.055"><skipped type="pytest.skip" message="Repository patterns test failed: attempted relative import beyond top-level package">C:\Users\Marsel\intra\algotrading_platform\tests\database\test_database_comprehensive.py:74: Repository patterns test failed: attempted relative import beyond top-level package</skipped></testcase><testcase classname="tests.database.test_database_comprehensive.TestDatabaseComprehensive" name="test_database_models_structure" time="0.002" /><testcase classname="tests.db.test_repositories_enhanced_sqlite.TestEnhancedOrdersRepositorySQLite" name="test_bulk_insert_orders_performance" time="1.549"><failure message="assert 100 == 20">tests\db\test_repositories_enhanced_sqlite.py:215: in test_bulk_insert_orders_performance
    assert query_result[0] == 20  # account-0 with SYMBOL0
    ^^^^^^^^^^^^^^^^^^^^^^^^^^^^
E   assert 100 == 20</failure></testcase><testcase classname="tests.db.test_repositories_enhanced_sqlite.TestEnhancedOrdersRepositorySQLite" name="test_complex_order_filtering_and_sorting" time="1.533" /><testcase classname="tests.db.test_repositories_enhanced_sqlite.TestEnhancedOrdersRepositorySQLite" name="test_order_status_transitions_and_timestamps" time="1.530" /><testcase classname="tests.db.test_repositories_enhanced_sqlite.TestEnhancedPositionsRepositorySQLite" name="test_position_aggregation_across_accounts" time="1.544" /><testcase classname="tests.db.test_repositories_enhanced_sqlite.TestEnhancedPositionsRepositorySQLite" name="test_position_updates_with_trade_impact" time="1.530" /><testcase classname="tests.db.test_repositories_enhanced_sqlite.TestEnhancedPositionsRepositorySQLite" name="test_position_risk_calculations" time="1.530" /><testcase classname="tests.db.test_repositories_enhanced_sqlite.TestEnhancedExecutionsRepositorySQLite" name="test_trade_execution_sequence_and_timing" time="1.518" /><testcase classname="tests.db.test_repositories_enhanced_sqlite.TestEnhancedExecutionsRepositorySQLite" name="test_trade_analytics_and_performance_metrics" time="1.514" /><testcase classname="tests.db.test_repositories_enhanced_sqlite.TestDatabaseIntegrityAndConstraints" name="test_referential_integrity_cascading_effects" time="1.526" /><testcase classname="tests.db.test_repositories_enhanced_sqlite.TestDatabaseIntegrityAndConstraints" name="test_concurrent_access_and_locking" time="1.529" /><testcase classname="tests.db.test_repositories_enhanced_sqlite.TestDatabaseIntegrityAndConstraints" name="test_data_type_validation_and_edge_cases" time="1.524"><failure message="assert 0 == 1e-06">tests\db\test_repositories_enhanced_sqlite.py:835: in test_data_type_validation_and_edge_cases
    assert edge_results[1][1] == 0.000001  # Small quantity preserved
    ^^^^^^^^^^^^^^^^^^^^^^^^^^^^^^^^^^^^^
E   assert 0 == 1e-06</failure></testcase></testsuite></testsuites>