<?xml version="1.0" encoding="utf-8"?><testsuites name="pytest tests"><testsuite name="pytest" errors="0" failures="1" skipped="1" tests="88" time="2.228" timestamp="2025-08-28T23:54:54.123528-07:00" hostname="BOOK-FVJOEO3Q00"><testcase classname="tests.test_ensemble_model_phase7a1.TestModelDataClasses" name="test_model_prediction_creation" time="0.004" /><testcase classname="tests.test_ensemble_model_phase7a1.TestModelDataClasses" name="test_model_performance_creation" time="0.002" /><testcase classname="tests.test_ensemble_model_phase7a1.TestNoOpFunctionality" name="test_noop_model_creation" time="0.002" /><testcase classname="tests.test_ensemble_model_phase7a1.TestNoOpFunctionality" name="test_noop_model_training" time="0.006" /><testcase classname="tests.test_ensemble_model_phase7a1.TestNoOpFunctionality" name="test_noop_model_prediction" time="0.002" /><testcase classname="tests.test_ensemble_model_phase7a1.TestNoOpFunctionality" name="test_create_noop_ensemble" time="0.002" /><testcase classname="tests.test_ensemble_model_phase7a1.TestIndividualModels" name="test_lstm_model_initialization" time="0.002" /><testcase classname="tests.test_ensemble_model_phase7a1.TestIndividualModels" name="test_xgboost_model_initialization" time="0.002" /><testcase classname="tests.test_ensemble_model_phase7a1.TestIndividualModels" name="test_random_forest_initialization" time="0.002" /><testcase classname="tests.test_ensemble_model_phase7a1.TestIndividualModels" name="test_lstm_training_fallback" time="0.009" /><testcase classname="tests.test_ensemble_model_phase7a1.TestIndividualModels" name="test_xgboost_training_fallback" time="0.006" /><testcase classname="tests.test_ensemble_model_phase7a1.TestIndividualModels" name="test_random_forest_training_fallback" time="0.006" /><testcase classname="tests.test_ensemble_model_phase7a1.TestEnsembleModel" name="test_ensemble_initialization" time="0.002" /><testcase classname="tests.test_ensemble_model_phase7a1.TestEnsembleModel" name="test_model_availability_flags" time="0.002" /><testcase classname="tests.test_ensemble_model_phase7a1.TestEnsembleModel" name="test_ensemble_training_workflow" time="0.016" /><testcase classname="tests.test_ensemble_model_phase7a1.TestEnsembleModel" name="test_weight_management" time="0.003" /><testcase classname="tests.test_ensemble_model_phase7a1.TestEnsembleModel" name="test_model_status_reporting" time="0.002" /><testcase classname="tests.test_ensemble_model_phase7a1.TestPredictionGeneration" name="test_prediction_generation" time="0.018" /><testcase classname="tests.test_ensemble_model_phase7a1.TestPredictionGeneration" name="test_prediction_combination_logic" time="0.002" /><testcase classname="tests.test_ensemble_model_phase7a1.TestModelPersistence" name="test_model_save_operations" time="0.005" /><testcase classname="tests.test_ensemble_model_phase7a1.TestModelPersistence" name="test_model_load_operations" time="0.004" /><testcase classname="tests.test_ensemble_model_phase7a1.TestMLOpsIntegration" name="test_mlops_configuration" time="0.002" /><testcase classname="tests.test_ensemble_model_phase7a1.TestMLOpsIntegration" name="test_model_manager_integration" time="0.004" /><testcase classname="tests.test_ensemble_model_phase7a1.TestMLOpsIntegration" name="test_model_registry_integration" time="0.002" /><testcase classname="tests.test_ensemble_model_phase7a1.TestErrorHandling" name="test_empty_data_handling" time="0.002" /><testcase classname="tests.test_ensemble_model_phase7a1.TestErrorHandling" name="test_invalid_data_types" time="0.001" /><testcase classname="tests.test_ensemble_model_phase7a1.TestErrorHandling" name="test_training_failure_recovery" time="0.015"><failure message="Failed: DID NOT RAISE &lt;class 'Exception'&gt;">tests\test_ensemble_model_phase7a1.py:441: in test_training_failure_recovery
    with pytest.raises(Exception, match="Training failed"):
E   Failed: DID NOT RAISE &lt;class 'Exception'&gt;</failure></testcase><testcase classname="tests.test_ensemble_model_phase7a1.TestPerformanceTracking" name="test_performance_history_tracking" time="0.002" /><testcase classname="tests.test_ensemble_model_phase7a1.TestPerformanceTracking" name="test_weight_optimization" time="0.002" /><testcase classname="tests.test_ensemble_model_phase7a1.TestIntegrationScenarios" name="test_complete_workflow" time="0.017" /><testcase classname="tests.test_ensemble_model_phase7a1.TestIntegrationScenarios" name="test_concurrent_operations" time="0.002" /><testcase classname="tests.test_ensemble_model_phase7a1.TestIntegrationScenarios" name="test_memory_usage_patterns" time="0.003" /><testcase classname="tests.test_ensemble_model_phase7a1_extended.TestLSTMModelDetailed" name="test_lstm_model_properties" time="0.001" /><testcase classname="tests.test_ensemble_model_phase7a1_extended.TestLSTMModelDetailed" name="test_lstm_model_with_insufficient_data" time="0.005" /><testcase classname="tests.test_ensemble_model_phase7a1_extended.TestLSTMModelDetailed" name="test_lstm_predict_untrained" time="0.002" /><testcase classname="tests.test_ensemble_model_phase7a1_extended.TestXGBoostModelDetailed" name="test_xgboost_with_invalid_features" time="0.004" /><testcase classname="tests.test_ensemble_model_phase7a1_extended.TestXGBoostModelDetailed" name="test_xgboost_predict_edge_cases" time="0.002" /><testcase classname="tests.test_ensemble_model_phase7a1_extended.TestRandomForestModelDetailed" name="test_random_forest_large_dataset" time="0.006" /><testcase classname="tests.test_ensemble_model_phase7a1_extended.TestRandomForestModelDetailed" name="test_random_forest_prediction_consistency" time="0.002" /><testcase classname="tests.test_ensemble_model_phase7a1_extended.TestEnsembleModelAdvanced" name="test_ensemble_logging_integration" time="0.003" /><testcase classname="tests.test_ensemble_model_phase7a1_extended.TestEnsembleModelAdvanced" name="test_ensemble_model_weights_edge_cases" time="0.003" /><testcase classname="tests.test_ensemble_model_phase7a1_extended.TestEnsembleModelAdvanced" name="test_ensemble_model_status_detailed" time="0.002" /><testcase classname="tests.test_ensemble_model_phase7a1_extended.TestModelPersistenceDetailed" name="test_model_save_path_creation" time="0.003" /><testcase classname="tests.test_ensemble_model_phase7a1_extended.TestModelPersistenceDetailed" name="test_model_load_missing_files" time="0.004" /><testcase classname="tests.test_ensemble_model_phase7a1_extended.TestModelPersistenceDetailed" name="test_model_versioning_logic" time="0.007" /><testcase classname="tests.test_ensemble_model_phase7a1_extended.TestFeatureEngineeringIntegration" name="test_feature_pipeline_integration" time="0.007" /><testcase classname="tests.test_ensemble_model_phase7a1_extended.TestFeatureEngineeringIntegration" name="test_ensemble_without_feature_pipeline" time="0.006" /><testcase classname="tests.test_ensemble_model_phase7a1_extended.TestMLOpsIntegrationDetailed" name="test_model_registry_operations" time="0.002" /><testcase classname="tests.test_ensemble_model_phase7a1_extended.TestMLOpsIntegrationDetailed" name="test_mlops_enabled_operations" time="0.002"><skipped type="pytest.skip" message="MLOpsConfig initialization issues in test environment">C:\Users\Marsel\intra\algotrading_platform\tests\test_ensemble_model_phase7a1_extended.py:284: MLOpsConfig initialization issues in test environment</skipped></testcase><testcase classname="tests.test_ensemble_model_phase7a1_extended.TestDataValidationAndProcessing" name="test_data_alignment_logic" time="0.010" /><testcase classname="tests.test_ensemble_model_phase7a1_extended.TestDataValidationAndProcessing" name="test_target_creation_logic" time="0.008" /><testcase classname="tests.test_ensemble_model_phase7a1_extended.TestErrorHandlingExtensive" name="test_invalid_symbol_handling" time="0.019" /><testcase classname="tests.test_ensemble_model_phase7a1_extended.TestErrorHandlingExtensive" name="test_memory_intensive_operations" time="0.016" /><testcase classname="tests.test_ensemble_model_phase7a1_extended.TestPerformanceOptimizations" name="test_weight_update_performance" time="0.003" /><testcase classname="tests.test_ensemble_model_phase7a1_extended.TestPerformanceOptimizations" name="test_prediction_caching_behavior" time="0.009" /><testcase classname="tests.test_ensemble_model_phase7a1_extended.TestLoadAndStress" name="test_concurrent_model_access" time="0.001" /><testcase classname="tests.test_ensemble_model_phase7a1_extended.TestLoadAndStress" name="test_rapid_weight_updates" time="0.010" /><testcase classname="tests.test_ensemble_model_phase7a1_extended.TestExternalIntegration" name="test_file_system_operations" time="0.004" /><testcase classname="tests.test_ensemble_model_phase7a1_extended.TestExternalIntegration" name="test_json_serialization_compatibility" time="0.001" /><testcase classname="tests.test_ensemble_model_phase7b4.TestModelDataStructuresPhase7B4" name="test_model_prediction_structure" time="0.001" /><testcase classname="tests.test_ensemble_model_phase7b4.TestModelDataStructuresPhase7B4" name="test_model_performance_structure" time="0.001" /><testcase classname="tests.test_ensemble_model_phase7b4.TestModelDataStructuresPhase7B4" name="test_schema_mismatch_error" time="0.001" /><testcase classname="tests.test_ensemble_model_phase7b4.TestNoOpModelPhase7B4" name="test_noop_model_initialization" time="0.002" /><testcase classname="tests.test_ensemble_model_phase7b4.TestNoOpModelPhase7B4" name="test_noop_model_async_train" time="0.006" /><testcase classname="tests.test_ensemble_model_phase7b4.TestNoOpModelPhase7B4" name="test_noop_model_predict" time="0.002" /><testcase classname="tests.test_ensemble_model_phase7b4.TestNoOpModelPhase7B4" name="test_noop_model_save_load" time="0.002" /><testcase classname="tests.test_ensemble_model_phase7b4.TestNoOpModelPhase7B4" name="test_create_noop_ensemble" time="0.002" /><testcase classname="tests.test_ensemble_model_phase7b4.TestLSTMModelPhase7B4" name="test_lstm_initialization" time="0.002" /><testcase classname="tests.test_ensemble_model_phase7b4.TestLSTMModelPhase7B4" name="test_lstm_default_initialization" time="0.002" /><testcase classname="tests.test_ensemble_model_phase7b4.TestLSTMModelPhase7B4" name="test_lstm_build_model" time="0.002" /><testcase classname="tests.test_ensemble_model_phase7b4.TestLSTMModelPhase7B4" name="test_lstm_prepare_sequences" time="0.003" /><testcase classname="tests.test_ensemble_model_phase7b4.TestLSTMModelPhase7B4" name="test_lstm_train_with_disabled_ml" time="0.005" /><testcase classname="tests.test_ensemble_model_phase7b4.TestLSTMModelPhase7B4" name="test_lstm_train_empty_data" time="0.004" /><testcase classname="tests.test_ensemble_model_phase7b4.TestLSTMModelPhase7B4" name="test_lstm_train_insufficient_data" time="0.004" /><testcase classname="tests.test_ensemble_model_phase7b4.TestXGBoostModelPhase7B4" name="test_xgboost_initialization" time="0.002" /><testcase classname="tests.test_ensemble_model_phase7b4.TestXGBoostModelPhase7B4" name="test_xgboost_train_with_disabled_ml" time="0.004" /><testcase classname="tests.test_ensemble_model_phase7b4.TestXGBoostModelPhase7B4" name="test_xgboost_train_empty_data" time="0.005" /><testcase classname="tests.test_ensemble_model_phase7b4.TestXGBoostModelPhase7B4" name="test_xgboost_train_mismatched_data" time="0.004" /><testcase classname="tests.test_ensemble_model_phase7b4.TestXGBoostModelPhase7B4" name="test_xgboost_predict_untrained" time="0.002" /><testcase classname="tests.test_ensemble_model_phase7b4.TestXGBoostModelPhase7B4" name="test_xgboost_predict_empty_features" time="0.002" /><testcase classname="tests.test_ensemble_model_phase7b4.TestRandomForestModelPhase7B4" name="test_rf_initialization" time="0.001" /><testcase classname="tests.test_ensemble_model_phase7b4.TestRandomForestModelPhase7B4" name="test_rf_train_with_disabled_ml" time="0.004" /><testcase classname="tests.test_ensemble_model_phase7b4.TestRandomForestModelPhase7B4" name="test_rf_train_insufficient_data" time="0.004" /><testcase classname="tests.test_ensemble_model_phase7b4.TestRandomForestModelPhase7B4" name="test_rf_predict_untrained" time="0.002" /><testcase classname="tests.test_ensemble_model_phase7b4.TestEnsembleModelInitializationPhase7B4" name="test_ensemble_initialization" time="0.002" /><testcase classname="tests.test_ensemble_model_phase7b4.TestEnsembleModelInitializationPhase7B4" name="test_ensemble_model_types" time="0.002" /><testcase classname="tests.test_ensemble_model_phase7b4.TestEnsembleModelInitializationPhase7B4" name="test_ensemble_mlops_disabled" time="0.002" /><testcase classname="tests.test_ensemble_model_phase7b4.TestEnsembleModelInitializationPhase7B4" name="test_ensemble_weights_sum" time="0.002" /></testsuite></testsuites>