<?xml version="1.0" encoding="utf-8"?><testsuites name="pytest tests"><testsuite name="pytest" errors="0" failures="5" skipped="2" tests="9" time="0.566" timestamp="2025-09-14T20:42:11.797005-07:00" hostname="BOOK-FVJOEO3Q00"><testcase classname="tests.infra.test_resilience_comprehensive.TestResilienceInfrastructureComprehensive" name="test_resilience_infrastructure_import" time="0.003"><failure message="ValueError: Duplicated timeseries in CollectorRegistry: {'resilience_circuit_breaker_state_changes_total', 'resilience_circuit_breaker_state_changes', 'resilience_circuit_breaker_state_changes_created'}">tests\infra\test_resilience_comprehensive.py:22: in test_resilience_infrastructure_import
    from infra import resilience
backend\infra\resilience.py:29: in &lt;module&gt;
    circuit_breaker_state_changes = Counter(
venv\Lib\site-packages\prometheus_client\metrics.py:132: in __init__
    registry.register(self)
venv\Lib\site-packages\prometheus_client\registry.py:43: in register
    raise ValueError(
E   ValueError: Duplicated timeseries in CollectorRegistry: {'resilience_circuit_breaker_state_changes_total', 'resilience_circuit_breaker_state_changes', 'resilience_circuit_breaker_state_changes_created'}</failure></testcase><testcase classname="tests.infra.test_resilience_comprehensive.TestResilienceInfrastructureComprehensive" name="test_resilience_patterns_implementation" time="0.001"><skipped type="pytest.skip" message="Resilience patterns test failed: Duplicated timeseries in CollectorRegistry: {'resilience_circuit_breaker_state_changes_total', 'resilience_circuit_breaker_state_changes', 'resilience_circuit_breaker_state_changes_created'}">C:\Users\Marsel\intra\algotrading_platform\tests\infra\test_resilience_comprehensive.py:48: Resilience patterns test failed: Duplicated timeseries in CollectorRegistry: {'resilience_circuit_breaker_state_changes_total', 'resilience_circuit_breaker_state_changes', 'resilience_circuit_breaker_state_changes_created'}</skipped></testcase><testcase classname="tests.infra.test_resilience_comprehensive.TestResilienceInfrastructureComprehensive" name="test_fault_tolerance_mechanisms" time="0.001"><skipped type="pytest.skip" message="Fault tolerance mechanisms test failed: Duplicated timeseries in CollectorRegistry: {'resilience_circuit_breaker_state_changes_total', 'resilience_circuit_breaker_state_changes', 'resilience_circuit_breaker_state_changes_created'}">C:\Users\Marsel\intra\algotrading_platform\tests\infra\test_resilience_comprehensive.py:75: Fault tolerance mechanisms test failed: Duplicated timeseries in CollectorRegistry: {'resilience_circuit_breaker_state_changes_total', 'resilience_circuit_breaker_state_changes', 'resilience_circuit_breaker_state_changes_created'}</skipped></testcase><testcase classname="tests.infra.test_resilience_outbox_smoke" name="test_retry_decorator_smoke" time="0.001" /><testcase classname="tests.infra.test_resilience_outbox_smoke" name="test_outbox_smoke" time="0.000" /><testcase classname="tests.integration.test_api_routes_comprehensive.TestOrdersRoutesCoverage" name="test_submit_order_success_path" time="0.009"><failure message="AttributeError: &lt;module 'backend.api.routes.orders' from 'C:\\Users\\Marsel\\intra\\algotrading_platform\\backend\\api\\routes\\orders.py'&gt; does not have the attribute 'order_service'">..\..\AppData\Local\Programs\Python\Python312\Lib\unittest\mock.py:1387: in patched
    with self.decoration_helper(patched,
..\..\AppData\Local\Programs\Python\Python312\Lib\contextlib.py:137: in __enter__
    return next(self.gen)
           ^^^^^^^^^^^^^^
..\..\AppData\Local\Programs\Python\Python312\Lib\unittest\mock.py:1369: in decoration_helper
    arg = exit_stack.enter_context(patching)
          ^^^^^^^^^^^^^^^^^^^^^^^^^^^^^^^^^^
..\..\AppData\Local\Programs\Python\Python312\Lib\contextlib.py:526: in enter_context
    result = _enter(cm)
             ^^^^^^^^^^
..\..\AppData\Local\Programs\Python\Python312\Lib\unittest\mock.py:1458: in __enter__
    original, local = self.get_original()
                      ^^^^^^^^^^^^^^^^^^^
..\..\AppData\Local\Programs\Python\Python312\Lib\unittest\mock.py:1431: in get_original
    raise AttributeError(
E   AttributeError: &lt;module 'backend.api.routes.orders' from 'C:\\Users\\Marsel\\intra\\algotrading_platform\\backend\\api\\routes\\orders.py'&gt; does not have the attribute 'order_service'</failure></testcase><testcase classname="tests.integration.test_api_routes_comprehensive.TestOrdersRoutesCoverage" name="test_submit_order_validation_error" time="0.001"><failure message="AttributeError: &lt;module 'backend.api.routes.orders' from 'C:\\Users\\Marsel\\intra\\algotrading_platform\\backend\\api\\routes\\orders.py'&gt; does not have the attribute 'order_service'">..\..\AppData\Local\Programs\Python\Python312\Lib\unittest\mock.py:1387: in patched
    with self.decoration_helper(patched,
..\..\AppData\Local\Programs\Python\Python312\Lib\contextlib.py:137: in __enter__
    return next(self.gen)
           ^^^^^^^^^^^^^^
..\..\AppData\Local\Programs\Python\Python312\Lib\unittest\mock.py:1369: in decoration_helper
    arg = exit_stack.enter_context(patching)
          ^^^^^^^^^^^^^^^^^^^^^^^^^^^^^^^^^^
..\..\AppData\Local\Programs\Python\Python312\Lib\contextlib.py:526: in enter_context
    result = _enter(cm)
             ^^^^^^^^^^
..\..\AppData\Local\Programs\Python\Python312\Lib\unittest\mock.py:1458: in __enter__
    original, local = self.get_original()
                      ^^^^^^^^^^^^^^^^^^^
..\..\AppData\Local\Programs\Python\Python312\Lib\unittest\mock.py:1431: in get_original
    raise AttributeError(
E   AttributeError: &lt;module 'backend.api.routes.orders' from 'C:\\Users\\Marsel\\intra\\algotrading_platform\\backend\\api\\routes\\orders.py'&gt; does not have the attribute 'order_service'</failure></testcase><testcase classname="tests.integration.test_api_routes_comprehensive.TestOrdersRoutesCoverage" name="test_submit_order_service_exception" time="0.001"><failure message="AttributeError: &lt;module 'backend.api.routes.orders' from 'C:\\Users\\Marsel\\intra\\algotrading_platform\\backend\\api\\routes\\orders.py'&gt; does not have the attribute 'order_service'">..\..\AppData\Local\Programs\Python\Python312\Lib\unittest\mock.py:1387: in patched
    with self.decoration_helper(patched,
..\..\AppData\Local\Programs\Python\Python312\Lib\contextlib.py:137: in __enter__
    return next(self.gen)
           ^^^^^^^^^^^^^^
..\..\AppData\Local\Programs\Python\Python312\Lib\unittest\mock.py:1369: in decoration_helper
    arg = exit_stack.enter_context(patching)
          ^^^^^^^^^^^^^^^^^^^^^^^^^^^^^^^^^^
..\..\AppData\Local\Programs\Python\Python312\Lib\contextlib.py:526: in enter_context
    result = _enter(cm)
             ^^^^^^^^^^
..\..\AppData\Local\Programs\Python\Python312\Lib\unittest\mock.py:1458: in __enter__
    original, local = self.get_original()
                      ^^^^^^^^^^^^^^^^^^^
..\..\AppData\Local\Programs\Python\Python312\Lib\unittest\mock.py:1431: in get_original
    raise AttributeError(
E   AttributeError: &lt;module 'backend.api.routes.orders' from 'C:\\Users\\Marsel\\intra\\algotrading_platform\\backend\\api\\routes\\orders.py'&gt; does not have the attribute 'order_service'</failure></testcase><testcase classname="tests.integration.test_api_routes_comprehensive.TestOrdersRoutesCoverage" name="test_get_order_by_id_success" time="0.001"><failure message="AttributeError: &lt;module 'backend.api.routes.orders' from 'C:\\Users\\Marsel\\intra\\algotrading_platform\\backend\\api\\routes\\orders.py'&gt; does not have the attribute 'order_service'">..\..\AppData\Local\Programs\Python\Python312\Lib\unittest\mock.py:1387: in patched
    with self.decoration_helper(patched,
..\..\AppData\Local\Programs\Python\Python312\Lib\contextlib.py:137: in __enter__
    return next(self.gen)
           ^^^^^^^^^^^^^^
..\..\AppData\Local\Programs\Python\Python312\Lib\unittest\mock.py:1369: in decoration_helper
    arg = exit_stack.enter_context(patching)
          ^^^^^^^^^^^^^^^^^^^^^^^^^^^^^^^^^^
..\..\AppData\Local\Programs\Python\Python312\Lib\contextlib.py:526: in enter_context
    result = _enter(cm)
             ^^^^^^^^^^
..\..\AppData\Local\Programs\Python\Python312\Lib\unittest\mock.py:1458: in __enter__
    original, local = self.get_original()
                      ^^^^^^^^^^^^^^^^^^^
..\..\AppData\Local\Programs\Python\Python312\Lib\unittest\mock.py:1431: in get_original
    raise AttributeError(
E   AttributeError: &lt;module 'backend.api.routes.orders' from 'C:\\Users\\Marsel\\intra\\algotrading_platform\\backend\\api\\routes\\orders.py'&gt; does not have the attribute 'order_service'</failure></testcase></testsuite></testsuites>