<?xml version="1.0" encoding="utf-8"?><testsuites name="pytest tests"><testsuite name="pytest" errors="0" failures="0" skipped="0" tests="23" time="0.236" timestamp="2025-09-14T20:44:45.618819-07:00" hostname="BOOK-FVJOEO3Q00"><testcase classname="tests.phase3.test_signals_complete_coverage" name="test_strategy_manager_unavailable_line_169" time="0.025" /><testcase classname="tests.phase3.test_signals_complete_coverage" name="test_alpaca_client_unavailable_line_175" time="0.002" /><testcase classname="tests.phase3.test_signals_complete_coverage" name="test_empty_market_data_line_183" time="0.003" /><testcase classname="tests.phase3.test_signals_complete_coverage" name="test_http_exception_reraise_lines_205_207" time="0.003" /><testcase classname="tests.phase3.test_signals_complete_coverage" name="test_individual_symbol_processing_line_311" time="0.002" /><testcase classname="tests.phase3.test_signals_complete_coverage" name="test_http_exception_reraise_line_325" time="0.002" /><testcase classname="tests.phase3.test_signals_direct_coverage" name="test_import_signals_module" time="0.000" /><testcase classname="tests.phase3.test_signals_direct_coverage" name="test_signal_models_coverage" time="0.000" /><testcase classname="tests.phase3.test_signals_direct_coverage" name="test_dependency_services" time="0.002" /><testcase classname="tests.phase3.test_signals_direct_coverage" name="test_mock_service_functionality" time="0.002" /><testcase classname="tests.phase3.test_signals_direct_coverage" name="test_route_handler_logic" time="0.005" /><testcase classname="tests.phase3.test_signals_direct_coverage" name="test_error_handling_paths" time="0.001" /><testcase classname="tests.phase3.test_signals_direct_coverage" name="test_authentication_dependency" time="0.000" /><testcase classname="tests.phase3.test_signals_direct_coverage" name="test_backend_service_patch_paths" time="0.002" /><testcase classname="tests.phase3.test_signals_direct_coverage" name="test_route_signature_coverage" time="0.000" /><testcase classname="tests.phase3.test_signals_direct_coverage" name="test_advanced_signals_error_paths" time="0.002" /><testcase classname="tests.phase3.test_signals_direct_coverage" name="test_signals_100_percent_coverage" time="0.003" /><testcase classname="tests.phase3.test_signals_final_coverage" name="test_strategy_manager_unavailable" time="0.001" /><testcase classname="tests.phase3.test_signals_final_coverage" name="test_alpaca_client_unavailable" time="0.001" /><testcase classname="tests.phase3.test_signals_final_coverage" name="test_empty_market_data" time="0.002" /><testcase classname="tests.phase3.test_signals_final_coverage" name="test_http_exception_reraise" time="0.002" /><testcase classname="tests.phase3.test_signals_final_coverage" name="test_individual_symbol_processing" time="0.002" /><testcase classname="tests.phase3.test_signals_final_coverage" name="test_advanced_signals_exception_reraise" time="0.030" /></testsuite></testsuites>