<?xml version="1.0" encoding="utf-8"?><testsuites name="pytest tests"><testsuite name="pytest" errors="0" failures="5" skipped="0" tests="13" time="0.451" timestamp="2025-09-14T20:37:21.378670-07:00" hostname="BOOK-FVJOEO3Q00"><testcase classname="tests.test_outbox_resilience_coverage_fixed.TestOutboxEventCreation" name="test_create_outbox_event_basic" time="0.006" /><testcase classname="tests.test_outbox_resilience_coverage_fixed.TestOutboxEventCreation" name="test_create_outbox_event_with_all_fields" time="0.001" /><testcase classname="tests.test_outbox_resilience_coverage_fixed.TestOutboxEventCreation" name="test_outbox_event_status_values" time="0.000" /><testcase classname="tests.test_outbox_resilience_coverage_fixed.TestOutboxEventCreation" name="test_outbox_event_payload_types" time="0.001" /><testcase classname="tests.test_outbox_resilience_coverage_fixed.TestOutboxProcessor" name="test_outbox_processor_initialization" time="0.001" /><testcase classname="tests.test_outbox_resilience_coverage_fixed.TestOutboxProcessor" name="test_outbox_processor_basic_functionality" time="0.026" /><testcase classname="tests.test_outbox_resilience_coverage_fixed.TestOutboxProcessor" name="test_outbox_processor_with_events" time="0.002" /><testcase classname="tests.test_outbox_resilience_coverage_fixed.TestOutboxProcessor" name="test_outbox_processor_error_handling" time="0.001" /><testcase classname="tests.test_outbox_resilience_coverage_fixed.TestResiliencePatterns" name="test_circuit_breaker_initialization" time="0.001"><failure message="TypeError: CircuitBreakerConfig.__init__() got an unexpected keyword argument 'timeout_seconds'">tests\test_outbox_resilience_coverage_fixed.py:131: in test_circuit_breaker_initialization
    config = CircuitBreakerConfig(
E   TypeError: CircuitBreakerConfig.__init__() got an unexpected keyword argument 'timeout_seconds'</failure></testcase><testcase classname="tests.test_outbox_resilience_coverage_fixed.TestResiliencePatterns" name="test_circuit_breaker_config_creation" time="0.001"><failure message="TypeError: CircuitBreakerConfig.__init__() got an unexpected keyword argument 'timeout_seconds'">tests\test_outbox_resilience_coverage_fixed.py:146: in test_circuit_breaker_config_creation
    config = CircuitBreakerConfig(
E   TypeError: CircuitBreakerConfig.__init__() got an unexpected keyword argument 'timeout_seconds'</failure></testcase><testcase classname="tests.test_outbox_resilience_coverage_fixed.TestResiliencePatterns" name="test_circuit_breaker_states" time="0.000"><failure message="TypeError: CircuitBreakerConfig.__init__() got an unexpected keyword argument 'timeout_seconds'">tests\test_outbox_resilience_coverage_fixed.py:158: in test_circuit_breaker_states
    config = CircuitBreakerConfig(
E   TypeError: CircuitBreakerConfig.__init__() got an unexpected keyword argument 'timeout_seconds'</failure></testcase><testcase classname="tests.test_outbox_resilience_coverage_fixed.TestResiliencePatterns" name="test_circuit_breaker_call_method" time="0.001"><failure message="TypeError: CircuitBreakerConfig.__init__() got an unexpected keyword argument 'timeout_seconds'">tests\test_outbox_resilience_coverage_fixed.py:173: in test_circuit_breaker_call_method
    config = CircuitBreakerConfig(
E   TypeError: CircuitBreakerConfig.__init__() got an unexpected keyword argument 'timeout_seconds'</failure></testcase><testcase classname="tests.test_outbox_resilience_coverage_fixed.TestResiliencePatterns" name="test_circuit_breaker_timing_attributes" time="0.000"><failure message="TypeError: CircuitBreakerConfig.__init__() got an unexpected keyword argument 'timeout_seconds'">tests\test_outbox_resilience_coverage_fixed.py:186: in test_circuit_breaker_timing_attributes
    config = CircuitBreakerConfig(
E   TypeError: CircuitBreakerConfig.__init__() got an unexpected keyword argument 'timeout_seconds'</failure></testcase></testsuite></testsuites>