<?xml version="1.0" encoding="utf-8"?><testsuites name="pytest tests"><testsuite name="pytest" errors="0" failures="5" skipped="0" tests="8" time="2.113" timestamp="2025-09-14T20:42:58.380017-07:00" hostname="BOOK-FVJOEO3Q00"><testcase classname="tests.integration.test_restart_reconcile.TestRestartReconciliation" name="test_startup_reconciliation_process" time="0.542"><failure message="AssertionError: Expected 'reconcile_open_orders' to have been called once. Called 0 times.">tests\integration\test_restart_reconcile.py:156: in test_startup_reconciliation_process
    mock_broker_service.reconcile_open_orders.assert_called_once()
..\..\AppData\Local\Programs\Python\Python312\Lib\unittest\mock.py:923: in assert_called_once
    raise AssertionError(msg)
E   AssertionError: Expected 'reconcile_open_orders' to have been called once. Called 0 times.</failure></testcase><testcase classname="tests.integration.test_restart_reconcile.TestRestartReconciliation" name="test_position_reconciliation_updates_local_state" time="0.005"><failure message="AttributeError: &lt;module 'backend.services.position_service' from 'C:\\Users\\Marsel\\intra\\algotrading_platform\\backend\\services\\position_service.py'&gt; does not have the attribute 'PositionService'">tests\integration\test_restart_reconcile.py:172: in test_position_reconciliation_updates_local_state
    with patch(
..\..\AppData\Local\Programs\Python\Python312\Lib\unittest\mock.py:1458: in __enter__
    original, local = self.get_original()
                      ^^^^^^^^^^^^^^^^^^^
..\..\AppData\Local\Programs\Python\Python312\Lib\unittest\mock.py:1431: in get_original
    raise AttributeError(
E   AttributeError: &lt;module 'backend.services.position_service' from 'C:\\Users\\Marsel\\intra\\algotrading_platform\\backend\\services\\position_service.py'&gt; does not have the attribute 'PositionService'</failure></testcase><testcase classname="tests.integration.test_restart_reconcile.TestRestartReconciliation" name="test_missing_execution_detection_and_recovery" time="0.004" /><testcase classname="tests.integration.test_restart_reconcile.TestRestartReconciliation" name="test_order_status_discrepancy_resolution" time="0.003" /><testcase classname="tests.integration.test_restart_reconcile.TestRestartReconciliation" name="test_idempotency_preservation_after_restart" time="0.004"><failure message="TypeError: object Mock can't be used in 'await' expression">tests\integration\test_restart_reconcile.py:364: in test_idempotency_preservation_after_restart
    response = await client.post(
venv\Lib\site-packages\httpx\_client.py:1859: in post
    return await self.request(
venv\Lib\site-packages\httpx\_client.py:1540: in request
    return await self.send(request, auth=auth, follow_redirects=follow_redirects)
           ^^^^^^^^^^^^^^^^^^^^^^^^^^^^^^^^^^^^^^^^^^^^^^^^^^^^^^^^^^^^^^^^^^^^^^
venv\Lib\site-packages\httpx\_client.py:1629: in send
    response = await self._send_handling_auth(
venv\Lib\site-packages\httpx\_client.py:1657: in _send_handling_auth
    response = await self._send_handling_redirects(
venv\Lib\site-packages\httpx\_client.py:1694: in _send_handling_redirects
    response = await self._send_single_request(request)
               ^^^^^^^^^^^^^^^^^^^^^^^^^^^^^^^^^^^^^^^^
venv\Lib\site-packages\httpx\_client.py:1730: in _send_single_request
    response = await transport.handle_async_request(request)
               ^^^^^^^^^^^^^^^^^^^^^^^^^^^^^^^^^^^^^^^^^^^^^
venv\Lib\site-packages\httpx\_transports\asgi.py:170: in handle_async_request
    await self.app(scope, receive, send)
E   TypeError: object Mock can't be used in 'await' expression</failure></testcase><testcase classname="tests.integration.test_restart_reconcile.TestRestartReconciliation" name="test_partial_fill_reconciliation" time="0.018" /><testcase classname="tests.integration.test_restart_reconcile.TestRestartReconciliation" name="test_reconciliation_with_broker_timeout" time="0.004"><failure message="TypeError: object Mock can't be used in 'await' expression">tests\integration\test_restart_reconcile.py:481: in test_reconciliation_with_broker_timeout
    response = await client.get("/health")
               ^^^^^^^^^^^^^^^^^^^^^^^^^^^
venv\Lib\site-packages\httpx\_client.py:1768: in get
    return await self.request(
venv\Lib\site-packages\httpx\_client.py:1540: in request
    return await self.send(request, auth=auth, follow_redirects=follow_redirects)
           ^^^^^^^^^^^^^^^^^^^^^^^^^^^^^^^^^^^^^^^^^^^^^^^^^^^^^^^^^^^^^^^^^^^^^^
venv\Lib\site-packages\httpx\_client.py:1629: in send
    response = await self._send_handling_auth(
venv\Lib\site-packages\httpx\_client.py:1657: in _send_handling_auth
    response = await self._send_handling_redirects(
venv\Lib\site-packages\httpx\_client.py:1694: in _send_handling_redirects
    response = await self._send_single_request(request)
               ^^^^^^^^^^^^^^^^^^^^^^^^^^^^^^^^^^^^^^^^
venv\Lib\site-packages\httpx\_client.py:1730: in _send_single_request
    response = await transport.handle_async_request(request)
               ^^^^^^^^^^^^^^^^^^^^^^^^^^^^^^^^^^^^^^^^^^^^^
venv\Lib\site-packages\httpx\_transports\asgi.py:170: in handle_async_request
    await self.app(scope, receive, send)
E   TypeError: object Mock can't be used in 'await' expression</failure></testcase><testcase classname="tests.integration.test_restart_reconcile.TestRestartReconciliation" name="test_reconciliation_metrics_tracking" time="0.554"><failure message="TypeError: object Mock can't be used in 'await' expression">tests\integration\test_restart_reconcile.py:508: in test_reconciliation_metrics_tracking
    metrics_response = await client.get("/metrics")
                       ^^^^^^^^^^^^^^^^^^^^^^^^^^^^
venv\Lib\site-packages\httpx\_client.py:1768: in get
    return await self.request(
venv\Lib\site-packages\httpx\_client.py:1540: in request
    return await self.send(request, auth=auth, follow_redirects=follow_redirects)
           ^^^^^^^^^^^^^^^^^^^^^^^^^^^^^^^^^^^^^^^^^^^^^^^^^^^^^^^^^^^^^^^^^^^^^^
venv\Lib\site-packages\httpx\_client.py:1629: in send
    response = await self._send_handling_auth(
venv\Lib\site-packages\httpx\_client.py:1657: in _send_handling_auth
    response = await self._send_handling_redirects(
venv\Lib\site-packages\httpx\_client.py:1694: in _send_handling_redirects
    response = await self._send_single_request(request)
               ^^^^^^^^^^^^^^^^^^^^^^^^^^^^^^^^^^^^^^^^
venv\Lib\site-packages\httpx\_client.py:1730: in _send_single_request
    response = await transport.handle_async_request(request)
               ^^^^^^^^^^^^^^^^^^^^^^^^^^^^^^^^^^^^^^^^^^^^^
venv\Lib\site-packages\httpx\_transports\asgi.py:170: in handle_async_request
    await self.app(scope, receive, send)
E   TypeError: object Mock can't be used in 'await' expression</failure></testcase></testsuite></testsuites>