<?xml version="1.0" encoding="utf-8"?><testsuites name="pytest tests"><testsuite name="pytest" errors="0" failures="5" skipped="0" tests="19" time="2.309" timestamp="2025-09-14T20:44:10.070192-07:00" hostname="BOOK-FVJOEO3Q00"><testcase classname="tests.phase3.test_error_handling.TestExceptionHandling" name="test_api_exception_handling" time="0.173" /><testcase classname="tests.phase3.test_error_handling.TestExceptionHandling" name="test_error_response_consistency" time="0.049" /><testcase classname="tests.phase3.test_error_handling.TestExceptionHandling" name="test_malformed_request_handling" time="0.056" /><testcase classname="tests.phase3.test_error_handling.TestGracefulDegradation" name="test_database_failure_graceful_degradation" time="0.045" /><testcase classname="tests.phase3.test_error_handling.TestGracefulDegradation" name="test_external_service_failure_handling" time="0.044" /><testcase classname="tests.phase3.test_error_handling.TestGracefulDegradation" name="test_resource_exhaustion_handling" time="1.264" /><testcase classname="tests.phase3.test_error_handling.TestErrorLogging" name="test_error_logging_completeness" time="0.039" /><testcase classname="tests.phase3.test_error_handling.TestErrorLogging" name="test_audit_trail_integrity" time="0.099" /><testcase classname="tests.phase3.test_error_handling.TestErrorLogging" name="test_log_format_consistency" time="0.041" /><testcase classname="tests.phase3.test_final_precision_coverage_v2.TestOrdersFinalCoverage" name="test_orders_lines_91_93_service_none_exception" time="0.006" /><testcase classname="tests.phase3.test_final_precision_coverage_v2.TestOrdersFinalCoverage" name="test_orders_line_135_order_not_found" time="0.014" /><testcase classname="tests.phase3.test_final_precision_coverage_v2.TestOrdersFinalCoverage" name="test_orders_lines_151_153_cancel_not_found" time="0.015" /><testcase classname="tests.phase3.test_final_precision_coverage_v2.TestSignalsFinalCoverage" name="test_signals_lines_205_207_http_exception_reraise" time="0.015"><failure message="ImportError: cannot import name 'get_signal_analytics' from 'backend.api.routes.signals' (C:\Users\Marsel\intra\algotrading_platform\backend\api\routes\signals.py)">tests\phase3\test_final_precision_coverage_v2.py:95: in test_signals_lines_205_207_http_exception_reraise
    from backend.api.routes.signals import get_signal_analytics
E   ImportError: cannot import name 'get_signal_analytics' from 'backend.api.routes.signals' (C:\Users\Marsel\intra\algotrading_platform\backend\api\routes\signals.py)</failure></testcase><testcase classname="tests.phase3.test_final_precision_coverage_v2.TestSignalsFinalCoverage" name="test_signals_line_311_symbol_exception" time="0.001"><failure message="ImportError: cannot import name 'generate_signal' from 'backend.api.routes.signals' (C:\Users\Marsel\intra\algotrading_platform\backend\api\routes\signals.py)">tests\phase3\test_final_precision_coverage_v2.py:118: in test_signals_line_311_symbol_exception
    from backend.api.routes.signals import generate_signal
E   ImportError: cannot import name 'generate_signal' from 'backend.api.routes.signals' (C:\Users\Marsel\intra\algotrading_platform\backend\api\routes\signals.py)</failure></testcase><testcase classname="tests.phase3.test_final_precision_coverage_v2.TestTradesFinalCoverage" name="test_trades_lines_176_178_stats_exception" time="0.002"><failure message="AttributeError: &lt;module 'backend.api.routes.trades' from 'C:\\Users\\Marsel\\intra\\algotrading_platform\\backend\\api\\routes\\trades.py'&gt; does not have the attribute 'timezone'">tests\phase3\test_final_precision_coverage_v2.py:152: in test_trades_lines_176_178_stats_exception
    with patch('backend.api.routes.trades.timezone') as mock_tz:
..\..\AppData\Local\Programs\Python\Python312\Lib\unittest\mock.py:1458: in __enter__
    original, local = self.get_original()
                      ^^^^^^^^^^^^^^^^^^^
..\..\AppData\Local\Programs\Python\Python312\Lib\unittest\mock.py:1431: in get_original
    raise AttributeError(
E   AttributeError: &lt;module 'backend.api.routes.trades' from 'C:\\Users\\Marsel\\intra\\algotrading_platform\\backend\\api\\routes\\trades.py'&gt; does not have the attribute 'timezone'</failure></testcase><testcase classname="tests.phase3.test_final_precision_coverage_v2.TestTradesFinalCoverage" name="test_trades_lines_228_230_execute_exception" time="0.011" /><testcase classname="tests.phase3.test_final_precision_coverage_v2.TestTradesFinalCoverage" name="test_trades_lines_295_298_prometheus_metrics" time="0.001" /><testcase classname="tests.phase3.test_final_precision_coverage_v2.TestTradesFinalCoverage" name="test_trades_lines_334_339_broker_simulation" time="0.001"><failure message="ImportError: cannot import name 'simulate_trade' from 'backend.api.routes.trades' (C:\Users\Marsel\intra\algotrading_platform\backend\api\routes\trades.py)">tests\phase3\test_final_precision_coverage_v2.py:214: in test_trades_lines_334_339_broker_simulation
    from backend.api.routes.trades import simulate_trade
E   ImportError: cannot import name 'simulate_trade' from 'backend.api.routes.trades' (C:\Users\Marsel\intra\algotrading_platform\backend\api\routes\trades.py)</failure></testcase><testcase classname="tests.phase3.test_final_precision_coverage_v2.TestSystemFinalCoverage" name="test_system_lines_21_22_prometheus_import" time="0.001"><failure message="AttributeError: &lt;module 'backend.api.routes.system' from 'C:\\Users\\Marsel\\intra\\algotrading_platform\\backend\\api\\routes\\system.py'&gt; does not have the attribute 'Counter'">tests\phase3\test_final_precision_coverage_v2.py:241: in test_system_lines_21_22_prometheus_import
    with patch('backend.api.routes.system.Counter', side_effect=ImportError("Prometheus not available")):
..\..\AppData\Local\Programs\Python\Python312\Lib\unittest\mock.py:1458: in __enter__
    original, local = self.get_original()
                      ^^^^^^^^^^^^^^^^^^^
..\..\AppData\Local\Programs\Python\Python312\Lib\unittest\mock.py:1431: in get_original
    raise AttributeError(
E   AttributeError: &lt;module 'backend.api.routes.system' from 'C:\\Users\\Marsel\\intra\\algotrading_platform\\backend\\api\\routes\\system.py'&gt; does not have the attribute 'Counter'</failure></testcase></testsuite></testsuites>