<?xml version="1.0" encoding="utf-8"?><testsuites name="pytest tests"><testsuite name="pytest" errors="0" failures="5" skipped="0" tests="52" time="0.782" timestamp="2025-09-14T20:37:16.710305-07:00" hostname="BOOK-FVJOEO3Q00"><testcase classname="tests.test_order_service_phase7b3_max_coverage.TestFinalUncoveredLinesPhase7B3" name="test_submit_symbol_order_exception_handling" time="0.001"><failure message="AttributeError: &lt;backend.services.order_service.OrderService object at 0x000001A14B1991F0&gt; does not have the attribute '_submitted_orders'">tests\test_order_service_phase7b3_max_coverage.py:26: in test_submit_symbol_order_exception_handling
    with patch.object(service, '_submitted_orders', side_effect=Exception("Internal error")):
..\..\AppData\Local\Programs\Python\Python312\Lib\unittest\mock.py:1458: in __enter__
    original, local = self.get_original()
                      ^^^^^^^^^^^^^^^^^^^
..\..\AppData\Local\Programs\Python\Python312\Lib\unittest\mock.py:1431: in get_original
    raise AttributeError(
E   AttributeError: &lt;backend.services.order_service.OrderService object at 0x000001A14B1991F0&gt; does not have the attribute '_submitted_orders'</failure></testcase><testcase classname="tests.test_order_service_phase7b3_max_coverage.TestFinalUncoveredLinesPhase7B3" name="test_submit_order_async_exception_handling" time="0.003" /><testcase classname="tests.test_order_service_phase7b3_max_coverage.TestFinalUncoveredLinesPhase7B3" name="test_plan_and_submit_strategy_engine_check" time="0.001" /><testcase classname="tests.test_order_service_phase7b3_max_coverage.TestFinalUncoveredLinesPhase7B3" name="test_submit_order_complex_exception_scenarios" time="0.001" /><testcase classname="tests.test_order_service_phase7b3_max_coverage.TestFinalUncoveredLinesPhase7B3" name="test_modify_order_exception_scenarios" time="0.001" /><testcase classname="tests.test_order_service_phase7b3_max_coverage.TestFinalUncoveredLinesPhase7B3" name="test_submit_order_async_with_internal_exceptions" time="0.001" /><testcase classname="tests.test_order_service_phase7b3_max_coverage.TestFinalUncoveredLinesPhase7B3" name="test_order_service_edge_case_state_management" time="0.001"><failure message="AssertionError: assert 'already_cancelled' == 'cancelled'&#10;  &#10;  - cancelled&#10;  + already_cancelled">tests\test_order_service_phase7b3_max_coverage.py:162: in test_order_service_edge_case_state_management
    assert result["status"] == "cancelled"
E   AssertionError: assert 'already_cancelled' == 'cancelled'
E     
E     - cancelled
E     + already_cancelled</failure></testcase><testcase classname="tests.test_order_service_phase7b3_max_coverage.TestFinalUncoveredLinesPhase7B3" name="test_async_order_service_edge_case_state_management" time="0.002"><failure message="AssertionError: assert 'duplicate' == 'submitted'&#10;  &#10;  - submitted&#10;  + duplicate">tests\test_order_service_phase7b3_max_coverage.py:178: in test_async_order_service_edge_case_state_management
    assert result["status"] == "submitted"
E   AssertionError: assert 'duplicate' == 'submitted'
E     
E     - submitted
E     + duplicate</failure></testcase><testcase classname="tests.test_order_service_phase7b3_max_coverage.TestFinalUncoveredLinesPhase7B3" name="test_validation_with_extreme_edge_cases" time="0.001" /><testcase classname="tests.test_order_service_phase7b6.TestOrderServiceCore" name="test_order_service_initialization" time="0.001" /><testcase classname="tests.test_order_service_phase7b6.TestOrderServiceCore" name="test_submit_market_order" time="0.002" /><testcase classname="tests.test_order_service_phase7b6.TestOrderServiceCore" name="test_submit_limit_order" time="0.002" /><testcase classname="tests.test_order_service_phase7b6.TestOrderServiceCore" name="test_cancel_order" time="0.002" /><testcase classname="tests.test_order_service_phase7b6.TestOrderServiceCore" name="test_get_order_status" time="0.002" /><testcase classname="tests.test_order_service_phase7b6.TestOrderServiceCore" name="test_get_active_orders" time="0.002" /><testcase classname="tests.test_order_service_phase7b6.TestOrderValidation" name="test_order_validator_initialization" time="0.001" /><testcase classname="tests.test_order_service_phase7b6.TestOrderValidation" name="test_valid_order_validation" time="0.001" /><testcase classname="tests.test_order_service_phase7b6.TestOrderValidation" name="test_missing_symbol_validation" time="0.001" /><testcase classname="tests.test_order_service_phase7b6.TestOrderValidation" name="test_invalid_quantity_validation" time="0.001" /><testcase classname="tests.test_order_service_phase7b6.TestOrderValidation" name="test_invalid_side_validation" time="0.001" /><testcase classname="tests.test_order_service_phase7b6.TestOrderValidation" name="test_order_service_with_validator" time="0.002" /><testcase classname="tests.test_order_service_phase7b6.TestOrderProcessing" name="test_order_processor_initialization" time="0.002" /><testcase classname="tests.test_order_service_phase7b6.TestOrderProcessing" name="test_add_order_to_queue" time="0.042" /><testcase classname="tests.test_order_service_phase7b6.TestOrderProcessing" name="test_process_single_order" time="0.002" /><testcase classname="tests.test_order_service_phase7b6.TestOrderProcessing" name="test_process_multiple_orders" time="0.002" /><testcase classname="tests.test_order_service_phase7b6.TestOrderExecution" name="test_order_executor_initialization" time="0.001" /><testcase classname="tests.test_order_service_phase7b6.TestOrderExecution" name="test_execute_market_order" time="0.001" /><testcase classname="tests.test_order_service_phase7b6.TestOrderExecution" name="test_execute_limit_order" time="0.001" /><testcase classname="tests.test_order_service_phase7b6.TestOrderTypes" name="test_order_type_constants" time="0.000" /><testcase classname="tests.test_order_service_phase7b6.TestOrderTypes" name="test_order_side_constants" time="0.000" /><testcase classname="tests.test_order_service_phase7b6.TestOrderTypes" name="test_order_status_constants" time="0.000" /><testcase classname="tests.test_order_service_phase7b6.TestExecutionReport" name="test_execution_report_creation" time="0.000" /><testcase classname="tests.test_order_service_phase7b6.TestExecutionReport" name="test_execution_report_timestamp" time="0.000" /><testcase classname="tests.test_order_service_phase7b6.TestOrderEvents" name="test_order_event_creation" time="0.000" /><testcase classname="tests.test_order_service_phase7b6.TestOrderEvents" name="test_order_event_timestamp" time="0.000" /><testcase classname="tests.test_order_service_phase7b6.TestOrderBook" name="test_order_book_creation" time="0.000" /><testcase classname="tests.test_order_service_phase7b6.TestOrderBook" name="test_add_bid_to_order_book" time="0.000" /><testcase classname="tests.test_order_service_phase7b6.TestOrderBook" name="test_add_ask_to_order_book" time="0.000" /><testcase classname="tests.test_order_service_phase7b6.TestOrderBook" name="test_get_best_bid" time="0.000" /><testcase classname="tests.test_order_service_phase7b6.TestOrderBook" name="test_get_best_ask" time="0.000" /><testcase classname="tests.test_order_service_phase7b6.TestOrderServiceIntegration" name="test_full_order_lifecycle" time="0.002" /><testcase classname="tests.test_order_service_phase7b6.TestOrderServiceIntegration" name="test_multiple_orders_different_symbols" time="0.040" /><testcase classname="tests.test_order_service_phase7b6.TestOrderServiceIntegration" name="test_order_validation_integration" time="0.014" /><testcase classname="tests.test_order_service_phase7b6.TestOrderServiceErrorHandling" name="test_cancel_non_existent_order" time="0.004" /><testcase classname="tests.test_order_service_phase7b6.TestOrderServiceErrorHandling" name="test_get_status_non_existent_order" time="0.003" /><testcase classname="tests.test_order_service_phase7b6.TestOrderServiceErrorHandling" name="test_empty_order_request" time="0.024" /><testcase classname="tests.test_order_service_phase7b6.TestOrderServicePerformance" name="test_bulk_order_submission" time="0.005" /><testcase classname="tests.test_order_service_phase7b6.TestOrderServicePerformance" name="test_concurrent_order_operations" time="0.040" /><testcase classname="tests.test_outbox_resilience_coverage.TestOutboxEventCreation" name="test_create_outbox_event_basic" time="0.005"><failure message="TypeError: 'event_type' is an invalid keyword argument for OutboxEvent">tests\test_outbox_resilience_coverage.py:51: in test_create_outbox_event_basic
    event = outbox.OutboxEvent(
&lt;string&gt;:4: in __init__
    ???
venv\Lib\site-packages\sqlalchemy\orm\state.py:571: in _initialize_instance
    with util.safe_reraise():
venv\Lib\site-packages\sqlalchemy\util\langhelpers.py:224: in __exit__
    raise exc_value.with_traceback(exc_tb)
venv\Lib\site-packages\sqlalchemy\orm\state.py:569: in _initialize_instance
    manager.original_init(*mixed[1:], **kwargs)
venv\Lib\site-packages\sqlalchemy\orm\decl_base.py:2179: in _declarative_constructor
    raise TypeError(
E   TypeError: 'event_type' is an invalid keyword argument for OutboxEvent</failure></testcase><testcase classname="tests.test_outbox_resilience_coverage.TestOutboxEventCreation" name="test_create_outbox_event_with_validation" time="0.000" /><testcase classname="tests.test_outbox_resilience_coverage.TestOutboxEventCreation" name="test_event_serialization" time="0.000" /><testcase classname="tests.test_outbox_resilience_coverage.TestOutboxProcessor" name="test_outbox_processor_initialization" time="0.002"><failure message="TypeError: OutboxProcessor.__init__() got an unexpected keyword argument 'database'">tests\test_outbox_resilience_coverage.py:127: in test_outbox_processor_initialization
    processor = outbox.OutboxProcessor(database=mock_database)
                ^^^^^^^^^^^^^^^^^^^^^^^^^^^^^^^^^^^^^^^^^^^^^^
E   TypeError: OutboxProcessor.__init__() got an unexpected keyword argument 'database'</failure></testcase></testsuite></testsuites>