<?xml version="1.0" encoding="utf-8"?><testsuites name="pytest tests"><testsuite name="pytest" errors="0" failures="2" skipped="0" tests="16" time="1.323" timestamp="2025-09-14T20:42:31.252156-07:00" hostname="BOOK-FVJOEO3Q00"><testcase classname="tests.integration.test_e_constructor_improvements" name="test_order_service_constructor" time="0.004" /><testcase classname="tests.integration.test_e_constructor_improvements" name="test_order_integrity_service_constructor" time="0.007" /><testcase classname="tests.integration.test_e_constructor_improvements" name="test_order_state_machine_constructor" time="0.001" /><testcase classname="tests.integration.test_e_constructor_improvements" name="test_order_spec_constructor" time="0.001" /><testcase classname="tests.integration.test_features_to_ensemble_contract.TestFeatureToEnsemblePipeline" name="test_complete_feature_to_prediction_pipeline" time="0.187" /><testcase classname="tests.integration.test_features_to_ensemble_contract.TestFeatureToEnsemblePipeline" name="test_schema_mismatch_detection" time="0.126" /><testcase classname="tests.integration.test_features_to_ensemble_contract.TestFeatureToEnsemblePipeline" name="test_temporal_alignment_preserves_order" time="0.054" /><testcase classname="tests.integration.test_features_to_ensemble_contract.TestFeatureToEnsemblePipeline" name="test_feature_validation_edge_cases" time="0.121" /><testcase classname="tests.integration.test_features_to_ensemble_contract.TestFeatureToEnsemblePipeline" name="test_multi_timeframe_pipeline_integration" time="0.095"><failure message="assert np.float64(1.0) &lt; 0.5">tests\integration\test_features_to_ensemble_contract.py:354: in test_multi_timeframe_pipeline_integration
    assert null_ratio &lt; 0.5  # Less than 50% NaN after forward fill
    ^^^^^^^^^^^^^^^^^^^^^^^
E   assert np.float64(1.0) &lt; 0.5</failure></testcase><testcase classname="tests.integration.test_features_to_ensemble_contract.TestFeatureToEnsemblePipeline" name="test_feature_schema_persistence_integration" time="0.176" /><testcase classname="tests.integration.test_features_to_ensemble_contract.TestErrorHandlingIntegration" name="test_malformed_ohlcv_error_propagation" time="0.002" /><testcase classname="tests.integration.test_features_to_ensemble_contract.TestErrorHandlingIntegration" name="test_schema_validation_error_handling" time="0.060" /><testcase classname="tests.integration.test_features_to_ensemble_contract.TestErrorHandlingIntegration" name="test_lookahead_error_propagation" time="0.064"><failure message="ValueError: other must be a DataFrame or Series">tests\integration\test_features_to_ensemble_contract.py:492: in test_lookahead_error_propagation
    guard_no_lookahead(features_df, target, threshold=0.8)
backend\features\validators.py:131: in guard_no_lookahead
    future_corr_rolling = feature_series.rolling(window_size).corr(
venv\Lib\site-packages\pandas\core\window\rolling.py:2861: in corr
    return super().corr(
venv\Lib\site-packages\pandas\core\window\rolling.py:1850: in corr
    return self._apply_pairwise(
venv\Lib\site-packages\pandas\core\window\rolling.py:556: in _apply_pairwise
    raise ValueError("other must be a DataFrame or Series")
E   ValueError: other must be a DataFrame or Series</failure></testcase><testcase classname="tests.integration.test_f_integration" name="test_risk_math_integration" time="0.003" /><testcase classname="tests.integration.test_f_integration" name="test_edge_case_robustness" time="0.001" /><testcase classname="tests.integration.test_f_integration" name="test_alpha_parameter_validation" time="0.001" /></testsuite></testsuites>