<?xml version="1.0" encoding="utf-8"?><testsuites name="pytest tests"><testsuite name="pytest" errors="0" failures="5" skipped="6" tests="16" time="0.397" timestamp="2025-09-14T20:37:58.531950-07:00" hostname="BOOK-FVJOEO3Q00"><testcase classname="tests.test_trading_strategies_coverage.TestTradingStrategies" name="test_strategy_module_exists" time="0.001" /><testcase classname="tests.test_trading_strategies_coverage.TestTradingStrategies" name="test_momentum_strategy" time="0.004" /><testcase classname="tests.test_trading_strategies_coverage.TestTradingStrategies" name="test_mean_reversion_strategy" time="0.002" /><testcase classname="tests.test_trading_strategies_coverage.TestTradingStrategies" name="test_breakout_strategy" time="0.001"><skipped type="pytest.skip" message="BreakoutStrategy not available">C:\Users\Marsel\intra\algotrading_platform\tests\test_trading_strategies_coverage.py:115: BreakoutStrategy not available</skipped></testcase><testcase classname="tests.test_trading_strategies_coverage.TestTradingStrategies" name="test_rsi_strategy" time="0.001"><skipped type="pytest.skip" message="RSIStrategy not available">C:\Users\Marsel\intra\algotrading_platform\tests\test_trading_strategies_coverage.py:136: RSIStrategy not available</skipped></testcase><testcase classname="tests.test_trading_strategies_coverage.TestTradingStrategies" name="test_moving_average_crossover" time="0.001"><skipped type="pytest.skip" message="MovingAverageCrossover not available">C:\Users\Marsel\intra\algotrading_platform\tests\test_trading_strategies_coverage.py:151: MovingAverageCrossover not available</skipped></testcase><testcase classname="tests.test_trading_strategies_coverage.TestTradingStrategies" name="test_bollinger_bands_strategy" time="0.001"><skipped type="pytest.skip" message="BollingerBandsStrategy not available">C:\Users\Marsel\intra\algotrading_platform\tests\test_trading_strategies_coverage.py:171: BollingerBandsStrategy not available</skipped></testcase><testcase classname="tests.test_trading_strategies_coverage.TestStrategyEdgeCases" name="test_empty_data_handling" time="0.002"><failure message="assert False&#10; +  where False = isinstance(TypeError(&quot;MomentumStrategy.__init__() missing 1 required positional argument: 'risk_manager'&quot;), (&lt;class 'ValueError'&gt;, &lt;class 'IndexError'&gt;, &lt;class 'KeyError'&gt;))">tests\test_trading_strategies_coverage.py:184: in test_empty_data_handling
    strategy = MomentumStrategy()
               ^^^^^^^^^^^^^^^^^^
E   TypeError: MomentumStrategy.__init__() missing 1 required positional argument: 'risk_manager'

During handling of the above exception, another exception occurred:
tests\test_trading_strategies_coverage.py:195: in test_empty_data_handling
    assert isinstance(e, (ValueError, IndexError, KeyError))
E   assert False
E    +  where False = isinstance(TypeError("MomentumStrategy.__init__() missing 1 required positional argument: 'risk_manager'"), (&lt;class 'ValueError'&gt;, &lt;class 'IndexError'&gt;, &lt;class 'KeyError'&gt;))</failure></testcase><testcase classname="tests.test_trading_strategies_coverage.TestStrategyEdgeCases" name="test_insufficient_data_handling" time="0.001"><failure message="assert False&#10; +  where False = isinstance(TypeError(&quot;MomentumStrategy.__init__() missing 1 required positional argument: 'risk_manager'&quot;), (&lt;class 'ValueError'&gt;, &lt;class 'IndexError'&gt;))">tests\test_trading_strategies_coverage.py:208: in test_insufficient_data_handling
    strategy = MomentumStrategy()
               ^^^^^^^^^^^^^^^^^^
E   TypeError: MomentumStrategy.__init__() missing 1 required positional argument: 'risk_manager'

During handling of the above exception, another exception occurred:
tests\test_trading_strategies_coverage.py:218: in test_insufficient_data_handling
    assert isinstance(e, (ValueError, IndexError))
E   assert False
E    +  where False = isinstance(TypeError("MomentumStrategy.__init__() missing 1 required positional argument: 'risk_manager'"), (&lt;class 'ValueError'&gt;, &lt;class 'IndexError'&gt;))</failure></testcase><testcase classname="tests.test_trading_strategies_coverage.TestStrategyEdgeCases" name="test_invalid_parameters" time="0.000"><skipped type="pytest.skip" message="RSIStrategy not available">C:\Users\Marsel\intra\algotrading_platform\tests\test_trading_strategies_coverage.py:230: RSIStrategy not available</skipped></testcase><testcase classname="tests.test_trading_strategies_coverage.TestStrategyEdgeCases" name="test_missing_required_columns" time="0.002"><skipped type="pytest.skip" message="Strategy module not available">C:\Users\Marsel\intra\algotrading_platform\tests\test_trading_strategies_coverage.py:256: Strategy module not available</skipped></testcase><testcase classname="tests.test_trading_strategies_coverage.TestStrategyPerformanceMetrics" name="test_strategy_returns_calculation" time="0.001" /><testcase classname="tests.test_trading_strategies_coverage.TestStrategyPerformanceMetrics" name="test_strategy_backtest_functionality" time="0.001" /><testcase classname="tests.test_trading_strategies_edge_cases.TestTradingStrategyBase" name="test_strategy_initialization" time="0.001"><failure message="NameError: name 'MockTradingStrategy' is not defined">tests\test_trading_strategies_edge_cases.py:43: in test_strategy_initialization
    strategy = MockTradingStrategy("AAPL", "5m")
               ^^^^^^^^^^^^^^^^^^^
E   NameError: name 'MockTradingStrategy' is not defined</failure></testcase><testcase classname="tests.test_trading_strategies_edge_cases.TestTradingStrategyBase" name="test_strategy_activation_deactivation" time="0.001"><failure message="NameError: name 'MockTradingStrategy' is not defined">tests\test_trading_strategies_edge_cases.py:53: in test_strategy_activation_deactivation
    strategy = MockTradingStrategy("MSFT")
               ^^^^^^^^^^^^^^^^^^^
E   NameError: name 'MockTradingStrategy' is not defined</failure></testcase><testcase classname="tests.test_trading_strategies_edge_cases.TestTradingStrategyBase" name="test_multiple_strategy_instances" time="0.001"><failure message="NameError: name 'MockTradingStrategy' is not defined">tests\test_trading_strategies_edge_cases.py:66: in test_multiple_strategy_instances
    MockTradingStrategy("AAPL", "1m"),
    ^^^^^^^^^^^^^^^^^^^
E   NameError: name 'MockTradingStrategy' is not defined</failure></testcase></testsuite></testsuites>