<?xml version="1.0" encoding="utf-8"?><testsuites name="pytest tests"><testsuite name="pytest" errors="0" failures="0" skipped="0" tests="56" time="0.528" timestamp="2025-09-14T20:52:24.490736-07:00" hostname="BOOK-FVJOEO3Q00"><testcase classname="tests.unit.test_api_main_coverage.TestAPIMainCoverage" name="test_health_check_basic" time="0.008" /><testcase classname="tests.unit.test_api_main_coverage.TestAPIMainCoverage" name="test_metrics_endpoint_basic" time="0.001" /><testcase classname="tests.unit.test_api_main_coverage.TestAPIMainCoverage" name="test_order_submission_validation" time="0.001" /><testcase classname="tests.unit.test_api_main_coverage.TestAPIMainCoverage" name="test_portfolio_status_retrieval" time="0.001" /><testcase classname="tests.unit.test_api_main_coverage.TestAPIMainCoverage" name="test_risk_assessment_endpoint" time="0.001" /><testcase classname="tests.unit.test_api_main_coverage.TestAPIMainCoverage" name="test_trading_signals_endpoint" time="0.001" /><testcase classname="tests.unit.test_api_main_coverage.TestAPIMainCoverage" name="test_market_data_endpoint" time="0.001" /><testcase classname="tests.unit.test_api_main_coverage.TestAPIMainCoverage" name="test_order_history_endpoint" time="0.001" /><testcase classname="tests.unit.test_api_main_coverage.TestAPIMainCoverage" name="test_performance_metrics_endpoint" time="0.001" /><testcase classname="tests.unit.test_api_main_coverage.TestAPIMainCoverage" name="test_strategy_status_endpoint" time="0.001" /><testcase classname="tests.unit.test_api_main_coverage.TestAPIMainCoverage" name="test_system_status_endpoint" time="0.001" /><testcase classname="tests.unit.test_api_main_coverage.TestAPIMainCoverage" name="test_error_handler_functionality" time="0.001" /><testcase classname="tests.unit.test_api_main_coverage.TestAPIMainCoverage" name="test_middleware_functionality" time="0.001" /><testcase classname="tests.unit.test_api_main_coverage.TestAPIMainCoverage" name="test_authentication_validation" time="0.001" /><testcase classname="tests.unit.test_api_main_coverage.TestAPIMainCoverage" name="test_rate_limiting_functionality" time="0.001" /><testcase classname="tests.unit.test_api_main_coverage.TestAPIMainCoverage" name="test_websocket_connection_handling" time="0.001" /><testcase classname="tests.unit.test_api_main_coverage.TestAPIMainCoverage" name="test_data_validation_functions" time="0.001" /><testcase classname="tests.unit.test_api_main_coverage.TestAPIMainCoverage" name="test_response_formatting" time="0.001" /><testcase classname="tests.unit.test_api_main_coverage.TestAPIMainCoverage" name="test_logging_integration" time="0.001" /><testcase classname="tests.unit.test_api_main_coverage.TestAPIMainCoverage" name="test_dependency_injection" time="0.001" /><testcase classname="tests.unit.test_api_main_coverage.TestAPIMainCoverage" name="test_cors_handling" time="0.001" /><testcase classname="tests.unit.test_broker_direct.TestBrokerDirect" name="test_redis_import_availability" time="0.068" /><testcase classname="tests.unit.test_broker_direct.TestBrokerDirect" name="test_logger_initialization" time="0.002" /><testcase classname="tests.unit.test_broker_direct.TestBrokerDirect" name="test_broker_health_check_redis_unavailable" time="0.003" /><testcase classname="tests.unit.test_broker_direct.TestBrokerDirect" name="test_broker_health_check_success_mocked" time="0.004" /><testcase classname="tests.unit.test_broker_direct.TestBrokerDirect" name="test_broker_health_check_ping_false_mocked" time="0.004" /><testcase classname="tests.unit.test_broker_direct.TestBrokerDirect" name="test_broker_health_check_connection_error_mocked" time="0.004" /><testcase classname="tests.unit.test_broker_direct.TestBrokerDirect" name="test_module_imports" time="0.001" /><testcase classname="tests.unit.test_broker_direct.TestBrokerDirect" name="test_module_constants" time="0.001" /><testcase classname="tests.unit.test_broker_direct.TestBrokerDirect" name="test_broker_health_check_function_signature" time="0.002" /><testcase classname="tests.unit.test_broker_direct.TestBrokerDirect" name="test_redis_connection_parameters_mocked" time="0.003" /><testcase classname="tests.unit.test_broker_direct.TestBrokerDirect" name="test_timing_measurement_success" time="0.003" /><testcase classname="tests.unit.test_broker_direct.TestBrokerDirect" name="test_timing_measurement_error" time="0.004" /><testcase classname="tests.unit.test_broker_direct.TestBrokerDirect" name="test_client_cleanup_on_error" time="0.058" /><testcase classname="tests.unit.test_broker_direct.TestBrokerDirect" name="test_client_creation_error" time="0.005" /><testcase classname="tests.unit.test_broker_direct.TestBrokerDirect" name="test_docstring_and_typing" time="0.002" /><testcase classname="tests.unit.test_config.TestConfigHelpers" name="test_config_class_exists" time="0.001" /><testcase classname="tests.unit.test_config.TestConfigHelpers" name="test_load_config_from_env_returns_config" time="0.001" /><testcase classname="tests.unit.test_config.TestAppConfig" name="test_app_config_defaults" time="0.001" /><testcase classname="tests.unit.test_config.TestAppConfig" name="test_app_config_env_overrides" time="0.002" /><testcase classname="tests.unit.test_config.TestSecurityConfig" name="test_security_config_defaults" time="0.001" /><testcase classname="tests.unit.test_config.TestSecurityConfig" name="test_security_config_env_overrides" time="0.002" /><testcase classname="tests.unit.test_config.TestAlpacaConfig" name="test_alpaca_config_defaults" time="0.001" /><testcase classname="tests.unit.test_config.TestAlpacaConfig" name="test_alpaca_config_env_overrides" time="0.001" /><testcase classname="tests.unit.test_config.TestDataConfig" name="test_data_config_defaults" time="0.001" /><testcase classname="tests.unit.test_config.TestDataConfig" name="test_data_config_env_overrides" time="0.001" /><testcase classname="tests.unit.test_config.TestMainSettings" name="test_settings_instance_exists" time="0.001" /><testcase classname="tests.unit.test_config.TestMainSettings" name="test_get_settings_returns_instance" time="0.001" /><testcase classname="tests.unit.test_config.TestMainSettings" name="test_settings_has_required_sections" time="0.001" /><testcase classname="tests.unit.test_config.TestMainSettings" name="test_settings_with_env_vars" time="0.008" /><testcase classname="tests.unit.test_config.TestConfigValidation" name="test_validate_required_settings_with_valid_config" time="0.001" /><testcase classname="tests.unit.test_config.TestConfigValidation" name="test_validate_required_settings_with_missing_config" time="0.007" /><testcase classname="tests.unit.test_config.TestConfigValidation" name="test_config_with_minimal_environment" time="0.001" /><testcase classname="tests.unit.test_config.TestConfigIntegration" name="test_config_can_be_imported_multiple_ways" time="0.001" /><testcase classname="tests.unit.test_config.TestConfigIntegration" name="test_config_consistency_across_imports" time="0.001" /><testcase classname="tests.unit.test_config.TestConfigIntegration" name="test_production_like_config" time="0.008" /></testsuite></testsuites>