<?xml version="1.0" encoding="utf-8"?><testsuites name="pytest tests"><testsuite name="pytest" errors="0" failures="0" skipped="3" tests="4" time="0.285" timestamp="2025-08-28T23:20:35.403639-07:00" hostname="BOOK-FVJOEO3Q00"><testcase classname="tests.strategies.test_strategy_smoke" name="test_strategy_runs_on_tiny_slice_without_lookahead" time="0.002" /><testcase classname="tests.strategies.test_trading_strategies_basic" name="test_trading_strategies_import" time="0.003"><skipped type="pytest.skip" message="trading_strategies import failed: attempted relative import beyond top-level package">C:\Users\Marsel\intra\algotrading_platform\tests\strategies\test_trading_strategies_basic.py:17: trading_strategies import failed: attempted relative import beyond top-level package</skipped></testcase><testcase classname="tests.strategies.test_trading_strategies_basic" name="test_trading_strategies_basic_functionality" time="0.002"><skipped type="pytest.skip" message="trading_strategies functionality test failed: attempted relative import beyond top-level package">C:\Users\Marsel\intra\algotrading_platform\tests\strategies\test_trading_strategies_basic.py:28: trading_strategies functionality test failed: attempted relative import beyond top-level package</skipped></testcase><testcase classname="tests.strategies.test_trading_strategies_basic" name="test_trading_strategies_definitions" time="0.001"><skipped type="pytest.skip" message="trading_strategies definitions test failed: attempted relative import beyond top-level package">C:\Users\Marsel\intra\algotrading_platform\tests\strategies\test_trading_strategies_basic.py:37: trading_strategies definitions test failed: attempted relative import beyond top-level package</skipped></testcase></testsuite></testsuites>