<?xml version="1.0" encoding="utf-8"?><testsuites name="pytest tests"><testsuite name="pytest" errors="0" failures="0" skipped="0" tests="15" time="0.895" timestamp="2026-09-22T00:24:59.899148-07:00" hostname="Marsels-MacBook-Pro.local"><testcase classname="tests.test_self_evolution.TestEvolvedParams" name="test_defaults_are_valid" time="0.000" /><testcase classname="tests.test_self_evolution.TestEvolvedParams" name="test_serialisation_roundtrip" time="0.000" /><testcase classname="tests.test_self_evolution.TestEvolvedParams" name="test_feature_selection_threshold" time="0.000" /><testcase classname="tests.test_self_evolution.TestEvolvedParams" name="test_feature_selection_safety_floor" time="0.000" /><testcase classname="tests.test_self_evolution.TestEvolutionEngine" name="test_evolve_changes_params" time="0.000" /><testcase classname="tests.test_self_evolution.TestEvolutionEngine" name="test_evolve_tolerates_legacy_non_string_entry_source" time="0.000" /><testcase classname="tests.test_self_evolution.TestEvolutionEngine" name="test_skips_with_few_trades" time="0.000" /><testcase classname="tests.test_self_evolution.TestEvolutionEngine" name="test_symbol_fitness_updated" time="0.000" /><testcase classname="tests.test_self_evolution.TestEvolutionEngine" name="test_regime_scales_adapted" time="0.000" /><testcase classname="tests.test_self_evolution.TestEvolutionEngine" name="test_multiple_evolution_steps" time="0.000" /><testcase classname="tests.test_self_evolution.TestEvolutionEngine" name="test_evolution_is_gradual" time="0.000" /><testcase classname="tests.test_self_evolution.TestApplyEvolvedParams" name="test_apply_to_alpha_scanner" time="0.013" /><testcase classname="tests.test_self_evolution.TestApplyEvolvedParams" name="test_apply_to_exit_engine" time="0.001" /><testcase classname="tests.test_self_evolution.TestApplyEvolvedParams" name="test_apply_to_signal_gen" time="0.002" /><testcase classname="tests.test_self_evolution.TestApplyEvolvedParams" name="test_apply_to_kelly_sizer" time="0.001" /></testsuite></testsuites>