{"meta": {"format": 3, "version": "7.10.2", "timestamp": "2025-08-13T12:17:21.225771", "branch_coverage": true, "show_contexts": false}, "files": {"backend\\api\\auth.py": {"executed_lines": [1, 6, 7, 8, 9, 10, 11, 13, 15, 18, 21, 22, 23, 25, 26, 28, 29, 30, 35, 36, 38, 41, 44, 47, 48, 49, 50, 53, 54, 55, 56, 59, 60, 61, 62, 63, 67, 68, 86, 88, 90, 110, 111, 128, 130, 137, 144, 145, 147, 149, 165, 174], "summary": {"covered_lines": 48, "num_statements": 63, "percent_covered": 73.91304347826087, "percent_covered_display": "73.9", "missing_lines": 15, "excluded_lines": 0, "num_branches": 6, "num_partial_branches": 3, "covered_branches": 3, "missing_branches": 3}, "missing_lines": [96, 100, 101, 102, 103, 104, 131, 138, 154, 155, 156, 157, 158, 167, 176], "excluded_lines": [], "executed_branches": [[88, 90], [130, 137], [137, 144]], "missing_branches": [[88, 96], [130, 131], [137, 138]], "functions": {"get_user_repo": {"executed_lines": [21, 22, 25, 28, 38], "summary": {"covered_lines": 5, "num_statements": 5, "percent_covered": 100.0, "percent_covered_display": "100.0", "missing_lines": 0, "excluded_lines": 0, "num_branches": 0, "num_partial_branches": 0, "covered_branches": 0, "missing_branches": 0}, "missing_lines": [], "excluded_lines": [], "executed_branches": [], "missing_branches": []}, "get_user_repo.InMemoryUserRepo.__init__": {"executed_lines": [23], "summary": {"covered_lines": 1, "num_statements": 1, "percent_covered": 100.0, "percent_covered_display": "100.0", "missing_lines": 0, "excluded_lines": 0, "num_branches": 0, "num_partial_branches": 0, "covered_branches": 0, "missing_branches": 0}, "missing_lines": [], "excluded_lines": [], "executed_branches": [], "missing_branches": []}, "get_user_repo.InMemoryUserRepo.user_exists": {"executed_lines": [26], "summary": {"covered_lines": 1, "num_statements": 1, "percent_covered": 100.0, "percent_covered_display": "100.0", "missing_lines": 0, "excluded_lines": 0, "num_branches": 0, "num_partial_branches": 0, "covered_branches": 0, "missing_branches": 0}, "missing_lines": [], "excluded_lines": [], "executed_branches": [], "missing_branches": []}, "get_user_repo.InMemoryUserRepo.create_user": {"executed_lines": [29, 30, 35, 36], "summary": {"covered_lines": 4, "num_statements": 4, "percent_covered": 100.0, "percent_covered_display": "100.0", "missing_lines": 0, "excluded_lines": 0, "num_branches": 0, "num_partial_branches": 0, "covered_branches": 0, "missing_branches": 0}, "missing_lines": [], "excluded_lines": [], "executed_branches": [], "missing_branches": []}, "hash_password": {"executed_lines": [44], "summary": {"covered_lines": 1, "num_statements": 1, "percent_covered": 100.0, "percent_covered_display": "100.0", "missing_lines": 0, "excluded_lines": 0, "num_branches": 0, "num_partial_branches": 0, "covered_branches": 0, "missing_branches": 0}, "missing_lines": [], "excluded_lines": [], "executed_branches": [], "missing_branches": []}, "login": {"executed_lines": [86, 88, 90], "summary": {"covered_lines": 3, "num_statements": 9, "percent_covered": 36.36363636363637, "percent_covered_display": "36.4", "missing_lines": 6, "excluded_lines": 0, "num_branches": 2, "num_partial_branches": 1, "covered_branches": 1, "missing_branches": 1}, "missing_lines": [96, 100, 101, 102, 103, 104], "excluded_lines": [], "executed_branches": [[88, 90]], "missing_branches": [[88, 96]]}, "register_user": {"executed_lines": [128, 130, 137, 144, 145, 147, 149], "summary": {"covered_lines": 7, "num_statements": 14, "percent_covered": 50.0, "percent_covered_display": "50.0", "missing_lines": 7, "excluded_lines": 0, "num_branches": 4, "num_partial_branches": 2, "covered_branches": 2, "missing_branches": 2}, "missing_lines": [131, 138, 154, 155, 156, 157, 158], "excluded_lines": [], "executed_branches": [[130, 137], [137, 144]], "missing_branches": [[130, 131], [137, 138]]}, "get_current_user": {"executed_lines": [], "summary": {"covered_lines": 0, "num_statements": 1, "percent_covered": 0.0, "percent_covered_display": "0.0", "missing_lines": 1, "excluded_lines": 0, "num_branches": 0, "num_partial_branches": 0, "covered_branches": 0, "missing_branches": 0}, "missing_lines": [167], "excluded_lines": [], "executed_branches": [], "missing_branches": []}, "create_test_user": {"executed_lines": [], "summary": {"covered_lines": 0, "num_statements": 1, "percent_covered": 0.0, "percent_covered_display": "0.0", "missing_lines": 1, "excluded_lines": 0, "num_branches": 0, "num_partial_branches": 0, "covered_branches": 0, "missing_branches": 0}, "missing_lines": [176], "excluded_lines": [], "executed_branches": [], "missing_branches": []}, "": {"executed_lines": [1, 6, 7, 8, 9, 10, 11, 13, 15, 18, 41, 47, 48, 49, 50, 53, 54, 55, 56, 59, 60, 61, 62, 63, 67, 68, 110, 111, 165, 174], "summary": {"covered_lines": 26, "num_statements": 26, "percent_covered": 100.0, "percent_covered_display": "100.0", "missing_lines": 0, "excluded_lines": 0, "num_branches": 0, "num_partial_branches": 0, "covered_branches": 0, "missing_branches": 0}, "missing_lines": [], "excluded_lines": [], "executed_branches": [], "missing_branches": []}}, "classes": {"get_user_repo.InMemoryUserRepo": {"executed_lines": [23, 26, 29, 30, 35, 36], "summary": {"covered_lines": 6, "num_statements": 6, "percent_covered": 100.0, "percent_covered_display": "100.0", "missing_lines": 0, "excluded_lines": 0, "num_branches": 0, "num_partial_branches": 0, "covered_branches": 0, "missing_branches": 0}, "missing_lines": [], "excluded_lines": [], "executed_branches": [], "missing_branches": []}, "UserRegistrationRequest": {"executed_lines": [], "summary": {"covered_lines": 0, "num_statements": 0, "percent_covered": 100.0, "percent_covered_display": "100.0", "missing_lines": 0, "excluded_lines": 0, "num_branches": 0, "num_partial_branches": 0, "covered_branches": 0, "missing_branches": 0}, "missing_lines": [], "excluded_lines": [], "executed_branches": [], "missing_branches": []}, "UserRegistrationResponse": {"executed_lines": [], "summary": {"covered_lines": 0, "num_statements": 0, "percent_covered": 100.0, "percent_covered_display": "100.0", "missing_lines": 0, "excluded_lines": 0, "num_branches": 0, "num_partial_branches": 0, "covered_branches": 0, "missing_branches": 0}, "missing_lines": [], "excluded_lines": [], "executed_branches": [], "missing_branches": []}, "LoginResponse": {"executed_lines": [], "summary": {"covered_lines": 0, "num_statements": 0, "percent_covered": 100.0, "percent_covered_display": "100.0", "missing_lines": 0, "excluded_lines": 0, "num_branches": 0, "num_partial_branches": 0, "covered_branches": 0, "missing_branches": 0}, "missing_lines": [], "excluded_lines": [], "executed_branches": [], "missing_branches": []}, "": {"executed_lines": [1, 6, 7, 8, 9, 10, 11, 13, 15, 18, 21, 22, 25, 28, 38, 41, 44, 47, 48, 49, 50, 53, 54, 55, 56, 59, 60, 61, 62, 63, 67, 68, 86, 88, 90, 110, 111, 128, 130, 137, 144, 145, 147, 149, 165, 174], "summary": {"covered_lines": 42, "num_statements": 57, "percent_covered": 71.42857142857143, "percent_covered_display": "71.4", "missing_lines": 15, "excluded_lines": 0, "num_branches": 6, "num_partial_branches": 3, "covered_branches": 3, "missing_branches": 3}, "missing_lines": [96, 100, 101, 102, 103, 104, 131, 138, 154, 155, 156, 157, 158, 167, 176], "excluded_lines": [], "executed_branches": [[88, 90], [130, 137], [137, 144]], "missing_branches": [[88, 96], [130, 131], [137, 138]]}}}, "backend\\api\\auth_new.py": {"executed_lines": [], "summary": {"covered_lines": 0, "num_statements": 0, "percent_covered": 100.0, "percent_covered_display": "100.0", "missing_lines": 0, "excluded_lines": 0, "num_branches": 0, "num_partial_branches": 0, "covered_branches": 0, "missing_branches": 0}, "missing_lines": [], "excluded_lines": [], "executed_branches": [], "missing_branches": [], "functions": {"": {"executed_lines": [], "summary": {"covered_lines": 0, "num_statements": 0, "percent_covered": 100.0, "percent_covered_display": "100.0", "missing_lines": 0, "excluded_lines": 0, "num_branches": 0, "num_partial_branches": 0, "covered_branches": 0, "missing_branches": 0}, "missing_lines": [], "excluded_lines": [], "executed_branches": [], "missing_branches": []}}, "classes": {"": {"executed_lines": [], "summary": {"covered_lines": 0, "num_statements": 0, "percent_covered": 100.0, "percent_covered_display": "100.0", "missing_lines": 0, "excluded_lines": 0, "num_branches": 0, "num_partial_branches": 0, "covered_branches": 0, "missing_branches": 0}, "missing_lines": [], "excluded_lines": [], "executed_branches": [], "missing_branches": []}}}, "backend\\api\\errors.py": {"executed_lines": [1, 6, 7, 9, 10, 11, 12, 15, 23, 24, 31, 36, 37, 44, 54, 55, 77, 104], "summary": {"covered_lines": 17, "num_statements": 27, "percent_covered": 54.83870967741935, "percent_covered_display": "54.8", "missing_lines": 10, "excluded_lines": 0, "num_branches": 4, "num_partial_branches": 0, "covered_branches": 0, "missing_branches": 4}, "missing_lines": [63, 66, 93, 114, 115, 116, 121, 122, 123, 125], "excluded_lines": [], "executed_branches": [], "missing_branches": [[115, 116], [115, 125], [121, 122], [121, 123]], "functions": {"install_error_handlers": {"executed_lines": [23, 24, 36, 37, 54, 55], "summary": {"covered_lines": 6, "num_statements": 6, "percent_covered": 100.0, "percent_covered_display": "100.0", "missing_lines": 0, "excluded_lines": 0, "num_branches": 0, "num_partial_branches": 0, "covered_branches": 0, "missing_branches": 0}, "missing_lines": [], "excluded_lines": [], "executed_branches": [], "missing_branches": []}, "install_error_handlers.validation_error_handler": {"executed_lines": [31], "summary": {"covered_lines": 1, "num_statements": 1, "percent_covered": 100.0, "percent_covered_display": "100.0", "missing_lines": 0, "excluded_lines": 0, "num_branches": 0, "num_partial_branches": 0, "covered_branches": 0, "missing_branches": 0}, "missing_lines": [], "excluded_lines": [], "executed_branches": [], "missing_branches": []}, "install_error_handlers.http_exception_handler": {"executed_lines": [44], "summary": {"covered_lines": 1, "num_statements": 1, "percent_covered": 100.0, "percent_covered_display": "100.0", "missing_lines": 0, "excluded_lines": 0, "num_branches": 0, "num_partial_branches": 0, "covered_branches": 0, "missing_branches": 0}, "missing_lines": [], "excluded_lines": [], "executed_branches": [], "missing_branches": []}, "install_error_handlers.catch_all_handler": {"executed_lines": [], "summary": {"covered_lines": 0, "num_statements": 2, "percent_covered": 0.0, "percent_covered_display": "0.0", "missing_lines": 2, "excluded_lines": 0, "num_branches": 0, "num_partial_branches": 0, "covered_branches": 0, "missing_branches": 0}, "missing_lines": [63, 66], "excluded_lines": [], "executed_branches": [], "missing_branches": []}, "create_error_response": {"executed_lines": [], "summary": {"covered_lines": 0, "num_statements": 1, "percent_covered": 0.0, "percent_covered_display": "0.0", "missing_lines": 1, "excluded_lines": 0, "num_branches": 0, "num_partial_branches": 0, "covered_branches": 0, "missing_branches": 0}, "missing_lines": [93], "excluded_lines": [], "executed_branches": [], "missing_branches": []}, "format_validation_errors": {"executed_lines": [], "summary": {"covered_lines": 0, "num_statements": 7, "percent_covered": 0.0, "percent_covered_display": "0.0", "missing_lines": 7, "excluded_lines": 0, "num_branches": 4, "num_partial_branches": 0, "covered_branches": 0, "missing_branches": 4}, "missing_lines": [114, 115, 116, 121, 122, 123, 125], "excluded_lines": [], "executed_branches": [], "missing_branches": [[115, 116], [115, 125], [121, 122], [121, 123]]}, "": {"executed_lines": [1, 6, 7, 9, 10, 11, 12, 15, 77, 104], "summary": {"covered_lines": 9, "num_statements": 9, "percent_covered": 100.0, "percent_covered_display": "100.0", "missing_lines": 0, "excluded_lines": 0, "num_branches": 0, "num_partial_branches": 0, "covered_branches": 0, "missing_branches": 0}, "missing_lines": [], "excluded_lines": [], "executed_branches": [], "missing_branches": []}}, "classes": {"": {"executed_lines": [1, 6, 7, 9, 10, 11, 12, 15, 23, 24, 31, 36, 37, 44, 54, 55, 77, 104], "summary": {"covered_lines": 17, "num_statements": 27, "percent_covered": 54.83870967741935, "percent_covered_display": "54.8", "missing_lines": 10, "excluded_lines": 0, "num_branches": 4, "num_partial_branches": 0, "covered_branches": 0, "missing_branches": 4}, "missing_lines": [63, 66, 93, 114, 115, 116, 121, 122, 123, 125], "excluded_lines": [], "executed_branches": [], "missing_branches": [[115, 116], [115, 125], [121, 122], [121, 123]]}}}, "backend\\api\\factory.py": {"executed_lines": [1, 6, 7, 8, 10, 11, 12, 14, 15, 18, 36, 38, 39, 95, 104, 105, 108, 117, 118, 120, 121, 122, 126, 127, 128, 135, 136, 138, 139, 141, 144, 146, 147, 149, 150, 152, 158, 290, 291, 293, 294, 335, 338, 339, 340, 341, 342, 343, 344, 347, 350, 351, 352, 353, 354, 355, 357], "summary": {"covered_lines": 56, "num_statements": 142, "percent_covered": 35.54216867469879, "percent_covered_display": "35.5", "missing_lines": 86, "excluded_lines": 0, "num_branches": 24, "num_partial_branches": 3, "covered_branches": 3, "missing_branches": 21}, "missing_lines": [42, 44, 46, 47, 49, 51, 56, 57, 59, 60, 63, 65, 73, 76, 78, 82, 85, 86, 87, 88, 89, 90, 91, 92, 123, 154, 160, 161, 164, 167, 170, 173, 182, 193, 195, 198, 199, 202, 203, 206, 207, 213, 222, 223, 226, 227, 237, 245, 247, 249, 250, 253, 254, 255, 256, 259, 268, 269, 270, 280, 287, 296, 297, 298, 300, 303, 304, 307, 308, 309, 310, 311, 313, 315, 318, 319, 320, 321, 325, 328, 330, 332, 359, 360, 362, 363], "excluded_lines": [], "executed_branches": [[120, 121], [135, 136], [293, 294]], "missing_branches": [[46, 47], [46, 49], [85, 86], [85, 87], [87, -38], [87, 88], [88, -38], [88, 89], [120, 123], [135, 138], [222, 223], [222, 245], [268, 269], [268, 287], [293, 296], [308, 309], [308, 310], [310, 311], [310, 313], [319, 320], [319, 332]], "functions": {"create_app": {"executed_lines": [36, 38, 39, 95, 104, 105, 108, 117, 118, 126, 127, 128, 135, 136, 138, 139, 141], "summary": {"covered_lines": 17, "num_statements": 17, "percent_covered": 94.73684210526316, "percent_covered_display": "94.7", "missing_lines": 0, "excluded_lines": 0, "num_branches": 2, "num_partial_branches": 1, "covered_branches": 1, "missing_branches": 1}, "missing_lines": [], "excluded_lines": [], "executed_branches": [[135, 136]], "missing_branches": [[135, 138]]}, "create_app.lifespan": {"executed_lines": [], "summary": {"covered_lines": 0, "num_statements": 24, "percent_covered": 0.0, "percent_covered_display": "0.0", "missing_lines": 24, "excluded_lines": 0, "num_branches": 8, "num_partial_branches": 0, "covered_branches": 0, "missing_branches": 8}, "missing_lines": [42, 44, 46, 47, 49, 51, 56, 57, 59, 60, 63, 65, 73, 76, 78, 82, 85, 86, 87, 88, 89, 90, 91, 92], "excluded_lines": [], "executed_branches": [], "missing_branches": [[46, 47], [46, 49], [85, 86], [85, 87], [87, -38], [87, 88], [88, -38], [88, 89]]}, "create_app.readiness_check": {"executed_lines": [120, 121, 122], "summary": {"covered_lines": 3, "num_statements": 4, "percent_covered": 66.66666666666667, "percent_covered_display": "66.7", "missing_lines": 1, "excluded_lines": 0, "num_branches": 2, "num_partial_branches": 1, "covered_branches": 1, "missing_branches": 1}, "missing_lines": [123], "excluded_lines": [], "executed_branches": [[120, 121]], "missing_branches": [[120, 123]]}, "register_middleware": {"executed_lines": [146, 147, 149, 150, 152, 158, 290, 291], "summary": {"covered_lines": 8, "num_statements": 8, "percent_covered": 100.0, "percent_covered_display": "100.0", "missing_lines": 0, "excluded_lines": 0, "num_branches": 0, "num_partial_branches": 0, "covered_branches": 0, "missing_branches": 0}, "missing_lines": [], "excluded_lines": [], "executed_branches": [], "missing_branches": []}, "register_middleware.generate_request_id": {"executed_lines": [], "summary": {"covered_lines": 0, "num_statements": 1, "percent_covered": 0.0, "percent_covered_display": "0.0", "missing_lines": 1, "excluded_lines": 0, "num_branches": 0, "num_partial_branches": 0, "covered_branches": 0, "missing_branches": 0}, "missing_lines": [154], "excluded_lines": [], "executed_branches": [], "missing_branches": []}, "register_middleware.timing_middleware_disabled": {"executed_lines": [], "summary": {"covered_lines": 0, "num_statements": 35, "percent_covered": 0.0, "percent_covered_display": "0.0", "missing_lines": 35, "excluded_lines": 0, "num_branches": 4, "num_partial_branches": 0, "covered_branches": 0, "missing_branches": 4}, "missing_lines": [160, 161, 164, 167, 170, 173, 182, 193, 195, 198, 199, 202, 203, 206, 207, 213, 222, 223, 226, 227, 237, 245, 247, 249, 250, 253, 254, 255, 256, 259, 268, 269, 270, 280, 287], "excluded_lines": [], "executed_branches": [], "missing_branches": [[222, 223], [222, 245], [268, 269], [268, 287]]}, "register_middleware.metrics_middleware": {"executed_lines": [293, 294], "summary": {"covered_lines": 2, "num_statements": 18, "percent_covered": 13.636363636363637, "percent_covered_display": "13.6", "missing_lines": 16, "excluded_lines": 0, "num_branches": 4, "num_partial_branches": 1, "covered_branches": 1, "missing_branches": 3}, "missing_lines": [296, 297, 298, 300, 303, 304, 307, 315, 318, 319, 320, 321, 325, 328, 330, 332], "excluded_lines": [], "executed_branches": [[293, 294]], "missing_branches": [[293, 296], [319, 320], [319, 332]]}, "register_middleware.metrics_middleware.map_status_code": {"executed_lines": [], "summary": {"covered_lines": 0, "num_statements": 5, "percent_covered": 0.0, "percent_covered_display": "0.0", "missing_lines": 5, "excluded_lines": 0, "num_branches": 4, "num_partial_branches": 0, "covered_branches": 0, "missing_branches": 4}, "missing_lines": [308, 309, 310, 311, 313], "excluded_lines": [], "executed_branches": [], "missing_branches": [[308, 309], [308, 310], [310, 311], [310, 313]]}, "register_routes": {"executed_lines": [338, 339, 340, 341, 342, 343, 344, 347, 350, 351, 352, 353, 354, 355], "summary": {"covered_lines": 14, "num_statements": 14, "percent_covered": 100.0, "percent_covered_display": "100.0", "missing_lines": 0, "excluded_lines": 0, "num_branches": 0, "num_partial_branches": 0, "covered_branches": 0, "missing_branches": 0}, "missing_lines": [], "excluded_lines": [], "executed_branches": [], "missing_branches": []}, "get_session": {"executed_lines": [], "summary": {"covered_lines": 0, "num_statements": 4, "percent_covered": 0.0, "percent_covered_display": "0.0", "missing_lines": 4, "excluded_lines": 0, "num_branches": 0, "num_partial_branches": 0, "covered_branches": 0, "missing_branches": 0}, "missing_lines": [359, 360, 362, 363], "excluded_lines": [], "executed_branches": [], "missing_branches": []}, "": {"executed_lines": [1, 6, 7, 8, 10, 11, 12, 14, 15, 18, 144, 335, 357], "summary": {"covered_lines": 12, "num_statements": 12, "percent_covered": 100.0, "percent_covered_display": "100.0", "missing_lines": 0, "excluded_lines": 0, "num_branches": 0, "num_partial_branches": 0, "covered_branches": 0, "missing_branches": 0}, "missing_lines": [], "excluded_lines": [], "executed_branches": [], "missing_branches": []}}, "classes": {"": {"executed_lines": [1, 6, 7, 8, 10, 11, 12, 14, 15, 18, 36, 38, 39, 95, 104, 105, 108, 117, 118, 120, 121, 122, 126, 127, 128, 135, 136, 138, 139, 141, 144, 146, 147, 149, 150, 152, 158, 290, 291, 293, 294, 335, 338, 339, 340, 341, 342, 343, 344, 347, 350, 351, 352, 353, 354, 355, 357], "summary": {"covered_lines": 56, "num_statements": 142, "percent_covered": 35.54216867469879, "percent_covered_display": "35.5", "missing_lines": 86, "excluded_lines": 0, "num_branches": 24, "num_partial_branches": 3, "covered_branches": 3, "missing_branches": 21}, "missing_lines": [42, 44, 46, 47, 49, 51, 56, 57, 59, 60, 63, 65, 73, 76, 78, 82, 85, 86, 87, 88, 89, 90, 91, 92, 123, 154, 160, 161, 164, 167, 170, 173, 182, 193, 195, 198, 199, 202, 203, 206, 207, 213, 222, 223, 226, 227, 237, 245, 247, 249, 250, 253, 254, 255, 256, 259, 268, 269, 270, 280, 287, 296, 297, 298, 300, 303, 304, 307, 308, 309, 310, 311, 313, 315, 318, 319, 320, 321, 325, 328, 330, 332, 359, 360, 362, 363], "excluded_lines": [], "executed_branches": [[120, 121], [135, 136], [293, 294]], "missing_branches": [[46, 47], [46, 49], [85, 86], [85, 87], [87, -38], [87, 88], [88, -38], [88, 89], [120, 123], [135, 138], [222, 223], [222, 245], [268, 269], [268, 287], [293, 296], [308, 309], [308, 310], [310, 311], [310, 313], [319, 320], [319, 332]]}}}, "backend\\api\\main.py": {"executed_lines": [], "summary": {"covered_lines": 0, "num_statements": 9, "percent_covered": 0.0, "percent_covered_display": "0.0", "missing_lines": 9, "excluded_lines": 3, "num_branches": 0, "num_partial_branches": 0, "covered_branches": 0, "missing_branches": 0}, "missing_lines": [7, 9, 12, 14, 15, 16, 17, 18, 20], "excluded_lines": [22, 23, 24], "executed_branches": [], "missing_branches": [], "functions": {"MockAppState.__init__": {"executed_lines": [], "summary": {"covered_lines": 0, "num_statements": 4, "percent_covered": 0.0, "percent_covered_display": "0.0", "missing_lines": 4, "excluded_lines": 0, "num_branches": 0, "num_partial_branches": 0, "covered_branches": 0, "missing_branches": 0}, "missing_lines": [15, 16, 17, 18], "excluded_lines": [], "executed_branches": [], "missing_branches": []}, "": {"executed_lines": [], "summary": {"covered_lines": 0, "num_statements": 5, "percent_covered": 0.0, "percent_covered_display": "0.0", "missing_lines": 5, "excluded_lines": 3, "num_branches": 0, "num_partial_branches": 0, "covered_branches": 0, "missing_branches": 0}, "missing_lines": [7, 9, 12, 14, 20], "excluded_lines": [22, 23, 24], "executed_branches": [], "missing_branches": []}}, "classes": {"MockAppState": {"executed_lines": [], "summary": {"covered_lines": 0, "num_statements": 4, "percent_covered": 0.0, "percent_covered_display": "0.0", "missing_lines": 4, "excluded_lines": 0, "num_branches": 0, "num_partial_branches": 0, "covered_branches": 0, "missing_branches": 0}, "missing_lines": [15, 16, 17, 18], "excluded_lines": [], "executed_branches": [], "missing_branches": []}, "": {"executed_lines": [], "summary": {"covered_lines": 0, "num_statements": 5, "percent_covered": 0.0, "percent_covered_display": "0.0", "missing_lines": 5, "excluded_lines": 3, "num_branches": 0, "num_partial_branches": 0, "covered_branches": 0, "missing_branches": 0}, "missing_lines": [7, 9, 12, 14, 20], "excluded_lines": [22, 23, 24], "executed_branches": [], "missing_branches": []}}}, "backend\\api\\main_new.py": {"executed_lines": [], "summary": {"covered_lines": 0, "num_statements": 0, "percent_covered": 100.0, "percent_covered_display": "100.0", "missing_lines": 0, "excluded_lines": 0, "num_branches": 0, "num_partial_branches": 0, "covered_branches": 0, "missing_branches": 0}, "missing_lines": [], "excluded_lines": [], "executed_branches": [], "missing_branches": [], "functions": {"": {"executed_lines": [], "summary": {"covered_lines": 0, "num_statements": 0, "percent_covered": 100.0, "percent_covered_display": "100.0", "missing_lines": 0, "excluded_lines": 0, "num_branches": 0, "num_partial_branches": 0, "covered_branches": 0, "missing_branches": 0}, "missing_lines": [], "excluded_lines": [], "executed_branches": [], "missing_branches": []}}, "classes": {"": {"executed_lines": [], "summary": {"covered_lines": 0, "num_statements": 0, "percent_covered": 100.0, "percent_covered_display": "100.0", "missing_lines": 0, "excluded_lines": 0, "num_branches": 0, "num_partial_branches": 0, "covered_branches": 0, "missing_branches": 0}, "missing_lines": [], "excluded_lines": [], "executed_branches": [], "missing_branches": []}}}, "backend\\api\\portfolio.py": {"executed_lines": [1, 6, 7, 8, 9, 10, 11, 13, 15, 18, 21, 22, 23, 40, 41, 43, 46, 47, 48, 49, 50, 51, 52, 55, 56, 70, 72, 75, 79, 82, 83, 84], "summary": {"covered_lines": 30, "num_statements": 31, "percent_covered": 96.7741935483871, "percent_covered_display": "96.8", "missing_lines": 1, "excluded_lines": 0, "num_branches": 0, "num_partial_branches": 0, "covered_branches": 0, "missing_branches": 0}, "missing_lines": [80], "excluded_lines": [], "executed_branches": [], "missing_branches": [], "functions": {"get_portfolio_repo": {"executed_lines": [21, 22, 40, 43], "summary": {"covered_lines": 4, "num_statements": 4, "percent_covered": 100.0, "percent_covered_display": "100.0", "missing_lines": 0, "excluded_lines": 0, "num_branches": 0, "num_partial_branches": 0, "covered_branches": 0, "missing_branches": 0}, "missing_lines": [], "excluded_lines": [], "executed_branches": [], "missing_branches": []}, "get_portfolio_repo.InMemoryPortfolioRepo.__init__": {"executed_lines": [23], "summary": {"covered_lines": 1, "num_statements": 1, "percent_covered": 100.0, "percent_covered_display": "100.0", "missing_lines": 0, "excluded_lines": 0, "num_branches": 0, "num_partial_branches": 0, "covered_branches": 0, "missing_branches": 0}, "missing_lines": [], "excluded_lines": [], "executed_branches": [], "missing_branches": []}, "get_portfolio_repo.InMemoryPortfolioRepo.get_all_positions": {"executed_lines": [41], "summary": {"covered_lines": 1, "num_statements": 1, "percent_covered": 100.0, "percent_covered_display": "100.0", "missing_lines": 0, "excluded_lines": 0, "num_branches": 0, "num_partial_branches": 0, "covered_branches": 0, "missing_branches": 0}, "missing_lines": [], "excluded_lines": [], "executed_branches": [], "missing_branches": []}, "get_positions": {"executed_lines": [70, 72, 75, 79, 82, 83, 84], "summary": {"covered_lines": 7, "num_statements": 8, "percent_covered": 87.5, "percent_covered_display": "87.5", "missing_lines": 1, "excluded_lines": 0, "num_branches": 0, "num_partial_branches": 0, "covered_branches": 0, "missing_branches": 0}, "missing_lines": [80], "excluded_lines": [], "executed_branches": [], "missing_branches": []}, "": {"executed_lines": [1, 6, 7, 8, 9, 10, 11, 13, 15, 18, 46, 47, 48, 49, 50, 51, 52, 55, 56], "summary": {"covered_lines": 17, "num_statements": 17, "percent_covered": 100.0, "percent_covered_display": "100.0", "missing_lines": 0, "excluded_lines": 0, "num_branches": 0, "num_partial_branches": 0, "covered_branches": 0, "missing_branches": 0}, "missing_lines": [], "excluded_lines": [], "executed_branches": [], "missing_branches": []}}, "classes": {"get_portfolio_repo.InMemoryPortfolioRepo": {"executed_lines": [23, 41], "summary": {"covered_lines": 2, "num_statements": 2, "percent_covered": 100.0, "percent_covered_display": "100.0", "missing_lines": 0, "excluded_lines": 0, "num_branches": 0, "num_partial_branches": 0, "covered_branches": 0, "missing_branches": 0}, "missing_lines": [], "excluded_lines": [], "executed_branches": [], "missing_branches": []}, "PositionResponse": {"executed_lines": [], "summary": {"covered_lines": 0, "num_statements": 0, "percent_covered": 100.0, "percent_covered_display": "100.0", "missing_lines": 0, "excluded_lines": 0, "num_branches": 0, "num_partial_branches": 0, "covered_branches": 0, "missing_branches": 0}, "missing_lines": [], "excluded_lines": [], "executed_branches": [], "missing_branches": []}, "": {"executed_lines": [1, 6, 7, 8, 9, 10, 11, 13, 15, 18, 21, 22, 40, 43, 46, 47, 48, 49, 50, 51, 52, 55, 56, 70, 72, 75, 79, 82, 83, 84], "summary": {"covered_lines": 28, "num_statements": 29, "percent_covered": 96.55172413793103, "percent_covered_display": "96.6", "missing_lines": 1, "excluded_lines": 0, "num_branches": 0, "num_partial_branches": 0, "covered_branches": 0, "missing_branches": 0}, "missing_lines": [80], "excluded_lines": [], "executed_branches": [], "missing_branches": []}}}, "backend\\api\\routes\\models.py": {"executed_lines": [1, 6, 7, 9, 10, 12, 13, 15, 17, 21, 22, 23, 24, 25, 26, 29, 30, 31, 32, 33, 37, 80, 82, 83, 100, 101, 131, 132], "summary": {"covered_lines": 25, "num_statements": 56, "percent_covered": 41.935483870967744, "percent_covered_display": "41.9", "missing_lines": 31, "excluded_lines": 0, "num_branches": 6, "num_partial_branches": 1, "covered_branches": 1, "missing_branches": 5}, "missing_lines": [39, 40, 41, 42, 56, 58, 59, 60, 62, 69, 71, 77, 89, 90, 91, 96, 110, 111, 112, 118, 120, 121, 123, 124, 125, 140, 141, 142, 144, 145, 146], "excluded_lines": [], "executed_branches": [[82, 83]], "missing_branches": [[82, 89], [90, 91], [90, 96], [111, 112], [111, 118]], "functions": {"get_model_manager": {"executed_lines": [], "summary": {"covered_lines": 0, "num_statements": 5, "percent_covered": 0.0, "percent_covered_display": "0.0", "missing_lines": 5, "excluded_lines": 0, "num_branches": 0, "num_partial_branches": 0, "covered_branches": 0, "missing_branches": 0}, "missing_lines": [39, 40, 56, 69, 77], "excluded_lines": [], "executed_branches": [], "missing_branches": []}, "get_model_manager.MockModelManager.__init__": {"executed_lines": [], "summary": {"covered_lines": 0, "num_statements": 2, "percent_covered": 0.0, "percent_covered_display": "0.0", "missing_lines": 2, "excluded_lines": 0, "num_branches": 0, "num_partial_branches": 0, "covered_branches": 0, "missing_branches": 0}, "missing_lines": [41, 42], "excluded_lines": [], "executed_branches": [], "missing_branches": []}, "get_model_manager.MockModelManager.start_training": {"executed_lines": [], "summary": {"covered_lines": 0, "num_statements": 4, "percent_covered": 0.0, "percent_covered_display": "0.0", "missing_lines": 4, "excluded_lines": 0, "num_branches": 0, "num_partial_branches": 0, "covered_branches": 0, "missing_branches": 0}, "missing_lines": [58, 59, 60, 62], "excluded_lines": [], "executed_branches": [], "missing_branches": []}, "get_model_manager.MockModelManager.get_model_status": {"executed_lines": [], "summary": {"covered_lines": 0, "num_statements": 1, "percent_covered": 0.0, "percent_covered_display": "0.0", "missing_lines": 1, "excluded_lines": 0, "num_branches": 0, "num_partial_branches": 0, "covered_branches": 0, "missing_branches": 0}, "missing_lines": [71], "excluded_lines": [], "executed_branches": [], "missing_branches": []}, "require_admin": {"executed_lines": [82, 83], "summary": {"covered_lines": 2, "num_statements": 6, "percent_covered": 30.0, "percent_covered_display": "30.0", "missing_lines": 4, "excluded_lines": 0, "num_branches": 4, "num_partial_branches": 1, "covered_branches": 1, "missing_branches": 3}, "missing_lines": [89, 90, 91, 96], "excluded_lines": [], "executed_branches": [[82, 83]], "missing_branches": [[82, 89], [90, 91], [90, 96]]}, "train_models": {"executed_lines": [], "summary": {"covered_lines": 0, "num_statements": 9, "percent_covered": 0.0, "percent_covered_display": "0.0", "missing_lines": 9, "excluded_lines": 0, "num_branches": 2, "num_partial_branches": 0, "covered_branches": 0, "missing_branches": 2}, "missing_lines": [110, 111, 112, 118, 120, 121, 123, 124, 125], "excluded_lines": [], "executed_branches": [], "missing_branches": [[111, 112], [111, 118]]}, "get_model_status": {"executed_lines": [], "summary": {"covered_lines": 0, "num_statements": 6, "percent_covered": 0.0, "percent_covered_display": "0.0", "missing_lines": 6, "excluded_lines": 0, "num_branches": 0, "num_partial_branches": 0, "covered_branches": 0, "missing_branches": 0}, "missing_lines": [140, 141, 142, 144, 145, 146], "excluded_lines": [], "executed_branches": [], "missing_branches": []}, "": {"executed_lines": [1, 6, 7, 9, 10, 12, 13, 15, 17, 21, 22, 23, 24, 25, 26, 29, 30, 31, 32, 33, 37, 80, 100, 101, 131, 132], "summary": {"covered_lines": 23, "num_statements": 23, "percent_covered": 100.0, "percent_covered_display": "100.0", "missing_lines": 0, "excluded_lines": 0, "num_branches": 0, "num_partial_branches": 0, "covered_branches": 0, "missing_branches": 0}, "missing_lines": [], "excluded_lines": [], "executed_branches": [], "missing_branches": []}}, "classes": {"ModelTrainingResponse": {"executed_lines": [], "summary": {"covered_lines": 0, "num_statements": 0, "percent_covered": 100.0, "percent_covered_display": "100.0", "missing_lines": 0, "excluded_lines": 0, "num_branches": 0, "num_partial_branches": 0, "covered_branches": 0, "missing_branches": 0}, "missing_lines": [], "excluded_lines": [], "executed_branches": [], "missing_branches": []}, "ModelStatusResponse": {"executed_lines": [], "summary": {"covered_lines": 0, "num_statements": 0, "percent_covered": 100.0, "percent_covered_display": "100.0", "missing_lines": 0, "excluded_lines": 0, "num_branches": 0, "num_partial_branches": 0, "covered_branches": 0, "missing_branches": 0}, "missing_lines": [], "excluded_lines": [], "executed_branches": [], "missing_branches": []}, "get_model_manager.MockModelManager": {"executed_lines": [], "summary": {"covered_lines": 0, "num_statements": 7, "percent_covered": 0.0, "percent_covered_display": "0.0", "missing_lines": 7, "excluded_lines": 0, "num_branches": 0, "num_partial_branches": 0, "covered_branches": 0, "missing_branches": 0}, "missing_lines": [41, 42, 58, 59, 60, 62, 71], "excluded_lines": [], "executed_branches": [], "missing_branches": []}, "": {"executed_lines": [1, 6, 7, 9, 10, 12, 13, 15, 17, 21, 22, 23, 24, 25, 26, 29, 30, 31, 32, 33, 37, 80, 82, 83, 100, 101, 131, 132], "summary": {"covered_lines": 25, "num_statements": 49, "percent_covered": 47.27272727272727, "percent_covered_display": "47.3", "missing_lines": 24, "excluded_lines": 0, "num_branches": 6, "num_partial_branches": 1, "covered_branches": 1, "missing_branches": 5}, "missing_lines": [39, 40, 56, 69, 77, 89, 90, 91, 96, 110, 111, 112, 118, 120, 121, 123, 124, 125, 140, 141, 142, 144, 145, 146], "excluded_lines": [], "executed_branches": [[82, 83]], "missing_branches": [[82, 89], [90, 91], [90, 96], [111, 112], [111, 118]]}}}, "backend\\api\\routes\\orders.py": {"executed_lines": [1, 6, 7, 8, 10, 11, 13, 14, 16, 18, 22, 23, 24, 25, 26, 27, 28, 29, 32, 33, 34, 35, 36, 37, 38, 39, 40, 43, 44, 45, 46, 47, 48, 49, 50, 51, 52, 53, 54, 58, 106, 118, 131, 136, 193, 198, 225, 226], "summary": {"covered_lines": 44, "num_statements": 112, "percent_covered": 33.84615384615385, "percent_covered_display": "33.8", "missing_lines": 68, "excluded_lines": 0, "num_branches": 18, "num_partial_branches": 0, "covered_branches": 0, "missing_branches": 18}, "missing_lines": [60, 61, 62, 64, 66, 67, 69, 83, 84, 86, 88, 89, 90, 91, 93, 95, 96, 97, 99, 100, 101, 103, 108, 109, 111, 112, 113, 115, 120, 121, 127, 152, 154, 155, 160, 161, 167, 171, 172, 178, 180, 181, 183, 184, 185, 186, 187, 204, 205, 207, 208, 213, 215, 216, 217, 218, 219, 233, 234, 236, 237, 242, 243, 249, 250, 251, 252, 253], "excluded_lines": [], "executed_branches": [], "missing_branches": [[89, 90], [89, 91], [96, 97], [96, 99], [111, 112], [111, 113], [120, 121], [120, 127], [154, 155], [154, 160], [160, 161], [160, 167], [171, 172], [171, 178], [207, 208], [207, 213], [236, 237], [236, 242]], "functions": {"get_order_service": {"executed_lines": [], "summary": {"covered_lines": 0, "num_statements": 6, "percent_covered": 0.0, "percent_covered_display": "0.0", "missing_lines": 6, "excluded_lines": 0, "num_branches": 0, "num_partial_branches": 0, "covered_branches": 0, "missing_branches": 0}, "missing_lines": [60, 61, 64, 86, 93, 103], "excluded_lines": [], "executed_branches": [], "missing_branches": []}, "get_order_service.MockOrderService.__init__": {"executed_lines": [], "summary": {"covered_lines": 0, "num_statements": 1, "percent_covered": 0.0, "percent_covered_display": "0.0", "missing_lines": 1, "excluded_lines": 0, "num_branches": 0, "num_partial_branches": 0, "covered_branches": 0, "missing_branches": 0}, "missing_lines": [62], "excluded_lines": [], "executed_branches": [], "missing_branches": []}, "get_order_service.MockOrderService.submit_order": {"executed_lines": [], "summary": {"covered_lines": 0, "num_statements": 5, "percent_covered": 0.0, "percent_covered_display": "0.0", "missing_lines": 5, "excluded_lines": 0, "num_branches": 0, "num_partial_branches": 0, "covered_branches": 0, "missing_branches": 0}, "missing_lines": [66, 67, 69, 83, 84], "excluded_lines": [], "executed_branches": [], "missing_branches": []}, "get_order_service.MockOrderService.get_order_status": {"executed_lines": [], "summary": {"covered_lines": 0, "num_statements": 4, "percent_covered": 0.0, "percent_covered_display": "0.0", "missing_lines": 4, "excluded_lines": 0, "num_branches": 2, "num_partial_branches": 0, "covered_branches": 0, "missing_branches": 2}, "missing_lines": [88, 89, 90, 91], "excluded_lines": [], "executed_branches": [], "missing_branches": [[89, 90], [89, 91]]}, "get_order_service.MockOrderService.cancel_order": {"executed_lines": [], "summary": {"covered_lines": 0, "num_statements": 6, "percent_covered": 0.0, "percent_covered_display": "0.0", "missing_lines": 6, "excluded_lines": 0, "num_branches": 2, "num_partial_branches": 0, "covered_branches": 0, "missing_branches": 2}, "missing_lines": [95, 96, 97, 99, 100, 101], "excluded_lines": [], "executed_branches": [], "missing_branches": [[96, 97], [96, 99]]}, "get_risk_manager": {"executed_lines": [], "summary": {"covered_lines": 0, "num_statements": 3, "percent_covered": 0.0, "percent_covered_display": "0.0", "missing_lines": 3, "excluded_lines": 0, "num_branches": 0, "num_partial_branches": 0, "covered_branches": 0, "missing_branches": 0}, "missing_lines": [108, 109, 115], "excluded_lines": [], "executed_branches": [], "missing_branches": []}, "get_risk_manager.MockRiskManager.check_trade_risk": {"executed_lines": [], "summary": {"covered_lines": 0, "num_statements": 3, "percent_covered": 0.0, "percent_covered_display": "0.0", "missing_lines": 3, "excluded_lines": 0, "num_branches": 2, "num_partial_branches": 0, "covered_branches": 0, "missing_branches": 2}, "missing_lines": [111, 112, 113], "excluded_lines": [], "executed_branches": [], "missing_branches": [[111, 112], [111, 113]]}, "require_trader": {"executed_lines": [], "summary": {"covered_lines": 0, "num_statements": 3, "percent_covered": 0.0, "percent_covered_display": "0.0", "missing_lines": 3, "excluded_lines": 0, "num_branches": 2, "num_partial_branches": 0, "covered_branches": 0, "missing_branches": 2}, "missing_lines": [120, 121, 127], "excluded_lines": [], "executed_branches": [], "missing_branches": [[120, 121], [120, 127]]}, "submit_order": {"executed_lines": [], "summary": {"covered_lines": 0, "num_statements": 16, "percent_covered": 0.0, "percent_covered_display": "0.0", "missing_lines": 16, "excluded_lines": 0, "num_branches": 6, "num_partial_branches": 0, "covered_branches": 0, "missing_branches": 6}, "missing_lines": [152, 154, 155, 160, 161, 167, 171, 172, 178, 180, 181, 183, 184, 185, 186, 187], "excluded_lines": [], "executed_branches": [], "missing_branches": [[154, 155], [154, 160], [160, 161], [160, 167], [171, 172], [171, 178]]}, "get_order_status": {"executed_lines": [], "summary": {"covered_lines": 0, "num_statements": 10, "percent_covered": 0.0, "percent_covered_display": "0.0", "missing_lines": 10, "excluded_lines": 0, "num_branches": 2, "num_partial_branches": 0, "covered_branches": 0, "missing_branches": 2}, "missing_lines": [204, 205, 207, 208, 213, 215, 216, 217, 218, 219], "excluded_lines": [], "executed_branches": [], "missing_branches": [[207, 208], [207, 213]]}, "cancel_order": {"executed_lines": [], "summary": {"covered_lines": 0, "num_statements": 11, "percent_covered": 0.0, "percent_covered_display": "0.0", "missing_lines": 11, "excluded_lines": 0, "num_branches": 2, "num_partial_branches": 0, "covered_branches": 0, "missing_branches": 2}, "missing_lines": [233, 234, 236, 237, 242, 243, 249, 250, 251, 252, 253], "excluded_lines": [], "executed_branches": [], "missing_branches": [[236, 237], [236, 242]]}, "": {"executed_lines": [1, 6, 7, 8, 10, 11, 13, 14, 16, 18, 22, 23, 24, 25, 26, 27, 28, 29, 32, 33, 34, 35, 36, 37, 38, 39, 40, 43, 44, 45, 46, 47, 48, 49, 50, 51, 52, 53, 54, 58, 106, 118, 131, 136, 193, 198, 225, 226], "summary": {"covered_lines": 44, "num_statements": 44, "percent_covered": 100.0, "percent_covered_display": "100.0", "missing_lines": 0, "excluded_lines": 0, "num_branches": 0, "num_partial_branches": 0, "covered_branches": 0, "missing_branches": 0}, "missing_lines": [], "excluded_lines": [], "executed_branches": [], "missing_branches": []}}, "classes": {"OrderSubmissionRequest": {"executed_lines": [], "summary": {"covered_lines": 0, "num_statements": 0, "percent_covered": 100.0, "percent_covered_display": "100.0", "missing_lines": 0, "excluded_lines": 0, "num_branches": 0, "num_partial_branches": 0, "covered_branches": 0, "missing_branches": 0}, "missing_lines": [], "excluded_lines": [], "executed_branches": [], "missing_branches": []}, "OrderSubmissionResponse": {"executed_lines": [], "summary": {"covered_lines": 0, "num_statements": 0, "percent_covered": 100.0, "percent_covered_display": "100.0", "missing_lines": 0, "excluded_lines": 0, "num_branches": 0, "num_partial_branches": 0, "covered_branches": 0, "missing_branches": 0}, "missing_lines": [], "excluded_lines": [], "executed_branches": [], "missing_branches": []}, "OrderStatusResponse": {"executed_lines": [], "summary": {"covered_lines": 0, "num_statements": 0, "percent_covered": 100.0, "percent_covered_display": "100.0", "missing_lines": 0, "excluded_lines": 0, "num_branches": 0, "num_partial_branches": 0, "covered_branches": 0, "missing_branches": 0}, "missing_lines": [], "excluded_lines": [], "executed_branches": [], "missing_branches": []}, "get_order_service.MockOrderService": {"executed_lines": [], "summary": {"covered_lines": 0, "num_statements": 16, "percent_covered": 0.0, "percent_covered_display": "0.0", "missing_lines": 16, "excluded_lines": 0, "num_branches": 4, "num_partial_branches": 0, "covered_branches": 0, "missing_branches": 4}, "missing_lines": [62, 66, 67, 69, 83, 84, 88, 89, 90, 91, 95, 96, 97, 99, 100, 101], "excluded_lines": [], "executed_branches": [], "missing_branches": [[89, 90], [89, 91], [96, 97], [96, 99]]}, "get_risk_manager.MockRiskManager": {"executed_lines": [], "summary": {"covered_lines": 0, "num_statements": 3, "percent_covered": 0.0, "percent_covered_display": "0.0", "missing_lines": 3, "excluded_lines": 0, "num_branches": 2, "num_partial_branches": 0, "covered_branches": 0, "missing_branches": 2}, "missing_lines": [111, 112, 113], "excluded_lines": [], "executed_branches": [], "missing_branches": [[111, 112], [111, 113]]}, "": {"executed_lines": [1, 6, 7, 8, 10, 11, 13, 14, 16, 18, 22, 23, 24, 25, 26, 27, 28, 29, 32, 33, 34, 35, 36, 37, 38, 39, 40, 43, 44, 45, 46, 47, 48, 49, 50, 51, 52, 53, 54, 58, 106, 118, 131, 136, 193, 198, 225, 226], "summary": {"covered_lines": 44, "num_statements": 93, "percent_covered": 41.904761904761905, "percent_covered_display": "41.9", "missing_lines": 49, "excluded_lines": 0, "num_branches": 12, "num_partial_branches": 0, "covered_branches": 0, "missing_branches": 12}, "missing_lines": [60, 61, 64, 86, 93, 103, 108, 109, 115, 120, 121, 127, 152, 154, 155, 160, 161, 167, 171, 172, 178, 180, 181, 183, 184, 185, 186, 187, 204, 205, 207, 208, 213, 215, 216, 217, 218, 219, 233, 234, 236, 237, 242, 243, 249, 250, 251, 252, 253], "excluded_lines": [], "executed_branches": [], "missing_branches": [[120, 121], [120, 127], [154, 155], [154, 160], [160, 161], [160, 167], [171, 172], [171, 178], [207, 208], [207, 213], [236, 237], [236, 242]]}}}, "backend\\api\\routes\\risk.py": {"executed_lines": [1, 6, 7, 9, 10, 12, 13, 15, 17, 21, 22, 23, 24, 25, 26, 29, 30, 31, 32, 33, 34, 35, 36, 40, 71, 91, 92, 116, 117], "summary": {"covered_lines": 26, "num_statements": 55, "percent_covered": 44.067796610169495, "percent_covered_display": "44.1", "missing_lines": 29, "excluded_lines": 0, "num_branches": 4, "num_partial_branches": 0, "covered_branches": 0, "missing_branches": 4}, "missing_lines": [42, 43, 44, 51, 53, 62, 64, 66, 68, 73, 74, 80, 81, 82, 87, 101, 102, 103, 105, 106, 108, 109, 110, 125, 126, 127, 129, 130, 131], "excluded_lines": [], "executed_branches": [], "missing_branches": [[73, 74], [73, 80], [81, 82], [81, 87]], "functions": {"get_risk_manager": {"executed_lines": [], "summary": {"covered_lines": 0, "num_statements": 5, "percent_covered": 0.0, "percent_covered_display": "0.0", "missing_lines": 5, "excluded_lines": 0, "num_branches": 0, "num_partial_branches": 0, "covered_branches": 0, "missing_branches": 0}, "missing_lines": [42, 43, 51, 64, 68], "excluded_lines": [], "executed_branches": [], "missing_branches": []}, "get_risk_manager.MockRiskManager.__init__": {"executed_lines": [], "summary": {"covered_lines": 0, "num_statements": 1, "percent_covered": 0.0, "percent_covered_display": "0.0", "missing_lines": 1, "excluded_lines": 0, "num_branches": 0, "num_partial_branches": 0, "covered_branches": 0, "missing_branches": 0}, "missing_lines": [44], "excluded_lines": [], "executed_branches": [], "missing_branches": []}, "get_risk_manager.MockRiskManager.update_risk_limits": {"executed_lines": [], "summary": {"covered_lines": 0, "num_statements": 2, "percent_covered": 0.0, "percent_covered_display": "0.0", "missing_lines": 2, "excluded_lines": 0, "num_branches": 0, "num_partial_branches": 0, "covered_branches": 0, "missing_branches": 0}, "missing_lines": [53, 62], "excluded_lines": [], "executed_branches": [], "missing_branches": []}, "get_risk_manager.MockRiskManager.get_risk_limits": {"executed_lines": [], "summary": {"covered_lines": 0, "num_statements": 1, "percent_covered": 0.0, "percent_covered_display": "0.0", "missing_lines": 1, "excluded_lines": 0, "num_branches": 0, "num_partial_branches": 0, "covered_branches": 0, "missing_branches": 0}, "missing_lines": [66], "excluded_lines": [], "executed_branches": [], "missing_branches": []}, "require_admin": {"executed_lines": [], "summary": {"covered_lines": 0, "num_statements": 6, "percent_covered": 0.0, "percent_covered_display": "0.0", "missing_lines": 6, "excluded_lines": 0, "num_branches": 4, "num_partial_branches": 0, "covered_branches": 0, "missing_branches": 4}, "missing_lines": [73, 74, 80, 81, 82, 87], "excluded_lines": [], "executed_branches": [], "missing_branches": [[73, 74], [73, 80], [81, 82], [81, 87]]}, "update_risk_limits": {"executed_lines": [], "summary": {"covered_lines": 0, "num_statements": 8, "percent_covered": 0.0, "percent_covered_display": "0.0", "missing_lines": 8, "excluded_lines": 0, "num_branches": 0, "num_partial_branches": 0, "covered_branches": 0, "missing_branches": 0}, "missing_lines": [101, 102, 103, 105, 106, 108, 109, 110], "excluded_lines": [], "executed_branches": [], "missing_branches": []}, "get_risk_limits": {"executed_lines": [], "summary": {"covered_lines": 0, "num_statements": 6, "percent_covered": 0.0, "percent_covered_display": "0.0", "missing_lines": 6, "excluded_lines": 0, "num_branches": 0, "num_partial_branches": 0, "covered_branches": 0, "missing_branches": 0}, "missing_lines": [125, 126, 127, 129, 130, 131], "excluded_lines": [], "executed_branches": [], "missing_branches": []}, "": {"executed_lines": [1, 6, 7, 9, 10, 12, 13, 15, 17, 21, 22, 23, 24, 25, 26, 29, 30, 31, 32, 33, 34, 35, 36, 40, 71, 91, 92, 116, 117], "summary": {"covered_lines": 26, "num_statements": 26, "percent_covered": 100.0, "percent_covered_display": "100.0", "missing_lines": 0, "excluded_lines": 0, "num_branches": 0, "num_partial_branches": 0, "covered_branches": 0, "missing_branches": 0}, "missing_lines": [], "excluded_lines": [], "executed_branches": [], "missing_branches": []}}, "classes": {"RiskLimitsRequest": {"executed_lines": [], "summary": {"covered_lines": 0, "num_statements": 0, "percent_covered": 100.0, "percent_covered_display": "100.0", "missing_lines": 0, "excluded_lines": 0, "num_branches": 0, "num_partial_branches": 0, "covered_branches": 0, "missing_branches": 0}, "missing_lines": [], "excluded_lines": [], "executed_branches": [], "missing_branches": []}, "RiskLimitsResponse": {"executed_lines": [], "summary": {"covered_lines": 0, "num_statements": 0, "percent_covered": 100.0, "percent_covered_display": "100.0", "missing_lines": 0, "excluded_lines": 0, "num_branches": 0, "num_partial_branches": 0, "covered_branches": 0, "missing_branches": 0}, "missing_lines": [], "excluded_lines": [], "executed_branches": [], "missing_branches": []}, "get_risk_manager.MockRiskManager": {"executed_lines": [], "summary": {"covered_lines": 0, "num_statements": 4, "percent_covered": 0.0, "percent_covered_display": "0.0", "missing_lines": 4, "excluded_lines": 0, "num_branches": 0, "num_partial_branches": 0, "covered_branches": 0, "missing_branches": 0}, "missing_lines": [44, 53, 62, 66], "excluded_lines": [], "executed_branches": [], "missing_branches": []}, "": {"executed_lines": [1, 6, 7, 9, 10, 12, 13, 15, 17, 21, 22, 23, 24, 25, 26, 29, 30, 31, 32, 33, 34, 35, 36, 40, 71, 91, 92, 116, 117], "summary": {"covered_lines": 26, "num_statements": 51, "percent_covered": 47.27272727272727, "percent_covered_display": "47.3", "missing_lines": 25, "excluded_lines": 0, "num_branches": 4, "num_partial_branches": 0, "covered_branches": 0, "missing_branches": 4}, "missing_lines": [42, 43, 51, 64, 68, 73, 74, 80, 81, 82, 87, 101, 102, 103, 105, 106, 108, 109, 110, 125, 126, 127, 129, 130, 131], "excluded_lines": [], "executed_branches": [], "missing_branches": [[73, 74], [73, 80], [81, 82], [81, 87]]}}}, "backend\\api\\routes\\signals.py": {"executed_lines": [1, 6, 7, 8, 9, 11, 12, 14, 15, 17, 19, 23, 24, 25, 26, 27, 28, 29, 30, 31, 34, 35, 36, 37, 40, 41, 42, 43, 44, 45, 49, 72, 92, 107, 122, 133, 138, 190, 195, 243, 248], "summary": {"covered_lines": 37, "num_statements": 132, "percent_covered": 24.342105263157894, "percent_covered_display": "24.3", "missing_lines": 95, "excluded_lines": 0, "num_branches": 20, "num_partial_branches": 0, "covered_branches": 0, "missing_branches": 20}, "missing_lines": [51, 52, 54, 55, 57, 58, 59, 60, 61, 62, 63, 64, 65, 67, 69, 74, 76, 77, 79, 80, 87, 89, 94, 95, 97, 104, 109, 110, 112, 119, 124, 125, 129, 145, 147, 148, 149, 154, 155, 159, 162, 163, 166, 169, 173, 183, 184, 185, 186, 187, 202, 203, 204, 206, 207, 209, 212, 213, 214, 218, 228, 229, 230, 231, 233, 238, 239, 240, 262, 263, 264, 265, 266, 268, 269, 271, 275, 277, 280, 284, 295, 296, 299, 300, 303, 306, 308, 309, 310, 312, 319, 320, 321, 322, 323], "excluded_lines": [], "executed_branches": [], "missing_branches": [[124, 125], [124, 129], [148, 149], [148, 154], [154, 155], [154, 159], [162, 163], [162, 166], [206, 207], [206, 233], [212, 213], [212, 228], [268, 269], [268, 312], [275, 277], [275, 306], [295, 296], [295, 299], [299, 268], [299, 300]], "functions": {"get_strategy_manager": {"executed_lines": [], "summary": {"covered_lines": 0, "num_statements": 3, "percent_covered": 0.0, "percent_covered_display": "0.0", "missing_lines": 3, "excluded_lines": 0, "num_branches": 0, "num_partial_branches": 0, "covered_branches": 0, "missing_branches": 0}, "missing_lines": [51, 52, 69], "excluded_lines": [], "executed_branches": [], "missing_branches": []}, "get_strategy_manager.MockStrategyManager.generate_combined_signal": {"executed_lines": [], "summary": {"covered_lines": 0, "num_statements": 12, "percent_covered": 0.0, "percent_covered_display": "0.0", "missing_lines": 12, "excluded_lines": 0, "num_branches": 0, "num_partial_branches": 0, "covered_branches": 0, "missing_branches": 0}, "missing_lines": [54, 55, 57, 58, 59, 60, 61, 62, 63, 64, 65, 67], "excluded_lines": [], "executed_branches": [], "missing_branches": []}, "get_alpaca_client": {"executed_lines": [], "summary": {"covered_lines": 0, "num_statements": 4, "percent_covered": 0.0, "percent_covered_display": "0.0", "missing_lines": 4, "excluded_lines": 0, "num_branches": 0, "num_partial_branches": 0, "covered_branches": 0, "missing_branches": 0}, "missing_lines": [74, 76, 77, 89], "excluded_lines": [], "executed_branches": [], "missing_branches": []}, "get_alpaca_client.MockAlpacaClient.get_historical_data": {"executed_lines": [], "summary": {"covered_lines": 0, "num_statements": 3, "percent_covered": 0.0, "percent_covered_display": "0.0", "missing_lines": 3, "excluded_lines": 0, "num_branches": 0, "num_partial_branches": 0, "covered_branches": 0, "missing_branches": 0}, "missing_lines": [79, 80, 87], "excluded_lines": [], "executed_branches": [], "missing_branches": []}, "get_feature_engineer": {"executed_lines": [], "summary": {"covered_lines": 0, "num_statements": 3, "percent_covered": 0.0, "percent_covered_display": "0.0", "missing_lines": 3, "excluded_lines": 0, "num_branches": 0, "num_partial_branches": 0, "covered_branches": 0, "missing_branches": 0}, "missing_lines": [94, 95, 104], "excluded_lines": [], "executed_branches": [], "missing_branches": []}, "get_feature_engineer.MockFeatureEngineer.compute_all_features": {"executed_lines": [], "summary": {"covered_lines": 0, "num_statements": 1, "percent_covered": 0.0, "percent_covered_display": "0.0", "missing_lines": 1, "excluded_lines": 0, "num_branches": 0, "num_partial_branches": 0, "covered_branches": 0, "missing_branches": 0}, "missing_lines": [97], "excluded_lines": [], "executed_branches": [], "missing_branches": []}, "get_risk_manager": {"executed_lines": [], "summary": {"covered_lines": 0, "num_statements": 3, "percent_covered": 0.0, "percent_covered_display": "0.0", "missing_lines": 3, "excluded_lines": 0, "num_branches": 0, "num_partial_branches": 0, "covered_branches": 0, "missing_branches": 0}, "missing_lines": [109, 110, 119], "excluded_lines": [], "executed_branches": [], "missing_branches": []}, "get_risk_manager.MockRiskManager.assess_signal_risk": {"executed_lines": [], "summary": {"covered_lines": 0, "num_statements": 1, "percent_covered": 0.0, "percent_covered_display": "0.0", "missing_lines": 1, "excluded_lines": 0, "num_branches": 0, "num_partial_branches": 0, "covered_branches": 0, "missing_branches": 0}, "missing_lines": [112], "excluded_lines": [], "executed_branches": [], "missing_branches": []}, "get_authenticated_user": {"executed_lines": [], "summary": {"covered_lines": 0, "num_statements": 3, "percent_covered": 0.0, "percent_covered_display": "0.0", "missing_lines": 3, "excluded_lines": 0, "num_branches": 2, "num_partial_branches": 0, "covered_branches": 0, "missing_branches": 2}, "missing_lines": [124, 125, 129], "excluded_lines": [], "executed_branches": [], "missing_branches": [[124, 125], [124, 129]]}, "get_trading_signal": {"executed_lines": [], "summary": {"covered_lines": 0, "num_statements": 17, "percent_covered": 0.0, "percent_covered_display": "0.0", "missing_lines": 17, "excluded_lines": 0, "num_branches": 6, "num_partial_branches": 0, "covered_branches": 0, "missing_branches": 6}, "missing_lines": [145, 147, 148, 149, 154, 155, 159, 162, 163, 166, 169, 173, 183, 184, 185, 186, 187], "excluded_lines": [], "executed_branches": [], "missing_branches": [[148, 149], [148, 154], [154, 155], [154, 159], [162, 163], [162, 166]]}, "get_all_signals": {"executed_lines": [], "summary": {"covered_lines": 0, "num_statements": 18, "percent_covered": 0.0, "percent_covered_display": "0.0", "missing_lines": 18, "excluded_lines": 0, "num_branches": 4, "num_partial_branches": 0, "covered_branches": 0, "missing_branches": 4}, "missing_lines": [202, 203, 204, 206, 207, 209, 212, 213, 214, 218, 228, 229, 230, 231, 233, 238, 239, 240], "excluded_lines": [], "executed_branches": [], "missing_branches": [[206, 207], [206, 233], [212, 213], [212, 228]]}, "get_advanced_signals": {"executed_lines": [], "summary": {"covered_lines": 0, "num_statements": 27, "percent_covered": 0.0, "percent_covered_display": "0.0", "missing_lines": 27, "excluded_lines": 0, "num_branches": 8, "num_partial_branches": 0, "covered_branches": 0, "missing_branches": 8}, "missing_lines": [262, 263, 264, 265, 266, 268, 269, 271, 275, 277, 280, 284, 295, 296, 299, 300, 303, 306, 308, 309, 310, 312, 319, 320, 321, 322, 323], "excluded_lines": [], "executed_branches": [], "missing_branches": [[268, 269], [268, 312], [275, 277], [275, 306], [295, 296], [295, 299], [299, 268], [299, 300]]}, "": {"executed_lines": [1, 6, 7, 8, 9, 11, 12, 14, 15, 17, 19, 23, 24, 25, 26, 27, 28, 29, 30, 31, 34, 35, 36, 37, 40, 41, 42, 43, 44, 45, 49, 72, 92, 107, 122, 133, 138, 190, 195, 243, 248], "summary": {"covered_lines": 37, "num_statements": 37, "percent_covered": 100.0, "percent_covered_display": "100.0", "missing_lines": 0, "excluded_lines": 0, "num_branches": 0, "num_partial_branches": 0, "covered_branches": 0, "missing_branches": 0}, "missing_lines": [], "excluded_lines": [], "executed_branches": [], "missing_branches": []}}, "classes": {"SignalResponse": {"executed_lines": [], "summary": {"covered_lines": 0, "num_statements": 0, "percent_covered": 100.0, "percent_covered_display": "100.0", "missing_lines": 0, "excluded_lines": 0, "num_branches": 0, "num_partial_branches": 0, "covered_branches": 0, "missing_branches": 0}, "missing_lines": [], "excluded_lines": [], "executed_branches": [], "missing_branches": []}, "MultiSignalsResponse": {"executed_lines": [], "summary": {"covered_lines": 0, "num_statements": 0, "percent_covered": 100.0, "percent_covered_display": "100.0", "missing_lines": 0, "excluded_lines": 0, "num_branches": 0, "num_partial_branches": 0, "covered_branches": 0, "missing_branches": 0}, "missing_lines": [], "excluded_lines": [], "executed_branches": [], "missing_branches": []}, "AdvancedSignalsResponse": {"executed_lines": [], "summary": {"covered_lines": 0, "num_statements": 0, "percent_covered": 100.0, "percent_covered_display": "100.0", "missing_lines": 0, "excluded_lines": 0, "num_branches": 0, "num_partial_branches": 0, "covered_branches": 0, "missing_branches": 0}, "missing_lines": [], "excluded_lines": [], "executed_branches": [], "missing_branches": []}, "get_strategy_manager.MockStrategyManager": {"executed_lines": [], "summary": {"covered_lines": 0, "num_statements": 12, "percent_covered": 0.0, "percent_covered_display": "0.0", "missing_lines": 12, "excluded_lines": 0, "num_branches": 0, "num_partial_branches": 0, "covered_branches": 0, "missing_branches": 0}, "missing_lines": [54, 55, 57, 58, 59, 60, 61, 62, 63, 64, 65, 67], "excluded_lines": [], "executed_branches": [], "missing_branches": []}, "get_alpaca_client.MockAlpacaClient": {"executed_lines": [], "summary": {"covered_lines": 0, "num_statements": 3, "percent_covered": 0.0, "percent_covered_display": "0.0", "missing_lines": 3, "excluded_lines": 0, "num_branches": 0, "num_partial_branches": 0, "covered_branches": 0, "missing_branches": 0}, "missing_lines": [79, 80, 87], "excluded_lines": [], "executed_branches": [], "missing_branches": []}, "get_feature_engineer.MockFeatureEngineer": {"executed_lines": [], "summary": {"covered_lines": 0, "num_statements": 1, "percent_covered": 0.0, "percent_covered_display": "0.0", "missing_lines": 1, "excluded_lines": 0, "num_branches": 0, "num_partial_branches": 0, "covered_branches": 0, "missing_branches": 0}, "missing_lines": [97], "excluded_lines": [], "executed_branches": [], "missing_branches": []}, "get_risk_manager.MockRiskManager": {"executed_lines": [], "summary": {"covered_lines": 0, "num_statements": 1, "percent_covered": 0.0, "percent_covered_display": "0.0", "missing_lines": 1, "excluded_lines": 0, "num_branches": 0, "num_partial_branches": 0, "covered_branches": 0, "missing_branches": 0}, "missing_lines": [112], "excluded_lines": [], "executed_branches": [], "missing_branches": []}, "": {"executed_lines": [1, 6, 7, 8, 9, 11, 12, 14, 15, 17, 19, 23, 24, 25, 26, 27, 28, 29, 30, 31, 34, 35, 36, 37, 40, 41, 42, 43, 44, 45, 49, 72, 92, 107, 122, 133, 138, 190, 195, 243, 248], "summary": {"covered_lines": 37, "num_statements": 115, "percent_covered": 27.40740740740741, "percent_covered_display": "27.4", "missing_lines": 78, "excluded_lines": 0, "num_branches": 20, "num_partial_branches": 0, "covered_branches": 0, "missing_branches": 20}, "missing_lines": [51, 52, 69, 74, 76, 77, 89, 94, 95, 104, 109, 110, 119, 124, 125, 129, 145, 147, 148, 149, 154, 155, 159, 162, 163, 166, 169, 173, 183, 184, 185, 186, 187, 202, 203, 204, 206, 207, 209, 212, 213, 214, 218, 228, 229, 230, 231, 233, 238, 239, 240, 262, 263, 264, 265, 266, 268, 269, 271, 275, 277, 280, 284, 295, 296, 299, 300, 303, 306, 308, 309, 310, 312, 319, 320, 321, 322, 323], "excluded_lines": [], "executed_branches": [], "missing_branches": [[124, 125], [124, 129], [148, 149], [148, 154], [154, 155], [154, 159], [162, 163], [162, 166], [206, 207], [206, 233], [212, 213], [212, 228], [268, 269], [268, 312], [275, 277], [275, 306], [295, 296], [295, 299], [299, 268], [299, 300]]}}}, "backend\\api\\routes\\system.py": {"executed_lines": [1, 6, 7, 8, 9, 11, 12, 14, 15, 16, 18, 19, 20, 24, 26, 29, 30, 45, 46, 48, 51, 53, 58, 64, 67, 68, 69, 74, 75, 77, 88, 89, 91, 94, 95, 103, 105, 107], "summary": {"covered_lines": 37, "num_statements": 45, "percent_covered": 78.43137254901961, "percent_covered_display": "78.4", "missing_lines": 8, "excluded_lines": 0, "num_branches": 6, "num_partial_branches": 3, "covered_branches": 3, "missing_branches": 3}, "missing_lines": [21, 22, 32, 49, 54, 59, 113, 115], "excluded_lines": [], "executed_branches": [[48, 51], [53, 58], [58, 64]], "missing_branches": [[48, 49], [53, 54], [58, 59]], "functions": {"root": {"executed_lines": [], "summary": {"covered_lines": 0, "num_statements": 1, "percent_covered": 0.0, "percent_covered_display": "0.0", "missing_lines": 1, "excluded_lines": 0, "num_branches": 0, "num_partial_branches": 0, "covered_branches": 0, "missing_branches": 0}, "missing_lines": [32], "excluded_lines": [], "executed_branches": [], "missing_branches": []}, "get_metrics": {"executed_lines": [48, 51, 53, 58, 64, 67, 68, 69], "summary": {"covered_lines": 8, "num_statements": 11, "percent_covered": 64.70588235294117, "percent_covered_display": "64.7", "missing_lines": 3, "excluded_lines": 0, "num_branches": 6, "num_partial_branches": 3, "covered_branches": 3, "missing_branches": 3}, "missing_lines": [49, 54, 59], "excluded_lines": [], "executed_branches": [[48, 51], [53, 58], [58, 64]], "missing_branches": [[48, 49], [53, 54], [58, 59]]}, "health_check": {"executed_lines": [77], "summary": {"covered_lines": 1, "num_statements": 1, "percent_covered": 100.0, "percent_covered_display": "100.0", "missing_lines": 0, "excluded_lines": 0, "num_branches": 0, "num_partial_branches": 0, "covered_branches": 0, "missing_branches": 0}, "missing_lines": [], "excluded_lines": [], "executed_branches": [], "missing_branches": []}, "health_check_not_allowed": {"executed_lines": [91], "summary": {"covered_lines": 1, "num_statements": 1, "percent_covered": 100.0, "percent_covered_display": "100.0", "missing_lines": 0, "excluded_lines": 0, "num_branches": 0, "num_partial_branches": 0, "covered_branches": 0, "missing_branches": 0}, "missing_lines": [], "excluded_lines": [], "executed_branches": [], "missing_branches": []}, "liveness_probe": {"executed_lines": [103, 105, 107], "summary": {"covered_lines": 3, "num_statements": 5, "percent_covered": 60.0, "percent_covered_display": "60.0", "missing_lines": 2, "excluded_lines": 0, "num_branches": 0, "num_partial_branches": 0, "covered_branches": 0, "missing_branches": 0}, "missing_lines": [113, 115], "excluded_lines": [], "executed_branches": [], "missing_branches": []}, "": {"executed_lines": [1, 6, 7, 8, 9, 11, 12, 14, 15, 16, 18, 19, 20, 24, 26, 29, 30, 45, 46, 74, 75, 88, 89, 94, 95], "summary": {"covered_lines": 24, "num_statements": 26, "percent_covered": 92.3076923076923, "percent_covered_display": "92.3", "missing_lines": 2, "excluded_lines": 0, "num_branches": 0, "num_partial_branches": 0, "covered_branches": 0, "missing_branches": 0}, "missing_lines": [21, 22], "excluded_lines": [], "executed_branches": [], "missing_branches": []}}, "classes": {"": {"executed_lines": [1, 6, 7, 8, 9, 11, 12, 14, 15, 16, 18, 19, 20, 24, 26, 29, 30, 45, 46, 48, 51, 53, 58, 64, 67, 68, 69, 74, 75, 77, 88, 89, 91, 94, 95, 103, 105, 107], "summary": {"covered_lines": 37, "num_statements": 45, "percent_covered": 78.43137254901961, "percent_covered_display": "78.4", "missing_lines": 8, "excluded_lines": 0, "num_branches": 6, "num_partial_branches": 3, "covered_branches": 3, "missing_branches": 3}, "missing_lines": [21, 22, 32, 49, 54, 59, 113, 115], "excluded_lines": [], "executed_branches": [[48, 51], [53, 58], [58, 64]], "missing_branches": [[48, 49], [53, 54], [58, 59]]}}}, "backend\\api\\websocket_manager.py": {"executed_lines": [], "summary": {"covered_lines": 0, "num_statements": 200, "percent_covered": 0.0, "percent_covered_display": "0.0", "missing_lines": 200, "excluded_lines": 0, "num_branches": 62, "num_partial_branches": 0, "covered_branches": 0, "missing_branches": 62}, "missing_lines": [5, 6, 7, 8, 9, 10, 11, 13, 16, 17, 19, 20, 21, 22, 24, 27, 28, 30, 31, 32, 33, 34, 35, 37, 38, 39, 41, 43, 45, 47, 50, 53, 60, 61, 62, 63, 64, 65, 66, 67, 70, 71, 72, 73, 74, 76, 78, 79, 82, 92, 95, 96, 99, 100, 101, 102, 103, 104, 111, 112, 116, 118, 120, 121, 124, 125, 126, 127, 128, 129, 132, 133, 134, 135, 137, 140, 141, 142, 143, 144, 145, 147, 149, 153, 155, 157, 158, 163, 164, 165, 166, 168, 169, 170, 171, 176, 177, 181, 183, 185, 187, 189, 190, 191, 192, 193, 195, 196, 198, 200, 201, 203, 204, 212, 214, 216, 218, 219, 220, 221, 223, 225, 227, 229, 231, 232, 233, 234, 235, 236, 238, 240, 241, 242, 243, 246, 247, 249, 250, 251, 253, 255, 256, 259, 260, 264, 266, 267, 268, 270, 273, 274, 280, 281, 283, 285, 286, 287, 288, 289, 291, 293, 294, 296, 297, 298, 299, 301, 303, 304, 306, 307, 309, 311, 312, 314, 315, 316, 317, 318, 320, 321, 322, 325, 326, 331, 332, 333, 334, 335, 336, 338, 340, 342, 344, 345, 346, 347, 349, 350], "excluded_lines": [], "executed_branches": [], "missing_branches": [[38, -37], [38, 39], [99, 100], [99, 101], [101, 102], [101, 103], [103, 104], [103, 111], [111, 112], [111, 116], [120, -118], [120, 121], [124, 125], [124, 132], [140, 141], [140, 142], [142, 143], [142, 144], [144, 145], [144, 147], [153, -149], [153, 155], [157, 158], [157, 163], [176, 153], [176, 177], [190, -187], [190, 191], [192, 193], [192, 195], [203, 204], [203, 212], [231, -229], [231, 232], [247, 249], [247, 280], [250, 251], [250, 253], [255, 256], [255, 266], [259, 260], [259, 264], [273, 247], [273, 274], [280, 281], [280, 283], [296, 297], [296, 306], [298, 299], [298, 301], [303, 296], [303, 304], [306, -291], [306, 307], [311, 312], [311, 314], [325, 326], [325, 331], [344, -342], [344, 345], [349, -342], [349, 350]], "functions": {"ClientInfo.__post_init__": {"executed_lines": [], "summary": {"covered_lines": 0, "num_statements": 2, "percent_covered": 0.0, "percent_covered_display": "0.0", "missing_lines": 2, "excluded_lines": 0, "num_branches": 2, "num_partial_branches": 0, "covered_branches": 0, "missing_branches": 2}, "missing_lines": [38, 39], "excluded_lines": [], "executed_branches": [], "missing_branches": [[38, -37], [38, 39]]}, "ClientInfo.__getitem__": {"executed_lines": [], "summary": {"covered_lines": 0, "num_statements": 1, "percent_covered": 0.0, "percent_covered_display": "0.0", "missing_lines": 1, "excluded_lines": 0, "num_branches": 0, "num_partial_branches": 0, "covered_branches": 0, "missing_branches": 0}, "missing_lines": [43], "excluded_lines": [], "executed_branches": [], "missing_branches": []}, "ClientInfo.__setitem__": {"executed_lines": [], "summary": {"covered_lines": 0, "num_statements": 1, "percent_covered": 0.0, "percent_covered_display": "0.0", "missing_lines": 1, "excluded_lines": 0, "num_branches": 0, "num_partial_branches": 0, "covered_branches": 0, "missing_branches": 0}, "missing_lines": [47], "excluded_lines": [], "executed_branches": [], "missing_branches": []}, "WebSocketClientManager.__init__": {"executed_lines": [], "summary": {"covered_lines": 0, "num_statements": 13, "percent_covered": 0.0, "percent_covered_display": "0.0", "missing_lines": 13, "excluded_lines": 0, "num_branches": 0, "num_partial_branches": 0, "covered_branches": 0, "missing_branches": 0}, "missing_lines": [60, 61, 62, 63, 64, 65, 66, 67, 70, 71, 72, 73, 74], "excluded_lines": [], "executed_branches": [], "missing_branches": []}, "WebSocketClientManager.add_client": {"executed_lines": [], "summary": {"covered_lines": 0, "num_statements": 15, "percent_covered": 0.0, "percent_covered_display": "0.0", "missing_lines": 15, "excluded_lines": 0, "num_branches": 8, "num_partial_branches": 0, "covered_branches": 0, "missing_branches": 8}, "missing_lines": [78, 79, 82, 92, 95, 96, 99, 100, 101, 102, 103, 104, 111, 112, 116], "excluded_lines": [], "executed_branches": [], "missing_branches": [[99, 100], [99, 101], [101, 102], [101, 103], [103, 104], [103, 111], [111, 112], [111, 116]]}, "WebSocketClientManager.remove_client": {"executed_lines": [], "summary": {"covered_lines": 0, "num_statements": 20, "percent_covered": 0.0, "percent_covered_display": "0.0", "missing_lines": 20, "excluded_lines": 0, "num_branches": 10, "num_partial_branches": 0, "covered_branches": 0, "missing_branches": 10}, "missing_lines": [120, 121, 124, 125, 126, 127, 128, 129, 132, 133, 134, 135, 137, 140, 141, 142, 143, 144, 145, 147], "excluded_lines": [], "executed_branches": [], "missing_branches": [[120, -118], [120, 121], [124, 125], [124, 132], [140, 141], [140, 142], [142, 143], [142, 144], [144, 145], [144, 147]]}, "WebSocketClientManager.broadcast_message": {"executed_lines": [], "summary": {"covered_lines": 0, "num_statements": 17, "percent_covered": 0.0, "percent_covered_display": "0.0", "missing_lines": 17, "excluded_lines": 0, "num_branches": 6, "num_partial_branches": 0, "covered_branches": 0, "missing_branches": 6}, "missing_lines": [153, 155, 157, 158, 163, 164, 165, 166, 168, 169, 170, 171, 176, 177, 181, 183, 185], "excluded_lines": [], "executed_branches": [], "missing_branches": [[153, -149], [153, 155], [157, 158], [157, 163], [176, 153], [176, 177]]}, "WebSocketClientManager._message_sender": {"executed_lines": [], "summary": {"covered_lines": 0, "num_statements": 20, "percent_covered": 0.0, "percent_covered_display": "0.0", "missing_lines": 20, "excluded_lines": 0, "num_branches": 6, "num_partial_branches": 0, "covered_branches": 0, "missing_branches": 6}, "missing_lines": [189, 190, 191, 192, 193, 195, 196, 198, 200, 201, 203, 204, 212, 214, 216, 218, 219, 220, 221, 223], "excluded_lines": [], "executed_branches": [], "missing_branches": [[190, -187], [190, 191], [192, 193], [192, 195], [203, 204], [203, 212]]}, "WebSocketClientManager.start_heartbeat": {"executed_lines": [], "summary": {"covered_lines": 0, "num_statements": 1, "percent_covered": 0.0, "percent_covered_display": "0.0", "missing_lines": 1, "excluded_lines": 0, "num_branches": 0, "num_partial_branches": 0, "covered_branches": 0, "missing_branches": 0}, "missing_lines": [227], "excluded_lines": [], "executed_branches": [], "missing_branches": []}, "WebSocketClientManager.stop_heartbeat": {"executed_lines": [], "summary": {"covered_lines": 0, "num_statements": 6, "percent_covered": 0.0, "percent_covered_display": "0.0", "missing_lines": 6, "excluded_lines": 0, "num_branches": 2, "num_partial_branches": 0, "covered_branches": 0, "missing_branches": 2}, "missing_lines": [231, 232, 233, 234, 235, 236], "excluded_lines": [], "executed_branches": [], "missing_branches": [[231, -229], [231, 232]]}, "WebSocketClientManager._heartbeat_loop": {"executed_lines": [], "summary": {"covered_lines": 0, "num_statements": 29, "percent_covered": 0.0, "percent_covered_display": "0.0", "missing_lines": 29, "excluded_lines": 0, "num_branches": 12, "num_partial_branches": 0, "covered_branches": 0, "missing_branches": 12}, "missing_lines": [240, 241, 242, 243, 246, 247, 249, 250, 251, 253, 255, 256, 259, 260, 264, 266, 267, 268, 270, 273, 274, 280, 281, 283, 285, 286, 287, 288, 289], "excluded_lines": [], "executed_branches": [], "missing_branches": [[247, 249], [247, 280], [250, 251], [250, 253], [255, 256], [255, 266], [259, 260], [259, 264], [273, 247], [273, 274], [280, 281], [280, 283]]}, "WebSocketClientManager.cleanup_stale_connections": {"executed_lines": [], "summary": {"covered_lines": 0, "num_statements": 11, "percent_covered": 0.0, "percent_covered_display": "0.0", "missing_lines": 11, "excluded_lines": 0, "num_branches": 8, "num_partial_branches": 0, "covered_branches": 0, "missing_branches": 8}, "missing_lines": [293, 294, 296, 297, 298, 299, 301, 303, 304, 306, 307], "excluded_lines": [], "executed_branches": [], "missing_branches": [[296, 297], [296, 306], [298, 299], [298, 301], [303, 296], [303, 304], [306, -291], [306, 307]]}, "WebSocketClientManager.send_to_client": {"executed_lines": [], "summary": {"covered_lines": 0, "num_statements": 18, "percent_covered": 0.0, "percent_covered_display": "0.0", "missing_lines": 18, "excluded_lines": 0, "num_branches": 4, "num_partial_branches": 0, "covered_branches": 0, "missing_branches": 4}, "missing_lines": [311, 312, 314, 315, 316, 317, 318, 320, 321, 322, 325, 326, 331, 332, 333, 334, 335, 336], "excluded_lines": [], "executed_branches": [], "missing_branches": [[311, 312], [311, 314], [325, 326], [325, 331]]}, "WebSocketClientManager.broadcast_to_topic": {"executed_lines": [], "summary": {"covered_lines": 0, "num_statements": 1, "percent_covered": 0.0, "percent_covered_display": "0.0", "missing_lines": 1, "excluded_lines": 0, "num_branches": 0, "num_partial_branches": 0, "covered_branches": 0, "missing_branches": 0}, "missing_lines": [340], "excluded_lines": [], "executed_branches": [], "missing_branches": []}, "WebSocketClientManager.handle_heartbeat_response": {"executed_lines": [], "summary": {"covered_lines": 0, "num_statements": 6, "percent_covered": 0.0, "percent_covered_display": "0.0", "missing_lines": 6, "excluded_lines": 0, "num_branches": 4, "num_partial_branches": 0, "covered_branches": 0, "missing_branches": 4}, "missing_lines": [344, 345, 346, 347, 349, 350], "excluded_lines": [], "executed_branches": [], "missing_branches": [[344, -342], [344, 345], [349, -342], [349, 350]]}, "": {"executed_lines": [], "summary": {"covered_lines": 0, "num_statements": 39, "percent_covered": 0.0, "percent_covered_display": "0.0", "missing_lines": 39, "excluded_lines": 0, "num_branches": 0, "num_partial_branches": 0, "covered_branches": 0, "missing_branches": 0}, "missing_lines": [5, 6, 7, 8, 9, 10, 11, 13, 16, 17, 19, 20, 21, 22, 24, 27, 28, 30, 31, 32, 33, 34, 35, 37, 41, 45, 50, 53, 76, 118, 149, 187, 225, 229, 238, 291, 309, 338, 342], "excluded_lines": [], "executed_branches": [], "missing_branches": []}}, "classes": {"ClientInfo": {"executed_lines": [], "summary": {"covered_lines": 0, "num_statements": 4, "percent_covered": 0.0, "percent_covered_display": "0.0", "missing_lines": 4, "excluded_lines": 0, "num_branches": 2, "num_partial_branches": 0, "covered_branches": 0, "missing_branches": 2}, "missing_lines": [38, 39, 43, 47], "excluded_lines": [], "executed_branches": [], "missing_branches": [[38, -37], [38, 39]]}, "WebSocketClientManager": {"executed_lines": [], "summary": {"covered_lines": 0, "num_statements": 157, "percent_covered": 0.0, "percent_covered_display": "0.0", "missing_lines": 157, "excluded_lines": 0, "num_branches": 60, "num_partial_branches": 0, "covered_branches": 0, "missing_branches": 60}, "missing_lines": [60, 61, 62, 63, 64, 65, 66, 67, 70, 71, 72, 73, 74, 78, 79, 82, 92, 95, 96, 99, 100, 101, 102, 103, 104, 111, 112, 116, 120, 121, 124, 125, 126, 127, 128, 129, 132, 133, 134, 135, 137, 140, 141, 142, 143, 144, 145, 147, 153, 155, 157, 158, 163, 164, 165, 166, 168, 169, 170, 171, 176, 177, 181, 183, 185, 189, 190, 191, 192, 193, 195, 196, 198, 200, 201, 203, 204, 212, 214, 216, 218, 219, 220, 221, 223, 227, 231, 232, 233, 234, 235, 236, 240, 241, 242, 243, 246, 247, 249, 250, 251, 253, 255, 256, 259, 260, 264, 266, 267, 268, 270, 273, 274, 280, 281, 283, 285, 286, 287, 288, 289, 293, 294, 296, 297, 298, 299, 301, 303, 304, 306, 307, 311, 312, 314, 315, 316, 317, 318, 320, 321, 322, 325, 326, 331, 332, 333, 334, 335, 336, 340, 344, 345, 346, 347, 349, 350], "excluded_lines": [], "executed_branches": [], "missing_branches": [[99, 100], [99, 101], [101, 102], [101, 103], [103, 104], [103, 111], [111, 112], [111, 116], [120, -118], [120, 121], [124, 125], [124, 132], [140, 141], [140, 142], [142, 143], [142, 144], [144, 145], [144, 147], [153, -149], [153, 155], [157, 158], [157, 163], [176, 153], [176, 177], [190, -187], [190, 191], [192, 193], [192, 195], [203, 204], [203, 212], [231, -229], [231, 232], [247, 249], [247, 280], [250, 251], [250, 253], [255, 256], [255, 266], [259, 260], [259, 264], [273, 247], [273, 274], [280, 281], [280, 283], [296, 297], [296, 306], [298, 299], [298, 301], [303, 296], [303, 304], [306, -291], [306, 307], [311, 312], [311, 314], [325, 326], [325, 331], [344, -342], [344, 345], [349, -342], [349, 350]]}, "": {"executed_lines": [], "summary": {"covered_lines": 0, "num_statements": 39, "percent_covered": 0.0, "percent_covered_display": "0.0", "missing_lines": 39, "excluded_lines": 0, "num_branches": 0, "num_partial_branches": 0, "covered_branches": 0, "missing_branches": 0}, "missing_lines": [5, 6, 7, 8, 9, 10, 11, 13, 16, 17, 19, 20, 21, 22, 24, 27, 28, 30, 31, 32, 33, 34, 35, 37, 41, 45, 50, 53, 76, 118, 149, 187, 225, 229, 238, 291, 309, 338, 342], "excluded_lines": [], "executed_branches": [], "missing_branches": []}}}, "backend\\config.py": {"executed_lines": [1, 7, 8, 10, 11, 14, 15, 17, 19, 22, 23, 24, 25, 26, 27, 28, 32, 33, 34, 36, 37, 38, 39, 40, 42, 44, 45, 46, 47, 49, 51, 52, 53, 54, 55, 57, 60, 61, 63, 65, 69, 70, 71, 72, 73, 77, 78, 79, 80, 82, 84, 85, 86, 87, 88, 90, 92, 93, 95, 96, 102, 103, 105, 107, 108, 109, 112, 116, 118, 119, 120, 121, 123, 125, 126, 127, 128, 130, 133, 134, 136, 139, 142, 145, 146, 147, 150, 151, 154, 158, 159, 160, 165, 169, 179, 183, 184, 185, 186, 188, 190, 191, 192, 193, 195, 198, 199, 201, 203, 206, 209, 212, 215, 219, 226, 227, 228, 230, 233, 234, 236, 238, 239, 240, 243, 245, 246, 247, 248, 249, 251, 253, 254, 255, 256, 258, 261, 262, 264, 266, 267, 270, 273, 275, 276, 277, 278, 280, 283, 284, 286, 289, 292, 295, 298, 301, 304, 307, 310, 313, 316, 321, 327, 328, 329, 330, 331, 332, 337, 338, 339, 344, 347, 350, 351, 356, 357, 362, 365, 369, 370, 371, 372, 374, 376, 377, 378, 379, 381, 383, 384, 385, 386, 387, 389, 392, 393, 395, 397, 398, 401, 402, 403, 406, 409, 410, 415, 416, 417, 418, 420, 422, 423, 424, 425, 427, 429, 430, 431, 432, 434, 436, 437, 438, 440, 443, 444, 446, 449, 452, 455, 458, 461, 467, 468, 471, 475, 479, 482, 487, 491, 492, 493, 495, 496, 497, 499, 501, 505, 506, 507, 509, 511, 513, 514, 515, 517, 518, 522, 524, 525, 526, 528, 532, 534, 535, 537, 543, 545, 551, 552, 554, 557, 562, 565, 568, 571, 577, 580, 585, 589, 594, 597, 601, 602, 603, 605, 609, 611, 612, 613, 615, 617, 619, 620, 621, 623, 625, 627, 628, 629, 631, 633, 635, 636, 638, 640, 643, 644, 646, 652, 653, 654, 655, 656, 657, 658, 659, 660, 661, 662, 664, 666, 669, 671, 674, 720, 721, 722, 725, 745, 746, 749, 760, 763, 764, 766, 769, 771, 773, 776, 789, 794, 797, 802, 804, 864, 865, 867, 868, 869, 871, 903, 906, 907, 908], "summary": {"covered_lines": 342, "num_statements": 419, "percent_covered": 72.29601518026566, "percent_covered_display": "72.3", "missing_lines": 77, "excluded_lines": 0, "num_branches": 108, "num_partial_branches": 37, "covered_branches": 39, "missing_branches": 69}, "missing_lines": [41, 48, 56, 81, 89, 97, 122, 129, 187, 194, 229, 250, 257, 279, 373, 380, 388, 419, 426, 433, 439, 498, 500, 502, 503, 510, 519, 529, 542, 547, 548, 606, 616, 624, 632, 639, 723, 727, 728, 729, 730, 733, 734, 736, 737, 738, 739, 740, 741, 743, 750, 751, 752, 753, 754, 758, 777, 778, 780, 781, 783, 787, 790, 873, 874, 877, 878, 879, 880, 883, 893, 894, 895, 897, 909, 910, 911], "excluded_lines": [], "executed_branches": [[40, 42], [47, 49], [55, 57], [80, 82], [88, 90], [96, -92], [121, 123], [128, 130], [186, 188], [193, 195], [228, 230], [24
[...]
ercent_covered_display": "100.0", "missing_lines": 0, "excluded_lines": 0, "num_branches": 0, "num_partial_branches": 0, "covered_branches": 0, "missing_branches": 0}, "missing_lines": [], "excluded_lines": [], "executed_branches": [], "missing_branches": []}, "OrderType": {"executed_lines": [], "summary": {"covered_lines": 0, "num_statements": 0, "percent_covered": 100.0, "percent_covered_display": "100.0", "missing_lines": 0, "excluded_lines": 0, "num_branches": 0, "num_partial_branches": 0, "covered_branches": 0, "missing_branches": 0}, "missing_lines": [], "excluded_lines": [], "executed_branches": [], "missing_branches": []}, "TradingSignal": {"executed_lines": [], "summary": {"covered_lines": 0, "num_statements": 0, "percent_covered": 100.0, "percent_covered_display": "100.0", "missing_lines": 0, "excluded_lines": 0, "num_branches": 0, "num_partial_branches": 0, "covered_branches": 0, "missing_branches": 0}, "missing_lines": [], "excluded_lines": [], "executed_branches": [], "missing_branches": []}, "StrategyPerformance": {"executed_lines": [], "summary": {"covered_lines": 0, "num_statements": 0, "percent_covered": 100.0, "percent_covered_display": "100.0", "missing_lines": 0, "excluded_lines": 0, "num_branches": 0, "num_partial_branches": 0, "covered_branches": 0, "missing_branches": 0}, "missing_lines": [], "excluded_lines": [], "executed_branches": [], "missing_branches": []}, "BaseStrategy": {"executed_lines": [], "summary": {"covered_lines": 0, "num_statements": 27, "percent_covered": 0.0, "percent_covered_display": "0.0", "missing_lines": 27, "excluded_lines": 4, "num_branches": 6, "num_partial_branches": 0, "covered_branches": 0, "missing_branches": 6}, "missing_lines": [76, 77, 78, 79, 80, 81, 82, 98, 99, 102, 112, 118, 121, 122, 124, 125, 126, 128, 132, 133, 135, 136, 138, 151, 152, 153, 154], "excluded_lines": [88, 89, 93, 94], "executed_branches": [], "missing_branches": [[98, 99], [98, 102], [125, 126], [125, 128], [132, 133], [132, 135]]}, "EnsembleStrategy": {"executed_lines": [], "summary": {"covered_lines": 0, "num_statements": 25, "percent_covered": 0.0, "percent_covered_display": "0.0", "missing_lines": 25, "excluded_lines": 0, "num_branches": 10, "num_partial_branches": 0, "covered_branches": 0, "missing_branches": 10}, "missing_lines": [161, 162, 163, 171, 174, 177, 182, 183, 184, 185, 188, 189, 196, 205, 206, 207, 208, 209, 210, 211, 212, 214, 229, 237, 241], "excluded_lines": [], "executed_branches": [], "missing_branches": [[183, 184], [183, 196], [184, 185], [184, 188], [188, 189], [188, 196], [207, 208], [207, 210], [210, 211], [210, 214]]}, "MeanReversionStrategy": {"executed_lines": [], "summary": {"covered_lines": 0, "num_statements": 28, "percent_covered": 0.0, "percent_covered_display": "0.0", "missing_lines": 28, "excluded_lines": 0, "num_branches": 8, "num_partial_branches": 0, "covered_branches": 0, "missing_branches": 8}, "missing_lines": [267, 268, 269, 276, 277, 278, 279, 280, 283, 284, 287, 288, 289, 292, 295, 296, 298, 301, 302, 303, 305, 306, 307, 308, 309, 310, 312, 328], "excluded_lines": [], "executed_branches": [], "missing_branches": [[287, 288], [287, 292], [292, 295], [292, 298], [305, 306], [305, 308], [308, 309], [308, 312]]}, "MomentumStrategy": {"executed_lines": [], "summary": {"covered_lines": 0, "num_statements": 20, "percent_covered": 0.0, "percent_covered_display": "0.0", "missing_lines": 20, "excluded_lines": 0, "num_branches": 4, "num_partial_branches": 0, "covered_branches": 0, "missing_branches": 4}, "missing_lines": [335, 342, 343, 344, 345, 346, 349, 350, 353, 354, 355, 358, 359, 360, 362, 365, 366, 368, 374, 395], "excluded_lines": [], "executed_branches": [], "missing_branches": [[353, 354], [353, 358], [358, 359], [358, 362]]}, "RebalancingStrategy": {"executed_lines": [], "summary": {"covered_lines": 0, "num_statements": 20, "percent_covered": 0.0, "percent_covered_display": "0.0", "missing_lines": 20, "excluded_lines": 0, "num_branches": 4, "num_partial_branches": 0, "covered_branches": 0, "missing_branches": 4}, "missing_lines": [402, 403, 404, 411, 414, 415, 418, 419, 422, 425, 427, 428, 430, 431, 432, 434, 437, 438, 440, 458], "excluded_lines": [], "executed_branches": [], "missing_branches": [[430, 431], [430, 437], [431, 432], [431, 434]]}, "StatisticalArbitrageStrategy": {"executed_lines": [], "summary": {"covered_lines": 0, "num_statements": 24, "percent_covered": 0.0, "percent_covered_display": "0.0", "missing_lines": 24, "excluded_lines": 0, "num_branches": 8, "num_partial_branches": 0, "covered_branches": 0, "missing_branches": 8}, "missing_lines": [465, 466, 467, 468, 469, 476, 477, 484, 487, 488, 489, 491, 492, 499, 501, 502, 504, 505, 506, 507, 509, 510, 512, 533], "excluded_lines": [], "executed_branches": [], "missing_branches": [[476, 477], [476, 484], [491, 492], [491, 499], [504, 505], [504, 506], [506, 507], [506, 509]]}, "StrategyManager": {"executed_lines": [], "summary": {"covered_lines": 0, "num_statements": 68, "percent_covered": 0.0, "percent_covered_display": "0.0", "missing_lines": 68, "excluded_lines": 0, "num_branches": 28, "num_partial_branches": 0, "covered_branches": 0, "missing_branches": 28}, "missing_lines": [540, 541, 542, 543, 544, 547, 551, 559, 568, 571, 572, 573, 574, 577, 578, 579, 581, 582, 590, 591, 592, 593, 595, 596, 597, 598, 599, 600, 603, 604, 611, 612, 613, 616, 617, 621, 636, 644, 656, 657, 659, 660, 661, 662, 663, 665, 666, 668, 671, 674, 677, 681, 682, 684, 685, 687, 692, 693, 696, 697, 698, 699, 703, 707, 715, 717, 718, 730], "excluded_lines": [], "executed_branches": [], "missing_branches": [[571, 572], [571, 581], [572, 571], [572, 573], [581, 582], [581, 590], [595, 596], [595, 603], [603, 604], [603, 611], [659, 660], [659, 665], [660, 659], [660, 661], [665, 666], [665, 668], [684, 685], [684, 696], [685, 684], [685, 687], [696, 697], [696, 707], [697, 698], [697, 707], [698, 699], [698, 703], [717, 718], [717, 730]]}, "": {"executed_lines": [], "summary": {"covered_lines": 0, "num_statements": 79, "percent_covered": 0.0, "percent_covered_display": "0.0", "missing_lines": 79, "excluded_lines": 6, "num_branches": 0, "num_partial_branches": 0, "covered_branches": 0, "missing_branches": 0}, "missing_lines": [6, 7, 8, 9, 10, 11, 13, 14, 16, 17, 18, 19, 20, 23, 26, 27, 28, 29, 30, 33, 36, 37, 38, 39, 42, 43, 46, 47, 48, 49, 50, 51, 52, 53, 54, 55, 58, 59, 62, 63, 64, 65, 66, 67, 68, 69, 72, 75, 96, 114, 130, 149, 157, 160, 165, 239, 263, 266, 271, 327, 331, 334, 337, 394, 398, 401, 406, 457, 461, 464, 471, 532, 536, 539, 549, 563, 646, 679, 713], "excluded_lines": [84, 85, 86, 87, 91, 92], "executed_branches": [], "missing_branches": []}}}, "backend\\strategies\\types.py": {"executed_lines": [1, 8, 9, 10, 11, 14, 15, 17, 18, 21, 22, 23, 35, 36, 37, 38, 39, 40, 42, 52, 53, 54, 70, 71, 72, 73, 74, 75, 76, 77, 78, 79, 81], "summary": {"covered_lines": 29, "num_statements": 37, "percent_covered": 64.44444444444444, "percent_covered_display": "64.4", "missing_lines": 8, "excluded_lines": 0, "num_branches": 8, "num_partial_branches": 0, "covered_branches": 0, "missing_branches": 8}, "missing_lines": [44, 45, 48, 49, 83, 84, 87, 88], "excluded_lines": [], "executed_branches": [], "missing_branches": [[44, 45], [44, 48], [48, -42], [48, 49], [83, 84], [83, 87], [87, -81], [87, 88]], "functions": {"TradingSignal.__post_init__": {"executed_lines": [], "summary": {"covered_lines": 0, "num_statements": 4, "percent_covered": 0.0, "percent_covered_display": "0.0", "missing_lines": 4, "excluded_lines": 0, "num_branches": 4, "num_partial_branches": 0, "covered_branches": 0, "missing_branches": 4}, "missing_lines": [44, 45, 48, 49], "excluded_lines": [], "executed_branches": [], "missing_branches": [[44, 45], [44, 48], [48, -42], [48, 49]]}, "ExecutionPlan.__post_init__": {"executed_lines": [], "summary": {"covered_lines": 0, "num_statements": 4, "percent_covered": 0.0, "percent_covered_display": "0.0", "missing_lines": 4, "excluded_lines": 0, "num_branches": 4, "num_partial_branches": 0, "covered_branches": 0, "missing_branches": 4}, "missing_lines": [83, 84, 87, 88], "excluded_lines": [], "executed_branches": [], "missing_branches": [[83, 84], [83, 87], [87, -81], [87, 88]]}, "": {"executed_lines": [1, 8, 9, 10, 11, 14, 15, 17, 18, 21, 22, 23, 35, 36, 37, 38, 39, 40, 42, 52, 53, 54, 70, 71, 72, 73, 74, 75, 76, 77, 78, 79, 81], "summary": {"covered_lines": 29, "num_statements": 29, "percent_covered": 100.0, "percent_covered_display": "100.0", "missing_lines": 0, "excluded_lines": 0, "num_branches": 0, "num_partial_branches": 0, "covered_branches": 0, "missing_branches": 0}, "missing_lines": [], "excluded_lines": [], "executed_branches": [], "missing_branches": []}}, "classes": {"Side": {"executed_lines": [], "summary": {"covered_lines": 0, "num_statements": 0, "percent_covered": 100.0, "percent_covered_display": "100.0", "missing_lines": 0, "excluded_lines": 0, "num_branches": 0, "num_partial_branches": 0, "covered_branches": 0, "missing_branches": 0}, "missing_lines": [], "excluded_lines": [], "executed_branches": [], "missing_branches": []}, "TradingSignal": {"executed_lines": [], "summary": {"covered_lines": 0, "num_statements": 4, "percent_covered": 0.0, "percent_covered_display": "0.0", "missing_lines": 4, "excluded_lines": 0, "num_branches": 4, "num_partial_branches": 0, "covered_branches": 0, "missing_branches": 4}, "missing_lines": [44, 45, 48, 49], "excluded_lines": [], "executed_branches": [], "missing_branches": [[44, 45], [44, 48], [48, -42], [48, 49]]}, "ExecutionPlan": {"executed_lines": [], "summary": {"covered_lines": 0, "num_statements": 4, "percent_covered": 0.0, "percent_covered_display": "0.0", "missing_lines": 4, "excluded_lines": 0, "num_branches": 4, "num_partial_branches": 0, "covered_branches": 0, "missing_branches": 4}, "missing_lines": [83, 84, 87, 88], "excluded_lines": [], "executed_branches": [], "missing_branches": [[83, 84], [83, 87], [87, -81], [87, 88]]}, "": {"executed_lines": [1, 8, 9, 10, 11, 14, 15, 17, 18, 21, 22, 23, 35, 36, 37, 38, 39, 40, 42, 52, 53, 54, 70, 71, 72, 73, 74, 75, 76, 77, 78, 79, 81], "summary": {"covered_lines": 29, "num_statements": 29, "percent_covered": 100.0, "percent_covered_display": "100.0", "missing_lines": 0, "excluded_lines": 0, "num_branches": 0, "num_partial_branches": 0, "covered_branches": 0, "missing_branches": 0}, "missing_lines": [], "excluded_lines": [], "executed_branches": [], "missing_branches": []}}}, "backend\\utils\\logger.py": {"executed_lines": [1, 6, 7, 8, 9, 11, 12, 15, 34, 35, 37, 38, 39, 40, 43, 44, 45, 48, 51, 52, 54, 63, 72, 81, 109, 133, 155, 177, 202, 227, 229, 233, 236, 237, 239, 240, 242, 254, 274, 288], "summary": {"covered_lines": 37, "num_statements": 75, "percent_covered": 42.52873563218391, "percent_covered_display": "42.5", "missing_lines": 38, "excluded_lines": 0, "num_branches": 12, "num_partial_branches": 0, "covered_branches": 0, "missing_branches": 12}, "missing_lines": [56, 61, 65, 70, 74, 79, 92, 93, 95, 107, 117, 126, 127, 128, 129, 131, 142, 153, 164, 175, 185, 194, 195, 196, 197, 199, 208, 215, 216, 217, 218, 221, 222, 224, 246, 262, 264, 278], "excluded_lines": [], "executed_branches": [], "missing_branches": [[92, 93], [92, 95], [126, 127], [126, 128], [128, 129], [128, 131], [194, 195], [194, 196], [196, 197], [196, 199], [215, 216], [215, 224]], "functions": {"AuditLogger.__init__": {"executed_lines": [38, 39, 40, 43, 44, 45, 48, 51, 52], "summary": {"covered_lines": 9, "num_statements": 9, "percent_covered": 100.0, "percent_covered_display": "100.0", "missing_lines": 0, "excluded_lines": 0, "num_branches": 0, "num_partial_branches": 0, "covered_branches": 0, "missing_branches": 0}, "missing_lines": [], "excluded_lines": [], "executed_branches": [], "missing_branches": []}, "AuditLogger.info": {"executed_lines": [], "summary": {"covered_lines": 0, "num_statements": 2, "percent_covered": 0.0, "percent_covered_display": "0.0", "missing_lines": 2, "excluded_lines": 0, "num_branches": 0, "num_partial_branches": 0, "covered_branches": 0, "missing_branches": 0}, "missing_lines": [56, 61], "excluded_lines": [], "executed_branches": [], "missing_branches": []}, "AuditLogger.warning": {"executed_lines": [], "summary": {"covered_lines": 0, "num_statements": 2, "percent_covered": 0.0, "percent_covered_display": "0.0", "missing_lines": 2, "excluded_lines": 0, "num_branches": 0, "num_partial_branches": 0, "covered_branches": 0, "missing_branches": 0}, "missing_lines": [65, 70], "excluded_lines": [], "executed_branches": [], "missing_branches": []}, "AuditLogger.error": {"executed_lines": [], "summary": {"covered_lines": 0, "num_statements": 2, "percent_covered": 0.0, "percent_covered_display": "0.0", "missing_lines": 2, "excluded_lines": 0, "num_branches": 0, "num_partial_branches": 0, "covered_branches": 0, "missing_branches": 0}, "missing_lines": [74, 79], "excluded_lines": [], "executed_branches": [], "missing_branches": []}, "AuditLogger.log_trade_execution": {"executed_lines": [], "summary": {"covered_lines": 0, "num_statements": 4, "percent_covered": 0.0, "percent_covered_display": "0.0", "missing_lines": 4, "excluded_lines": 0, "num_branches": 2, "num_partial_branches": 0, "covered_branches": 0, "missing_branches": 2}, "missing_lines": [92, 93, 95, 107], "excluded_lines": [], "executed_branches": [], "missing_branches": [[92, 93], [92, 95]]}, "AuditLogger.log_risk_event": {"executed_lines": [], "summary": {"covered_lines": 0, "num_statements": 6, "percent_covered": 0.0, "percent_covered_display": "0.0", "missing_lines": 6, "excluded_lines": 0, "num_branches": 4, "num_partial_branches": 0, "covered_branches": 0, "missing_branches": 4}, "missing_lines": [117, 126, 127, 128, 129, 131], "excluded_lines": [], "executed_branches": [], "missing_branches": [[126, 127], [126, 128], [128, 129], [128, 131]]}, "AuditLogger.log_strategy_signal": {"executed_lines": [], "summary": {"covered_lines": 0, "num_statements": 2, "percent_covered": 0.0, "percent_covered_display": "0.0", "missing_lines": 2, "excluded_lines": 0, "num_branches": 0, "num_partial_branches": 0, "covered_branches": 0, "missing_branches": 0}, "missing_lines": [142, 153], "excluded_lines": [], "executed_branches": [], "missing_branches": []}, "AuditLogger.log_model_prediction": {"executed_lines": [], "summary": {"covered_lines": 0, "num_statements": 2, "percent_covered": 0.0, "percent_covered_display": "0.0", "missing_lines": 2, "excluded_lines": 0, "num_branches": 0, "num_partial_branches": 0, "covered_branches": 0, "missing_branches": 0}, "missing_lines": [164, 175], "excluded_lines": [], "executed_branches": [], "missing_branches": []}, "AuditLogger.log_system_event": {"executed_lines": [], "summary": {"covered_lines": 0, "num_statements": 6, "percent_covered": 0.0, "percent_covered_display": "0.0", "missing_lines": 6, "excluded_lines": 0, "num_branches": 4, "num_partial_branches": 0, "covered_branches": 0, "missing_branches": 4}, "missing_lines": [185, 194, 195, 196, 197, 199], "excluded_lines": [], "executed_branches": [], "missing_branches": [[194, 195], [194, 196], [196, 197], [196, 199]]}, "setup_logging": {"executed_lines": [], "summary": {"covered_lines": 0, "num_statements": 8, "percent_covered": 0.0, "percent_covered_display": "0.0", "missing_lines": 8, "excluded_lines": 0, "num_branches": 2, "num_partial_branches": 0, "covered_branches": 0, "missing_branches": 2}, "missing_lines": [208, 215, 216, 217, 218, 221, 222, 224], "excluded_lines": [], "executed_branches": [], "missing_branches": [[215, 216], [215, 224]]}, "get_structured_logger": {"executed_lines": [229], "summary": {"covered_lines": 1, "num_statements": 1, "percent_covered": 100.0, "percent_covered_display": "100.0", "missing_lines": 0, "excluded_lines": 0, "num_branches": 0, "num_partial_branches": 0, "covered_branches": 0, "missing_branches": 0}, "missing_lines": [], "excluded_lines": [], "executed_branches": [], "missing_branches": []}, "PerformanceLogger.__init__": {"executed_lines": [240], "summary": {"covered_lines": 1, "num_statements": 1, "percent_covered": 100.0, "percent_covered_display": "100.0", "missing_lines": 0, "excluded_lines": 0, "num_branches": 0, "num_partial_branches": 0, "covered_branches": 0, "missing_branches": 0}, "missing_lines": [], "excluded_lines": [], "executed_branches": [], "missing_branches": []}, "PerformanceLogger.log_latency": {"executed_lines": [], "summary": {"covered_lines": 0, "num_statements": 1, "percent_covered": 0.0, "percent_covered_display": "0.0", "missing_lines": 1, "excluded_lines": 0, "num_branches": 0, "num_partial_branches": 0, "covered_branches": 0, "missing_branches": 0}, "missing_lines": [246], "excluded_lines": [], "executed_branches": [], "missing_branches": []}, "PerformanceLogger.log_throughput": {"executed_lines": [], "summary": {"covered_lines": 0, "num_statements": 2, "percent_covered": 0.0, "percent_covered_display": "0.0", "missing_lines": 2, "excluded_lines": 0, "num_branches": 0, "num_partial_branches": 0, "covered_branches": 0, "missing_branches": 0}, "missing_lines": [262, 264], "excluded_lines": [], "executed_branches": [], "missing_branches": []}, "PerformanceLogger.log_resource_usage": {"executed_lines": [], "summary": {"covered_lines": 0, "num_statements": 1, "percent_covered": 0.0, "percent_covered_display": "0.0", "missing_lines": 1, "excluded_lines": 0, "num_branches": 0, "num_partial_branches": 0, "covered_branches": 0, "missing_branches": 0}, "missing_lines": [278], "excluded_lines": [], "executed_branches": [], "missing_branches": []}, "": {"executed_lines": [1, 6, 7, 8, 9, 11, 12, 15, 34, 35, 37, 54, 63, 72, 81, 109, 133, 155, 177, 202, 227, 233, 236, 237, 239, 242, 254, 274, 288], "summary": {"covered_lines": 26, "num_statements": 26, "percent_covered": 100.0, "percent_covered_display": "100.0", "missing_lines": 0, "excluded_lines": 0, "num_branches": 0, "num_partial_branches": 0, "covered_branches": 0, "missing_branches": 0}, "missing_lines": [], "excluded_lines": [], "executed_branches": [], "missing_branches": []}}, "classes": {"AuditLogger": {"executed_lines": [38, 39, 40, 43, 44, 45, 48, 51, 52], "summary": {"covered_lines": 9, "num_statements": 35, "percent_covered": 20.0, "percent_covered_display": "20.0", "missing_lines": 26, "excluded_lines": 0, "num_branches": 10, "num_partial_branches": 0, "covered_branches": 0, "missing_branches": 10}, "missing_lines": [56, 61, 65, 70, 74, 79, 92, 93, 95, 107, 117, 126, 127, 128, 129, 131, 142, 153, 164, 175, 185, 194, 195, 196, 197, 199], "excluded_lines": [], "executed_branches": [], "missing_branches": [[92, 93], [92, 95], [126, 127], [126, 128], [128, 129], [128, 131], [194, 195], [194, 196], [196, 197], [196, 199]]}, "PerformanceLogger": {"executed_lines": [240], "summary": {"covered_lines": 1, "num_statements": 5, "percent_covered": 20.0, "percent_covered_display": "20.0", "missing_lines": 4, "excluded_lines": 0, "num_branches": 0, "num_partial_branches": 0, "covered_branches": 0, "missing_branches": 0}, "missing_lines": [246, 262, 264, 278], "excluded_lines": [], "executed_branches": [], "missing_branches": []}, "": {"executed_lines": [1, 6, 7, 8, 9, 11, 12, 15, 34, 35, 37, 54, 63, 72, 81, 109, 133, 155, 177, 202, 227, 229, 233, 236, 237, 239, 242, 254, 274, 288], "summary": {"covered_lines": 27, "num_statements": 35, "percent_covered": 72.97297297297297, "percent_covered_display": "73.0", "missing_lines": 8, "excluded_lines": 0, "num_branches": 2, "num_partial_branches": 0, "covered_branches": 0, "missing_branches": 2}, "missing_lines": [208, 215, 216, 217, 218, 221, 222, 224], "excluded_lines": [], "executed_branches": [], "missing_branches": [[215, 216], [215, 224]]}}}}, "totals": {"covered_lines": 1393, "num_statements": 6116, "percent_covered": 18.979057591623036, "percent_covered_display": "19.0", "missing_lines": 4723, "excluded_lines": 24, "num_branches": 1524, "num_partial_branches": 51, "covered_branches": 57, "missing_branches": 1467}}