{"meta": {"format": 3, "version": "7.10.3", "timestamp": "2025-08-25T02:08:16.466676", "branch_coverage": false, "show_contexts": false}, "files": {"algotrading_platform\\backend\\__init__.py": {"executed_lines": [1, 2, 3, 4, 7, 8, 10, 13, 14, 17, 18, 19, 22, 27, 28, 30, 33, 34, 37, 38, 42, 45, 49, 50, 51, 61, 62, 66, 67, 73, 74, 81, 82, 83, 89, 94], "summary": {"covered_lines": 35, "num_statements": 56, "percent_covered": 62.5, "percent_covered_display": "62", "missing_lines": 21, "excluded_lines": 2}, "missing_lines": [23, 24, 39, 46, 52, 54, 55, 56, 57, 58, 63, 69, 70, 75, 77, 90, 91, 92, 95, 97, 98], "excluded_lines": [84, 85], "functions": {"": {"executed_lines": [1, 2, 3, 4, 7, 8, 10, 13, 14, 17, 18, 19, 22, 27, 28, 30, 33, 34, 37, 38, 42, 45, 49, 50, 51, 61, 62, 66, 67, 73, 74, 81, 82, 83, 89, 94], "summary": {"covered_lines": 35, "num_statements": 56, "percent_covered": 62.5, "percent_covered_display": "62", "missing_lines": 21, "excluded_lines": 2}, "missing_lines": [23, 24, 39, 46, 52, 54, 55, 56, 57, 58, 63, 69, 70, 75, 77, 90, 91, 92, 95, 97, 98], "excluded_lines": [84, 85]}}, "classes": {"": {"executed_lines": [1, 2, 3, 4, 7, 8, 10, 13, 14, 17, 18, 19, 22, 27, 28, 30, 33, 34, 37, 38, 42, 45, 49, 50, 51, 61, 62, 66, 67, 73, 74, 81, 82, 83, 89, 94], "summary": {"covered_lines": 35, "num_statements": 56, "percent_covered": 62.5, "percent_covered_display": "62", "missing_lines": 21, "excluded_lines": 2}, "missing_lines": [23, 24, 39, 46, 52, 54, 55, 56, 57, 58, 63, 69, 70, 75, 77, 90, 91, 92, 95, 97, 98], "excluded_lines": [84, 85]}}}, "algotrading_platform\\backend\\api\\__init__.py": {"executed_lines": [0], "summary": {"covered_lines": 0, "num_statements": 0, "percent_covered": 100.0, "percent_covered_display": "100", "missing_lines": 0, "excluded_lines": 0}, "missing_lines": [], "excluded_lines": [], "functions": {"": {"executed_lines": [], "summary": {"covered_lines": 0, "num_statements": 0, "percent_covered": 100.0, "percent_covered_display": "100", "missing_lines": 0, "excluded_lines": 0}, "missing_lines": [], "excluded_lines": []}}, "classes": {"": {"executed_lines": [], "summary": {"covered_lines": 0, "num_statements": 0, "percent_covered": 100.0, "percent_covered_display": "100", "missing_lines": 0, "excluded_lines": 0}, "missing_lines": [], "excluded_lines": []}}}, "algotrading_platform\\backend\\api\\auth.py": {"executed_lines": [1, 6, 7, 8, 9, 10, 11, 13, 15, 18, 19, 20, 23, 25, 26, 29, 32, 35, 36, 37, 38, 41, 42, 43, 44, 47, 48, 49, 50, 53, 54, 55, 56, 57, 58, 59, 63, 64, 83, 85, 86, 87, 88, 89, 90, 96, 97, 100, 102, 104, 106, 107, 112, 122, 124, 125, 127, 210, 219, 230, 231, 245, 247, 248, 249, 253, 261, 268, 269, 270, 272, 274, 275, 276, 282, 284, 294, 295, 304, 305, 338, 339, 360, 361], "summary": {"covered_lines": 79, "num_statements": 150, "percent_covered": 52.666666666666664, "percent_covered_display": "53", "missing_lines": 71, "excluded_lines": 0}, "missing_lines": [91, 93, 101, 103, 105, 109, 135, 140, 144, 145, 146, 147, 148, 212, 221, 254, 255, 262, 277, 279, 280, 289, 296, 297, 298, 307, 310, 311, 312, 314, 316, 317, 324, 326, 334, 335, 341, 343, 344, 349, 350, 352, 372, 374, 375, 376, 377, 378, 379, 380, 381, 384, 385, 388, 389, 390, 391, 392, 393, 395, 398, 405, 407, 410, 416, 421, 425, 426, 427, 428, 429], "excluded_lines": [], "functions": {"get_user_repo": {"executed_lines": [19, 20], "summary": {"covered_lines": 2, "num_statements": 2, "percent_covered": 100.0, "percent_covered_display": "100", "missing_lines": 0, "excluded_lines": 0}, "missing_lines": [], "excluded_lines": []}, "get_security_current_user": {"executed_lines": [25, 26], "summary": {"covered_lines": 2, "num_statements": 2, "percent_covered": 100.0, "percent_covered_display": "100", "missing_lines": 0, "excluded_lines": 0}, "missing_lines": [], "excluded_lines": []}, "hash_password": {"executed_lines": [32], "summary": {"covered_lines": 1, "num_statements": 1, "percent_covered": 100.0, "percent_covered_display": "100", "missing_lines": 0, "excluded_lines": 0}, "missing_lines": [], "excluded_lines": []}, "login": {"executed_lines": [83, 85, 86, 87, 88, 89, 90, 96, 97, 100, 102, 104, 106, 107, 112, 122, 124, 125, 127], "summary": {"covered_lines": 19, "num_statements": 32, "percent_covered": 59.375, "percent_covered_display": "59", "missing_lines": 13, "excluded_lines": 0}, "missing_lines": [91, 93, 101, 103, 105, 109, 135, 140, 144, 145, 146, 147, 148], "excluded_lines": []}, "get_current_user": {"executed_lines": [], "summary": {"covered_lines": 0, "num_statements": 1, "percent_covered": 0.0, "percent_covered_display": "0", "missing_lines": 1, "excluded_lines": 0}, "missing_lines": [212], "excluded_lines": []}, "create_test_user": {"executed_lines": [], "summary": {"covered_lines": 0, "num_statements": 1, "percent_covered": 0.0, "percent_covered_display": "0", "missing_lines": 1, "excluded_lines": 0}, "missing_lines": [221], "excluded_lines": []}, "register": {"executed_lines": [245, 247, 248, 249, 253, 261, 268, 269, 270, 272, 274, 275, 276, 282, 284, 294, 295], "summary": {"covered_lines": 17, "num_statements": 27, "percent_covered": 62.96296296296296, "percent_covered_display": "63", "missing_lines": 10, "excluded_lines": 0}, "missing_lines": [254, 255, 262, 277, 279, 280, 289, 296, 297, 298], "excluded_lines": []}, "validate_token": {"executed_lines": [], "summary": {"covered_lines": 0, "num_statements": 11, "percent_covered": 0.0, "percent_covered_display": "0", "missing_lines": 11, "excluded_lines": 0}, "missing_lines": [307, 310, 311, 312, 314, 316, 317, 324, 326, 334, 335], "excluded_lines": []}, "get_current_user_info": {"executed_lines": [], "summary": {"covered_lines": 0, "num_statements": 6, "percent_covered": 0.0, "percent_covered_display": "0", "missing_lines": 6, "excluded_lines": 0}, "missing_lines": [341, 343, 344, 349, 350, 352], "excluded_lines": []}, "get_token": {"executed_lines": [], "summary": {"covered_lines": 0, "num_statements": 29, "percent_covered": 0.0, "percent_covered_display": "0", "missing_lines": 29, "excluded_lines": 0}, "missing_lines": [372, 374, 375, 376, 377, 378, 379, 380, 381, 384, 385, 388, 389, 390, 391, 392, 393, 395, 398, 405, 407, 410, 416, 421, 425, 426, 427, 428, 429], "excluded_lines": []}, "": {"executed_lines": [1, 6, 7, 8, 9, 10, 11, 13, 15, 18, 23, 29, 35, 36, 37, 38, 41, 42, 43, 44, 47, 48, 49, 50, 53, 54, 55, 56, 57, 58, 59, 63, 64, 210, 219, 230, 231, 304, 305, 338, 339, 360, 361], "summary": {"covered_lines": 38, "num_statements": 38, "percent_covered": 100.0, "percent_covered_display": "100", "missing_lines": 0, "excluded_lines": 0}, "missing_lines": [], "excluded_lines": []}}, "classes": {"UserRegistrationRequest": {"executed_lines": [], "summary": {"covered_lines": 0, "num_statements": 0, "percent_covered": 100.0, "percent_covered_display": "100", "missing_lines": 0, "excluded_lines": 0}, "missing_lines": [], "excluded_lines": []}, "UserRegistrationResponse": {"executed_lines": [], "summary": {"covered_lines": 0, "num_statements": 0, "percent_covered": 100.0, "percent_covered_display": "100", "missing_lines": 0, "excluded_lines": 0}, "missing_lines": [], "excluded_lines": []}, "UserInfo": {"executed_lines": [], "summary": {"covered_lines": 0, "num_statements": 0, "percent_covered": 100.0, "percent_covered_display": "100", "missing_lines": 0, "excluded_lines": 0}, "missing_lines": [], "excluded_lines": []}, "LoginResponse": {"executed_lines": [], "summary": {"covered_lines": 0, "num_statements": 0, "percent_covered": 100.0, "percent_covered_display": "100", "missing_lines": 0, "excluded_lines": 0}, "missing_lines": [], "excluded_lines": []}, "": {"executed_lines": [1, 6, 7, 8, 9, 10, 11, 13, 15, 18, 19, 20, 23, 25, 26, 29, 32, 35, 36, 37, 38, 41, 42, 43, 44, 47, 48, 49, 50, 53, 54, 55, 56, 57, 58, 59, 63, 64, 83, 85, 86, 87, 88, 89, 90, 96, 97, 100, 102, 104, 106, 107, 112, 122, 124, 125, 127, 210, 219, 230, 231, 245, 247, 248, 249, 253, 261, 268, 269, 270, 272, 274, 275, 276, 282, 284, 294, 295, 304, 305, 338, 339, 360, 361], "summary": {"covered_lines": 79, "num_statements": 150, "percent_covered": 52.666666666666664, "percent_covered_display": "53", "missing_lines": 71, "excluded_lines": 0}, "missing_lines": [91, 93, 101, 103, 105, 109, 135, 140, 144, 145, 146, 147, 148, 212, 221, 254, 255, 262, 277, 279, 280, 289, 296, 297, 298, 307, 310, 311, 312, 314, 316, 317, 324, 326, 334, 335, 341, 343, 344, 349, 350, 352, 372, 374, 375, 376, 377, 378, 379, 380, 381, 384, 385, 388, 389, 390, 391, 392, 393, 395, 398, 405, 407, 410, 416, 421, 425, 426, 427, 428, 429], "excluded_lines": []}}}, "algotrading_platform\\backend\\api\\auth_new.py": {"executed_lines": [], "summary": {"covered_lines": 0, "num_statements": 0, "percent_covered": 100.0, "percent_covered_display": "100", "missing_lines": 0, "excluded_lines": 0}, "missing_lines": [], "excluded_lines": [], "functions": {"": {"executed_lines": [], "summary": {"covered_lines": 0, "num_statements": 0, "percent_covered": 100.0, "percent_covered_display": "100", "missing_lines": 0, "excluded_lines": 0}, "missing_lines": [], "excluded_lines": []}}, "classes": {"": {"executed_lines": [], "summary": {"covered_lines": 0, "num_statements": 0, "percent_covered": 100.0, "percent_covered_display": "100", "missing_lines": 0, "excluded_lines": 0}, "missing_lines": [], "excluded_lines": []}}}, "algotrading_platform\\backend\\api\\errors.py": {"executed_lines": [1, 6, 7, 9, 10, 11, 12, 15, 23, 24, 32, 33, 35, 36, 37, 40, 51, 52, 60, 61, 63, 64, 75, 76, 94, 110, 122, 132, 133, 134, 139, 140, 141, 143, 146, 148, 150, 151, 154, 155, 158, 159, 162, 163], "summary": {"covered_lines": 43, "num_statements": 53, "percent_covered": 81.13207547169812, "percent_covered_display": "81", "missing_lines": 10, "excluded_lines": 0}, "missing_lines": [38, 39, 46, 70, 84, 87, 152, 156, 160, 164], "excluded_lines": [], "functions": {"install_error_handlers": {"executed_lines": [23, 24, 51, 52, 75, 76], "summary": {"covered_lines": 6, "num_statements": 6, "percent_covered": 100.0, "percent_covered_display": "100", "missing_lines": 0, "excluded_lines": 0}, "missing_lines": [], "excluded_lines": []}, "install_error_handlers.validation_error_handler": {"executed_lines": [32, 33, 35, 36, 37, 40], "summary": {"covered_lines": 6, "num_statements": 9, "percent_covered": 66.66666666666667, "percent_covered_display": "67", "missing_lines": 3, "excluded_lines": 0}, "missing_lines": [38, 39, 46], "excluded_lines": []}, "install_error_handlers.http_exception_handler": {"executed_lines": [60, 61, 63, 64], "summary": {"covered_lines": 4, "num_statements": 5, "percent_covered": 80.0, "percent_covered_display": "80", "missing_lines": 1, "excluded_lines": 0}, "missing_lines": [70], "excluded_lines": []}, "install_error_handlers.catch_all_handler": {"executed_lines": [], "summary": {"covered_lines": 0, "num_statements": 2, "percent_covered": 0.0, "percent_covered_display": "0", "missing_lines": 2, "excluded_lines": 0}, "missing_lines": [84, 87], "excluded_lines": []}, "create_error_response": {"executed_lines": [110], "summary": {"covered_lines": 1, "num_statements": 1, "percent_covered": 100.0, "percent_covered_display": "100", "missing_lines": 0, "excluded_lines": 0}, "missing_lines": [], "excluded_lines": []}, "format_validation_errors": {"executed_lines": [132, 133, 134, 139, 140, 141, 143], "summary": {"covered_lines": 7, "num_statements": 7, "percent_covered": 100.0, "percent_covered_display": "100", "missing_lines": 0, "excluded_lines": 0}, "missing_lines": [], "excluded_lines": []}, "http_401": {"executed_lines": [], "summary": {"covered_lines": 0, "num_statements": 1, "percent_covered": 0.0, "percent_covered_display": "0", "missing_lines": 1, "excluded_lines": 0}, "missing_lines": [152], "excluded_lines": []}, "http_403": {"executed_lines": [], "summary": {"covered_lines": 0, "num_statements": 1, "percent_covered": 0.0, "percent_covered_display": "0", "missing_lines": 1, "excluded_lines": 0}, "missing_lines": [156], "excluded_lines": []}, "http_422": {"executed_lines": [], "summary": {"covered_lines": 0, "num_statements": 1, "percent_covered": 0.0, "percent_covered_display": "0", "missing_lines": 1, "excluded_lines": 0}, "missing_lines": [160], "excluded_lines": []}, "http_500": {"executed_lines": [], "summary": {"covered_lines": 0, "num_statements": 1, "percent_covered": 0.0, "percent_covered_display": "0", "missing_lines": 1, "excluded_lines": 0}, "missing_lines": [164], "excluded_lines": []}, "": {"executed_lines": [1, 6, 7, 9, 10, 11, 12, 15, 94, 122, 146, 148, 150, 151, 154, 155, 158, 159, 162, 163], "summary": {"covered_lines": 19, "num_statements": 19, "percent_covered": 100.0, "percent_covered_display": "100", "missing_lines": 0, "excluded_lines": 0}, "missing_lines": [], "excluded_lines": []}}, "classes": {"": {"executed_lines": [1, 6, 7, 9, 10, 11, 12, 15, 23, 24, 32, 33, 35, 36, 37, 40, 51, 52, 60, 61, 63, 64, 75, 76, 94, 110, 122, 132, 133, 134, 139, 140, 141, 143, 146, 148, 150, 151, 154, 155, 158, 159, 162, 163], "summary": {"covered_lines": 43, "num_statements": 53, "percent_covered": 81.13207547169812, "percent_covered_display": "81", "missing_lines": 10, "excluded_lines": 0}, "missing_lines": [38, 39, 46, 70, 84, 87, 152, 156, 160, 164], "excluded_lines": []}}}, "algotrading_platform\\backend\\api\\factory.py": {"executed_lines": [1, 6, 7, 8, 9, 10, 12, 13, 14, 15, 18, 19, 21, 22, 24, 29, 33, 35, 36, 39, 41, 68, 71, 72, 73, 74, 76, 79, 84, 86, 87, 88, 90, 91, 94, 95, 97, 98, 99, 102, 105, 106, 107, 113, 114, 116, 117, 123, 124, 139, 142, 143, 145, 160, 161, 162, 164, 165, 170, 171, 172, 173, 174, 175, 177, 178, 179, 180, 183, 184, 189, 190, 191, 192, 195, 196, 201, 202, 203, 204, 207, 214, 215, 223, 224, 227, 228, 232, 233, 235, 236, 237, 239, 240, 243, 245, 249, 256, 257, 260, 261, 262, 263, 264, 265, 266, 267, 268, 269, 272, 273, 274, 275, 276, 277, 278, 279, 280, 283, 284, 287, 290, 291, 292, 295, 296, 299, 300, 309, 314, 317, 508, 610], "summary": {"covered_lines": 130, "num_statements": 313, "percent_covered": 41.533546325878596, "percent_covered_display": "42", "missing_lines": 183, "excluded_lines": 0}, "missing_lines": [26, 27, 31, 42, 44, 45, 46, 47, 48, 50, 52, 56, 61, 66, 77, 80, 81, 89, 108, 110, 120, 121, 125, 126, 127, 129, 130, 131, 132, 133, 134, 135, 136, 137, 138, 185, 186, 187, 188, 197, 198, 199, 200, 221, 225, 230, 242, 248, 250, 251, 252, 253, 301, 302, 303, 305, 307, 319, 320, 322, 323, 325, 327, 331, 333, 334, 337, 340, 343, 346, 355, 366, 368, 371, 372, 375, 376, 379, 380, 386, 395, 396, 399, 400, 410, 418, 420, 422, 423, 426, 427, 428, 429, 432, 441, 442, 443, 453, 460, 463, 464, 466, 467, 469, 470, 471, 473, 476, 477, 480, 481, 482, 483, 484, 486, 488, 491, 492, 493, 494, 498, 501, 503, 505, 511, 512, 513, 514, 515, 516, 517, 519, 520, 523, 526, 527, 528, 529, 530, 531, 532, 533, 534, 537, 540, 542, 543, 544, 546, 547, 548, 550, 551, 552, 554, 555, 556, 559, 560, 562, 568, 569, 570, 572, 573, 576, 577, 578, 587, 589, 590, 593, 595, 596, 602, 604, 605, 607, 608, 612, 613, 615, 616], "excluded_lines": [], "functions": {"TaskRegistry.__init__": {"executed_lines": [22], "summary": {"covered_lines": 1, "num_statements": 1, "percent_covered": 100.0, "percent_covered_display": "100", "missing_lines": 0, "excluded_lines": 0}, "missing_lines": [], "excluded_lines": []}, "TaskRegistry.add": {"executed_lines": [], "summary": {"covered_lines": 0, "num_statements": 2, "percent_covered": 0.0, "percent_covered_display": "0", "missing_lines": 2, "excluded_lines": 0}, "missing_lines": [26, 27], "excluded_lines": []}, "TaskRegistry.tasks": {"executed_lines": [], "summary": {"covered_lines": 0, "num_statements": 1, "percent_covered": 0.0, "percent_covered_display": "0", "missing_lines": 1, "excluded_lines": 0}, "missing_lines": [31], "excluded_lines": []}, "get_settings": {"executed_lines": [35, 36], "summary": {"covered_lines": 2, "num_statements": 2, "percent_covered": 100.0, "percent_covered_display": "100", "missing_lines": 0, "excluded_lines": 0}, "missing_lines": [], "excluded_lines": []}, "CompatSessionmaker.__init__": {"executed_lines": [74], "summary": {"covered_lines": 1, "num_statements": 1, "percent_covered": 100.0, "percent_covered_display": "100", "missing_lines": 0, "excluded_lines": 0}, "missing_lines": [], "excluded_lines": []}, "CompatSessionmaker.__call__": {"executed_lines": [], "summary": {"covered_lines": 0, "num_statements": 1, "percent_covered": 0.0, "percent_covered_display": "0", "missing_lines": 1, "excluded_lines": 0}, "missing_lines": [77], "excluded_lines": []}, "CompatSessionmaker.__iter__": {"executed_lines": [], "summary": {"covered_lines": 0, "num_statements": 2, "percent_covered": 0.0, "percent_covered_display": "0", "missing_lines": 2, "excluded_lines": 0}, "missing_lines": [80, 81], "excluded_lines": []}, "get_db_sessionmaker": {"executed_lines": [86, 87, 88, 90, 91], "summary": {"covered_lines": 5, "num_statements": 6, "percent_covered": 83.33333333333333, "percent_covered_display": "83", "missing_lines": 1, "excluded_lines": 0}, "missing_lines": [89], "excluded_lines": []}, "create_app": {"executed_lines": [95, 97, 98, 99, 102, 105, 106, 107, 113, 114, 116, 117, 123, 124, 139, 142, 143, 160, 161, 164, 165, 223, 224, 227, 228, 232, 233, 256, 257, 260, 261, 262, 263, 264, 265, 266, 267, 268, 269, 272, 273, 274, 275, 276, 277, 278, 279, 280, 283, 284, 287, 290, 291, 292, 295, 296, 299, 300, 309, 314], "summary": {"covered_lines": 60, "num_statements": 69, "percent_covered": 86.95652173913044, "percent_covered_display": "87", "missing_lines": 9, "excluded_lines": 0}, "missing_lines": [108, 110, 120, 121, 301, 302, 303, 305, 307], "excluded_lines": []}, "create_app.lifespan": {"executed_lines": [], "summary": {"covered_lines": 0, "num_statements": 13, "percent_covered": 0.0, "percent_covered_display": "0", "missing_lines": 13, "excluded_lines": 0}, "missing_lines": [125, 126, 127, 129, 130, 131, 132, 133, 134, 135, 136, 137, 138], "excluded_lines": []}, "create_app.root": {"executed_lines": [145], "summary": {"covered_lines": 1, "num_statements": 1, "percent_covered": 100.0, "percent_covered_display": "100", "missing_lines": 0, "excluded_lines": 0}, "missing_lines": [], "excluded_lines": []}, "create_app.health_check": {"executed_lines": [162], "summary": {"covered_lines": 1, "num_statements": 1, "percent_covered": 100.0, "percent_covered_display": "100", "missing_lines": 0, "excluded_lines": 0}, "missing_lines": [], "excluded_lines": []}, "create_app.readiness_check": {"executed_lines": [170, 171, 172, 173, 174, 175, 177, 178, 179, 180, 183, 184, 189, 190, 191, 192, 195, 196, 201, 202, 203, 204, 207, 214, 215], "summary": {"covered_lines": 25, "num_statements": 34, "percent_covered": 73.52941176470588, "percent_covered_display": "74", "missing_lines": 9, "excluded_lines": 0}, "missing_lines": [185, 186, 187, 188, 197, 198, 199, 200, 221], "excluded_lines": []}, "create_app.liveness_check": {"executed_lines": [], "summary": {"covered_lines": 0, "num_statements": 1, "percent_covered": 0.0, "percent_covered_display": "0", "missing_lines": 1, "excluded_lines": 0}, "missing_lines": [225], "excluded_lines": []}, "create_app.healthz_check": {"executed_lines": [], "summary": {"covered_lines": 0, "num_statements": 1, "percent_covered": 0.0, "percent_covered_display": "0", "missing_lines": 1, "excluded_lines": 0}, "missing_lines": [230], "excluded_lines": []}, "create_app.metrics": {"executed_lines": [235, 236, 237, 239, 240, 243, 245, 249], "summary": {"covered_lines": 8, "num_statements": 14, "percent_covered": 57.142857142857146, "percent_covered_display": "57", "missing_lines": 6, "excluded_lines": 0}, "missing_lines": [242, 248, 250, 251, 252, 253], "excluded_lines": []}, "register_middleware": {"executed_lines": [], "summary": {"covered_lines": 0, "num_statements": 8, "percent_covered": 0.0, "percent_covered_display": "0", "missing_lines": 8, "excluded_lines": 0}, "missing_lines": [319, 320, 322, 323, 325, 331, 463, 464], "excluded_lines": []}, "register_middleware.generate_request_id": {"executed_lines": [], "summary": {"covered_lines": 0, "num_statements": 1, "percent_covered": 0.0, "percent_covered_display": "0", "missing_lines": 1, "excluded_lines": 0}, "missing_lines": [327], "excluded_lines": []}, "register_middleware.timing_middleware_disabled": {"executed_lines": [], "summary": {"covered_lines": 0, "num_statements": 35, "percent_covered": 0.0, "percent_covered_display": "0", "missing_lines": 35, "excluded_lines": 0}, "missing_lines": [333, 334, 337, 340, 343, 346, 355, 366, 368, 371, 372, 375, 376, 379, 380, 386, 395, 396, 399, 400, 410, 418, 420, 422, 423, 426, 427, 428, 429, 432, 441, 442, 443, 453, 460], "excluded_lines": []}, "register_middleware.metrics_middleware": {"executed_lines": [], "summary": {"covered_lines": 0, "num_statements": 18, "percent_covered": 0.0, "percent_covered_display": "0", "missing_lines": 18, "excluded_lines": 0}, "missing_lines": [466, 467, 469, 470, 471, 473, 476, 477, 480, 488, 491, 492, 493, 494, 498, 501, 503, 505], "excluded_lines": []}, "register_middleware.metrics_middleware.map_status_code": {"executed_lines": [], "summary": {"covered_lines": 0, "num_statements": 5, "percent_covered": 0.0, "percent_covered_display": "0", "missing_lines": 5, "excluded_lines": 0}, "missing_lines": [481, 482, 483, 484, 486], "excluded_lines": []}, "register_routes": {"executed_lines": [], "summary": {"covered_lines": 0, "num_statements": 47, "percent_covered": 0.0, "percent_covered_display": "0", "missing_lines": 47, "excluded_lines": 0}, "missing_lines": [511, 512, 513, 514, 515, 516, 517, 519, 520, 523, 526, 527, 528, 529, 530, 531, 532, 533, 534, 537, 540, 542, 543, 546, 547, 550, 551, 554, 555, 559, 560, 568, 569, 572, 573, 576, 577, 578, 587, 589, 590, 595, 596, 604, 605, 607, 608], "excluded_lines": []}, "register_routes.get_market_data": {"executed_lines": [], "summary": {"covered_lines": 0, "num_statements": 1, "percent_covered": 0.0, "percent_covered_display": "0", "missing_lines": 1, "excluded_lines": 0}, "missing_lines": [544], "excluded_lines": []}, "register_routes.get_audit_logs": {"executed_lines": [], "summary": {"covered_lines": 0, "num_statements": 1, "percent_covered": 0.0, "percent_covered_display": "0", "missing_lines": 1, "excluded_lines": 0}, "missing_lines": [548], "excluded_lines": []}, "register_routes.run_backtest": {"executed_lines": [], "summary": {"covered_lines": 0, "num_statements": 1, "percent_covered": 0.0, "percent_covered_display": "0", "missing_lines": 1, "excluded_lines": 0}, "missing_lines": [552], "excluded_lines": []}, "register_routes.webhook_handler": {"executed_lines": [], "summary": {"covered_lines": 0, "num_statements": 1, "percent_covered": 0.0, "percent_covered_display": "0", "missing_lines": 1, "excluded_lines": 0}, "missing_lines": [556], "excluded_lines": []}, "register_routes.get_portfolio_positions_alias": {"executed_lines": [], "summary": {"covered_lines": 0, "num_statements": 1, "percent_covered": 0.0, "percent_covered_display": "0", "missing_lines": 1, "excluded_lines": 0}, "missing_lines": [562], "excluded_lines": []}, "register_routes.get_portfolio_performance": {"executed_lines": [], "summary": {"covered_lines": 0, "num_statements": 1, "percent_covered": 0.0, "percent_covered_display": "0", "missing_lines": 1, "excluded_lines": 0}, "missing_lines": [570], "excluded_lines": []}, "register_routes.register_user_alias": {"executed_lines": [], "summary": {"covered_lines": 0, "num_statements": 1, "percent_covered": 0.0, "percent_covered_display": "0", "missing_lines": 1, "excluded_lines": 0}, "missing_lines": [593], "excluded_lines": []}, "register_routes.login_alias": {"executed_lines": [], "summary": {"covered_lines": 0, "num_statements": 1, "percent_covered": 0.0, "percent_covered_display": "0", "missing_lines": 1, "excluded_lines": 0}, "missing_lines": [602], "excluded_lines": []}, "get_session": {"executed_lines": [], "summary": {"covered_lines": 0, "num_statements": 4, "percent_covered": 0.0, "percent_covered_display": "0", "missing_lines": 4, "excluded_lines": 0}, "missing_lines": [612, 613, 615, 616], "excluded_lines": []}, "": {"executed_lines": [1, 6, 7, 8, 9, 10, 12, 13, 14, 15, 18, 19, 21, 24, 29, 33, 39, 41, 68, 71, 72, 73, 76, 79, 84, 94, 317, 508, 610], "summary": {"covered_lines": 26, "num_statements": 37, "percent_covered": 70.27027027027027, "percent_covered_display": "70", "missing_lines": 11, "excluded_lines": 0}, "missing_lines": [42, 44, 45, 46, 47, 48, 50, 52, 56, 61, 66], "excluded_lines": []}}, "classes": {"TaskRegistry": {"executed_lines": [22], "summary": {"covered_lines": 1, "num_statements": 4, "percent_covered": 25.0, "percent_covered_display": "25", "missing_lines": 3, "excluded_lines": 0}, "missing_lines": [26, 27, 31], "excluded_lines": []}, "CompatSessionmaker": {"executed_lines": [74], "summary": {"covered_lines": 1, "num_statements": 4, "percent_covered": 25.0, "percent_covered_display": "25", "missing_lines": 3, "excluded_lines": 0}, "missing_lines": [77, 80, 81], "excluded_lines": []}, "": {"executed_lines": [1, 6, 7, 8, 9, 10, 12, 13, 14, 15, 18, 19, 21, 24, 29, 33, 35, 36, 39, 41, 68, 71, 72, 73, 76, 79, 84, 86, 87, 88, 90, 91, 94, 95, 97, 98, 99, 102, 105, 106, 107, 113, 114, 116, 117, 123, 124, 139, 142, 143, 145, 160, 161, 162, 164, 165, 170, 171, 172, 173, 174, 175, 177, 178, 179, 180, 183, 184, 189, 190, 191, 192, 195, 196, 201, 202, 203, 204, 207, 214, 215, 223, 224, 227, 228, 232, 233, 235, 236, 237, 239, 240, 243, 245, 249, 256, 257, 260, 261, 262, 263, 264, 265, 266, 267, 268, 269, 272, 273, 274, 275, 276, 277, 278, 279, 280, 283, 284, 287, 290, 291, 292, 295, 296, 299, 300, 309, 314, 317, 508, 610], "summary": {"covered_lines": 128, "num_statements": 305, "percent_covered": 41.967213114754095, "percent_covered_display": "42", "missing_lines": 177, "excluded_lines": 0}, "missing_lines": [42, 44, 45, 46, 47, 48, 50, 52, 56, 61, 66, 89, 108, 110, 120, 121, 125, 126, 127, 129, 130, 131, 132, 133, 134, 135, 136, 137, 138, 185, 186, 187, 188, 197, 198, 199, 200, 221, 225, 230, 242, 248, 250, 251, 252, 253, 301, 302, 303, 305, 307, 319, 320, 322, 323, 325, 327, 331, 333, 334, 337, 340, 343, 346, 355, 366, 368, 371, 372, 375, 376, 379, 380, 386, 395, 396, 399, 400, 410, 418, 420, 422, 423, 426, 427, 428, 429, 432, 441, 442, 443, 453, 460, 463, 464, 466, 467, 469, 470, 471, 473, 476, 477, 480, 481, 482, 483, 484, 486, 488, 491, 492, 493, 494, 498, 501, 503, 505, 511, 512, 513, 514, 515, 516, 517, 519, 520, 523, 526, 527, 528, 529, 530, 531, 532, 533, 534, 537, 540, 542, 543, 544, 546, 547, 548, 550, 551, 552, 554, 555, 556, 559, 560, 562, 568, 569, 570, 572, 573, 576, 577, 578, 587, 589, 590, 593, 595, 596, 602, 604, 605, 607, 608, 612, 613, 615, 616], "excluded_lines": []}}}, "algotrading_platform\\backend\\api\\main.py": {"executed_lines": [1, 2, 5, 10, 11, 12, 18, 19], "summary": {"covered_lines": 8, "num_statements": 12, "percent_covered": 66.66666666666667, "percent_covered_display": "67", "missing_lines": 4, "excluded_lines": 0}, "missing_lines": [6, 13, 15, 16], "excluded_lines": [], "functions": {"initialize_database": {"executed_lines": [], "summary": {"covered_lines": 0, "num_statements": 1, "percent_covered": 0.0, "percent_covered_display": "0", "missing_lines": 1, "excluded_lines": 0}, "missing_lines": [6], "excluded_lines": []}, "": {"executed_lines": [1, 2, 5, 10, 11, 12, 18, 19], "summary": {"covered_lines": 8, "num_statements": 11, "percent_covered": 72.72727272727273, "percent_covered_display": "73", "missing_lines": 3, "excluded_lines": 0}, "missing_lines": [13, 15, 16], "excluded_lines": []}}, "classes": {"": {"executed_lines": [1, 2, 5, 10, 11, 12, 18, 19], "summary": {"covered_lines": 8, "num_statements": 12, "percent_covered": 66.66666666666667, "percent_covered_display": "67", "missing_lines": 4, "excluded_lines": 0}, "missing_lines": [6, 13, 15, 16], "excluded_lines": []}}}, "algotrading_platform\\backend\\api\\main_new.py": {"executed_lines": [], "summary": {"covered_lines": 0, "num_statements": 0, "percent_covered": 100.0, "percent_covered_display": "100", "missing_lines": 0, "excluded_lines": 0}, "missing_lines": [], "excluded_lines": [], "functions": {"": {"executed_lines": [], "summary": {"covered_lines": 0, "num_statements": 0, "percent_covered": 100.0, "percent_covered_display": "100", "missing_lines": 0, "excluded_lines": 0}, "missing_lines": [], "excluded_lines": []}}, "classes": {"": {"executed_lines": [], "summary": {"covered_lines": 0, "num_statements": 0, "percent_covered": 100.0, "percent_covered_display": "100", "missing_lines": 0, "excluded_lines": 0}, "missing_lines": [], "excluded_lines": []}}}, "algotrading_platform\\backend\\api\\portfolio.py": {"executed_lines": [1, 5, 6, 7, 8, 10, 14, 17, 20, 21, 22, 23, 24, 25, 27, 28, 31, 35, 36, 41, 42, 51, 52, 54, 55, 56, 58, 59, 63, 64, 66, 68, 69, 76, 79, 80, 85, 86, 88, 90], "summary": {"covered_lines": 38, "num_statements": 54, "percent_covered": 70.37037037037037, "percent_covered_display": "70", "missing_lines": 16, "excluded_lines": 2}, "missing_lines": [43, 45, 46, 47, 48, 49, 50, 61, 70, 71, 72, 73, 74, 101, 102, 103], "excluded_lines": [31, 32], "functions": {"get_portfolio_service": {"executed_lines": [], "summary": {"covered_lines": 0, "num_statements": 0, "percent_covered": 100.0, "percent_covered_display": "100", "missing_lines": 0, "excluded_lines": 1}, "missing_lines": [], "excluded_lines": [32]}, "get_positions": {"executed_lines": [41, 42, 51, 52, 54, 55, 56, 58, 59, 63, 64, 66, 68, 69, 76], "summary": {"covered_lines": 15, "num_statements": 28, "percent_covered": 53.57142857142857, "percent_covered_display": "54", "missing_lines": 13, "excluded_lines": 0}, "missing_lines": [43, 45, 46, 47, 48, 49, 50, 61, 70, 71, 72, 73, 74], "excluded_lines": []}, "get_performance": {"executed_lines": [85, 86, 88, 90], "summary": {"covered_lines": 4, "num_statements": 7, "percent_covered": 57.142857142857146, "percent_covered_display": "57", "missing_lines": 3, "excluded_lines": 0}, "missing_lines": [101, 102, 103], "excluded_lines": []}, "": {"executed_lines": [1, 5, 6, 7, 8, 10, 14, 17, 20, 21, 22, 23, 24, 25, 27, 28, 31, 35, 36, 79, 80], "summary": {"covered_lines": 19, "num_statements": 19, "percent_covered": 100.0, "percent_covered_display": "100", "missing_lines": 0, "excluded_lines": 1}, "missing_lines": [], "excluded_lines": [31]}}, "classes": {"PositionResponse": {"executed_lines": [], "summary": {"covered_lines": 0, "num_statements": 0, "percent_covered": 100.0, "percent_covered_display": "100", "missing_lines": 0, "excluded_lines": 0}, "missing_lines": [], "excluded_lines": []}, "PositionResponse.Config": {"executed_lines": [], "summary": {"covered_lines": 0, "num_statements": 0, "percent_covered": 100.0, "percent_covered_display": "100", "missing_lines": 0, "excluded_lines": 0}, "missing_lines": [], "excluded_lines": []}, "": {"executed_lines": [1, 5, 6, 7, 8, 10, 14, 17, 20, 21, 22, 23, 24, 25, 27, 28, 31, 35, 36, 41, 42, 51, 52, 54, 55, 56, 58, 59, 63, 64, 66, 68, 69, 76, 79, 80, 85, 86, 88, 90], "summary": {"covered_lines": 38, "num_statements": 54, "percent_covered": 70.37037037037037, "percent_covered_display": "70", "missing_lines": 16, "excluded_lines": 2}, "missing_lines": [43, 45, 46, 47, 48, 49, 50, 61, 70, 71, 72, 73, 74, 101, 102, 103], "excluded_lines": [31, 32]}}}, "algotrading_platform\\backend\\api\\routes\\__init__.py": {"executed_lines": [0], "summary": {"covered_lines": 0, "num_statements": 0, "percent_covered": 100.0, "percent_covered_display": "100", "missing_lines": 0, "excluded_lines": 0}, "missing_lines": [], "excluded_lines": [], "functions": {"": {"executed_lines": [], "summary": {"covered_lines": 0, "num_statements": 0, "percent_covered": 100.0, "percent_covered_display": "100", "missing_lines": 0, "excluded_lines": 0}, "missing_lines": [], "excluded_lines": []}}, "classes": {"": {"executed_lines": [], "summary": {"covered_lines": 0, "num_statements": 0, "percent_covered": 100.0, "percent_covered_display": "100", "missing_lines": 0, "excluded_lines": 0}, "missing_lines": [], "excluded_lines": []}}}, "algotrading_platform\\backend\\api\\routes\\features.py": {"executed_lines": [], "summary": {"covered_lines": 0, "num_statements": 0, "percent_covered": 100.0, "percent_covered_display": "100", "missing_lines": 0, "excluded_lines": 0}, "missing_lines": [], "excluded_lines": [], "functions": {"": {"executed_lines": [], "summary": {"covered_lines": 0, "num_statements": 0, "percent_covered": 100.0, "percent_covered_display": "100", "missing_lines": 0, "excluded_lines": 0}, "missing_lines": [], "excluded_lines": []}}, "classes": {"": {"executed_lines": [], "summary": {"covered_lines": 0, "num_statements": 0, "percent_covered": 100.0, "percent_covered_display": "100", "missing_lines": 0, "excluded_lines": 0}, "missing_lines": [], "excluded_lines": []}}}, "algotrading_platform\\backend\\api\\routes\\models.py": {"executed_lines": [1, 6, 7, 9, 10, 12, 13, 15, 17, 20, 28, 29, 30, 31, 32, 35, 36, 37, 38, 39, 40, 43, 44, 45, 46, 47, 51, 53, 54, 55, 56, 70, 72, 73, 74, 76, 83, 85, 91, 94, 96, 103, 104, 110, 114, 115, 124, 125, 127, 128, 138, 139, 148, 149, 155, 156, 157], "summary": {"covered_lines": 53, "num_statements": 63, "percent_covered": 84.12698412698413, "percent_covered_display": "84", "missing_lines": 10, "excluded_lines": 0}, "missing_lines": [22, 97, 105, 130, 131, 132, 150, 159, 160, 161], "excluded_lines": [], "functions": {"get_model_service": {"executed_lines": [], "summary": {"covered_lines": 0, "num_statements": 1, "percent_covered": 0.0, "percent_covered_display": "0", "missing_lines": 1, "excluded_lines": 0}, "missing_lines": [22], "excluded_lines": []}, "get_model_manager": {"executed_lines": [53, 54, 70, 83, 91], "summary": {"covered_lines": 5, "num_statements": 5, "percent_covered": 100.0, "percent_covered_display": "100", "missing_lines": 0, "excluded_lines": 0}, "missing_lines": [], "excluded_lines": []}, "get_model_manager.MockModelManager.__init__": {"executed_lines": [55, 56], "summary": {"covered_lines": 2, "num_statements": 2, "percent_covered": 100.0, "percent_covered_display": "100", "missing_lines": 0, "excluded_lines": 0}, "missing_lines": [], "excluded_lines": []}, "get_model_manager.MockModelManager.start_training": {"executed_lines": [72, 73, 74, 76], "summary": {"covered_lines": 4, "num_statements": 4, "percent_covered": 100.0, "percent_covered_display": "100", "missing_lines": 0, "excluded_lines": 0}, "missing_lines": [], "excluded_lines": []}, "get_model_manager.MockModelManager.get_model_status": {"executed_lines": [85], "summary": {"covered_lines": 1, "num_statements": 1, "percent_covered": 100.0, "percent_covered_display": "100", "missing_lines": 0, "excluded_lines": 0}, "missing_lines": [], "excluded_lines": []}, "require_admin": {"executed_lines": [96, 103, 104, 110], "summary": {"covered_lines": 4, "num_statements": 6, "percent_covered": 66.66666666666667, "percent_covered_display": "67", "missing_lines": 2, "excluded_lines": 0}, "missing_lines": [97, 105], "excluded_lines": []}, "train_models": {"executed_lines": [124, 125, 127, 128], "summary": {"covered_lines": 4, "num_statements": 7, "percent_covered": 57.142857142857146, "percent_covered_display": "57", "missing_lines": 3, "excluded_lines": 0}, "missing_lines": [130, 131, 132], "excluded_lines": []}, "get_model_status": {"executed_lines": [148, 149, 155, 156, 157], "summary": {"covered_lines": 5, "num_statements": 9, "percent_covered": 55.55555555555556, "percent_covered_display": "56", "missing_lines": 4, "excluded_lines": 0}, "missing_lines": [150, 159, 160, 161], "excluded_lines": []}, "": {"executed_lines": [1, 6, 7, 9, 10, 12, 13, 15, 17, 20, 28, 29, 30, 31, 32, 35, 36, 37, 38, 39, 40, 43, 44, 45, 46, 47, 51, 94, 114, 115, 138, 139], "summary": {"covered_lines": 28, "num_statements": 28, "percent_covered": 100.0, "percent_covered_display": "100", "missing_lines": 0, "excluded_lines": 0}, "missing_lines": [], "excluded_lines": []}}, "classes": {"ModelTrainingRequest": {"executed_lines": [], "summary": {"covered_lines": 0, "num_statements": 0, "percent_covered": 100.0, "percent_covered_display": "100", "missing_lines": 0, "excluded_lines": 0}, "missing_lines": [], "excluded_lines": []}, "ModelTrainingResponse": {"executed_lines": [], "summary": {"covered_lines": 0, "num_statements": 0, "percent_covered": 100.0, "percent_covered_display": "100", "missing_lines": 0, "excluded_lines": 0}, "missing_lines": [], "excluded_lines": []}, "ModelStatusResponse": {"executed_lines": [], "summary": {"covered_lines": 0, "num_statements": 0, "percent_covered": 100.0, "percent_covered_display": "100", "missing_lines": 0, "excluded_lines": 0}, "missing_lines": [], "excluded_lines": []}, "get_model_manager.MockModelManager": {"executed_lines": [55, 56, 72, 73, 74, 76, 85], "summary": {"covered_lines": 7, "num_statements": 7, "percent_covered": 100.0, "percent_covered_display": "100", "missing_lines": 0, "excluded_lines": 0}, "missing_lines": [], "excluded_lines": []}, "": {"executed_lines": [1, 6, 7, 9, 10, 12, 13, 15, 17, 20, 28, 29, 30, 31, 32, 35, 36, 37, 38, 39, 40, 43, 44, 45, 46, 47, 51, 53, 54, 70, 83, 91, 94, 96, 103, 104, 110, 114, 115, 124, 125, 127, 128, 138, 139, 148, 149, 155, 156, 157], "summary": {"covered_lines": 46, "num_statements": 56, "percent_covered": 82.14285714285714, "percent_covered_display": "82", "missing_lines": 10, "excluded_lines": 0}, "missing_lines": [22, 97, 105, 130, 131, 132, 150, 159, 160, 161], "excluded_lines": []}}}, "algotrading_platform\\backend\\api\\routes\\orders.py": {"executed_lines": [1, 6, 7, 8, 10, 11, 13, 14, 16, 18, 22, 23, 24, 25, 26, 27, 28, 29, 32, 33, 34, 35, 36, 37, 38, 39, 40, 43, 44, 45, 46, 47, 48, 49, 50, 51, 52, 53, 54, 57, 58, 59, 60, 61, 62, 65, 66, 67, 71, 73, 77, 78, 79, 80, 82, 85, 86, 87, 88, 90, 95, 96, 98, 112, 113, 115, 118, 119, 137, 140, 141, 155, 157, 160, 162, 163, 165, 167, 169, 172, 174, 181, 185, 190, 206, 208, 210, 211, 213, 214, 215, 221, 222, 223, 224, 225, 226, 228, 229, 230, 231, 232, 233, 234, 235, 236, 237, 238, 239, 242, 246, 254, 262, 264, 265, 267, 268, 278, 283, 292, 297, 303, 304, 306, 312, 324, 325, 332, 333, 335, 341, 342, 358, 359, 362, 377], "summary": {"covered_lines": 130, "num_statements": 164, "percent_covered": 79.26829268292683, "percent_covered_display": "79", "missing_lines": 34, "excluded_lines": 0}, "missing_lines": [91, 93, 132, 133, 134, 135, 147, 148, 149, 151, 152, 153, 166, 175, 216, 218, 227, 247, 269, 270, 271, 289, 307, 314, 315, 316, 317, 318, 336, 348, 349, 350, 351, 352], "excluded_lines": [], "functions": {"get_order_service": {"executed_lines": [77, 78, 79, 82, 115, 137, 155, 157], "summary": {"covered_lines": 8, "num_statements": 8, "percent_covered": 100.0, "percent_covered_display": "100", "missing_lines": 0, "excluded_lines": 0}, "missing_lines": [], "excluded_lines": []}, "get_order_service.MockOrderService.__init__": {"executed_lines": [80], "summary": {"covered_lines": 1, "num_statements": 1, "percent_covered": 100.0, "percent_covered_display": "100", "missing_lines": 0, "excluded_lines": 0}, "missing_lines": [], "excluded_lines": []}, "get_order_service.MockOrderService.submit_order": {"executed_lines": [85, 86, 87, 88, 90, 95, 96, 98, 112, 113], "summary": {"covered_lines": 10, "num_statements": 12, "percent_covered": 83.33333333333333, "percent_covered_display": "83", "missing_lines": 2, "excluded_lines": 0}, "missing_lines": [91, 93], "excluded_lines": []}, "get_order_service.MockOrderService.get_order_status": {"executed_lines": [118, 119], "summary": {"covered_lines": 2, "num_statements": 6, "percent_covered": 33.333333333333336, "percent_covered_display": "33", "missing_lines": 4, "excluded_lines": 0}, "missing_lines": [132, 133, 134, 135], "excluded_lines": []}, "get_order_service.MockOrderService.cancel_order": {"executed_lines": [140, 141], "summary": {"covered_lines": 2, "num_statements": 8, "percent_covered": 25.0, "percent_covered_display": "25", "missing_lines": 6, "excluded_lines": 0}, "missing_lines": [147, 148, 149, 151, 152, 153], "excluded_lines": []}, "get_risk_manager": {"executed_lines": [162, 163, 169], "summary": {"covered_lines": 3, "num_statements": 3, "percent_covered": 100.0, "percent_covered_display": "100", "missing_lines": 0, "excluded_lines": 0}, "missing_lines": [], "excluded_lines": []}, "get_risk_manager.MockRiskManager.check_trade_risk": {"executed_lines": [165, 167], "summary": {"covered_lines": 2, "num_statements": 3, "percent_covered": 66.66666666666667, "percent_covered_display": "67", "missing_lines": 1, "excluded_lines": 0}, "missing_lines": [166], "excluded_lines": []}, "require_trader": {"executed_lines": [174, 181], "summary": {"covered_lines": 2, "num_statements": 3, "percent_covered": 66.66666666666667, "percent_covered_display": "67", "missing_lines": 1, "excluded_lines": 0}, "missing_lines": [175], "excluded_lines": []}, "submit_order": {"executed_lines": [206, 208, 210, 211, 213, 214, 215, 221, 222, 223, 224, 225, 226, 228, 229, 230, 231, 232, 233, 234, 235, 236, 237, 238, 239, 242, 246, 254, 262, 264, 265, 267, 268], "summary": {"covered_lines": 33, "num_statements": 40, "percent_covered": 82.5, "percent_covered_display": "82", "missing_lines": 7, "excluded_lines": 0}, "missing_lines": [216, 218, 227, 247, 269, 270, 271], "excluded_lines": []}, "submit_order_submit": {"executed_lines": [], "summary": {"covered_lines": 0, "num_statements": 1, "percent_covered": 0.0, "percent_covered_display": "0", "missing_lines": 1, "excluded_lines": 0}, "missing_lines": [289], "excluded_lines": []}, "get_order_status": {"executed_lines": [303, 304, 306, 312], "summary": {"covered_lines": 4, "num_statements": 10, "percent_covered": 40.0, "percent_covered_display": "40", "missing_lines": 6, "excluded_lines": 0}, "missing_lines": [307, 314, 315, 316, 317, 318], "excluded_lines": []}, "cancel_order": {"executed_lines": [332, 333, 335, 341, 342], "summary": {"covered_lines": 5, "num_statements": 11, "percent_covered": 45.45454545454545, "percent_covered_display": "45", "missing_lines": 6, "excluded_lines": 0}, "missing_lines": [336, 348, 349, 350, 351, 352], "excluded_lines": []}, "get_order_audit_trail": {"executed_lines": [362, 377], "summary": {"covered_lines": 2, "num_statements": 2, "percent_covered": 100.0, "percent_covered_display": "100", "missing_lines": 0, "excluded_lines": 0}, "missing_lines": [], "excluded_lines": []}, "": {"executed_lines": [1, 6, 7, 8, 10, 11, 13, 14, 16, 18, 22, 23, 24, 25, 26, 27, 28, 29, 32, 33, 34, 35, 36, 37, 38, 39, 40, 43, 44, 45, 46, 47, 48, 49, 50, 51, 52, 53, 54, 57, 58, 59, 60, 61, 62, 65, 66, 67, 71, 73, 160, 172, 185, 190, 278, 283, 292, 297, 324, 325, 358, 359], "summary": {"covered_lines": 56, "num_statements": 56, "percent_covered": 100.0, "percent_covered_display": "100", "missing_lines": 0, "excluded_lines": 0}, "missing_lines": [], "excluded_lines": []}}, "classes": {"OrderSubmissionRequest": {"executed_lines": [], "summary": {"covered_lines": 0, "num_statements": 0, "percent_covered": 100.0, "percent_covered_display": "100", "missing_lines": 0, "excluded_lines": 0}, "missing_lines": [], "excluded_lines": []}, "OrderSubmissionResponse": {"executed_lines": [], "summary": {"covered_lines": 0, "num_statements": 0, "percent_covered": 100.0, "percent_covered_display": "100", "missing_lines": 0, "excluded_lines": 0}, "missing_lines": [], "excluded_lines": []}, "OrderStatusResponse": {"executed_lines": [], "summary": {"covered_lines": 0, "num_statements": 0, "percent_covered": 100.0, "percent_covered_display": "100", "missing_lines": 0, "excluded_lines": 0}, "missing_lines": [], "excluded_lines": []}, "AuditEntry": {"executed_lines": [], "summary": {"covered_lines": 0, "num_statements": 0, "percent_covered": 100.0, "percent_covered_display": "100", "missing_lines": 0, "excluded_lines": 0}, "missing_lines": [], "excluded_lines": []}, "AuditResponse": {"executed_lines": [], "summary": {"covered_lines": 0, "num_statements": 0, "percent_covered": 100.0, "percent_covered_display": "100", "missing_lines": 0, "excluded_lines": 0}, "missing_lines": [], "excluded_lines": []}, "get_order_service.MockOrderService": {"executed_lines": [80, 85, 86, 87, 88, 90, 95, 96, 98, 112, 113, 118, 119, 140, 141], "summary": {"covered_lines": 15, "num_statements": 27, "percent_covered": 55.55555555555556, "percent_covered_display": "56", "missing_lines": 12, "excluded_lines": 0}, "missing_lines": [91, 93, 132, 133, 134, 135, 147, 148, 149, 151, 152, 153], "excluded_lines": []}, "get_risk_manager.MockRiskManager": {"executed_lines": [165, 167], "summary": {"covered_lines": 2, "num_statements": 3, "percent_covered": 66.66666666666667, "percent_covered_display": "67", "missing_lines": 1, "excluded_lines": 0}, "missing_lines": [166], "excluded_lines": []}, "": {"executed_lines": [1, 6, 7, 8, 10, 11, 13, 14, 16, 18, 22, 23, 24, 25, 26, 27, 28, 29, 32, 33, 34, 35, 36, 37, 38, 39, 40, 43, 44, 45, 46, 47, 48, 49, 50, 51, 52, 53, 54, 57, 58, 59, 60, 61, 62, 65, 66, 67, 71, 73, 77, 78, 79, 82, 115, 137, 155, 157, 160, 162, 163, 169, 172, 174, 181, 185, 190, 206, 208, 210, 211, 213, 214, 215, 221, 222, 223, 224, 225, 226, 228, 229, 230, 231, 232, 233, 234, 235, 236, 237, 238, 239, 242, 246, 254, 262, 264, 265, 267, 268, 278, 283, 292, 297, 303, 304, 306, 312, 324, 325, 332, 333, 335, 341, 342, 358, 359, 362, 377], "summary": {"covered_lines": 113, "num_statements": 134, "percent_covered": 84.32835820895522, "percent_covered_display": "84", "missing_lines": 21, "excluded_lines": 0}, "missing_lines": [175, 216, 218, 227, 247, 269, 270, 271, 289, 307, 314, 315, 316, 317, 318, 336, 348, 349, 350, 351, 352], "excluded_lines": []}}}, "algotrading_platform\\backend\\api\\routes\\positions.py": {"executed_lines": [], "summary": {"covered_lines": 0, "num_statements": 0, "percent_covered": 100.0, "percent_covered_display": "100", "missing_lines": 0, "excluded_lines": 0}, "missing_lines": [], "excluded_lines": [], "functions": {"": {"executed_lines": [], "summary": {"covered_lines": 0, "num_statements": 0, "percent_covered": 100.0, "percent_covered_display": "100", "missing_lines": 0, "excluded_lines": 0}, "missing_lines": [], "excluded_lines": []}}, "classes": {"": {"executed_lines": [], "summary": {"covered_lines": 0, "num_statements": 0, "percent_covered": 100.0, "percent_covered_display": "100", "missing_lines": 0, "excluded_lines": 0}, "missing_lines": [], "excluded_lines": []}}}, "algotrading_platform\\backend\\api\\routes\\risk.py": {"executed_lines": [1, 2, 3, 4, 6, 9, 11, 12, 15, 17, 18, 19, 20, 22, 31, 32, 38, 39, 45, 46, 53, 54, 60, 62, 63, 70, 71, 77, 80, 81, 99, 100], "summary": {"covered_lines": 32, "num_statements": 60, "percent_covered": 53.333333333333336, "percent_covered_display": "53", "missing_lines": 28, "excluded_lines": 0}, "missing_lines": [13, 14, 24, 25, 26, 27, 28, 29, 40, 47, 48, 50, 72, 83, 84, 90, 91, 92, 97, 102, 103, 109, 110, 111, 116, 117, 118, 123], "excluded_lines": [], "functions": {"get_risk_manager": {"executed_lines": [11, 12, 15], "summary": {"covered_lines": 3, "num_statements": 5, "percent_covered": 60.0, "percent_covered_display": "60", "missing_lines": 2, "excluded_lines": 0}, "missing_lines": [13, 14], "excluded_lines": []}, "get_risk_service": {"executed_lines": [], "summary": {"covered_lines": 0, "num_statements": 4, "percent_covered": 0.0, "percent_covered_display": "0", "missing_lines": 4, "excluded_lines": 0}, "missing_lines": [24, 25, 27, 29], "excluded_lines": []}, "get_risk_service.MockRiskService.update_limits": {"executed_lines": [], "summary": {"covered_lines": 0, "num_statements": 1, "percent_covered": 0.0, "percent_covered_display": "0", "missing_lines": 1, "excluded_lines": 0}, "missing_lines": [26], "excluded_lines": []}, "get_risk_service.MockRiskService.get_metrics": {"executed_lines": [], "summary": {"covered_lines": 0, "num_statements": 1, "percent_covered": 0.0, "percent_covered_display": "0", "missing_lines": 1, "excluded_lines": 0}, "missing_lines": [28], "excluded_lines": []}, "risk_metrics": {"executed_lines": [38, 39, 45, 46, 53, 54, 60], "summary": {"covered_lines": 7, "num_statements": 11, "percent_covered": 63.63636363636363, "percent_covered_display": "64", "missing_lines": 4, "excluded_lines": 0}, "missing_lines": [40, 47, 48, 50], "excluded_lines": []}, "set_limits": {"executed_lines": [70, 71, 77], "summary": {"covered_lines": 3, "num_statements": 4, "percent_covered": 75.0, "percent_covered_display": "75", "missing_lines": 1, "excluded_lines": 0}, "missing_lines": [72], "excluded_lines": []}, "get_risk_metrics_legacy": {"executed_lines": [], "summary": {"covered_lines": 0, "num_statements": 6, "percent_covered": 0.0, "percent_covered_display": "0", "missing_lines": 6, "excluded_lines": 0}, "missing_lines": [83, 84, 90, 91, 92, 97], "excluded_lines": []}, "update_limits_legacy": {"executed_lines": [], "summary": {"covered_lines": 0, "num_statements": 9, "percent_covered": 0.0, "percent_covered_display": "0", "missing_lines": 9, "excluded_lines": 0}, "missing_lines": [102, 103, 109, 110, 111, 116, 117, 118, 123], "excluded_lines": []}, "": {"executed_lines": [1, 2, 3, 4, 6, 9, 17, 18, 19, 20, 22, 31, 32, 62, 63, 80, 81, 99, 100], "summary": {"covered_lines": 19, "num_statements": 19, "percent_covered": 100.0, "percent_covered_display": "100", "missing_lines": 0, "excluded_lines": 0}, "missing_lines": [], "excluded_lines": []}}, "classes": {"RiskLimitsPayload": {"executed_lines": [], "summary": {"covered_lines": 0, "num_statements": 0, "percent_covered": 100.0, "percent_covered_display": "100", "missing_lines": 0, "excluded_lines": 0}, "missing_lines": [], "excluded_lines": []}, "get_risk_service.MockRiskService": {"executed_lines": [], "summary": {"covered_lines": 0, "num_statements": 2, "percent_covered": 0.0, "percent_covered_display": "0", "missing_lines": 2, "excluded_lines": 0}, "missing_lines": [26, 28], "excluded_lines": []}, "": {"executed_lines": [1, 2, 3, 4, 6, 9, 11, 12, 15, 17, 18, 19, 20, 22, 31, 32, 38, 39, 45, 46, 53, 54, 60, 62, 63, 70, 71, 77, 80, 81, 99, 100], "summary": {"covered_lines": 32, "num_statements": 58, "percent_covered": 55.172413793103445, "percent_covered_display": "55", "missing_lines": 26, "excluded_lines": 0}, "missing_lines": [13, 14, 24, 25, 27, 29, 40, 47, 48, 50, 72, 83, 84, 90, 91, 92, 97, 102, 103, 109, 110, 111, 116, 117, 118, 123], "excluded_lines": []}}}, "algotrading_platform\\backend\\api\\routes\\signals.py": {"executed_lines": [1, 6, 7, 8, 9, 10, 12, 13, 15, 16, 18, 20, 24, 25, 26, 27, 28, 29, 33, 34, 35, 36, 37, 38, 39, 40, 41, 44, 45, 46, 47, 50, 51, 52, 53, 54, 55, 59, 68, 70, 71, 73, 74, 76, 77, 78, 79, 80, 81, 82, 83, 84, 86, 88, 91, 93, 95, 96, 98, 99, 106, 108, 111, 113, 114, 116, 123, 126, 141, 143, 148, 152, 157, 165, 167, 168, 174, 179, 182, 186, 189, 193, 210, 215, 223, 225, 226, 228, 235, 236, 238, 248, 253, 331, 332], "summary": {"covered_lines": 91, "num_statements": 141, "percent_covered": 64.53900709219859, "percent_covered_display": "65", "missing_lines": 50, "excluded_lines": 0}, "missing_lines": [61, 62, 128, 129, 131, 138, 144, 169, 175, 183, 203, 204, 205, 206, 207, 229, 230, 232, 243, 244, 245, 267, 268, 269, 270, 271, 273, 274, 276, 280, 282, 285, 289, 300, 301, 304, 305, 308, 311, 313, 314, 315, 317, 324, 325, 326, 327, 328, 335, 338], "excluded_lines": [], "functions": {"get_signal_service": {"executed_lines": [], "summary": {"covered_lines": 0, "num_statements": 2, "percent_covered": 0.0, "percent_covered_display": "0", "missing_lines": 2, "excluded_lines": 0}, "missing_lines": [61, 62], "excluded_lines": []}, "get_strategy_manager": {"executed_lines": [70, 71, 88], "summary": {"covered_lines": 3, "num_statements": 3, "percent_covered": 100.0, "percent_covered_display": "100", "missing_lines": 0, "excluded_lines": 0}, "missing_lines": [], "excluded_lines": []}, "get_strategy_manager.MockStrategyManager.generate_combined_signal": {"executed_lines": [73, 74, 76, 77, 78, 79, 80, 81, 82, 83, 84, 86], "summary": {"covered_lines": 12, "num_statements": 12, "percent_covered": 100.0, "percent_covered_display": "100", "missing_lines": 0, "excluded_lines": 0}, "missing_lines": [], "excluded_lines": []}, "get_alpaca_client": {"executed_lines": [93, 95, 96, 108], "summary": {"covered_lines": 4, "num_statements": 4, "percent_covered": 100.0, "percent_covered_display": "100", "missing_lines": 0, "excluded_lines": 0}, "missing_lines": [], "excluded_lines": []}, "get_alpaca_client.MockAlpacaClient.get_historical_data": {"executed_lines": [98, 99, 106], "summary": {"covered_lines": 3, "num_statements": 3, "percent_covered": 100.0, "percent_covered_display": "100", "missing_lines": 0, "excluded_lines": 0}, "missing_lines": [], "excluded_lines": []}, "get_feature_engineer": {"executed_lines": [113, 114, 123], "summary": {"covered_lines": 3, "num_statements": 3, "percent_covered": 100.0, "percent_covered_display": "100", "missing_lines": 0, "excluded_lines": 0}, "missing_lines": [], "excluded_lines": []}, "get_feature_engineer.MockFeatureEngineer.compute_all_features": {"executed_lines": [116], "summary": {"covered_lines": 1, "num_statements": 1, "percent_covered": 100.0, "percent_covered_display": "100", "missing_lines": 0, "excluded_lines": 0}, "missing_lines": [], "excluded_lines": []}, "get_risk_manager": {"executed_lines": [], "summary": {"covered_lines": 0, "num_statements": 3, "percent_covered": 0.0, "percent_covered_display": "0", "missing_lines": 3, "excluded_lines": 0}, "missing_lines": [128, 129, 138], "excluded_lines": []}, "get_risk_manager.MockRiskManager.assess_signal_risk": {"executed_lines": [], "summary": {"covered_lines": 0, "num_statements": 1, "percent_covered": 0.0, "percent_covered_display": "0", "missing_lines": 1, "excluded_lines": 0}, "missing_lines": [131], "excluded_lines": []}, "get_authenticated_user": {"executed_lines": [143, 148], "summary": {"covered_lines": 2, "num_statements": 3, "percent_covered": 66.66666666666667, "percent_covered_display": "67", "missing_lines": 1, "excluded_lines": 0}, "missing_lines": [144], "excluded_lines": []}, "get_trading_signal": {"executed_lines": [165, 167, 168, 174, 179, 182, 186, 189, 193], "summary": {"covered_lines": 9, "num_statements": 17, "percent_covered": 52.94117647058823, "percent_covered_display": "53", "missing_lines": 8, "excluded_lines": 0}, "missing_lines": [169, 175, 183, 203, 204, 205, 206, 207], "excluded_lines": []}, "get_all_signals": {"executed_lines": [223, 225, 226, 228, 235, 236, 238], "summary": {"covered_lines": 7, "num_statements": 13, "percent_covered": 53.84615384615385, "percent_covered_display": "54", "missing_lines": 6, "excluded_lines": 0}, "missing_lines": [229, 230, 232, 243, 244, 245], "excluded_lines": []}, "get_advanced_signals": {"executed_lines": [], "summary": {"covered_lines": 0, "num_statements": 27, "percent_covered": 0.0, "percent_covered_display": "0", "missing_lines": 27, "excluded_lines": 0}, "missing_lines": [267, 268, 269, 270, 271, 273, 274, 276, 280, 282, 285, 289, 300, 301, 304, 305, 308, 311, 313, 314, 315, 317, 324, 325, 326, 327, 328], "excluded_lines": []}, "create_signal": {"executed_lines": [], "summary": {"covered_lines": 0, "num_statements": 2, "percent_covered": 0.0, "percent_covered_display": "0", "missing_lines": 2, "excluded_lines": 0}, "missing_lines": [335, 338], "excluded_lines": []}, "": {"executed_lines": [1, 6, 7, 8, 9, 10, 12, 13, 15, 16, 18, 20, 24, 25, 26, 27, 28, 29, 33, 34, 35, 36, 37, 38, 39, 40, 41, 44, 45, 46, 47, 50, 51, 52, 53, 54, 55, 59, 68, 91, 111, 126, 141, 152, 157, 210, 215, 248, 253, 331, 332], "summary": {"covered_lines": 47, "num_statements": 47, "percent_covered": 100.0, "percent_covered_display": "100", "missing_lines": 0, "excluded_lines": 0}, "missing_lines": [], "excluded_lines": []}}, "classes": {"SignalRequest": {"executed_lines": [], "summary": {"covered_lines": 0, "num_statements": 0, "percent_covered": 100.0, "percent_covered_display": "100", "missing_lines": 0, "excluded_lines": 0}, "missing_lines": [], "excluded_lines": []}, "SignalResponse": {"executed_lines": [], "summary": {"covered_lines": 0, "num_statements": 0, "percent_covered": 100.0, "percent_covered_display": "100", "missing_lines": 0, "excluded_lines": 0}, "missing_lines": [], "excluded_lines": []}, "MultiSignalsResponse": {"executed_lines": [], "summary": {"covered_lines": 0, "num_statements": 0, "percent_covered": 100.0, "percent_covered_display": "100", "missing_lines": 0, "excluded_lines": 0}, "missing_lines": [], "excluded_lines": []}, "AdvancedSignalsResponse": {"executed_lines": [], "summary": {"covered_lines": 0, "num_statements": 0, "percent_covered": 100.0, "percent_covered_display": "100", "missing_lines": 0, "excluded_lines": 0}, "missing_lines": [], "excluded_lines": []}, "get_strategy_manager.MockStrategyManager": {"executed_lines": [73, 74, 76, 77, 78, 79, 80, 81, 82, 83, 84, 86], "summary": {"covered_lines": 12, "num_statements": 12, "percent_covered": 100.0, "percent_covered_display": "100", "missing_lines": 0, "excluded_lines": 0}, "missing_lines": [], "excluded_lines": []}, "get_alpaca_client.MockAlpacaClient": {"executed_lines": [98, 99, 106], "summary": {"covered_lines": 3, "num_statements": 3, "percent_covered": 100.0, "percent_covered_display": "100", "missing_lines": 0, "excluded_lines": 0}, "missing_lines": [], "excluded_lines": []}, "get_feature_engineer.MockFeatureEngineer": {"executed_lines": [116], "summary": {"covered_lines": 1, "num_statements": 1, "percent_covered": 100.0, "percent_covered_display": "100", "missing_lines": 0, "excluded_lines": 0}, "missing_lines": [], "excluded_lines": []}, "get_risk_manager.MockRiskManager": {"executed_lines": [], "summary": {"covered_lines": 0, "num_statements": 1, "percent_covered": 0.0, "percent_covered_display": "0", "missing_lines": 1, "excluded_lines": 0}, "missing_lines": [131], "excluded_lines": []}, "": {"executed_lines": [1, 6, 7, 8, 9, 10, 12, 13, 15, 16, 18, 20, 24, 25, 26, 27, 28, 29, 33, 34, 35, 36, 37, 38, 39, 40, 41, 44, 45, 46, 47, 50, 51, 52, 53, 54, 55, 59, 68, 70, 71, 88, 91, 93, 95, 96, 108, 111, 113, 114, 123, 126, 141, 143, 148, 152, 157, 165, 167, 168, 174, 179, 182, 186, 189, 193, 210, 215, 223, 225, 226, 228, 235, 236, 238, 248, 253, 331, 332], "summary": {"covered_lines": 75, "num_statements": 124, "percent_covered": 60.483870967741936, "percent_covered_display": "60", "missing_lines": 49, "excluded_lines": 0}, "missing_lines": [61, 62, 128, 129, 138, 144, 169, 175, 183, 203, 204, 205, 206, 207, 229, 230, 232, 243, 244, 245, 267, 268, 269, 270, 271, 273, 274, 276, 280, 282, 285, 289, 300, 301, 304, 305, 308, 311, 313, 314, 315, 317, 324, 325, 326, 327, 328, 335, 338], "excluded_lines": []}}}, "algotrading_platform\\backend\\api\\routes\\strategy.py": {"executed_lines": [1, 6, 7, 8, 9, 11, 13, 15, 18, 19, 20, 21, 22, 25, 26, 27, 28, 29, 32, 33, 44, 45, 65, 66, 94, 95], "summary": {"covered_lines": 23, "num_statements": 47, "percent_covered": 48.93617021276596, "percent_covered_display": "49", "missing_lines": 24, "excluded_lines": 0}, "missing_lines": [35, 47, 49, 51, 53, 60, 61, 62, 68, 69, 71, 73, 79, 81, 89, 90, 91, 97, 98, 101, 103, 111, 112, 113], "excluded_lines": [], "functions": {"get_strategy_status": {"executed_lines": [], "summary": {"covered_lines": 0, "num_statements": 1, "percent_covered": 0.0, "percent_covered_display": "0", "missing_lines": 1, "excluded_lines": 0}, "missing_lines": [35], "excluded_lines": []}, "ingest_features": {"executed_lines": [], "summary": {"covered_lines": 0, "num_statements": 7, "percent_covered": 0.0, "percent_covered_display": "0", "missing_lines": 7, "excluded_lines": 0}, "missing_lines": [47, 49, 51, 53, 60, 61, 62], "excluded_lines": []}, "process_signal_batch": {"executed_lines": [], "summary": {"covered_lines": 0, "num_statements": 9, "percent_covered": 0.0, "percent_covered_display": "0", "missing_lines": 9, "excluded_lines": 0}, "missing_lines": [68, 69, 71, 73, 79, 81, 89, 90, 91], "excluded_lines": []}, "submit_strategy_signal": {"executed_lines": [], "summary": {"covered_lines": 0, "num_statements": 7, "percent_covered": 0.0, "percent_covered_display": "0", "missing_lines": 7, "excluded_lines": 0}, "missing_lines": [97, 98, 101, 103, 111, 112, 113], "excluded_lines": []}, "": {"executed_lines": [1, 6, 7, 8, 9, 11, 13, 15, 18, 19, 20, 21, 22, 25, 26, 27, 28, 29, 32, 33, 44, 45, 65, 66, 94, 95], "summary": {"covered_lines": 23, "num_statements": 23, "percent_covered": 100.0, "percent_covered_display": "100", "missing_lines": 0, "excluded_lines": 0}, "missing_lines": [], "excluded_lines": []}}, "classes": {"FeatureBatch": {"executed_lines": [], "summary": {"covered_lines": 0, "num_statements": 0, "percent_covered": 100.0, "percent_covered_display": "100", "missing_lines": 0, "excluded_lines": 0}, "missing_lines": [], "excluded_lines": []}, "SignalBatch": {"executed_lines": [], "summary": {"covered_lines": 0, "num_statements": 0, "percent_covered": 100.0, "percent_covered_display": "100", "missing_lines": 0, "excluded_lines": 0}, "missing_lines": [], "excluded_lines": []}, "": {"executed_lines": [1, 6, 7, 8, 9, 11, 13, 15, 18, 19, 20, 21, 22, 25, 26, 27, 28, 29, 32, 33, 44, 45, 65, 66, 94, 95], "summary": {"covered_lines": 23, "num_statements": 47, "percent_covered": 48.93617021276596, "percent_covered_display": "49", "missing_lines": 24, "excluded_lines": 0}, "missing_lines": [35, 47, 49, 51, 53, 60, 61, 62, 68, 69, 71, 73, 79, 81, 89, 90, 91, 97, 98, 101, 103, 111, 112, 113], "excluded_lines": []}}}, "algotrading_platform\\backend\\api\\routes\\system.py": {"executed_lines": [1, 6, 7, 8, 9, 11, 12, 14, 15, 16, 18, 19, 20, 24, 26, 29, 30, 40, 41, 56, 57, 95, 96, 126, 127, 132, 133, 202, 203], "summary": {"covered_lines": 28, "num_statements": 94, "percent_covered": 29.78723404255319, "percent_covered_display": "30", "missing_lines": 66, "excluded_lines": 0}, "missing_lines": [21, 22, 32, 43, 59, 61, 62, 63, 66, 67, 68, 70, 74, 78, 79, 82, 84, 87, 88, 90, 91, 92, 99, 100, 101, 102, 104, 105, 106, 107, 108, 109, 110, 111, 112, 113, 129, 141, 143, 145, 154, 156, 157, 158, 161, 163, 164, 165, 166, 169, 172, 174, 175, 176, 177, 179, 180, 181, 182, 183, 186, 187, 189, 190, 192, 205], "excluded_lines": [], "functions": {"system_status": {"executed_lines": [], "summary": {"covered_lines": 0, "num_statements": 1, "percent_covered": 0.0, "percent_covered_display": "0", "missing_lines": 1, "excluded_lines": 0}, "missing_lines": [32], "excluded_lines": []}, "root": {"executed_lines": [], "summary": {"covered_lines": 0, "num_statements": 1, "percent_covered": 0.0, "percent_covered_display": "0", "missing_lines": 1, "excluded_lines": 0}, "missing_lines": [43], "excluded_lines": []}, "get_metrics": {"executed_lines": [], "summary": {"covered_lines": 0, "num_statements": 18, "percent_covered": 0.0, "percent_covered_display": "0", "missing_lines": 18, "excluded_lines": 0}, "missing_lines": [59, 61, 62, 63, 66, 67, 68, 70, 74, 78, 79, 82, 84, 87, 88, 90, 91, 92], "excluded_lines": []}, "health_check": {"executed_lines": [], "summary": {"covered_lines": 0, "num_statements": 14, "percent_covered": 0.0, "percent_covered_display": "0", "missing_lines": 14, "excluded_lines": 0}, "missing_lines": [99, 100, 101, 102, 104, 105, 106, 107, 108, 109, 110, 111, 112, 113], "excluded_lines": []}, "health_check_not_allowed": {"executed_lines": [], "summary": {"covered_lines": 0, "num_statements": 1, "percent_covered": 0.0, "percent_covered_display": "0", "missing_lines": 1, "excluded_lines": 0}, "missing_lines": [129], "excluded_lines": []}, "liveness_probe": {"executed_lines": [], "summary": {"covered_lines": 0, "num_statements": 28, "percent_covered": 0.0, "percent_covered_display": "0", "missing_lines": 28, "excluded_lines": 0}, "missing_lines": [141, 143, 145, 154, 156, 157, 158, 161, 163, 164, 165, 166, 169, 172, 174, 175, 176, 177, 179, 180, 181, 182, 183, 186, 187, 189, 190, 192], "excluded_lines": []}, "test_runtime_error": {"executed_lines": [], "summary": {"covered_lines": 0, "num_statements": 1, "percent_covered": 0.0, "percent_covered_display": "0", "missing_lines": 1, "excluded_lines": 0}, "missing_lines": [205], "excluded_lines": []}, "": {"executed_lines": [1, 6, 7, 8, 9, 11, 12, 14, 15, 16, 18, 19, 20, 24, 26, 29, 30, 40, 41, 56, 57, 95, 96, 126, 127, 132, 133, 202, 203], "summary": {"covered_lines": 28, "num_statements": 30, "percent_covered": 93.33333333333333, "percent_covered_display": "93", "missing_lines": 2, "excluded_lines": 0}, "missing_lines": [21, 22], "excluded_lines": []}}, "classes": {"": {"executed_lines": [1, 6, 7, 8, 9, 11, 12, 14, 15, 16, 18, 19, 20, 24, 26, 29, 30, 40, 41, 56, 57, 95, 96, 126, 127, 132, 133, 202, 203], "summary": {"covered_lines": 28, "num_statements": 94, "percent_covered": 29.78723404255319, "percent_covered_display": "30", "missing_lines": 66, "excluded_lines": 0}, "missing_lines": [21, 22, 32, 43, 59, 61, 62, 63, 66, 67, 68, 70, 74, 78, 79, 82, 84, 87, 88, 90, 91, 92, 99, 100, 101, 102, 104, 105, 106, 107, 108, 109, 110, 111, 112, 113, 129, 141, 143, 145, 154, 156, 157, 158, 161, 163, 164, 165, 166, 169, 172, 174, 175, 176, 177, 179, 180, 181, 182, 183, 186, 187, 189, 190, 192, 205], "excluded_lines": []}}}, "algotrading_platform\\backend\\api\\routes\\trades.py": {"executed_lines": [1, 5, 6, 7, 8, 9, 11, 12, 14, 18, 19, 21, 23, 24, 25, 26, 27, 28, 29, 30, 31, 32, 33, 35, 36, 37, 38, 39, 40, 42, 43, 125, 126, 151, 152, 181, 182, 183, 184, 185, 186, 189, 190, 233, 234, 310], "summary": {"covered_lines": 42, "num_statements": 130, "percent_covered": 32.30769230769231, "percent_covered_display": "32", "missing_lines": 88, "excluded_lines": 0}, "missing_lines": [53, 54, 55, 60, 62, 99, 100, 103, 104, 105, 106, 109, 110, 111, 112, 114, 121, 122, 123, 131, 133, 145, 147, 148, 149, 158, 160, 174, 176, 177, 178, 201, 202, 205, 206, 207, 209, 211, 212, 214, 215, 217, 228, 229, 230, 240, 243, 244, 246, 249, 250, 251, 253, 254, 255, 258, 274, 275, 276, 279, 280, 281, 282, 285, 286, 287, 288, 289, 294, 295, 296, 297, 298, 300, 301, 304, 305, 307, 312, 313, 315, 326, 327, 329, 334, 336, 337, 339], "excluded_lines": [], "functions": {"get_trade_history": {"executed_lines": [], "summary": {"covered_lines": 0, "num_statements": 19, "percent_covered": 0.0, "percent_covered_display": "0", "missing_lines": 19, "excluded_lines": 0}, "missing_lines": [53, 54, 55, 60, 62, 99, 100, 103, 104, 105, 106, 109, 110, 111, 112, 114, 121, 122, 123], "excluded_lines": []}, "get_trade_detail": {"executed_lines": [], "summary": {"covered_lines": 0, "num_statements": 6, "percent_covered": 0.0, "percent_covered_display": "0", "missing_lines": 6, "excluded_lines": 0}, "missing_lines": [131, 133, 145, 147, 148, 149], "excluded_lines": []}, "get_trading_stats": {"executed_lines": [], "summary": {"covered_lines": 0, "num_statements": 6, "percent_covered": 0.0, "percent_covered_display": "0", "missing_lines": 6, "excluded_lines": 0}, "missing_lines": [158, 160, 174, 176, 177, 178], "excluded_lines": []}, "execute_trade": {"executed_lines": [], "summary": {"covered_lines": 0, "num_statements": 14, "percent_covered": 0.0, "percent_covered_display": "0", "missing_lines": 14, "excluded_lines": 0}, "missing_lines": [201, 202, 205, 206, 207, 209, 211, 212, 214, 215, 217, 228, 229, 230], "excluded_lines": []}, "create_trade": {"executed_lines": [], "summary": {"covered_lines": 0, "num_statements": 33, "percent_covered": 0.0, "percent_covered_display": "0", "missing_lines": 33, "excluded_lines": 0}, "missing_lines": [240, 243, 244, 246, 249, 250, 251, 253, 254, 255, 258, 274, 275, 276, 279, 280, 281, 282, 285, 286, 287, 288, 289, 294, 295, 296, 297, 298, 300, 301, 304, 305, 307], "excluded_lines": []}, "_simulate_broker_submission": {"executed_lines": [], "summary": {"covered_lines": 0, "num_statements": 10, "percent_covered": 0.0, "percent_covered_display": "0", "missing_lines": 10, "excluded_lines": 0}, "missing_lines": [312, 313, 315, 326, 327, 329, 334, 336, 337, 339], "excluded_lines": []}, "": {"executed_lines": [1, 5, 6, 7, 8, 9, 11, 12, 14, 18, 19, 21, 23, 24, 25, 26, 27, 28, 29, 30, 31, 32, 33, 35, 36, 37, 38, 39, 40, 42, 43, 125, 126, 151, 152, 181, 182, 183, 184, 185, 186, 189, 190, 233, 234, 310], "summary": {"covered_lines": 42, "num_statements": 42, "percent_covered": 100.0, "percent_covered_display": "100", "missing_lines": 0, "excluded_lines": 0}, "missing_lines": [], "excluded_lines": []}}, "classes": {"TradeHistory": {"executed_lines": [], "summary": {"covered_lines": 0, "num_statements": 0, "percent_covered": 100.0, "percent_covered_display": "100", "missing_lines": 0, "excluded_lines": 0}, "missing_lines": [], "excluded_lines": []}, "TradeHistoryResponse": {"executed_lines": [], "summary": {"covered_lines": 0, "num_statements": 0, "percent_covered": 100.0, "percent_covered_display": "100", "missing_lines": 0, "excluded_lines": 0}, "missing_lines": [], "excluded_lines": []}, "TradeExecutionRequest": {"executed_lines": [], "summary": {"covered_lines": 0, "num_statements": 0, "percent_covered": 100.0, "percent_covered_display": "100", "missing_lines": 0, "excluded_lines": 0}, "missing_lines": [], "excluded_lines": []}, "": {"executed_lines": [1, 5, 6, 7, 8, 9, 11, 12, 14, 18, 19, 21, 23, 24, 25, 26, 27, 28, 29, 30, 31, 32, 33, 35, 36, 37, 38, 39, 40, 42, 43, 125, 126, 151, 152, 181, 182, 183, 184, 185, 186, 189, 190, 233, 234, 310], "summary": {"covered_lines": 42, "num_statements": 130, "percent_covered": 32.30769230769231, "percent_covered_display": "32", "missing_lines": 88, "excluded_lines": 0}, "missing_lines": [53, 54, 55, 60, 62, 99, 100, 103, 104, 105, 106, 109, 110, 111, 112, 114, 121, 122, 123, 131, 133, 145, 147, 148, 149, 158, 160, 174, 176, 177, 178, 201, 202, 205, 206, 207, 209, 211, 212, 214, 215, 217, 228, 229, 230, 240, 243, 244, 246, 249, 250, 251, 253, 254, 255, 258, 274, 275, 276, 279, 280, 281, 282, 285, 286, 287, 288, 289, 294, 295, 296, 297, 298, 300, 301, 304, 305, 307, 312, 313, 315, 326, 327, 329, 334, 336, 337, 339], "excluded_lines": []}}}, "algotrading_platform\\backend\\api\\v1\\__init__.py": {"executed_lines": [], "summary": {"covered_lines": 0, "num_statements": 0, "percent_covered": 100.0, "percent_covered_display": "100", "missing_lines": 0, "excluded_lines": 0}, "missing_lines": [], "excluded_lines": [], "functions": {"": {"executed_lines": [], "summary": {"covered_lines": 0, "num_statements": 0, "percent_covered": 100.0, "percent_covered_display": "100", "missing_lines": 0, "excluded_lines": 0}, "missing_lines": [], "excluded_lines": []}}, "classes": {"": {"executed_lines": [], "summary": {"covered_lines": 0, "num_statements": 0, "percent_covered": 100.0, "percent_covered_display": "100", "missing_lines": 0, "excluded_lines": 0}, "missing_lines": [], "excluded_lines": []}}}, "algotrading_platform\\backend\\api\\v1\\auth.py": {"executed_lines": [], "summary": {"covered_lines": 0, "num_statements": 0, "percent_covered": 100.0, "percent_covered_display": "100", "missing_lines": 0, "excluded_lines": 0}, "missing_lines": [], "excluded_lines": [], "functions": {"": {"executed_lines": [], "summary": {"covered_lines": 0, "num_statements": 0, "percent_covered": 100.0, "percent_covered_display": "100", "missing_lines": 0, "excluded_lines": 0}, "missing_lines": [], "excluded_lines": []}}, "classes": {"": {"executed_lines": [], "summary": {"covered_lines": 0, "num_statements": 0, "percent_covered": 100.0, "percent_covered_display": "100", "missing_lines": 0, "excluded_lines": 0}, "missing_lines": [], "excluded_lines": []}}}, "algotrading_platform\\backend\\api\\v1\\risk.py": {"executed_lines": [], "summary": {"covered_lines": 0, "num_statements": 0, "percent_covered": 100.0, "percent_covered_display": "100", "missing_lines": 0, "excluded_lines": 0}, "missing_lines": [], "excluded_lines": [], "functions": {"": {"executed_lines": [], "summary": {"covered_lines": 0, "num_statements": 0, "percent_covered": 100.0, "percent_covered_display": "100", "missing_lines": 0, "excluded_lines": 0}, "missing_lines": [], "excluded_lines": []}}, "classes": {"": {"executed_lines": [], "summary": {"covered_lines": 0, "num_statements": 0, "percent_covered": 100.0, "percent_covered_display": "100", "missing_lines": 0, "excluded_lines": 0}, "missing_lines": [], "excluded_lines": []}}}, "algotrading_platform\\backend\\api\\v1\\signals.py": {"executed_lines": [], "summary": {"covered_lines": 0, "num_statements": 0, "percent_covered": 100.0, "percent_covered_display": "100", "missing_lines": 0, "excluded_lines": 0}, "missing_lines": [], "excluded_lines": [], "functions": {"": {"executed_lines": [], "summary": {"covered_lines": 0, "num_statements": 0, "percent_covered": 100.0, "percent_covered_display": "100", "missing_lines": 0, "excluded_lines": 0}, "missing_lines": [], "excluded_lines": []}}, "classes": {"": {"executed_lines": [], "summary": {"covered_lines": 0, "num_statements": 0, "percent_covered": 100.0, "percent_covered_display": "100", "missing_lines": 0, "excluded_lines": 0}, "missing_lines": [], "excluded_lines": []}}}, "algotrading_platform\\backend\\api\\v1\\system.py": {"executed_lines": [], "summary": {"covered_lines": 0, "num_statements": 0, "percent_covered": 100.0, "percent_covered_display": "100", "missing_lines": 0, "excluded_lines": 0}, "missing_lines": [], "excluded_lines": [], "functions": {"": {"executed_lines": [], "summary": {"covered_lines": 0, "num_statements": 0, "percent_covered": 100.0, "percent_covered_display": "100", "missing_lines": 0, "excluded_lines": 0}, "missing_lines": [], "excluded_lines": []}}, "classes": {"": {"executed_lines": [], "summary": {"covered_lines": 0, "num_statements": 0, "percent_covered": 100.0, "percent_covered_display": "100", "missing_lines": 0, "excluded_lines": 0}, "missing_lines": [], "excluded_lines": []}}}, "algotrading_platform\\backend\\api\\v1\\trades.py": {"executed_lines": [], "summary": {"covered_lines": 0, "num_statements": 0, "percent_covered": 100.0, "percent_covered_display": "100", "missing_lines": 0, "excluded_lines": 0}, "missing_lines": [], "excluded_lines": [], "functions": {"": {"executed_lines": [], "summary": {"covered_lines": 0, "num_statements": 0, "percent_covered": 100.0, "percent_covered_display": "100", "missing_lines": 0, "excluded_lines": 0}, "missing_lines": [], "excluded_lines": []}}, "classes": {"": {"executed_lines": [], "summary": {"covered_lines": 0, "num_statements": 0, "percent_covered": 100.0, "percent_covered_display": "100", "missing_lines": 0, "excluded_lines": 0}, "missing_lines": [], "excluded_lines": []}}}, "algotrading_platform\\backend\\api\\websocket_manager.py": {"executed_lines": [1, 6, 7, 8, 9, 10, 11, 12, 13, 15, 18, 19, 20, 25, 27, 30, 33, 42, 60, 61, 62, 63, 64, 65, 66, 67, 68, 69, 70, 72, 76, 80, 84, 89, 90, 92, 105, 106, 108, 109, 111, 113, 114, 117, 120, 121, 124, 129, 130, 132, 135, 136, 137, 139, 141, 160, 217, 220, 224, 293, 336, 343, 358, 444, 520, 524, 533, 557, 580, 659, 663, 668, 672, 676, 687, 691, 713, 749], "summary": {"covered_lines": 75, "num_statements": 479, "percent_covered": 15.657620041753653, "percent_covered_display": "16", "missing_lines": 404, "excluded_lines": 0}, "missing_lines": [21, 22, 23, 35, 36, 37, 38, 39, 44, 45, 46, 47, 48, 49, 50, 51, 54, 55, 57, 73, 74, 78, 82, 86, 116, 122, 123, 125, 126, 143, 144, 145, 146, 147, 148, 149, 150, 152, 153, 154, 155, 156, 157, 158, 162, 164, 165, 166, 167, 170, 172, 174, 184, 187, 188, 191, 192, 193, 200, 201, 202, 203, 204, 207, 208, 209, 210, 211, 213, 214, 218, 222, 227, 228, 231, 232, 234, 237, 248, 258, 259, 260, 263, 264, 265, 268, 269, 270, 277, 278, 279, 280, 281, 284, 285, 286, 287, 288, 290, 291, 295, 296, 298, 301, 302, 303, 304, 305, 306, 309, 310, 311, 312, 313, 314, 315, 316, 317, 318, 319, 320, 323, 326, 327, 328, 331, 332, 334, 338, 339, 340, 341, 346, 347, 348, 350, 352, 355, 356, 364, 366, 367, 368, 369, 370, 371, 372, 373, 374, 376, 378, 379, 380, 381, 382, 383, 385, 386, 391, 392, 393, 394, 395, 396, 397, 400, 401, 403, 404, 405, 406, 407, 408, 409, 410, 411, 413, 414, 415, 416, 417, 418, 419, 424, 425, 429, 431, 433, 434, 435, 436, 437, 438, 439, 440, 441, 442, 446, 447, 448, 449, 450, 453, 454, 455, 456, 457, 458, 459, 460, 462, 464, 467, 468, 469, 471, 472, 474, 475, 476, 478, 480, 481, 482, 483, 484, 486, 487, 488, 489, 490, 492, 494, 496, 497, 499, 500, 501, 503, 504, 505, 506, 509, 510, 512, 513, 514, 515, 517, 518, 522, 526, 527, 528, 529, 530, 531, 535, 536, 537, 540, 541, 542, 543, 544, 545, 546, 549, 551, 552, 553, 554, 555, 559, 560, 562, 564, 565, 566, 567, 568, 569, 570, 572, 574, 575, 577, 578, 582, 583, 585, 586, 588, 589, 590, 591, 592, 594, 595, 596, 597, 598, 600, 601, 602, 603, 604, 606, 607, 608, 609, 610, 611, 612, 613, 614, 615, 616, 617, 619, 620, 621, 622, 623, 624, 625, 626, 627, 628, 629, 630, 631, 632, 633, 636, 637, 642, 643, 644, 645, 646, 647, 648, 649, 650, 651, 652, 653, 654, 655, 656, 657, 661, 665, 666, 670, 674, 678, 689, 693, 695, 697, 698, 699, 700, 701, 702, 703, 704, 707, 708, 709, 710, 711, 724, 725, 726, 727, 728, 731, 732, 733, 734, 736, 739, 740, 741, 742, 743, 745, 746, 747, 759, 760, 762, 763, 764, 765, 766, 767, 768, 771, 772, 774], "excluded_lines": [], "functions": {"_track_task": {"executed_lines": [], "summary": {"covered_lines": 0, "num_statements": 5, "percent_covered": 0.0, "percent_covered_display": "0", "missing_lines": 5, "excluded_lines": 0}, "missing_lines": [35, 36, 37, 38, 39], "excluded_lines": []}, "cancel_all_ws_tasks": {"executed_lines": [], "summary": {"covered_lines": 0, "num_statements": 11, "percent_covered": 0.0, "percent_covered_display": "0", "missing_lines": 11, "excluded_lines": 0}, "missing_lines": [44, 45, 46, 47, 48, 49, 50, 51, 54, 55, 57], "excluded_lines": []}, "WebSocketClientInfo.__post_init__": {"executed_lines": [], "summary": {"covered_lines": 0, "num_statements": 2, "percent_covered": 0.0, "percent_covered_display": "0", "missing_lines": 2, "excluded_lines": 0}, "missing_lines": [73, 74], "excluded_lines": []}, "WebSocketClientInfo.__getitem__": {"executed_lines": [], "summary": {"covered_lines": 0, "num_statements": 1, "percent_covered": 0.0, "percent_covered_display": "0", "missing_lines": 1, "excluded_lines": 0}, "missing_lines": [78], "excluded_lines": []}, "WebSocketClientInfo.__setitem__": {"executed_lines": [], "summary": {"covered_lines": 0, "num_statements": 1, "percent_covered": 0.0, "percent_covered_display": "0", "missing_lines": 1, "excluded_lines": 0}, "missing_lines": [82], "excluded_lines": []}, "WebSocketClientInfo.__contains__": {"executed_lines": [], "summary": {"covered_lines": 0, "num_statements": 1, "percent_covered": 0.0, "percent_covered_display": "0", "missing_lines": 1, "excluded_lines": 0}, "missing_lines": [86], "excluded_lines": []}, "WebSocketClientManager.__init__": {"executed_lines": [105, 106, 108, 109, 111, 113, 114, 117, 120, 121, 124, 129, 130, 132, 135, 136, 137, 139], "summary": {"covered_lines": 18, "num_statements": 23, "percent_covered": 78.26086956521739, "percent_covered_display": "78", "missing_lines": 5, "excluded_lines": 0}, "missing_lines": [116, 122, 123, 125, 126], "excluded_lines": []}, "WebSocketClientManager._get_prom_simple_counter": {"executed_lines": [], "summary": {"covered_lines": 0, "num_statements": 15, "percent_covered": 0.0, "percent_covered_display": "0", "missing_lines": 15, "excluded_lines": 0}, "missing_lines": [143, 144, 145, 146, 147, 148, 149, 150, 152, 153, 154, 155, 156, 157, 158], "excluded_lines": []}, "WebSocketClientManager.register_client": {"executed_lines": [], "summary": {"covered_lines": 0, "num_statements": 26, "percent_covered": 0.0, "percent_covered_display": "0", "missing_lines": 26, "excluded_lines": 0}, "missing_lines": [162, 164, 165, 166, 167, 170, 172, 174, 184, 187, 188, 191, 192, 193, 200, 201, 202, 203, 2
[...]
"excluded_lines": []}, "": {"executed_lines": [1, 8, 9, 10, 11, 14, 15, 17, 18, 21, 22, 23, 35, 36, 37, 38, 39, 40, 42, 52, 53, 54, 70, 71, 72, 73, 74, 75, 76, 77, 78, 79, 81], "summary": {"covered_lines": 29, "num_statements": 29, "percent_covered": 100.0, "percent_covered_display": "100", "missing_lines": 0, "excluded_lines": 0}, "missing_lines": [], "excluded_lines": []}}}, "algotrading_platform\\backend\\utils\\__init__.py": {"executed_lines": [1, 7, 19, 22, 45], "summary": {"covered_lines": 4, "num_statements": 4, "percent_covered": 100.0, "percent_covered_display": "100", "missing_lines": 0, "excluded_lines": 0}, "missing_lines": [], "excluded_lines": [], "functions": {"": {"executed_lines": [1, 7, 19, 22, 45], "summary": {"covered_lines": 4, "num_statements": 4, "percent_covered": 100.0, "percent_covered_display": "100", "missing_lines": 0, "excluded_lines": 0}, "missing_lines": [], "excluded_lines": []}}, "classes": {"": {"executed_lines": [1, 7, 19, 22, 45], "summary": {"covered_lines": 4, "num_statements": 4, "percent_covered": 100.0, "percent_covered_display": "100", "missing_lines": 0, "excluded_lines": 0}, "missing_lines": [], "excluded_lines": []}}}, "algotrading_platform\\backend\\utils\\helpers.py": {"executed_lines": [1, 6, 7, 8, 9, 11, 12, 15, 58, 82, 109, 129, 148, 169, 187, 223, 237, 242, 247, 282, 287, 292, 297, 312, 340, 366, 376, 384], "summary": {"covered_lines": 27, "num_statements": 163, "percent_covered": 16.56441717791411, "percent_covered_display": "17", "missing_lines": 136, "excluded_lines": 0}, "missing_lines": [35, 36, 37, 38, 39, 40, 41, 43, 44, 45, 46, 48, 49, 50, 52, 53, 54, 55, 71, 72, 73, 75, 76, 77, 79, 95, 96, 97, 99, 100, 103, 104, 106, 119, 120, 121, 122, 124, 125, 126, 142, 143, 145, 161, 163, 164, 166, 180, 181, 183, 184, 200, 201, 202, 204, 205, 206, 207, 209, 210, 211, 212, 213, 214, 216, 217, 218, 220, 234, 239, 244, 260, 262, 263, 265, 266, 267, 269, 272, 273, 276, 277, 279, 284, 289, 294, 301, 302, 304, 305, 306, 307, 308, 309, 326, 327, 328, 329, 330, 331, 333, 334, 335, 336, 337, 353, 354, 356, 357, 358, 360, 361, 363, 368, 369, 372, 373, 378, 379, 381, 391, 393, 395, 396, 399, 400, 403, 405, 406, 408, 411, 415, 416, 419, 420, 424], "excluded_lines": [], "functions": {"align_for_pandas_arithmetic": {"executed_lines": [], "summary": {"covered_lines": 0, "num_statements": 18, "percent_covered": 0.0, "percent_covered_display": "0", "missing_lines": 18, "excluded_lines": 0}, "missing_lines": [35, 36, 37, 38, 39, 40, 41, 43, 44, 45, 46, 48, 49, 50, 52, 53, 54, 55], "excluded_lines": []}, "calculate_returns": {"executed_lines": [], "summary": {"covered_lines": 0, "num_statements": 7, "percent_covered": 0.0, "percent_covered_display": "0", "missing_lines": 7, "excluded_lines": 0}, "missing_lines": [71, 72, 73, 75, 76, 77, 79], "excluded_lines": []}, "calculate_sharpe_ratio": {"executed_lines": [], "summary": {"covered_lines": 0, "num_statements": 8, "percent_covered": 0.0, "percent_covered_display": "0", "missing_lines": 8, "excluded_lines": 0}, "missing_lines": [95, 96, 97, 99, 100, 103, 104, 106], "excluded_lines": []}, "calculate_max_drawdown": {"executed_lines": [], "summary": {"covered_lines": 0, "num_statements": 7, "percent_covered": 0.0, "percent_covered_display": "0", "missing_lines": 7, "excluded_lines": 0}, "missing_lines": [119, 120, 121, 122, 124, 125, 126], "excluded_lines": []}, "calculate_var": {"executed_lines": [], "summary": {"covered_lines": 0, "num_statements": 3, "percent_covered": 0.0, "percent_covered_display": "0", "missing_lines": 3, "excluded_lines": 0}, "missing_lines": [142, 143, 145], "excluded_lines": []}, "calculate_cvar": {"executed_lines": [], "summary": {"covered_lines": 0, "num_statements": 4, "percent_covered": 0.0, "percent_covered_display": "0", "missing_lines": 4, "excluded_lines": 0}, "missing_lines": [161, 163, 164, 166], "excluded_lines": []}, "kelly_criterion": {"executed_lines": [], "summary": {"covered_lines": 0, "num_statements": 4, "percent_covered": 0.0, "percent_covered_display": "0", "missing_lines": 4, "excluded_lines": 0}, "missing_lines": [180, 181, 183, 184], "excluded_lines": []}, "normalize_data": {"executed_lines": [], "summary": {"covered_lines": 0, "num_statements": 17, "percent_covered": 0.0, "percent_covered_display": "0", "missing_lines": 17, "excluded_lines": 0}, "missing_lines": [200, 201, 202, 204, 205, 206, 207, 209, 210, 211, 212, 213, 214, 216, 217, 218, 220], "excluded_lines": []}, "correlation_matrix": {"executed_lines": [], "summary": {"covered_lines": 0, "num_statements": 1, "percent_covered": 0.0, "percent_covered_display": "0", "missing_lines": 1, "excluded_lines": 0}, "missing_lines": [234], "excluded_lines": []}, "generate_trade_id": {"executed_lines": [], "summary": {"covered_lines": 0, "num_statements": 1, "percent_covered": 0.0, "percent_covered_display": "0", "missing_lines": 1, "excluded_lines": 0}, "missing_lines": [239], "excluded_lines": []}, "hash_string": {"executed_lines": [], "summary": {"covered_lines": 0, "num_statements": 1, "percent_covered": 0.0, "percent_covered_display": "0", "missing_lines": 1, "excluded_lines": 0}, "missing_lines": [244], "excluded_lines": []}, "is_market_hours": {"executed_lines": [], "summary": {"covered_lines": 0, "num_statements": 12, "percent_covered": 0.0, "percent_covered_display": "0", "missing_lines": 12, "excluded_lines": 0}, "missing_lines": [260, 262, 263, 265, 266, 267, 269, 272, 273, 276, 277, 279], "excluded_lines": []}, "round_to_tick_size": {"executed_lines": [], "summary": {"covered_lines": 0, "num_statements": 1, "percent_covered": 0.0, "percent_covered_display": "0", "missing_lines": 1, "excluded_lines": 0}, "missing_lines": [284], "excluded_lines": []}, "calculate_position_value": {"executed_lines": [], "summary": {"covered_lines": 0, "num_statements": 1, "percent_covered": 0.0, "percent_covered_display": "0", "missing_lines": 1, "excluded_lines": 0}, "missing_lines": [289], "excluded_lines": []}, "safe_divide": {"executed_lines": [], "summary": {"covered_lines": 0, "num_statements": 1, "percent_covered": 0.0, "percent_covered_display": "0", "missing_lines": 1, "excluded_lines": 0}, "missing_lines": [294], "excluded_lines": []}, "exponential_moving_average": {"executed_lines": [], "summary": {"covered_lines": 0, "num_statements": 8, "percent_covered": 0.0, "percent_covered_display": "0", "missing_lines": 8, "excluded_lines": 0}, "missing_lines": [301, 302, 304, 305, 306, 307, 308, 309], "excluded_lines": []}, "bollinger_bands": {"executed_lines": [], "summary": {"covered_lines": 0, "num_statements": 11, "percent_covered": 0.0, "percent_covered_display": "0", "missing_lines": 11, "excluded_lines": 0}, "missing_lines": [326, 327, 328, 329, 330, 331, 333, 334, 335, 336, 337], "excluded_lines": []}, "rsi": {"executed_lines": [], "summary": {"covered_lines": 0, "num_statements": 8, "percent_covered": 0.0, "percent_covered_display": "0", "missing_lines": 8, "excluded_lines": 0}, "missing_lines": [353, 354, 356, 357, 358, 360, 361, 363], "excluded_lines": []}, "validate_symbol": {"executed_lines": [], "summary": {"covered_lines": 0, "num_statements": 4, "percent_covered": 0.0, "percent_covered_display": "0", "missing_lines": 4, "excluded_lines": 0}, "missing_lines": [368, 369, 372, 373], "excluded_lines": []}, "format_currency": {"executed_lines": [], "summary": {"covered_lines": 0, "num_statements": 3, "percent_covered": 0.0, "percent_covered_display": "0", "missing_lines": 3, "excluded_lines": 0}, "missing_lines": [378, 379, 381], "excluded_lines": []}, "time_to_market_open": {"executed_lines": [], "summary": {"covered_lines": 0, "num_statements": 16, "percent_covered": 0.0, "percent_covered_display": "0", "missing_lines": 16, "excluded_lines": 0}, "missing_lines": [391, 393, 395, 396, 399, 400, 403, 405, 406, 408, 411, 415, 416, 419, 420, 424], "excluded_lines": []}, "": {"executed_lines": [1, 6, 7, 8, 9, 11, 12, 15, 58, 82, 109, 129, 148, 169, 187, 223, 237, 242, 247, 282, 287, 292, 297, 312, 340, 366, 376, 384], "summary": {"covered_lines": 27, "num_statements": 27, "percent_covered": 100.0, "percent_covered_display": "100", "missing_lines": 0, "excluded_lines": 0}, "missing_lines": [], "excluded_lines": []}}, "classes": {"": {"executed_lines": [1, 6, 7, 8, 9, 11, 12, 15, 58, 82, 109, 129, 148, 169, 187, 223, 237, 242, 247, 282, 287, 292, 297, 312, 340, 366, 376, 384], "summary": {"covered_lines": 27, "num_statements": 163, "percent_covered": 16.56441717791411, "percent_covered_display": "17", "missing_lines": 136, "excluded_lines": 0}, "missing_lines": [35, 36, 37, 38, 39, 40, 41, 43, 44, 45, 46, 48, 49, 50, 52, 53, 54, 55, 71, 72, 73, 75, 76, 77, 79, 95, 96, 97, 99, 100, 103, 104, 106, 119, 120, 121, 122, 124, 125, 126, 142, 143, 145, 161, 163, 164, 166, 180, 181, 183, 184, 200, 201, 202, 204, 205, 206, 207, 209, 210, 211, 212, 213, 214, 216, 217, 218, 220, 234, 239, 244, 260, 262, 263, 265, 266, 267, 269, 272, 273, 276, 277, 279, 284, 289, 294, 301, 302, 304, 305, 306, 307, 308, 309, 326, 327, 328, 329, 330, 331, 333, 334, 335, 336, 337, 353, 354, 356, 357, 358, 360, 361, 363, 368, 369, 372, 373, 378, 379, 381, 391, 393, 395, 396, 399, 400, 403, 405, 406, 408, 411, 415, 416, 419, 420, 424], "excluded_lines": []}}}, "algotrading_platform\\backend\\utils\\logger.py": {"executed_lines": [1, 6, 7, 8, 9, 11, 12, 15, 34, 35, 37, 38, 39, 40, 43, 44, 45, 48, 51, 52, 54, 63, 72, 81, 109, 133, 155, 177, 202, 227, 229, 233, 236, 237, 239, 240, 242, 254, 274, 288], "summary": {"covered_lines": 37, "num_statements": 75, "percent_covered": 49.333333333333336, "percent_covered_display": "49", "missing_lines": 38, "excluded_lines": 0}, "missing_lines": [56, 61, 65, 70, 74, 79, 92, 93, 95, 107, 117, 126, 127, 128, 129, 131, 142, 153, 164, 175, 185, 194, 195, 196, 197, 199, 208, 215, 216, 217, 218, 221, 222, 224, 246, 262, 264, 278], "excluded_lines": [], "functions": {"AuditLogger.__init__": {"executed_lines": [38, 39, 40, 43, 44, 45, 48, 51, 52], "summary": {"covered_lines": 9, "num_statements": 9, "percent_covered": 100.0, "percent_covered_display": "100", "missing_lines": 0, "excluded_lines": 0}, "missing_lines": [], "excluded_lines": []}, "AuditLogger.info": {"executed_lines": [], "summary": {"covered_lines": 0, "num_statements": 2, "percent_covered": 0.0, "percent_covered_display": "0", "missing_lines": 2, "excluded_lines": 0}, "missing_lines": [56, 61], "excluded_lines": []}, "AuditLogger.warning": {"executed_lines": [], "summary": {"covered_lines": 0, "num_statements": 2, "percent_covered": 0.0, "percent_covered_display": "0", "missing_lines": 2, "excluded_lines": 0}, "missing_lines": [65, 70], "excluded_lines": []}, "AuditLogger.error": {"executed_lines": [], "summary": {"covered_lines": 0, "num_statements": 2, "percent_covered": 0.0, "percent_covered_display": "0", "missing_lines": 2, "excluded_lines": 0}, "missing_lines": [74, 79], "excluded_lines": []}, "AuditLogger.log_trade_execution": {"executed_lines": [], "summary": {"covered_lines": 0, "num_statements": 4, "percent_covered": 0.0, "percent_covered_display": "0", "missing_lines": 4, "excluded_lines": 0}, "missing_lines": [92, 93, 95, 107], "excluded_lines": []}, "AuditLogger.log_risk_event": {"executed_lines": [], "summary": {"covered_lines": 0, "num_statements": 6, "percent_covered": 0.0, "percent_covered_display": "0", "missing_lines": 6, "excluded_lines": 0}, "missing_lines": [117, 126, 127, 128, 129, 131], "excluded_lines": []}, "AuditLogger.log_strategy_signal": {"executed_lines": [], "summary": {"covered_lines": 0, "num_statements": 2, "percent_covered": 0.0, "percent_covered_display": "0", "missing_lines": 2, "excluded_lines": 0}, "missing_lines": [142, 153], "excluded_lines": []}, "AuditLogger.log_model_prediction": {"executed_lines": [], "summary": {"covered_lines": 0, "num_statements": 2, "percent_covered": 0.0, "percent_covered_display": "0", "missing_lines": 2, "excluded_lines": 0}, "missing_lines": [164, 175], "excluded_lines": []}, "AuditLogger.log_system_event": {"executed_lines": [], "summary": {"covered_lines": 0, "num_statements": 6, "percent_covered": 0.0, "percent_covered_display": "0", "missing_lines": 6, "excluded_lines": 0}, "missing_lines": [185, 194, 195, 196, 197, 199], "excluded_lines": []}, "setup_logging": {"executed_lines": [], "summary": {"covered_lines": 0, "num_statements": 8, "percent_covered": 0.0, "percent_covered_display": "0", "missing_lines": 8, "excluded_lines": 0}, "missing_lines": [208, 215, 216, 217, 218, 221, 222, 224], "excluded_lines": []}, "get_structured_logger": {"executed_lines": [229], "summary": {"covered_lines": 1, "num_statements": 1, "percent_covered": 100.0, "percent_covered_display": "100", "missing_lines": 0, "excluded_lines": 0}, "missing_lines": [], "excluded_lines": []}, "PerformanceLogger.__init__": {"executed_lines": [240], "summary": {"covered_lines": 1, "num_statements": 1, "percent_covered": 100.0, "percent_covered_display": "100", "missing_lines": 0, "excluded_lines": 0}, "missing_lines": [], "excluded_lines": []}, "PerformanceLogger.log_latency": {"executed_lines": [], "summary": {"covered_lines": 0, "num_statements": 1, "percent_covered": 0.0, "percent_covered_display": "0", "missing_lines": 1, "excluded_lines": 0}, "missing_lines": [246], "excluded_lines": []}, "PerformanceLogger.log_throughput": {"executed_lines": [], "summary": {"covered_lines": 0, "num_statements": 2, "percent_covered": 0.0, "percent_covered_display": "0", "missing_lines": 2, "excluded_lines": 0}, "missing_lines": [262, 264], "excluded_lines": []}, "PerformanceLogger.log_resource_usage": {"executed_lines": [], "summary": {"covered_lines": 0, "num_statements": 1, "percent_covered": 0.0, "percent_covered_display": "0", "missing_lines": 1, "excluded_lines": 0}, "missing_lines": [278], "excluded_lines": []}, "": {"executed_lines": [1, 6, 7, 8, 9, 11, 12, 15, 34, 35, 37, 54, 63, 72, 81, 109, 133, 155, 177, 202, 227, 233, 236, 237, 239, 242, 254, 274, 288], "summary": {"covered_lines": 26, "num_statements": 26, "percent_covered": 100.0, "percent_covered_display": "100", "missing_lines": 0, "excluded_lines": 0}, "missing_lines": [], "excluded_lines": []}}, "classes": {"AuditLogger": {"executed_lines": [38, 39, 40, 43, 44, 45, 48, 51, 52], "summary": {"covered_lines": 9, "num_statements": 35, "percent_covered": 25.714285714285715, "percent_covered_display": "26", "missing_lines": 26, "excluded_lines": 0}, "missing_lines": [56, 61, 65, 70, 74, 79, 92, 93, 95, 107, 117, 126, 127, 128, 129, 131, 142, 153, 164, 175, 185, 194, 195, 196, 197, 199], "excluded_lines": []}, "PerformanceLogger": {"executed_lines": [240], "summary": {"covered_lines": 1, "num_statements": 5, "percent_covered": 20.0, "percent_covered_display": "20", "missing_lines": 4, "excluded_lines": 0}, "missing_lines": [246, 262, 264, 278], "excluded_lines": []}, "": {"executed_lines": [1, 6, 7, 8, 9, 11, 12, 15, 34, 35, 37, 54, 63, 72, 81, 109, 133, 155, 177, 202, 227, 229, 233, 236, 237, 239, 242, 254, 274, 288], "summary": {"covered_lines": 27, "num_statements": 35, "percent_covered": 77.14285714285714, "percent_covered_display": "77", "missing_lines": 8, "excluded_lines": 0}, "missing_lines": [208, 215, 216, 217, 218, 221, 222, 224], "excluded_lines": []}}}, "algotrading_platform\\backend\\utils\\utilities.py": {"executed_lines": [1, 4, 5, 6, 7, 8, 9, 10, 11, 13, 15, 30, 44, 55, 60, 69, 83, 141], "summary": {"covered_lines": 17, "num_statements": 108, "percent_covered": 15.74074074074074, "percent_covered_display": "16", "missing_lines": 91, "excluded_lines": 0}, "missing_lines": [17, 18, 19, 20, 21, 22, 23, 24, 25, 26, 27, 28, 32, 33, 34, 35, 36, 37, 38, 39, 40, 41, 42, 46, 47, 48, 49, 50, 51, 52, 53, 57, 58, 62, 63, 64, 65, 66, 67, 71, 72, 73, 74, 76, 77, 78, 79, 80, 81, 85, 86, 87, 89, 90, 91, 93, 95, 97, 98, 101, 103, 104, 105, 106, 107, 110, 112, 113, 115, 117, 118, 120, 121, 122, 124, 125, 126, 128, 129, 130, 131, 132, 133, 135, 137, 138, 139, 143, 144, 145, 146], "excluded_lines": [], "functions": {"parse_timestamp": {"executed_lines": [], "summary": {"covered_lines": 0, "num_statements": 12, "percent_covered": 0.0, "percent_covered_display": "0", "missing_lines": 12, "excluded_lines": 0}, "missing_lines": [17, 18, 19, 20, 21, 22, 23, 24, 25, 26, 27, 28], "excluded_lines": []}, "calculate_business_days": {"executed_lines": [], "summary": {"covered_lines": 0, "num_statements": 11, "percent_covered": 0.0, "percent_covered_display": "0", "missing_lines": 11, "excluded_lines": 0}, "missing_lines": [32, 33, 34, 35, 36, 37, 38, 39, 40, 41, 42], "excluded_lines": []}, "sanitize_symbol": {"executed_lines": [], "summary": {"covered_lines": 0, "num_statements": 8, "percent_covered": 0.0, "percent_covered_display": "0", "missing_lines": 8, "excluded_lines": 0}, "missing_lines": [46, 47, 48, 49, 50, 51, 52, 53], "excluded_lines": []}, "validate_decimal_precision": {"executed_lines": [], "summary": {"covered_lines": 0, "num_statements": 2, "percent_covered": 0.0, "percent_covered_display": "0", "missing_lines": 2, "excluded_lines": 0}, "missing_lines": [57, 58], "excluded_lines": []}, "chunks": {"executed_lines": [], "summary": {"covered_lines": 0, "num_statements": 6, "percent_covered": 0.0, "percent_covered_display": "0", "missing_lines": 6, "excluded_lines": 0}, "missing_lines": [62, 63, 64, 65, 66, 67], "excluded_lines": []}, "retry_with_backoff": {"executed_lines": [], "summary": {"covered_lines": 0, "num_statements": 10, "percent_covered": 0.0, "percent_covered_display": "0", "missing_lines": 10, "excluded_lines": 0}, "missing_lines": [71, 72, 73, 74, 76, 77, 78, 79, 80, 81], "excluded_lines": []}, "rate_limit": {"executed_lines": [], "summary": {"covered_lines": 0, "num_statements": 6, "percent_covered": 0.0, "percent_covered_display": "0", "missing_lines": 6, "excluded_lines": 0}, "missing_lines": [85, 86, 87, 89, 90, 139], "excluded_lines": []}, "rate_limit.deco": {"executed_lines": [], "summary": {"covered_lines": 0, "num_statements": 18, "percent_covered": 0.0, "percent_covered_display": "0", "missing_lines": 18, "excluded_lines": 0}, "missing_lines": [91, 117, 118, 120, 121, 122, 124, 125, 126, 128, 129, 130, 131, 132, 133, 135, 137, 138], "excluded_lines": []}, "rate_limit.deco.async_wrapper": {"executed_lines": [], "summary": {"covered_lines": 0, "num_statements": 14, "percent_covered": 0.0, "percent_covered_display": "0", "missing_lines": 14, "excluded_lines": 0}, "missing_lines": [93, 95, 97, 98, 101, 103, 104, 105, 106, 107, 110, 112, 113, 115], "excluded_lines": []}, "format_currency_simple": {"executed_lines": [], "summary": {"covered_lines": 0, "num_statements": 4, "percent_covered": 0.0, "percent_covered_display": "0", "missing_lines": 4, "excluded_lines": 0}, "missing_lines": [143, 144, 145, 146], "excluded_lines": []}, "": {"executed_lines": [1, 4, 5, 6, 7, 8, 9, 10, 11, 13, 15, 30, 44, 55, 60, 69, 83, 141], "summary": {"covered_lines": 17, "num_statements": 17, "percent_covered": 100.0, "percent_covered_display": "100", "missing_lines": 0, "excluded_lines": 0}, "missing_lines": [], "excluded_lines": []}}, "classes": {"": {"executed_lines": [1, 4, 5, 6, 7, 8, 9, 10, 11, 13, 15, 30, 44, 55, 60, 69, 83, 141], "summary": {"covered_lines": 17, "num_statements": 108, "percent_covered": 15.74074074074074, "percent_covered_display": "16", "missing_lines": 91, "excluded_lines": 0}, "missing_lines": [17, 18, 19, 20, 21, 22, 23, 24, 25, 26, 27, 28, 32, 33, 34, 35, 36, 37, 38, 39, 40, 41, 42, 46, 47, 48, 49, 50, 51, 52, 53, 57, 58, 62, 63, 64, 65, 66, 67, 71, 72, 73, 74, 76, 77, 78, 79, 80, 81, 85, 86, 87, 89, 90, 91, 93, 95, 97, 98, 101, 103, 104, 105, 106, 107, 110, 112, 113, 115, 117, 118, 120, 121, 122, 124, 125, 126, 128, 129, 130, 131, 132, 133, 135, 137, 138, 139, 143, 144, 145, 146], "excluded_lines": []}}}}, "totals": {"covered_lines": 2457, "num_statements": 8877, "percent_covered": 27.67826968570463, "percent_covered_display": "28", "missing_lines": 6420, "excluded_lines": 44}}